

=========================================================
[3-convert-xml-to-json]
=========================================================
Folder does not exist - creating.
<Loading and merging all jbookArrayPaths into a single list>
|MasterJustificationBook|2013|2014|2015|2016|2017|2018|2019|2020|
|JustificationBook|2013|2014|2015|2016|2017|2018|2019|2020|
<arrayPaths count = 1254>
<last updated = 2019-10-09T04:51:40+00:00>
=========================================================
----------------------
[1/44]
FILEPATH = ./1-jbook-xml/2013-BASE_RDTE-2013-AIRFORCE_V1-JustificationBook_Air_Force_PB_2013.zzz_unzipped-JustificationBook_Air_Force_PB_2013.xml
FILESIZE = 1586439
YEAR = 2013
JBOOK_TYPE = JustificationBook
@recordid = 377b08f9b6ad0c8e03508d84a92d7e7ff6081551af158104713b4287966f44ff
@doctype = 2013-BASE_RDTE-JUSTIFICATIONBOOK
@filename = 2013-BASE_RDTE-2013-AIRFORCE_V1-JustificationBook_Air_Force_PB_2013.zzz_unzipped-JustificationBook_Air_Force_PB_2013.xml
----------------------
<Writing ./2-jbook-json/2013-BASE_RDTE-2013-AIRFORCE_V1-JustificationBook_Air_Force_PB_2013.zzz_unzipped-JustificationBook_Air_Force_PB_2013.json>
----------------------
[2/44]
FILEPATH = ./1-jbook-xml/2013-BASE_RDTE-2013-AIRFORCE_V1-MasterJustificationBook_Air_Force_PB_2013.zzz_unzipped-MasterJustificationBook_Air_Force_PB_2013.xml
FILESIZE = 1903940
YEAR = 2013
JBOOK_TYPE = MasterJustificationBook
@recordid = b8a5e405e9ecf0b1ba95a444077c8cd4e0728277681fdf73c9128b8dca77c412
@doctype = 2013-BASE_RDTE-MASTERJUSTIFICATIONBOOK
@filename = 2013-BASE_RDTE-2013-AIRFORCE_V1-MasterJustificationBook_Air_Force_PB_2013.zzz_unzipped-MasterJustificationBook_Air_Force_PB_2013.xml
----------------------
<Writing ./2-jbook-json/2013-BASE_RDTE-2013-AIRFORCE_V1-MasterJustificationBook_Air_Force_PB_2013.zzz_unzipped-MasterJustificationBook_Air_Force_PB_2013.json>
----------------------
[3/44]
FILEPATH = ./1-jbook-xml/2013-BASE_RDTE-2013-AIRFORCE_V2-JustificationBook_Air_Force_PB_2013.zzz_unzipped-JustificationBook_Air_Force_PB_2013.xml
FILESIZE = 3677203
YEAR = 2013
JBOOK_TYPE = JustificationBook
@recordid = 4a6b2db1776c67824d8e0b04b6ee6763481137e9675bf7c49c116bfadff91297
@doctype = 2013-BASE_RDTE-JUSTIFICATIONBOOK
@filename = 2013-BASE_RDTE-2013-AIRFORCE_V2-JustificationBook_Air_Force_PB_2013.zzz_unzipped-JustificationBook_Air_Force_PB_2013.xml
----------------------
<Writing ./2-jbook-json/2013-BASE_RDTE-2013-AIRFORCE_V2-JustificationBook_Air_Force_PB_2013.zzz_unzipped-JustificationBook_Air_Force_PB_2013.json>
----------------------
[4/44]
FILEPATH = ./1-jbook-xml/2013-BASE_RDTE-2013-AIRFORCE_V2-MasterJustificationBook_Air_Force_PB_2013.zzz_unzipped-MasterJustificationBook_Air_Force_PB_2013.xml
FILESIZE = 4556070
YEAR = 2013
JBOOK_TYPE = MasterJustificationBook
@recordid = ad1af1f817a62206da7d859b4a6e4e3f500cb59233ded6fc7db2e1517e1f8801
@doctype = 2013-BASE_RDTE-MASTERJUSTIFICATIONBOOK
@filename = 2013-BASE_RDTE-2013-AIRFORCE_V2-MasterJustificationBook_Air_Force_PB_2013.zzz_unzipped-MasterJustificationBook_Air_Force_PB_2013.xml
----------------------
<Writing ./2-jbook-json/2013-BASE_RDTE-2013-AIRFORCE_V2-MasterJustificationBook_Air_Force_PB_2013.zzz_unzipped-MasterJustificationBook_Air_Force_PB_2013.json>
----------------------
[5/44]
FILEPATH = ./1-jbook-xml/2013-BASE_RDTE-2013-AIRFORCE_V3A-MasterJustificationBook_Air_Force_PB_2013.zzz_unzipped-MasterJustificationBook_Air_Force_PB_2013.xml
FILESIZE = 6481078
YEAR = 2013
JBOOK_TYPE = MasterJustificationBook
@recordid = 7788efe7d8f237dc7e3e0d8a7e871fa423ebc79bc35bcad4ef66505d2bdf55df
@doctype = 2013-BASE_RDTE-MASTERJUSTIFICATIONBOOK
@filename = 2013-BASE_RDTE-2013-AIRFORCE_V3A-MasterJustificationBook_Air_Force_PB_2013.zzz_unzipped-MasterJustificationBook_Air_Force_PB_2013.xml
----------------------
<Writing ./2-jbook-json/2013-BASE_RDTE-2013-AIRFORCE_V3A-MasterJustificationBook_Air_Force_PB_2013.zzz_unzipped-MasterJustificationBook_Air_Force_PB_2013.json>
----------------------
[6/44]
FILEPATH = ./1-jbook-xml/2013-BASE_RDTE-2013-AIRFORCE_V3B-MasterJustificationBook_Air_Force_PB_2013.zzz_unzipped-MasterJustificationBook_Air_Force_PB_2013.xml
FILESIZE = 6481078
YEAR = 2013
JBOOK_TYPE = MasterJustificationBook
@recordid = 7788efe7d8f237dc7e3e0d8a7e871fa423ebc79bc35bcad4ef66505d2bdf55df
@doctype = 2013-BASE_RDTE-MASTERJUSTIFICATIONBOOK
@filename = 2013-BASE_RDTE-2013-AIRFORCE_V3B-MasterJustificationBook_Air_Force_PB_2013.zzz_unzipped-MasterJustificationBook_Air_Force_PB_2013.xml
----------------------
<Writing ./2-jbook-json/2013-BASE_RDTE-2013-AIRFORCE_V3B-MasterJustificationBook_Air_Force_PB_2013.zzz_unzipped-MasterJustificationBook_Air_Force_PB_2013.json>
----------------------
[7/44]
FILEPATH = ./1-jbook-xml/2013-BASE_RDTE-2013-ARMY_BA1-JustificationBook_Army_PB_2013.zzz_unzipped-JustificationBook_Army_PB_2013.xml
FILESIZE = 566388
YEAR = 2013
JBOOK_TYPE = JustificationBook
@recordid = c6afa14c3e7beaab071a54b65eb38fe98aecd353a3eb4a91a153c1243653d1a2
@doctype = 2013-BASE_RDTE-JUSTIFICATIONBOOK
@filename = 2013-BASE_RDTE-2013-ARMY_BA1-JustificationBook_Army_PB_2013.zzz_unzipped-JustificationBook_Army_PB_2013.xml
----------------------
<Writing ./2-jbook-json/2013-BASE_RDTE-2013-ARMY_BA1-JustificationBook_Army_PB_2013.zzz_unzipped-JustificationBook_Army_PB_2013.json>
----------------------
[8/44]
FILEPATH = ./1-jbook-xml/2013-BASE_RDTE-2013-ARMY_BA2-JustificationBook_Army_PB_2013.zzz_unzipped-JustificationBook_Army_PB_2013.xml
FILESIZE = 1017575
YEAR = 2013
JBOOK_TYPE = JustificationBook
@recordid = 2921b5d02ad714bc60f48c1a986e67f1d69b25f20f7ec99e5a2d69a0793d594e
@doctype = 2013-BASE_RDTE-JUSTIFICATIONBOOK
@filename = 2013-BASE_RDTE-2013-ARMY_BA2-JustificationBook_Army_PB_2013.zzz_unzipped-JustificationBook_Army_PB_2013.xml
----------------------
<Writing ./2-jbook-json/2013-BASE_RDTE-2013-ARMY_BA2-JustificationBook_Army_PB_2013.zzz_unzipped-JustificationBook_Army_PB_2013.json>
----------------------
[9/44]
FILEPATH = ./1-jbook-xml/2013-BASE_RDTE-2013-ARMY_BA3-JustificationBook_Army_PB_2013.zzz_unzipped-JustificationBook_Army_PB_2013.xml
FILESIZE = 819943
YEAR = 2013
JBOOK_TYPE = JustificationBook
@recordid = 09da9fa3c7c5ed6862cbc1427d6c0a1002f1049f8f98a6cdd5d6e13e6aeed77f
@doctype = 2013-BASE_RDTE-JUSTIFICATIONBOOK
@filename = 2013-BASE_RDTE-2013-ARMY_BA3-JustificationBook_Army_PB_2013.zzz_unzipped-JustificationBook_Army_PB_2013.xml
----------------------
<Writing ./2-jbook-json/2013-BASE_RDTE-2013-ARMY_BA3-JustificationBook_Army_PB_2013.zzz_unzipped-JustificationBook_Army_PB_2013.json>
----------------------
[10/44]
FILEPATH = ./1-jbook-xml/2013-BASE_RDTE-2013-ARMY_BA4-JustificationBook_Army_PB_2013.zzz_unzipped-JustificationBook_Army_PB_2013.xml
FILESIZE = 1539680
YEAR = 2013
JBOOK_TYPE = JustificationBook
@recordid = 2daf64639968a8a70889e620b12447d9978b87c6b03f00e6ccbf3ac4bdc646a2
@doctype = 2013-BASE_RDTE-JUSTIFICATIONBOOK
@filename = 2013-BASE_RDTE-2013-ARMY_BA4-JustificationBook_Army_PB_2013.zzz_unzipped-JustificationBook_Army_PB_2013.xml
----------------------
<Writing ./2-jbook-json/2013-BASE_RDTE-2013-ARMY_BA4-JustificationBook_Army_PB_2013.zzz_unzipped-JustificationBook_Army_PB_2013.json>
----------------------
[11/44]
FILEPATH = ./1-jbook-xml/2013-BASE_RDTE-2013-ARMY_BA5A-JustificationBook_Army_PB_2013.zzz_unzipped-JustificationBook_Army_PB_2013.xml
FILESIZE = 4377218
YEAR = 2013
JBOOK_TYPE = JustificationBook
@recordid = 98eb728d0e99fcfffc442f450d0b306cb1af99bba8d76e1a9eaf8af0ae775ac5
@doctype = 2013-BASE_RDTE-JUSTIFICATIONBOOK
@filename = 2013-BASE_RDTE-2013-ARMY_BA5A-JustificationBook_Army_PB_2013.zzz_unzipped-JustificationBook_Army_PB_2013.xml
----------------------
<Writing ./2-jbook-json/2013-BASE_RDTE-2013-ARMY_BA5A-JustificationBook_Army_PB_2013.zzz_unzipped-JustificationBook_Army_PB_2013.json>
----------------------
[12/44]
FILEPATH = ./1-jbook-xml/2013-BASE_RDTE-2013-ARMY_BA5B-JustificationBook_Army_PB_2013.zzz_unzipped-JustificationBook_Army_PB_2013.xml
FILESIZE = 4377218
YEAR = 2013
JBOOK_TYPE = JustificationBook
@recordid = 98eb728d0e99fcfffc442f450d0b306cb1af99bba8d76e1a9eaf8af0ae775ac5
@doctype = 2013-BASE_RDTE-JUSTIFICATIONBOOK
@filename = 2013-BASE_RDTE-2013-ARMY_BA5B-JustificationBook_Army_PB_2013.zzz_unzipped-JustificationBook_Army_PB_2013.xml
----------------------
<Writing ./2-jbook-json/2013-BASE_RDTE-2013-ARMY_BA5B-JustificationBook_Army_PB_2013.zzz_unzipped-JustificationBook_Army_PB_2013.json>
----------------------
[13/44]
FILEPATH = ./1-jbook-xml/2013-BASE_RDTE-2013-ARMY_BA6-JustificationBook_Army_PB_2013.zzz_unzipped-JustificationBook_Army_PB_2013.xml
FILESIZE = 880763
YEAR = 2013
JBOOK_TYPE = JustificationBook
@recordid = e93e19eff902d1d3e2347f5e05793fde0b2342e07bf0351c51f0816cb63f49c2
@doctype = 2013-BASE_RDTE-JUSTIFICATIONBOOK
@filename = 2013-BASE_RDTE-2013-ARMY_BA6-JustificationBook_Army_PB_2013.zzz_unzipped-JustificationBook_Army_PB_2013.xml
----------------------
<Writing ./2-jbook-json/2013-BASE_RDTE-2013-ARMY_BA6-JustificationBook_Army_PB_2013.zzz_unzipped-JustificationBook_Army_PB_2013.json>
----------------------
[14/44]
FILEPATH = ./1-jbook-xml/2013-BASE_RDTE-2013-ARMY_BA7-JustificationBook_Army_PB_2013.zzz_unzipped-JustificationBook_Army_PB_2013.xml
FILESIZE = 1537284
YEAR = 2013
JBOOK_TYPE = JustificationBook
@recordid = 85f34fdb9deb942fdc97ae03bf8c8807ef911fe71a12e94856398e40d65ff50c
@doctype = 2013-BASE_RDTE-JUSTIFICATIONBOOK
@filename = 2013-BASE_RDTE-2013-ARMY_BA7-JustificationBook_Army_PB_2013.zzz_unzipped-JustificationBook_Army_PB_2013.xml
----------------------
<Writing ./2-jbook-json/2013-BASE_RDTE-2013-ARMY_BA7-JustificationBook_Army_PB_2013.zzz_unzipped-JustificationBook_Army_PB_2013.json>
----------------------
[15/44]
FILEPATH = ./1-jbook-xml/2013-BASE_RDTE-2013-CBDP-JustificationBook_Chemical_and_Biological_Defense_Program_PB_2013.zzz_unzipped-JustificationBook_Chemical_and_Biological_Defense_Program_PB_2013.xml
FILESIZE = 2359600
YEAR = 2013
JBOOK_TYPE = JustificationBook
@recordid = 908c0aae422559f597b8c3ad7c4d30416c5174cc57f7540e6323b6530556c470
@doctype = 2013-BASE_RDTE-JUSTIFICATIONBOOK
@filename = 2013-BASE_RDTE-2013-CBDP-JustificationBook_Chemical_and_Biological_Defense_Program_PB_2013.zzz_unzipped-JustificationBook_Chemical_and_Biological_Defense_Program_PB_2013.xml
----------------------
<Writing ./2-jbook-json/2013-BASE_RDTE-2013-CBDP-JustificationBook_Chemical_and_Biological_Defense_Program_PB_2013.zzz_unzipped-JustificationBook_Chemical_and_Biological_Defense_Program_PB_2013.json>
----------------------
[16/44]
FILEPATH = ./1-jbook-xml/2013-BASE_RDTE-2013-CBDP-MasterJustificationBook_Chemical_and_Biological_Defense_Program_PB_2013.zzz_unzipped-MasterJustificationBook_Chemical_and_Biological_Defense_Program_PB_2013.xml
FILESIZE = 2891202
YEAR = 2013
JBOOK_TYPE = MasterJustificationBook
@recordid = a2510da98b1a8c9354fded843469d363e554eb6fd5456e373b578ebdd752e0b9
@doctype = 2013-BASE_RDTE-MASTERJUSTIFICATIONBOOK
@filename = 2013-BASE_RDTE-2013-CBDP-MasterJustificationBook_Chemical_and_Biological_Defense_Program_PB_2013.zzz_unzipped-MasterJustificationBook_Chemical_and_Biological_Defense_Program_PB_2013.xml
----------------------
<Writing ./2-jbook-json/2013-BASE_RDTE-2013-CBDP-MasterJustificationBook_Chemical_and_Biological_Defense_Program_PB_2013.zzz_unzipped-MasterJustificationBook_Chemical_and_Biological_Defense_Program_PB_2013.json>
----------------------
[17/44]
FILEPATH = ./1-jbook-xml/2013-BASE_RDTE-2013-DARPA-JustificationBook_Defense_Advanced_Research_Projects_Agency_PB_2013.zzz_unzipped-JustificationBook_Defense_Advanced_Research_Projects_Agency_PB_2013.xml
FILESIZE = 1214794
YEAR = 2013
JBOOK_TYPE = JustificationBook
@recordid = 0f168e203357b6e707f37d44d24cb0dd09665ef27cce9fe757a3634e68fc67d3
@doctype = 2013-BASE_RDTE-JUSTIFICATIONBOOK
@filename = 2013-BASE_RDTE-2013-DARPA-JustificationBook_Defense_Advanced_Research_Projects_Agency_PB_2013.zzz_unzipped-JustificationBook_Defense_Advanced_Research_Projects_Agency_PB_2013.xml
----------------------
<Writing ./2-jbook-json/2013-BASE_RDTE-2013-DARPA-JustificationBook_Defense_Advanced_Research_Projects_Agency_PB_2013.zzz_unzipped-JustificationBook_Defense_Advanced_Research_Projects_Agency_PB_2013.json>
----------------------
[18/44]
FILEPATH = ./1-jbook-xml/2013-BASE_RDTE-2013-DARPA-MasterJustificationBook_Defense_Advanced_Research_Projects_Agency_PB_2013.zzz_unzipped-MasterJustificationBook_Defense_Advanced_Research_Projects_Agency_PB_2013.xml
FILESIZE = 1378202
YEAR = 2013
JBOOK_TYPE = MasterJustificationBook
@recordid = 9798bcc091c94ec53a3df4f80d97c10fd228af307b1b373b4e9c1402370bb1c8
@doctype = 2013-BASE_RDTE-MASTERJUSTIFICATIONBOOK
@filename = 2013-BASE_RDTE-2013-DARPA-MasterJustificationBook_Defense_Advanced_Research_Projects_Agency_PB_2013.zzz_unzipped-MasterJustificationBook_Defense_Advanced_Research_Projects_Agency_PB_2013.xml
----------------------
<Writing ./2-jbook-json/2013-BASE_RDTE-2013-DARPA-MasterJustificationBook_Defense_Advanced_Research_Projects_Agency_PB_2013.zzz_unzipped-MasterJustificationBook_Defense_Advanced_Research_Projects_Agency_PB_2013.json>
----------------------
[19/44]
FILEPATH = ./1-jbook-xml/2013-BASE_RDTE-2013-DCMA-JustificationBook_Defense_Contract_Management_Agency_PB_2013.zzz_unzipped-JustificationBook_Defense_Contract_Management_Agency_PB_2013.xml
FILESIZE = 42729
YEAR = 2013
JBOOK_TYPE = JustificationBook
@recordid = ff753bc3d9ba1627fdb9df8148542d8d150d11210fc95153a724b3ed65326029
@doctype = 2013-BASE_RDTE-JUSTIFICATIONBOOK
@filename = 2013-BASE_RDTE-2013-DCMA-JustificationBook_Defense_Contract_Management_Agency_PB_2013.zzz_unzipped-JustificationBook_Defense_Contract_Management_Agency_PB_2013.xml
----------------------
<Writing ./2-jbook-json/2013-BASE_RDTE-2013-DCMA-JustificationBook_Defense_Contract_Management_Agency_PB_2013.zzz_unzipped-JustificationBook_Defense_Contract_Management_Agency_PB_2013.json>
----------------------
[20/44]
FILEPATH = ./1-jbook-xml/2013-BASE_RDTE-2013-DHRA-JustificationBook_DoD_Human_Resources_Activity_PB_2013.zzz_unzipped-JustificationBook_DoD_Human_Resources_Activity_PB_2013.xml
FILESIZE = 109397
YEAR = 2013
JBOOK_TYPE = JustificationBook
@recordid = d684b99d74f16451356f9d26788fc3a914dc0767854aefb1eec79b419b901e3b
@doctype = 2013-BASE_RDTE-JUSTIFICATIONBOOK
@filename = 2013-BASE_RDTE-2013-DHRA-JustificationBook_DoD_Human_Resources_Activity_PB_2013.zzz_unzipped-JustificationBook_DoD_Human_Resources_Activity_PB_2013.xml
----------------------
<Writing ./2-jbook-json/2013-BASE_RDTE-2013-DHRA-JustificationBook_DoD_Human_Resources_Activity_PB_2013.zzz_unzipped-JustificationBook_DoD_Human_Resources_Activity_PB_2013.json>
----------------------
[21/44]
FILEPATH = ./1-jbook-xml/2013-BASE_RDTE-2013-DISA-JustificationBook_Defense_Information_Systems_Agency_PB_2013.zzz_unzipped-JustificationBook_Defense_Information_Systems_Agency_PB_2013.xml
FILESIZE = 895009
YEAR = 2013
JBOOK_TYPE = JustificationBook
@recordid = 26b6bf5530e75d1a7c201ed2eaa2b89ed9790d8efc0d4ea84dd85218b7fd56f7
@doctype = 2013-BASE_RDTE-JUSTIFICATIONBOOK
@filename = 2013-BASE_RDTE-2013-DISA-JustificationBook_Defense_Information_Systems_Agency_PB_2013.zzz_unzipped-JustificationBook_Defense_Information_Systems_Agency_PB_2013.xml
----------------------
<Writing ./2-jbook-json/2013-BASE_RDTE-2013-DISA-JustificationBook_Defense_Information_Systems_Agency_PB_2013.zzz_unzipped-JustificationBook_Defense_Information_Systems_Agency_PB_2013.json>
----------------------
[22/44]
FILEPATH = ./1-jbook-xml/2013-BASE_RDTE-2013-DLA-JustificationBook_Defense_Logistics_Agency_PB_2013.zzz_unzipped-JustificationBook_Defense_Logistics_Agency_PB_2013.xml
FILESIZE = 422300
YEAR = 2013
JBOOK_TYPE = JustificationBook
@recordid = f892a6bccbd8d489bfcb632ef9e2b9ed2a7125ca9675116fbd92948af54c27d6
@doctype = 2013-BASE_RDTE-JUSTIFICATIONBOOK
@filename = 2013-BASE_RDTE-2013-DLA-JustificationBook_Defense_Logistics_Agency_PB_2013.zzz_unzipped-JustificationBook_Defense_Logistics_Agency_PB_2013.xml
----------------------
<Writing ./2-jbook-json/2013-BASE_RDTE-2013-DLA-JustificationBook_Defense_Logistics_Agency_PB_2013.zzz_unzipped-JustificationBook_Defense_Logistics_Agency_PB_2013.json>
----------------------
[23/44]
FILEPATH = ./1-jbook-xml/2013-BASE_RDTE-2013-DSCA-JustificationBook_Defense_Security_Cooperation_Agency_PB_2013.zzz_unzipped-JustificationBook_Defense_Security_Cooperation_Agency_PB_2013.xml
FILESIZE = 58772
YEAR = 2013
JBOOK_TYPE = JustificationBook
@recordid = 505cde2db3dc29a61e2f800aec282bdb9031bca13a7fc34061356667bd892e98
@doctype = 2013-BASE_RDTE-JUSTIFICATIONBOOK
@filename = 2013-BASE_RDTE-2013-DSCA-JustificationBook_Defense_Security_Cooperation_Agency_PB_2013.zzz_unzipped-JustificationBook_Defense_Security_Cooperation_Agency_PB_2013.xml
----------------------
<Writing ./2-jbook-json/2013-BASE_RDTE-2013-DSCA-JustificationBook_Defense_Security_Cooperation_Agency_PB_2013.zzz_unzipped-JustificationBook_Defense_Security_Cooperation_Agency_PB_2013.json>
----------------------
[24/44]
FILEPATH = ./1-jbook-xml/2013-BASE_RDTE-2013-DSS-JustificationBook_Defense_Security_Service_PB_2013.zzz_unzipped-JustificationBook_Defense_Security_Service_PB_2013.xml
FILESIZE = 20207
YEAR = 2013
JBOOK_TYPE = JustificationBook
@recordid = d04e09f71f5af12688cbaf0f6bb3f207e5674ab5f6c51f4d9a4851ee449eb42a
@doctype = 2013-BASE_RDTE-JUSTIFICATIONBOOK
@filename = 2013-BASE_RDTE-2013-DSS-JustificationBook_Defense_Security_Service_PB_2013.zzz_unzipped-JustificationBook_Defense_Security_Service_PB_2013.xml
----------------------
<Writing ./2-jbook-json/2013-BASE_RDTE-2013-DSS-JustificationBook_Defense_Security_Service_PB_2013.zzz_unzipped-JustificationBook_Defense_Security_Service_PB_2013.json>
----------------------
[25/44]
FILEPATH = ./1-jbook-xml/2013-BASE_RDTE-2013-DTIC-JustificationBook_Defense_Technical_Information_Center_PB_2013.zzz_unzipped-JustificationBook_Defense_Technical_Information_Center_PB_2013.xml
FILESIZE = 48285
YEAR = 2013
JBOOK_TYPE = JustificationBook
@recordid = f6253d611a669a807e5ca980dc6fcddeef9674f2c840dbf2774bb83166e04e96
@doctype = 2013-BASE_RDTE-JUSTIFICATIONBOOK
@filename = 2013-BASE_RDTE-2013-DTIC-JustificationBook_Defense_Technical_Information_Center_PB_2013.zzz_unzipped-JustificationBook_Defense_Technical_Information_Center_PB_2013.xml
----------------------
<Writing ./2-jbook-json/2013-BASE_RDTE-2013-DTIC-JustificationBook_Defense_Technical_Information_Center_PB_2013.zzz_unzipped-JustificationBook_Defense_Technical_Information_Center_PB_2013.json>
----------------------
[26/44]
FILEPATH = ./1-jbook-xml/2013-BASE_RDTE-2013-DTRA-JustificationBook_Defense_Threat_Reduction_Agency_PB_2013.zzz_unzipped-JustificationBook_Defense_Threat_Reduction_Agency_PB_2013.xml
FILESIZE = 332203
YEAR = 2013
JBOOK_TYPE = JustificationBook
@recordid = 55e47e4dd9bd12525d19c70669eb20e49514ec508f3de6ae1ea2637b60c2ccaf
@doctype = 2013-BASE_RDTE-JUSTIFICATIONBOOK
@filename = 2013-BASE_RDTE-2013-DTRA-JustificationBook_Defense_Threat_Reduction_Agency_PB_2013.zzz_unzipped-JustificationBook_Defense_Threat_Reduction_Agency_PB_2013.xml
----------------------
<Writing ./2-jbook-json/2013-BASE_RDTE-2013-DTRA-JustificationBook_Defense_Threat_Reduction_Agency_PB_2013.zzz_unzipped-JustificationBook_Defense_Threat_Reduction_Agency_PB_2013.json>
----------------------
[27/44]
FILEPATH = ./1-jbook-xml/2013-BASE_RDTE-2013-MDA-JustificationBook_Missile_Defense_Agency_PB_2013.zzz_unzipped-JustificationBook_Missile_Defense_Agency_PB_2013.xml
FILESIZE = 4820541
YEAR = 2013
JBOOK_TYPE = JustificationBook
@recordid = 27ef979666011c981d9aa926627db7bf041f4cc0cd813930eca3c62a146da861
@doctype = 2013-BASE_RDTE-JUSTIFICATIONBOOK
@filename = 2013-BASE_RDTE-2013-MDA-JustificationBook_Missile_Defense_Agency_PB_2013.zzz_unzipped-JustificationBook_Missile_Defense_Agency_PB_2013.xml
----------------------
<Writing ./2-jbook-json/2013-BASE_RDTE-2013-MDA-JustificationBook_Missile_Defense_Agency_PB_2013.zzz_unzipped-JustificationBook_Missile_Defense_Agency_PB_2013.json>
----------------------
[28/44]
FILEPATH = ./1-jbook-xml/2013-BASE_RDTE-2013-MDA-MasterJustificationBook_Missile_Defense_Agency_PB_2013.zzz_unzipped-MasterJustificationBook_Missile_Defense_Agency_PB_2013.xml
FILESIZE = 5938584
YEAR = 2013
JBOOK_TYPE = MasterJustificationBook
@recordid = 30a590354ce2bb38faaff471597bdd2cae7d185179cfa3560e1bdc3d5cb486ed
@doctype = 2013-BASE_RDTE-MASTERJUSTIFICATIONBOOK
@filename = 2013-BASE_RDTE-2013-MDA-MasterJustificationBook_Missile_Defense_Agency_PB_2013.zzz_unzipped-MasterJustificationBook_Missile_Defense_Agency_PB_2013.xml
----------------------
<Writing ./2-jbook-json/2013-BASE_RDTE-2013-MDA-MasterJustificationBook_Missile_Defense_Agency_PB_2013.zzz_unzipped-MasterJustificationBook_Missile_Defense_Agency_PB_2013.json>
----------------------
[29/44]
FILEPATH = ./1-jbook-xml/2013-BASE_RDTE-2013-NAVY_BA1_3-JustificationBook_Navy_PB_2013.zzz_unzipped-JustificationBook_Navy_PB_2013.xml
FILESIZE = 1403782
YEAR = 2013
JBOOK_TYPE = JustificationBook
@recordid = f00b4e139e86ddb671e2711948fb7c245a966e9c18238247cbe6807debcda27d
@doctype = 2013-BASE_RDTE-JUSTIFICATIONBOOK
@filename = 2013-BASE_RDTE-2013-NAVY_BA1_3-JustificationBook_Navy_PB_2013.zzz_unzipped-JustificationBook_Navy_PB_2013.xml
----------------------
<Writing ./2-jbook-json/2013-BASE_RDTE-2013-NAVY_BA1_3-JustificationBook_Navy_PB_2013.zzz_unzipped-JustificationBook_Navy_PB_2013.json>
----------------------
[30/44]
FILEPATH = ./1-jbook-xml/2013-BASE_RDTE-2013-NAVY_BA1_3-MasterJustificationBook_Navy_PB_2013.zzz_unzipped-MasterJustificationBook_Navy_PB_2013.xml
FILESIZE = 19560262
YEAR = 2013
JBOOK_TYPE = MasterJustificationBook
@recordid = 641465274f4496ab79253d062973b889aca3ea4135482eec3dc1453795e8c9c4
@doctype = 2013-BASE_RDTE-MASTERJUSTIFICATIONBOOK
@filename = 2013-BASE_RDTE-2013-NAVY_BA1_3-MasterJustificationBook_Navy_PB_2013.zzz_unzipped-MasterJustificationBook_Navy_PB_2013.xml
----------------------
<Writing ./2-jbook-json/2013-BASE_RDTE-2013-NAVY_BA1_3-MasterJustificationBook_Navy_PB_2013.zzz_unzipped-MasterJustificationBook_Navy_PB_2013.json>
----------------------
[31/44]
FILEPATH = ./1-jbook-xml/2013-BASE_RDTE-2013-NAVY_BA4-JustificationBook_Navy_PB_2013.zzz_unzipped-JustificationBook_Navy_PB_2013.xml
FILESIZE = 6258996
YEAR = 2013
JBOOK_TYPE = JustificationBook
@recordid = 3fc75a52bfa5f2f9d1812854a6959bbcde7a7f9167a01c400d44b4c8ef8de448
@doctype = 2013-BASE_RDTE-JUSTIFICATIONBOOK
@filename = 2013-BASE_RDTE-2013-NAVY_BA4-JustificationBook_Navy_PB_2013.zzz_unzipped-JustificationBook_Navy_PB_2013.xml
----------------------
<Writing ./2-jbook-json/2013-BASE_RDTE-2013-NAVY_BA4-JustificationBook_Navy_PB_2013.zzz_unzipped-JustificationBook_Navy_PB_2013.json>
----------------------
[32/44]
FILEPATH = ./1-jbook-xml/2013-BASE_RDTE-2013-NAVY_BA4-MasterJustificationBook_Navy_PB_2013.zzz_unzipped-MasterJustificationBook_Navy_PB_2013.xml
FILESIZE = 19560262
YEAR = 2013
JBOOK_TYPE = MasterJustificationBook
@recordid = 641465274f4496ab79253d062973b889aca3ea4135482eec3dc1453795e8c9c4
@doctype = 2013-BASE_RDTE-MASTERJUSTIFICATIONBOOK
@filename = 2013-BASE_RDTE-2013-NAVY_BA4-MasterJustificationBook_Navy_PB_2013.zzz_unzipped-MasterJustificationBook_Navy_PB_2013.xml
----------------------
