

=========================================================
[3-convert-xml-to-json]
=========================================================
<Loading and merging all jbookArrayPaths into a single list>
|MasterJustificationBook|2013|2014|2015|2016|2017|2018|2019|2020|
|JustificationBook|2013|2014|2015|2016|2017|2018|2019|2020|
<arrayPaths count = 1254>
<last updated = 2019-10-09T04:51:40+00:00>
=========================================================
----------------------
[1/64]
FILEPATH = ./1-jbook-xml/2013-BASE_PROCUREMENT-2013-AIRFORCE_AIRCRAFT_VOL1-JustificationBook_Air_Force_PB_2013.zzz_unzipped-JustificationBook_Air_Force_PB_2013.xml
FILESIZE = 2532513
YEAR = 2013
JBOOK_TYPE = JustificationBook
@recordid = efdbc1a8257a29bc83b13a3d5513a077722a4e37cdf5292a15ae39d35916bf22
@doctype = 2013-BASE_PROCUREMENT-JUSTIFICATIONBOOK
@filename = 2013-BASE_PROCUREMENT-2013-AIRFORCE_AIRCRAFT_VOL1-JustificationBook_Air_Force_PB_2013.zzz_unzipped-JustificationBook_Air_Force_PB_2013.xml
----------------------
<Writing ./2-jbook-json/2013-BASE_PROCUREMENT-2013-AIRFORCE_AIRCRAFT_VOL1-JustificationBook_Air_Force_PB_2013.zzz_unzipped-JustificationBook_Air_Force_PB_2013.json>
----------------------
[2/64]
FILEPATH = ./1-jbook-xml/2013-BASE_PROCUREMENT-2013-AIRFORCE_AIRCRAFT_VOL1-MasterJustificationBook_Air_Force_PB_2013.zzz_unzipped-MasterJustificationBook_Air_Force_PB_2013.xml
FILESIZE = 14283421
YEAR = 2013
JBOOK_TYPE = MasterJustificationBook
@recordid = ed84e6b5b483910c63aae03b170d3f06fccc1c2982c3d344410bc1cde5b6285b
@doctype = 2013-BASE_PROCUREMENT-MASTERJUSTIFICATIONBOOK
@filename = 2013-BASE_PROCUREMENT-2013-AIRFORCE_AIRCRAFT_VOL1-MasterJustificationBook_Air_Force_PB_2013.zzz_unzipped-MasterJustificationBook_Air_Force_PB_2013.xml
----------------------
<Writing ./2-jbook-json/2013-BASE_PROCUREMENT-2013-AIRFORCE_AIRCRAFT_VOL1-MasterJustificationBook_Air_Force_PB_2013.zzz_unzipped-MasterJustificationBook_Air_Force_PB_2013.json>
----------------------
[3/64]
FILEPATH = ./1-jbook-xml/2013-BASE_PROCUREMENT-2013-AIRFORCE_AIRCRAFT_VOL2-JustificationBook_Air_Force_PB_2013.zzz_unzipped-JustificationBook_Air_Force_PB_2013.xml
FILESIZE = 8858176
YEAR = 2013
JBOOK_TYPE = JustificationBook
@recordid = 026f85e74aee51714fbee693317b5b3bce771c38d0fcd6c64630159e60da55da
@doctype = 2013-BASE_PROCUREMENT-JUSTIFICATIONBOOK
@filename = 2013-BASE_PROCUREMENT-2013-AIRFORCE_AIRCRAFT_VOL2-JustificationBook_Air_Force_PB_2013.zzz_unzipped-JustificationBook_Air_Force_PB_2013.xml
----------------------
<Writing ./2-jbook-json/2013-BASE_PROCUREMENT-2013-AIRFORCE_AIRCRAFT_VOL2-JustificationBook_Air_Force_PB_2013.zzz_unzipped-JustificationBook_Air_Force_PB_2013.json>
----------------------
[4/64]
FILEPATH = ./1-jbook-xml/2013-BASE_PROCUREMENT-2013-AIRFORCE_AIRCRAFT_VOL2-MasterJustificationBook_Air_Force_PB_2013.zzz_unzipped-MasterJustificationBook_Air_Force_PB_2013.xml
FILESIZE = 14170855
YEAR = 2013
JBOOK_TYPE = MasterJustificationBook
@recordid = c1565c6016dbc77df550ad1af27e02f3a3f3b3aa4dd6e4acb0f4d6556e49e0dd
@doctype = 2013-BASE_PROCUREMENT-MASTERJUSTIFICATIONBOOK
@filename = 2013-BASE_PROCUREMENT-2013-AIRFORCE_AIRCRAFT_VOL2-MasterJustificationBook_Air_Force_PB_2013.zzz_unzipped-MasterJustificationBook_Air_Force_PB_2013.xml
----------------------
<Writing ./2-jbook-json/2013-BASE_PROCUREMENT-2013-AIRFORCE_AIRCRAFT_VOL2-MasterJustificationBook_Air_Force_PB_2013.zzz_unzipped-MasterJustificationBook_Air_Force_PB_2013.json>
----------------------
[5/64]
FILEPATH = ./1-jbook-xml/2013-BASE_PROCUREMENT-2013-AIRFORCE_AMMUNITION-JustificationBook_Air_Force_PB_2013.zzz_unzipped-JustificationBook_Air_Force_PB_2013.xml
FILESIZE = 1019857
YEAR = 2013
JBOOK_TYPE = JustificationBook
@recordid = d5a26f899f6dc4ea5a04d28c22aa0089f2e3a4c6eaf05ebe36176602792e0abd
@doctype = 2013-BASE_PROCUREMENT-JUSTIFICATIONBOOK
@filename = 2013-BASE_PROCUREMENT-2013-AIRFORCE_AMMUNITION-JustificationBook_Air_Force_PB_2013.zzz_unzipped-JustificationBook_Air_Force_PB_2013.xml
----------------------
<Writing ./2-jbook-json/2013-BASE_PROCUREMENT-2013-AIRFORCE_AMMUNITION-JustificationBook_Air_Force_PB_2013.zzz_unzipped-JustificationBook_Air_Force_PB_2013.json>
----------------------
[6/64]
FILEPATH = ./1-jbook-xml/2013-BASE_PROCUREMENT-2013-AIRFORCE_AMMUNITION-MasterJustificationBook_Air_Force_PB_2013.zzz_unzipped-MasterJustificationBook_Air_Force_PB_2013.xml
FILESIZE = 1274289
YEAR = 2013
JBOOK_TYPE = MasterJustificationBook
@recordid = 989f1f110320ec76525b06c9763b4dbf61ba5eac5154301eff01a6a336ab37c8
@doctype = 2013-BASE_PROCUREMENT-MASTERJUSTIFICATIONBOOK
@filename = 2013-BASE_PROCUREMENT-2013-AIRFORCE_AMMUNITION-MasterJustificationBook_Air_Force_PB_2013.zzz_unzipped-MasterJustificationBook_Air_Force_PB_2013.xml
----------------------
<Writing ./2-jbook-json/2013-BASE_PROCUREMENT-2013-AIRFORCE_AMMUNITION-MasterJustificationBook_Air_Force_PB_2013.zzz_unzipped-MasterJustificationBook_Air_Force_PB_2013.json>
----------------------
[7/64]
FILEPATH = ./1-jbook-xml/2013-BASE_PROCUREMENT-2013-AIRFORCE_MISSILE-JustificationBook_Air_Force_PB_2013.zzz_unzipped-JustificationBook_Air_Force_PB_2013.xml
FILESIZE = 2034880
YEAR = 2013
JBOOK_TYPE = JustificationBook
@recordid = 2c4a85dae3012ce0ce29a39a3fb32032f34ec9dd494b6782b3bffb0b4b0fd6ef
@doctype = 2013-BASE_PROCUREMENT-JUSTIFICATIONBOOK
@filename = 2013-BASE_PROCUREMENT-2013-AIRFORCE_MISSILE-JustificationBook_Air_Force_PB_2013.zzz_unzipped-JustificationBook_Air_Force_PB_2013.xml
----------------------
<Writing ./2-jbook-json/2013-BASE_PROCUREMENT-2013-AIRFORCE_MISSILE-JustificationBook_Air_Force_PB_2013.zzz_unzipped-JustificationBook_Air_Force_PB_2013.json>
----------------------
[8/64]
FILEPATH = ./1-jbook-xml/2013-BASE_PROCUREMENT-2013-AIRFORCE_MISSILE-MasterJustificationBook_Air_Force_PB_2013.zzz_unzipped-MasterJustificationBook_Air_Force_PB_2013.xml
FILESIZE = 2542589
YEAR = 2013
JBOOK_TYPE = MasterJustificationBook
@recordid = b42057e840222ef67c2b010eecb1eded41c45014d3536bfe7f9492f6da4c2444
@doctype = 2013-BASE_PROCUREMENT-MASTERJUSTIFICATIONBOOK
@filename = 2013-BASE_PROCUREMENT-2013-AIRFORCE_MISSILE-MasterJustificationBook_Air_Force_PB_2013.zzz_unzipped-MasterJustificationBook_Air_Force_PB_2013.xml
----------------------
<Writing ./2-jbook-json/2013-BASE_PROCUREMENT-2013-AIRFORCE_MISSILE-MasterJustificationBook_Air_Force_PB_2013.zzz_unzipped-MasterJustificationBook_Air_Force_PB_2013.json>
----------------------
[9/64]
FILEPATH = ./1-jbook-xml/2013-BASE_PROCUREMENT-2013-AIRFORCE_OTHER-JustificationBook_Air_Force_PB_2013.zzz_unzipped-JustificationBook_Air_Force_PB_2013.xml
FILESIZE = 5892444
YEAR = 2013
JBOOK_TYPE = JustificationBook
@recordid = 9b875245f238b4934ab028688b5e76948aad5a545cc5c688799227225a123822
@doctype = 2013-BASE_PROCUREMENT-JUSTIFICATIONBOOK
@filename = 2013-BASE_PROCUREMENT-2013-AIRFORCE_OTHER-JustificationBook_Air_Force_PB_2013.zzz_unzipped-JustificationBook_Air_Force_PB_2013.xml
----------------------
<Writing ./2-jbook-json/2013-BASE_PROCUREMENT-2013-AIRFORCE_OTHER-JustificationBook_Air_Force_PB_2013.zzz_unzipped-JustificationBook_Air_Force_PB_2013.json>
----------------------
[10/64]
FILEPATH = ./1-jbook-xml/2013-BASE_PROCUREMENT-2013-AIRFORCE_OTHER-MasterJustificationBook_Air_Force_PB_2013.zzz_unzipped-MasterJustificationBook_Air_Force_PB_2013.xml
FILESIZE = 7313034
YEAR = 2013
JBOOK_TYPE = MasterJustificationBook
@recordid = 14173d27b79a2ead9f5728e792c1b158a0be1debb819410d8e4486088dd7312d
@doctype = 2013-BASE_PROCUREMENT-MASTERJUSTIFICATIONBOOK
@filename = 2013-BASE_PROCUREMENT-2013-AIRFORCE_OTHER-MasterJustificationBook_Air_Force_PB_2013.zzz_unzipped-MasterJustificationBook_Air_Force_PB_2013.xml
----------------------
<Writing ./2-jbook-json/2013-BASE_PROCUREMENT-2013-AIRFORCE_OTHER-MasterJustificationBook_Air_Force_PB_2013.zzz_unzipped-MasterJustificationBook_Air_Force_PB_2013.json>
----------------------
[11/64]
FILEPATH = ./1-jbook-xml/2013-BASE_PROCUREMENT-2013-ARMY_AIRCRAFT-JustificationBook_Army_PB_2013.zzz_unzipped-JustificationBook_Army_PB_2013.xml
FILESIZE = 8814268
YEAR = 2013
JBOOK_TYPE = JustificationBook
@recordid = 5a6b2df3b5e70fda2a7dcef3777cabcbc3ff2b42765c522c8d458edac263f861
@doctype = 2013-BASE_PROCUREMENT-JUSTIFICATIONBOOK
@filename = 2013-BASE_PROCUREMENT-2013-ARMY_AIRCRAFT-JustificationBook_Army_PB_2013.zzz_unzipped-JustificationBook_Army_PB_2013.xml
----------------------
<Writing ./2-jbook-json/2013-BASE_PROCUREMENT-2013-ARMY_AIRCRAFT-JustificationBook_Army_PB_2013.zzz_unzipped-JustificationBook_Army_PB_2013.json>
----------------------
[12/64]
FILEPATH = ./1-jbook-xml/2013-BASE_PROCUREMENT-2013-ARMY_AMMO-JustificationBook_Army_PB_2013.zzz_unzipped-JustificationBook_Army_PB_2013.xml
FILESIZE = 5108201
YEAR = 2013
JBOOK_TYPE = JustificationBook
@recordid = 3bb10be1588a1b499fe53957b5ca22f16924823a511414fc006f22eac067ae29
@doctype = 2013-BASE_PROCUREMENT-JUSTIFICATIONBOOK
@filename = 2013-BASE_PROCUREMENT-2013-ARMY_AMMO-JustificationBook_Army_PB_2013.zzz_unzipped-JustificationBook_Army_PB_2013.xml
----------------------
<Writing ./2-jbook-json/2013-BASE_PROCUREMENT-2013-ARMY_AMMO-JustificationBook_Army_PB_2013.zzz_unzipped-JustificationBook_Army_PB_2013.json>
----------------------
[13/64]
FILEPATH = ./1-jbook-xml/2013-BASE_PROCUREMENT-2013-ARMY_MISSLE-JustificationBook_Army_PB_2013.zzz_unzipped-JustificationBook_Army_PB_2013.xml
FILESIZE = 1925123
YEAR = 2013
JBOOK_TYPE = JustificationBook
@recordid = ef41f4f11bf2d279491217990c7a49cc59ea189d22374926fb32942b4fff15d2
@doctype = 2013-BASE_PROCUREMENT-JUSTIFICATIONBOOK
@filename = 2013-BASE_PROCUREMENT-2013-ARMY_MISSLE-JustificationBook_Army_PB_2013.zzz_unzipped-JustificationBook_Army_PB_2013.xml
----------------------
<Writing ./2-jbook-json/2013-BASE_PROCUREMENT-2013-ARMY_MISSLE-JustificationBook_Army_PB_2013.zzz_unzipped-JustificationBook_Army_PB_2013.json>
----------------------
[14/64]
FILEPATH = ./1-jbook-xml/2013-BASE_PROCUREMENT-2013-ARMY_OTHER_1-JustificationBook_Army_PB_2013.zzz_unzipped-JustificationBook_Army_PB_2013.xml
FILESIZE = 1713143
YEAR = 2013
JBOOK_TYPE = JustificationBook
@recordid = 0b8569cb2cb1406097f1edb3e4d9e8403c20f8113f5571fe8c7d6f2436a0e5f9
@doctype = 2013-BASE_PROCUREMENT-JUSTIFICATIONBOOK
@filename = 2013-BASE_PROCUREMENT-2013-ARMY_OTHER_1-JustificationBook_Army_PB_2013.zzz_unzipped-JustificationBook_Army_PB_2013.xml
----------------------
<Writing ./2-jbook-json/2013-BASE_PROCUREMENT-2013-ARMY_OTHER_1-JustificationBook_Army_PB_2013.zzz_unzipped-JustificationBook_Army_PB_2013.json>
----------------------
[15/64]
FILEPATH = ./1-jbook-xml/2013-BASE_PROCUREMENT-2013-ARMY_OTHER_2-JustificationBook_Army_PB_2013.zzz_unzipped-JustificationBook_Army_PB_2013.xml
FILESIZE = 5497540
YEAR = 2013
JBOOK_TYPE = JustificationBook
@recordid = cc9695d60b5fe928ad9562452e9bf0d47c5ba710e2b1722959acda9f63636f74
@doctype = 2013-BASE_PROCUREMENT-JUSTIFICATIONBOOK
@filename = 2013-BASE_PROCUREMENT-2013-ARMY_OTHER_2-JustificationBook_Army_PB_2013.zzz_unzipped-JustificationBook_Army_PB_2013.xml
----------------------
