

=========================================================
[3-convert-xml-to-json]
=========================================================
<Loading and merging all jbookArrayPaths into a single list>
|MasterJustificationBook|2013|2014|2015|2016|2017|2018|2019|2020|
|JustificationBook|2013|2014|2015|2016|2017|2018|2019|2020|
<arrayPaths count = 1254>
<last updated = 2019-10-09T04:51:40+00:00>
=========================================================
----------------------
[1/75]
FILEPATH = ./1-jbook-xml/2013-BASE_PROCUREMENT-2013-AIRFORCE_AIRCRAFT_VOL1-JustificationBook_Air_Force_PB_2013.zzz_unzipped-JustificationBook_Air_Force_PB_2013.xml
FILESIZE = 2532513
YEAR = 2013
JBOOK_TYPE = JustificationBook
@recordid = efdbc1a8257a29bc83b13a3d5513a077722a4e37cdf5292a15ae39d35916bf22
@doctype = 2013-BASE_PROCUREMENT-JUSTIFICATIONBOOK
@filename = 2013-BASE_PROCUREMENT-2013-AIRFORCE_AIRCRAFT_VOL1-JustificationBook_Air_Force_PB_2013.zzz_unzipped-JustificationBook_Air_Force_PB_2013.xml
----------------------
<NOTICE: XML->JSON file exists - created 2019-10-11T08:43:12+00:00>
<SKIPPING XML->JSON: xml has already been converted since last jbookArrayPaths update>
----------------------
[2/75]
FILEPATH = ./1-jbook-xml/2013-BASE_PROCUREMENT-2013-AIRFORCE_AIRCRAFT_VOL2-JustificationBook_Air_Force_PB_2013.zzz_unzipped-JustificationBook_Air_Force_PB_2013.xml
FILESIZE = 8858176
YEAR = 2013
JBOOK_TYPE = JustificationBook
@recordid = 026f85e74aee51714fbee693317b5b3bce771c38d0fcd6c64630159e60da55da
@doctype = 2013-BASE_PROCUREMENT-JUSTIFICATIONBOOK
@filename = 2013-BASE_PROCUREMENT-2013-AIRFORCE_AIRCRAFT_VOL2-JustificationBook_Air_Force_PB_2013.zzz_unzipped-JustificationBook_Air_Force_PB_2013.xml
----------------------
