

=========================================================
[3-convert-xml-to-json]
=========================================================
<Loading and merging all jbookArrayPaths into a single list>
|MasterJustificationBook|2013|2014|2015|2016|2017|2018|2019|2020|
|JustificationBook|2013|2014|2015|2016|2017|2018|2019|2020|
<arrayPaths count = 1254>
<last updated = 2019-10-09T04:51:40+00:00>
=========================================================
----------------------
[1/84]
FILEPATH = ./1-jbook-xml/2014-AMENDED_PROCUREMENT_AND_RDTE-2014-AIRFORCE_AIRCRAFT-PROCUREMENT_JustificationBook_Air_Force_PBAmended_2014.zzz_unzipped-PROCUREMENT_JustificationBook_Air_Force_PBAmended_2014.xml
FILESIZE = 1618900
YEAR = 2014
JBOOK_TYPE = JustificationBook
@recordid = 43ec63a7afe3a51aa50ababb35e9f2976a11212d308f452568217d2d913a773f
@doctype = 2014-AMENDED_PROCUREMENT_AND_RDTE-JUSTIFICATIONBOOK
@filename = 2014-AMENDED_PROCUREMENT_AND_RDTE-2014-AIRFORCE_AIRCRAFT-PROCUREMENT_JustificationBook_Air_Force_PBAmended_2014.zzz_unzipped-PROCUREMENT_JustificationBook_Air_Force_PBAmended_2014.xml
----------------------
<NOTICE: XML->JSON file exists - created 2019-10-11T09:01:02+00:00>
<SKIPPING XML->JSON: xml has already been converted since last jbookArrayPaths update>
----------------------
[2/84]
FILEPATH = ./1-jbook-xml/2014-AMENDED_PROCUREMENT_AND_RDTE-2014-AIRFORCE_AIRCRAFT-PROCUREMENT_MasterJustificationBook_Air_Force_PBAmended_2014.zzz_unzipped-PROCUREMENT_MasterJustificationBook_Air_Force_PBAmended_2014.xml
FILESIZE = 2028807
YEAR = 2014
JBOOK_TYPE = MasterJustificationBook
@recordid = 0a94bc3c6ab5ab19e42b21ef23b6bc700ebc66a533004eda21f434cf88d26146
@doctype = 2014-AMENDED_PROCUREMENT_AND_RDTE-MASTERJUSTIFICATIONBOOK
@filename = 2014-AMENDED_PROCUREMENT_AND_RDTE-2014-AIRFORCE_AIRCRAFT-PROCUREMENT_MasterJustificationBook_Air_Force_PBAmended_2014.zzz_unzipped-PROCUREMENT_MasterJustificationBook_Air_Force_PBAmended_2014.xml
----------------------
<Writing ./2-jbook-json/2014-AMENDED_PROCUREMENT_AND_RDTE-2014-AIRFORCE_AIRCRAFT-PROCUREMENT_MasterJustificationBook_Air_Force_PBAmended_2014.zzz_unzipped-PROCUREMENT_MasterJustificationBook_Air_Force_PBAmended_2014.json>
----------------------
[3/84]
FILEPATH = ./1-jbook-xml/2014-AMENDED_PROCUREMENT_AND_RDTE-2014-AIRFORCE_AMMO-PROCUREMENT_JustificationBook_Air_Force_PBAmended_2014.zzz_unzipped-PROCUREMENT_JustificationBook_Air_Force_PBAmended_2014.xml
FILESIZE = 928021
YEAR = 2014
JBOOK_TYPE = JustificationBook
@recordid = 904a3b1f90d60cda7fb20ace9f3482439e8446f3b0a4c43f09e2447aa4049347
@doctype = 2014-AMENDED_PROCUREMENT_AND_RDTE-JUSTIFICATIONBOOK
@filename = 2014-AMENDED_PROCUREMENT_AND_RDTE-2014-AIRFORCE_AMMO-PROCUREMENT_JustificationBook_Air_Force_PBAmended_2014.zzz_unzipped-PROCUREMENT_JustificationBook_Air_Force_PBAmended_2014.xml
----------------------
<NOTICE: XML->JSON file exists - created 2019-10-11T09:01:55+00:00>
<SKIPPING XML->JSON: xml has already been converted since last jbookArrayPaths update>
----------------------
[4/84]
FILEPATH = ./1-jbook-xml/2014-AMENDED_PROCUREMENT_AND_RDTE-2014-AIRFORCE_AMMO-PROCUREMENT_MasterJustificationBook_Air_Force_PBAmended_2014.zzz_unzipped-PROCUREMENT_MasterJustificationBook_Air_Force_PBAmended_2014.xml
FILESIZE = 1147888
YEAR = 2014
JBOOK_TYPE = MasterJustificationBook
@recordid = 487a364e396230cd4ed9710cb348e194c50abbc519eae65cb75d5d5a0d817525
@doctype = 2014-AMENDED_PROCUREMENT_AND_RDTE-MASTERJUSTIFICATIONBOOK
@filename = 2014-AMENDED_PROCUREMENT_AND_RDTE-2014-AIRFORCE_AMMO-PROCUREMENT_MasterJustificationBook_Air_Force_PBAmended_2014.zzz_unzipped-PROCUREMENT_MasterJustificationBook_Air_Force_PBAmended_2014.xml
----------------------
<Writing ./2-jbook-json/2014-AMENDED_PROCUREMENT_AND_RDTE-2014-AIRFORCE_AMMO-PROCUREMENT_MasterJustificationBook_Air_Force_PBAmended_2014.zzz_unzipped-PROCUREMENT_MasterJustificationBook_Air_Force_PBAmended_2014.json>
----------------------
[5/84]
FILEPATH = ./1-jbook-xml/2014-AMENDED_PROCUREMENT_AND_RDTE-2014-AIRFORCE_MISSLE-PROCUREMENT_JustificationBook_Air_Force_PBAmended_2014.zzz_unzipped-PROCUREMENT_JustificationBook_Air_Force_PBAmended_2014.xml
FILESIZE = 108819
YEAR = 2014
JBOOK_TYPE = JustificationBook
@recordid = 59b7cf0aacd52e22c88df2172f66ec46e54316b4c9ec39aae2a46e40724099f8
@doctype = 2014-AMENDED_PROCUREMENT_AND_RDTE-JUSTIFICATIONBOOK
@filename = 2014-AMENDED_PROCUREMENT_AND_RDTE-2014-AIRFORCE_MISSLE-PROCUREMENT_JustificationBook_Air_Force_PBAmended_2014.zzz_unzipped-PROCUREMENT_JustificationBook_Air_Force_PBAmended_2014.xml
----------------------
<NOTICE: XML->JSON file exists - created 2019-10-11T09:02:13+00:00>
<SKIPPING XML->JSON: xml has already been converted since last jbookArrayPaths update>
----------------------
[6/84]
FILEPATH = ./1-jbook-xml/2014-AMENDED_PROCUREMENT_AND_RDTE-2014-AIRFORCE_MISSLE-PROCUREMENT_MasterJustificationBook_Air_Force_PBAmended_2014.zzz_unzipped-PROCUREMENT_MasterJustificationBook_Air_Force_PBAmended_2014.xml
FILESIZE = 133766
YEAR = 2014
JBOOK_TYPE = MasterJustificationBook
@recordid = 18b733b76b8fba87f1e764c976539117eb4365df0e3fb0a7b78e74eebbc68a9b
@doctype = 2014-AMENDED_PROCUREMENT_AND_RDTE-MASTERJUSTIFICATIONBOOK
@filename = 2014-AMENDED_PROCUREMENT_AND_RDTE-2014-AIRFORCE_MISSLE-PROCUREMENT_MasterJustificationBook_Air_Force_PBAmended_2014.zzz_unzipped-PROCUREMENT_MasterJustificationBook_Air_Force_PBAmended_2014.xml
----------------------
<NOTICE: XML->JSON file exists - created 2019-10-11T09:02:13+00:00>
<SKIPPING XML->JSON: xml has already been converted since last jbookArrayPaths update>
----------------------
[7/84]
FILEPATH = ./1-jbook-xml/2014-AMENDED_PROCUREMENT_AND_RDTE-2014-AIRFORCE_OTHER-PROCUREMENT_JustificationBook_Air_Force_PBAmended_2014.zzz_unzipped-PROCUREMENT_JustificationBook_Air_Force_PBAmended_2014.xml
FILESIZE = 399291
YEAR = 2014
JBOOK_TYPE = JustificationBook
@recordid = 72328b1c2b156ebf3591e8cbbc71f5cbdff109cebd0164690a31ab98550a64c1
@doctype = 2014-AMENDED_PROCUREMENT_AND_RDTE-JUSTIFICATIONBOOK
@filename = 2014-AMENDED_PROCUREMENT_AND_RDTE-2014-AIRFORCE_OTHER-PROCUREMENT_JustificationBook_Air_Force_PBAmended_2014.zzz_unzipped-PROCUREMENT_JustificationBook_Air_Force_PBAmended_2014.xml
----------------------
<NOTICE: XML->JSON file exists - created 2019-10-11T09:02:13+00:00>
<SKIPPING XML->JSON: xml has already been converted since last jbookArrayPaths update>
----------------------
[8/84]
FILEPATH = ./1-jbook-xml/2014-AMENDED_PROCUREMENT_AND_RDTE-2014-AIRFORCE_OTHER-PROCUREMENT_MasterJustificationBook_Air_Force_PBAmended_2014.zzz_unzipped-PROCUREMENT_MasterJustificationBook_Air_Force_PBAmended_2014.xml
FILESIZE = 500758
YEAR = 2014
JBOOK_TYPE = MasterJustificationBook
@recordid = 73c9b142f9a45445f3d398ccbb7864e14349468cc7386534e885efa21e2dcb6e
@doctype = 2014-AMENDED_PROCUREMENT_AND_RDTE-MASTERJUSTIFICATIONBOOK
@filename = 2014-AMENDED_PROCUREMENT_AND_RDTE-2014-AIRFORCE_OTHER-PROCUREMENT_MasterJustificationBook_Air_Force_PBAmended_2014.zzz_unzipped-PROCUREMENT_MasterJustificationBook_Air_Force_PBAmended_2014.xml
----------------------
<NOTICE: XML->JSON file exists - created 2019-10-11T09:02:14+00:00>
<SKIPPING XML->JSON: xml has already been converted since last jbookArrayPaths update>
----------------------
[9/84]
FILEPATH = ./1-jbook-xml/2014-AMENDED_PROCUREMENT_AND_RDTE-2014-ARMY-PROCUREMENT_JustificationBook_Army_PBAmended_2014_AMMO.zzz_unzipped-PROCUREMENT_JustificationBook_Army_PBAmended_2014.xml
FILESIZE = 2364324
YEAR = 2014
JBOOK_TYPE = JustificationBook
@recordid = fa9d9ac95f424ec99051cd60d666ae67680d83f0c9afe76b5a5a7089fb773039
@doctype = 2014-AMENDED_PROCUREMENT_AND_RDTE-JUSTIFICATIONBOOK
@filename = 2014-AMENDED_PROCUREMENT_AND_RDTE-2014-ARMY-PROCUREMENT_JustificationBook_Army_PBAmended_2014_AMMO.zzz_unzipped-PROCUREMENT_JustificationBook_Army_PBAmended_2014.xml
----------------------
<Writing ./2-jbook-json/2014-AMENDED_PROCUREMENT_AND_RDTE-2014-ARMY-PROCUREMENT_JustificationBook_Army_PBAmended_2014_AMMO.zzz_unzipped-PROCUREMENT_JustificationBook_Army_PBAmended_2014.json>
----------------------
[10/84]
FILEPATH = ./1-jbook-xml/2014-AMENDED_PROCUREMENT_AND_RDTE-2014-ARMY-PROCUREMENT_JustificationBook_Army_PBAmended_2014_APA.zzz_unzipped-PROCUREMENT_JustificationBook_Army_PBAmended_2014.xml
FILESIZE = 440754
YEAR = 2014
JBOOK_TYPE = JustificationBook
@recordid = 5c61e0de59ce07061881b9c6abf9dd01488b11aa9b5df884404b9e0bf9128b76
@doctype = 2014-AMENDED_PROCUREMENT_AND_RDTE-JUSTIFICATIONBOOK
@filename = 2014-AMENDED_PROCUREMENT_AND_RDTE-2014-ARMY-PROCUREMENT_JustificationBook_Army_PBAmended_2014_APA.zzz_unzipped-PROCUREMENT_JustificationBook_Army_PBAmended_2014.xml
----------------------
<NOTICE: XML->JSON file exists - created 2019-10-11T09:03:38+00:00>
<SKIPPING XML->JSON: xml has already been converted since last jbookArrayPaths update>
----------------------
[11/84]
FILEPATH = ./1-jbook-xml/2014-AMENDED_PROCUREMENT_AND_RDTE-2014-ARMY-PROCUREMENT_JustificationBook_Army_PBAmended_2014_MIPA.zzz_unzipped-PROCUREMENT_JustificationBook_Army_PBAmended_2014.xml
FILESIZE = 173810
YEAR = 2014
JBOOK_TYPE = JustificationBook
@recordid = af8d1c75b34ba8b59a78713d8e0e6ebc79f9240e62c9d6f70e1614acf41d9830
@doctype = 2014-AMENDED_PROCUREMENT_AND_RDTE-JUSTIFICATIONBOOK
@filename = 2014-AMENDED_PROCUREMENT_AND_RDTE-2014-ARMY-PROCUREMENT_JustificationBook_Army_PBAmended_2014_MIPA.zzz_unzipped-PROCUREMENT_JustificationBook_Army_PBAmended_2014.xml
----------------------
<NOTICE: XML->JSON file exists - created 2019-10-11T09:03:38+00:00>
<SKIPPING XML->JSON: xml has already been converted since last jbookArrayPaths update>
----------------------
[12/84]
FILEPATH = ./1-jbook-xml/2014-AMENDED_PROCUREMENT_AND_RDTE-2014-ARMY-PROCUREMENT_JustificationBook_Army_PBAmended_2014_OPA1.zzz_unzipped-PROCUREMENT_JustificationBook_Army_PBAmended_2014.xml
FILESIZE = 105962
YEAR = 2014
JBOOK_TYPE = JustificationBook
@recordid = 119ea0d34a9fbc7bfff8e2f0cb8d532b2a81b96c5d534338ab8b81f368c67843
@doctype = 2014-AMENDED_PROCUREMENT_AND_RDTE-JUSTIFICATIONBOOK
@filename = 2014-AMENDED_PROCUREMENT_AND_RDTE-2014-ARMY-PROCUREMENT_JustificationBook_Army_PBAmended_2014_OPA1.zzz_unzipped-PROCUREMENT_JustificationBook_Army_PBAmended_2014.xml
----------------------
<NOTICE: XML->JSON file exists - created 2019-10-11T09:03:38+00:00>
<SKIPPING XML->JSON: xml has already been converted since last jbookArrayPaths update>
----------------------
[13/84]
FILEPATH = ./1-jbook-xml/2014-AMENDED_PROCUREMENT_AND_RDTE-2014-ARMY-PROCUREMENT_JustificationBook_Army_PBAmended_2014_OPA2.zzz_unzipped-PROCUREMENT_JustificationBook_Army_PBAmended_2014.xml
FILESIZE = 625020
YEAR = 2014
JBOOK_TYPE = JustificationBook
@recordid = a3d58917a776f19f207da37bc2a7fa5d8033abeaddded478bcef56a196dbb746
@doctype = 2014-AMENDED_PROCUREMENT_AND_RDTE-JUSTIFICATIONBOOK
@filename = 2014-AMENDED_PROCUREMENT_AND_RDTE-2014-ARMY-PROCUREMENT_JustificationBook_Army_PBAmended_2014_OPA2.zzz_unzipped-PROCUREMENT_JustificationBook_Army_PBAmended_2014.xml
----------------------
<NOTICE: XML->JSON file exists - created 2019-10-11T09:03:40+00:00>
<SKIPPING XML->JSON: xml has already been converted since last jbookArrayPaths update>
----------------------
[14/84]
FILEPATH = ./1-jbook-xml/2014-AMENDED_PROCUREMENT_AND_RDTE-2014-ARMY-PROCUREMENT_JustificationBook_Army_PBAmended_2014_OPA3_4.zzz_unzipped-PROCUREMENT_JustificationBook_Army_PBAmended_2014.xml
FILESIZE = 189436
YEAR = 2014
JBOOK_TYPE = JustificationBook
@recordid = 7d6c1971246e976fc3b520f6f4ce96155fa0115cb194b0b9ea38ff8b96eac187
@doctype = 2014-AMENDED_PROCUREMENT_AND_RDTE-JUSTIFICATIONBOOK
@filename = 2014-AMENDED_PROCUREMENT_AND_RDTE-2014-ARMY-PROCUREMENT_JustificationBook_Army_PBAmended_2014_OPA3_4.zzz_unzipped-PROCUREMENT_JustificationBook_Army_PBAmended_2014.xml
----------------------
<NOTICE: XML->JSON file exists - created 2019-10-11T09:03:40+00:00>
<SKIPPING XML->JSON: xml has already been converted since last jbookArrayPaths update>
----------------------
[15/84]
FILEPATH = ./1-jbook-xml/2014-AMENDED_PROCUREMENT_AND_RDTE-2014-ARMY-RDTE_JustificationBook_Army_PBAmended_2014.zzz_unzipped-RDTE_JustificationBook_Army_PBAmended_2014.xml
FILESIZE = 93780
YEAR = 2014
JBOOK_TYPE = JustificationBook
@recordid = 8a318827b0c1259ffedda0630e200c1471419271746d7070764f134c2e2cb4e0
@doctype = 2014-AMENDED_PROCUREMENT_AND_RDTE-JUSTIFICATIONBOOK
@filename = 2014-AMENDED_PROCUREMENT_AND_RDTE-2014-ARMY-RDTE_JustificationBook_Army_PBAmended_2014.zzz_unzipped-RDTE_JustificationBook_Army_PBAmended_2014.xml
----------------------
<NOTICE: XML->JSON file exists - created 2019-10-11T09:03:40+00:00>
<SKIPPING XML->JSON: xml has already been converted since last jbookArrayPaths update>
----------------------
[16/84]
FILEPATH = ./1-jbook-xml/2014-AMENDED_PROCUREMENT_AND_RDTE-2014-DEFENSE_MASTER_JBOOK-PROCUREMENT_MasterJustificationBook_Defense-Wide_PBAmended_2014.zzz_unzipped-PROCUREMENT_MasterJustificationBook_Defense-Wide_PBAmended_2014.xml
FILESIZE = 688129
YEAR = 2014
JBOOK_TYPE = MasterJustificationBook
@recordid = b0dd0e3095684498798f4ac5b3b18afac86f11e86aa2e9fe0e94968bec50a572
@doctype = 2014-AMENDED_PROCUREMENT_AND_RDTE-MASTERJUSTIFICATIONBOOK
@filename = 2014-AMENDED_PROCUREMENT_AND_RDTE-2014-DEFENSE_MASTER_JBOOK-PROCUREMENT_MasterJustificationBook_Defense-Wide_PBAmended_2014.zzz_unzipped-PROCUREMENT_MasterJustificationBook_Defense-Wide_PBAmended_2014.xml
----------------------
<NOTICE: XML->JSON file exists - created 2019-10-11T09:03:41+00:00>
<SKIPPING XML->JSON: xml has already been converted since last jbookArrayPaths update>
----------------------
[17/84]
FILEPATH = ./1-jbook-xml/2014-AMENDED_PROCUREMENT_AND_RDTE-2014-DISA-PROCUREMENT_JustificationBook_Defense_Information_Systems_Agency_PBAmended_2014.zzz_unzipped-PROCUREMENT_JustificationBook_Defense_Information_Systems_Agency_PBAmended_2014.xml
FILESIZE = 136712
YEAR = 2014
JBOOK_TYPE = JustificationBook
@recordid = 856b44e8a9f68105854461f5c452ac186c7a4e49e6cfa83fbc7f6ed8b32bd4f9
@doctype = 2014-AMENDED_PROCUREMENT_AND_RDTE-JUSTIFICATIONBOOK
@filename = 2014-AMENDED_PROCUREMENT_AND_RDTE-2014-DISA-PROCUREMENT_JustificationBook_Defense_Information_Systems_Agency_PBAmended_2014.zzz_unzipped-PROCUREMENT_JustificationBook_Defense_Information_Systems_Agency_PBAmended_2014.xml
----------------------
<NOTICE: XML->JSON file exists - created 2019-10-11T09:03:41+00:00>
<SKIPPING XML->JSON: xml has already been converted since last jbookArrayPaths update>
----------------------
[18/84]
FILEPATH = ./1-jbook-xml/2014-AMENDED_PROCUREMENT_AND_RDTE-2014-DISA-PROCUREMENT_MasterJustificationBook_Defense_Information_Systems_Agency_PBAmended_2014.zzz_unzipped-PROCUREMENT_MasterJustificationBook_Defense_Information_Systems_Agency_PBAmended_2014.xml
FILESIZE = 169966
YEAR = 2014
JBOOK_TYPE = MasterJustificationBook
@recordid = 3dcce482593b7e2ef90cf6d3bbeef8a79d4388dc0c2996a30c2e0ce72e9f6ad4
@doctype = 2014-AMENDED_PROCUREMENT_AND_RDTE-MASTERJUSTIFICATIONBOOK
@filename = 2014-AMENDED_PROCUREMENT_AND_RDTE-2014-DISA-PROCUREMENT_MasterJustificationBook_Defense_Information_Systems_Agency_PBAmended_2014.zzz_unzipped-PROCUREMENT_MasterJustificationBook_Defense_Information_Systems_Agency_PBAmended_2014.xml
----------------------
<NOTICE: XML->JSON file exists - created 2019-10-11T09:03:41+00:00>
<SKIPPING XML->JSON: xml has already been converted since last jbookArrayPaths update>
----------------------
[19/84]
FILEPATH = ./1-jbook-xml/2014-AMENDED_PROCUREMENT_AND_RDTE-2014-JUONF-PROCUREMENT_JustificationBook_Joint_Urgent_Operational_Needs_Fund_PBAmended_2014.zzz_unzipped-PROCUREMENT_JustificationBook_Joint_Urgent_Operational_Needs_Fund_PBAmended_2014.xml
FILESIZE = 7149
YEAR = 2014
JBOOK_TYPE = JustificationBook
@recordid = 187b24391ab0f40c38153209e40b906b3a36f5a0faa5f61ab642f4593865c367
@doctype = 2014-AMENDED_PROCUREMENT_AND_RDTE-JUSTIFICATIONBOOK
@filename = 2014-AMENDED_PROCUREMENT_AND_RDTE-2014-JUONF-PROCUREMENT_JustificationBook_Joint_Urgent_Operational_Needs_Fund_PBAmended_2014.zzz_unzipped-PROCUREMENT_JustificationBook_Joint_Urgent_Operational_Needs_Fund_PBAmended_2014.xml
----------------------
<NOTICE: XML->JSON file exists - created 2019-10-11T09:03:41+00:00>
<SKIPPING XML->JSON: xml has already been converted since last jbookArrayPaths update>
----------------------
[20/84]
FILEPATH = ./1-jbook-xml/2014-AMENDED_PROCUREMENT_AND_RDTE-2014-JUONF-PROCUREMENT_MasterJustificationBook_Joint_Urgent_Operational_Needs_Fund_PBAmended_2014.zzz_unzipped-PROCUREMENT_MasterJustificationBook_Joint_Urgent_Operational_Needs_Fund_PBAmended_2014.xml
FILESIZE = 13236
YEAR = 2014
JBOOK_TYPE = MasterJustificationBook
@recordid = efa791355bbc02b58c9ef0b8763655b3555fc5c670e40a626d6a8b53afbc9f90
@doctype = 2014-AMENDED_PROCUREMENT_AND_RDTE-MASTERJUSTIFICATIONBOOK
@filename = 2014-AMENDED_PROCUREMENT_AND_RDTE-2014-JUONF-PROCUREMENT_MasterJustificationBook_Joint_Urgent_Operational_Needs_Fund_PBAmended_2014.zzz_unzipped-PROCUREMENT_MasterJustificationBook_Joint_Urgent_Operational_Needs_Fund_PBAmended_2014.xml
----------------------
<NOTICE: XML->JSON file exists - created 2019-10-11T09:03:41+00:00>
<SKIPPING XML->JSON: xml has already been converted since last jbookArrayPaths update>
----------------------
[21/84]
FILEPATH = ./1-jbook-xml/2014-AMENDED_PROCUREMENT_AND_RDTE-2014-SOCOM-PROCUREMENT_JustificationBook_United_States_Special_Operations_Command_PBAmended_2014.zzz_unzipped-PROCUREMENT_JustificationBook_United_States_Special_Operations_Command_PBAmended_2014.xml
FILESIZE = 415419
YEAR = 2014
JBOOK_TYPE = JustificationBook
@recordid = 20c1bb29de9d2ef30d6a540872e2ed26bb48b90dc4d484c0086db454dd2915df
@doctype = 2014-AMENDED_PROCUREMENT_AND_RDTE-JUSTIFICATIONBOOK
@filename = 2014-AMENDED_PROCUREMENT_AND_RDTE-2014-SOCOM-PROCUREMENT_JustificationBook_United_States_Special_Operations_Command_PBAmended_2014.zzz_unzipped-PROCUREMENT_JustificationBook_United_States_Special_Operations_Command_PBAmended_2014.xml
----------------------
<NOTICE: XML->JSON file exists - created 2019-10-11T09:03:41+00:00>
<SKIPPING XML->JSON: xml has already been converted since last jbookArrayPaths update>
----------------------
[22/84]
FILEPATH = ./1-jbook-xml/2014-AMENDED_PROCUREMENT_AND_RDTE-2014-SOCOM-PROCUREMENT_MasterJustificationBook_United_States_Special_Operations_Command_PBAmended_2014.zzz_unzipped-PROCUREMENT_MasterJustificationBook_United_States_Special_Operations_Command_PBAmended_2014.xml
FILESIZE = 516719
YEAR = 2014
JBOOK_TYPE = MasterJustificationBook
@recordid = 953f0f5d18164bbd28d477f5d1a1cbfa342f10cbae66900abf865940dd39716c
@doctype = 2014-AMENDED_PROCUREMENT_AND_RDTE-MASTERJUSTIFICATIONBOOK
@filename = 2014-AMENDED_PROCUREMENT_AND_RDTE-2014-SOCOM-PROCUREMENT_MasterJustificationBook_United_States_Special_Operations_Command_PBAmended_2014.zzz_unzipped-PROCUREMENT_MasterJustificationBook_United_States_Special_Operations_Command_PBAmended_2014.xml
----------------------
<NOTICE: XML->JSON file exists - created 2019-10-11T09:03:42+00:00>
<SKIPPING XML->JSON: xml has already been converted since last jbookArrayPaths update>
----------------------
[23/84]
FILEPATH = ./1-jbook-xml/2014-BASE_PROCUREMENT-2014-AIRFORCE_AIRCRAFT_VOL1-PROCUREMENT_JustificationBook_Air_Force_PB_2014.zzz_unzipped-PROCUREMENT_JustificationBook_Air_Force_PB_2014.xml
FILESIZE = 2160279
YEAR = 2014
JBOOK_TYPE = JustificationBook
@recordid = 442051e816ef6afa2fba9bd90a2f50002b51206e01a568591b082af163127317
@doctype = 2014-BASE_PROCUREMENT-JUSTIFICATIONBOOK
@filename = 2014-BASE_PROCUREMENT-2014-AIRFORCE_AIRCRAFT_VOL1-PROCUREMENT_JustificationBook_Air_Force_PB_2014.zzz_unzipped-PROCUREMENT_JustificationBook_Air_Force_PB_2014.xml
----------------------
<Writing ./2-jbook-json/2014-BASE_PROCUREMENT-2014-AIRFORCE_AIRCRAFT_VOL1-PROCUREMENT_JustificationBook_Air_Force_PB_2014.zzz_unzipped-PROCUREMENT_JustificationBook_Air_Force_PB_2014.json>
----------------------
[24/84]
FILEPATH = ./1-jbook-xml/2014-BASE_PROCUREMENT-2014-AIRFORCE_AIRCRAFT_VOL1-PROCUREMENT_MasterJustificationBook_Air_Force_PB_2014.zzz_unzipped-PROCUREMENT_MasterJustificationBook_Air_Force_PB_2014.xml
FILESIZE = 11523576
YEAR = 2014
JBOOK_TYPE = MasterJustificationBook
@recordid = ef50f00dd388fcd67d054c5ba6059ebfb8c6debdc7776cf3a24d20e0ef4ac2e2
@doctype = 2014-BASE_PROCUREMENT-MASTERJUSTIFICATIONBOOK
@filename = 2014-BASE_PROCUREMENT-2014-AIRFORCE_AIRCRAFT_VOL1-PROCUREMENT_MasterJustificationBook_Air_Force_PB_2014.zzz_unzipped-PROCUREMENT_MasterJustificationBook_Air_Force_PB_2014.xml
----------------------
<Writing ./2-jbook-json/2014-BASE_PROCUREMENT-2014-AIRFORCE_AIRCRAFT_VOL1-PROCUREMENT_MasterJustificationBook_Air_Force_PB_2014.zzz_unzipped-PROCUREMENT_MasterJustificationBook_Air_Force_PB_2014.json>
----------------------
[25/84]
FILEPATH = ./1-jbook-xml/2014-BASE_PROCUREMENT-2014-AIRFORCE_AIRCRAFT_VOL2-PROCUREMENT_JustificationBook_Air_Force_PB_2014.zzz_unzipped-PROCUREMENT_JustificationBook_Air_Force_PB_2014.xml
FILESIZE = 7014194
YEAR = 2014
JBOOK_TYPE = JustificationBook
@recordid = 3bbe43f4bf64f5dd19cc93f8b516c5a6dc923b5257fa85badd9ae88ec0b8a255
@doctype = 2014-BASE_PROCUREMENT-JUSTIFICATIONBOOK
@filename = 2014-BASE_PROCUREMENT-2014-AIRFORCE_AIRCRAFT_VOL2-PROCUREMENT_JustificationBook_Air_Force_PB_2014.zzz_unzipped-PROCUREMENT_JustificationBook_Air_Force_PB_2014.xml
----------------------
<Writing ./2-jbook-json/2014-BASE_PROCUREMENT-2014-AIRFORCE_AIRCRAFT_VOL2-PROCUREMENT_JustificationBook_Air_Force_PB_2014.zzz_unzipped-PROCUREMENT_JustificationBook_Air_Force_PB_2014.json>
----------------------
[26/84]
FILEPATH = ./1-jbook-xml/2014-BASE_PROCUREMENT-2014-AIRFORCE_AIRCRAFT_VOL2-PROCUREMENT_MasterJustificationBook_Air_Force_PB_2014.zzz_unzipped-PROCUREMENT_MasterJustificationBook_Air_Force_PB_2014.xml
FILESIZE = 11523544
YEAR = 2014
JBOOK_TYPE = MasterJustificationBook
@recordid = 536e5a037bf6cedc45b96ea4fd806e44c85ce896ca60aa88f1487948a90327a3
@doctype = 2014-BASE_PROCUREMENT-MASTERJUSTIFICATIONBOOK
@filename = 2014-BASE_PROCUREMENT-2014-AIRFORCE_AIRCRAFT_VOL2-PROCUREMENT_MasterJustificationBook_Air_Force_PB_2014.zzz_unzipped-PROCUREMENT_MasterJustificationBook_Air_Force_PB_2014.xml
----------------------
<Writing ./2-jbook-json/2014-BASE_PROCUREMENT-2014-AIRFORCE_AIRCRAFT_VOL2-PROCUREMENT_MasterJustificationBook_Air_Force_PB_2014.zzz_unzipped-PROCUREMENT_MasterJustificationBook_Air_Force_PB_2014.json>
----------------------
[27/84]
FILEPATH = ./1-jbook-xml/2014-BASE_PROCUREMENT-2014-AIRFORCE_AMMUNITION-PROCUREMENT_JustificationBook_Air_Force_PB_2014.zzz_unzipped-PROCUREMENT_JustificationBook_Air_Force_PB_2014.xml
FILESIZE = 1100886
YEAR = 2014
JBOOK_TYPE = JustificationBook
@recordid = 8f4a71a8797c5d9861393f07abfd5b296dabf523e31aac41a9e19fc8d973163c
@doctype = 2014-BASE_PROCUREMENT-JUSTIFICATIONBOOK
@filename = 2014-BASE_PROCUREMENT-2014-AIRFORCE_AMMUNITION-PROCUREMENT_JustificationBook_Air_Force_PB_2014.zzz_unzipped-PROCUREMENT_JustificationBook_Air_Force_PB_2014.xml
----------------------
<Writing ./2-jbook-json/2014-BASE_PROCUREMENT-2014-AIRFORCE_AMMUNITION-PROCUREMENT_JustificationBook_Air_Force_PB_2014.zzz_unzipped-PROCUREMENT_JustificationBook_Air_Force_PB_2014.json>
----------------------
[28/84]
FILEPATH = ./1-jbook-xml/2014-BASE_PROCUREMENT-2014-AIRFORCE_AMMUNITION-PROCUREMENT_MasterJustificationBook_Air_Force_PB_2014.zzz_unzipped-PROCUREMENT_MasterJustificationBook_Air_Force_PB_2014.xml
FILESIZE = 1366969
YEAR = 2014
JBOOK_TYPE = MasterJustificationBook
@recordid = 6a06e356205fb08b7c7cf73deb413a67537d9d83d35911280e57bba753cbc8a8
@doctype = 2014-BASE_PROCUREMENT-MASTERJUSTIFICATIONBOOK
@filename = 2014-BASE_PROCUREMENT-2014-AIRFORCE_AMMUNITION-PROCUREMENT_MasterJustificationBook_Air_Force_PB_2014.zzz_unzipped-PROCUREMENT_MasterJustificationBook_Air_Force_PB_2014.xml
----------------------
<Writing ./2-jbook-json/2014-BASE_PROCUREMENT-2014-AIRFORCE_AMMUNITION-PROCUREMENT_MasterJustificationBook_Air_Force_PB_2014.zzz_unzipped-PROCUREMENT_MasterJustificationBook_Air_Force_PB_2014.json>
----------------------
[29/84]
FILEPATH = ./1-jbook-xml/2014-BASE_PROCUREMENT-2014-AIRFORCE_MISSILE-PROCUREMENT_JustificationBook_Air_Force_PB_2014.zzz_unzipped-PROCUREMENT_JustificationBook_Air_Force_PB_2014.xml
FILESIZE = 1832190
YEAR = 2014
JBOOK_TYPE = JustificationBook
@recordid = 494813088fcb15bd26ddd7598bc10f4d81b616398cf6cd36dbb10f7d0db7beea
@doctype = 2014-BASE_PROCUREMENT-JUSTIFICATIONBOOK
@filename = 2014-BASE_PROCUREMENT-2014-AIRFORCE_MISSILE-PROCUREMENT_JustificationBook_Air_Force_PB_2014.zzz_unzipped-PROCUREMENT_JustificationBook_Air_Force_PB_2014.xml
----------------------
<Writing ./2-jbook-json/2014-BASE_PROCUREMENT-2014-AIRFORCE_MISSILE-PROCUREMENT_JustificationBook_Air_Force_PB_2014.zzz_unzipped-PROCUREMENT_JustificationBook_Air_Force_PB_2014.json>
----------------------
[30/84]
FILEPATH = ./1-jbook-xml/2014-BASE_PROCUREMENT-2014-AIRFORCE_MISSILE-PROCUREMENT_MasterJustificationBook_Air_Force_PB_2014.zzz_unzipped-PROCUREMENT_MasterJustificationBook_Air_Force_PB_2014.xml
FILESIZE = 2274976
YEAR = 2014
JBOOK_TYPE = MasterJustificationBook
@recordid = fbe5e923d1011398ab291da8dc5951649258233efda17c30f4d523a10dda0ed6
@doctype = 2014-BASE_PROCUREMENT-MASTERJUSTIFICATIONBOOK
@filename = 2014-BASE_PROCUREMENT-2014-AIRFORCE_MISSILE-PROCUREMENT_MasterJustificationBook_Air_Force_PB_2014.zzz_unzipped-PROCUREMENT_MasterJustificationBook_Air_Force_PB_2014.xml
----------------------
<Writing ./2-jbook-json/2014-BASE_PROCUREMENT-2014-AIRFORCE_MISSILE-PROCUREMENT_MasterJustificationBook_Air_Force_PB_2014.zzz_unzipped-PROCUREMENT_MasterJustificationBook_Air_Force_PB_2014.json>
----------------------
[31/84]
FILEPATH = ./1-jbook-xml/2014-BASE_PROCUREMENT-2014-AIRFORCE_OTHER-PROCUREMENT_JustificationBook_Air_Force_PB_2014.zzz_unzipped-PROCUREMENT_JustificationBook_Air_Force_PB_2014.xml
FILESIZE = 4160851
YEAR = 2014
JBOOK_TYPE = JustificationBook
@recordid = 970cfb4b07ac4ca32e7646098f311fa7cf21c628a70f679d021d02b5aba47c25
@doctype = 2014-BASE_PROCUREMENT-JUSTIFICATIONBOOK
@filename = 2014-BASE_PROCUREMENT-2014-AIRFORCE_OTHER-PROCUREMENT_JustificationBook_Air_Force_PB_2014.zzz_unzipped-PROCUREMENT_JustificationBook_Air_Force_PB_2014.xml
----------------------
<Writing ./2-jbook-json/2014-BASE_PROCUREMENT-2014-AIRFORCE_OTHER-PROCUREMENT_JustificationBook_Air_Force_PB_2014.zzz_unzipped-PROCUREMENT_JustificationBook_Air_Force_PB_2014.json>
----------------------
[32/84]
FILEPATH = ./1-jbook-xml/2014-BASE_PROCUREMENT-2014-AIRFORCE_OTHER-PROCUREMENT_MasterJustificationBook_Air_Force_PB_2014.zzz_unzipped-PROCUREMENT_MasterJustificationBook_Air_Force_PB_2014.xml
FILESIZE = 5151395
YEAR = 2014
JBOOK_TYPE = MasterJustificationBook
@recordid = 55d499e2b94e546394ef5559de7fe3f3ad3bdf47fd668fc44af91009c724fedc
@doctype = 2014-BASE_PROCUREMENT-MASTERJUSTIFICATIONBOOK
@filename = 2014-BASE_PROCUREMENT-2014-AIRFORCE_OTHER-PROCUREMENT_MasterJustificationBook_Air_Force_PB_2014.zzz_unzipped-PROCUREMENT_MasterJustificationBook_Air_Force_PB_2014.xml
----------------------
<Writing ./2-jbook-json/2014-BASE_PROCUREMENT-2014-AIRFORCE_OTHER-PROCUREMENT_MasterJustificationBook_Air_Force_PB_2014.zzz_unzipped-PROCUREMENT_MasterJustificationBook_Air_Force_PB_2014.json>
----------------------
[33/84]
FILEPATH = ./1-jbook-xml/2014-BASE_PROCUREMENT-2014-ARMY_AIRCRAFT-PROCUREMENT_JustificationBook_Army_PB_2014.zzz_unzipped-PROCUREMENT_JustificationBook_Army_PB_2014.xml
FILESIZE = 8026458
YEAR = 2014
JBOOK_TYPE = JustificationBook
@recordid = 72c3a6a62c81e500b4c57dd68a3a8b1166b315af510ba55dea28a33c9da9d995
@doctype = 2014-BASE_PROCUREMENT-JUSTIFICATIONBOOK
@filename = 2014-BASE_PROCUREMENT-2014-ARMY_AIRCRAFT-PROCUREMENT_JustificationBook_Army_PB_2014.zzz_unzipped-PROCUREMENT_JustificationBook_Army_PB_2014.xml
----------------------
<Writing ./2-jbook-json/2014-BASE_PROCUREMENT-2014-ARMY_AIRCRAFT-PROCUREMENT_JustificationBook_Army_PB_2014.zzz_unzipped-PROCUREMENT_JustificationBook_Army_PB_2014.json>
----------------------
[34/84]
FILEPATH = ./1-jbook-xml/2014-BASE_PROCUREMENT-2014-ARMY_AMMO-PROCUREMENT_JustificationBook_Army_PB_2014.zzz_unzipped-PROCUREMENT_JustificationBook_Army_PB_2014.xml
FILESIZE = 4515132
YEAR = 2014
JBOOK_TYPE = JustificationBook
@recordid = a1923867815e7335137356857429f83a8ffc10477fa62e5781b5673706f026dd
@doctype = 2014-BASE_PROCUREMENT-JUSTIFICATIONBOOK
@filename = 2014-BASE_PROCUREMENT-2014-ARMY_AMMO-PROCUREMENT_JustificationBook_Army_PB_2014.zzz_unzipped-PROCUREMENT_JustificationBook_Army_PB_2014.xml
----------------------
<Writing ./2-jbook-json/2014-BASE_PROCUREMENT-2014-ARMY_AMMO-PROCUREMENT_JustificationBook_Army_PB_2014.zzz_unzipped-PROCUREMENT_JustificationBook_Army_PB_2014.json>
----------------------
[35/84]
FILEPATH = ./1-jbook-xml/2014-BASE_PROCUREMENT-2014-ARMY_MISSLE-PROCUREMENT_JustificationBook_Army_PB_2014.zzz_unzipped-PROCUREMENT_JustificationBook_Army_PB_2014.xml
FILESIZE = 2243437
YEAR = 2014
JBOOK_TYPE = JustificationBook
@recordid = 5d100b7e63f69330476d68ec256681ee02e02eb94611044b4280d3c5021e222d
@doctype = 2014-BASE_PROCUREMENT-JUSTIFICATIONBOOK
@filename = 2014-BASE_PROCUREMENT-2014-ARMY_MISSLE-PROCUREMENT_JustificationBook_Army_PB_2014.zzz_unzipped-PROCUREMENT_JustificationBook_Army_PB_2014.xml
----------------------
<Writing ./2-jbook-json/2014-BASE_PROCUREMENT-2014-ARMY_MISSLE-PROCUREMENT_JustificationBook_Army_PB_2014.zzz_unzipped-PROCUREMENT_JustificationBook_Army_PB_2014.json>
----------------------
[36/84]
FILEPATH = ./1-jbook-xml/2014-BASE_PROCUREMENT-2014-ARMY_OTHER_1-PROCUREMENT_JustificationBook_Army_PB_2014.zzz_unzipped-PROCUREMENT_JustificationBook_Army_PB_2014.xml
FILESIZE = 1014164
YEAR = 2014
JBOOK_TYPE = JustificationBook
@recordid = e6f822a89dc86ab3e6fb2bc77494b8aefed508b52c93d31326b86d4865d464ec
@doctype = 2014-BASE_PROCUREMENT-JUSTIFICATIONBOOK
@filename = 2014-BASE_PROCUREMENT-2014-ARMY_OTHER_1-PROCUREMENT_JustificationBook_Army_PB_2014.zzz_unzipped-PROCUREMENT_JustificationBook_Army_PB_2014.xml
----------------------
<Writing ./2-jbook-json/2014-BASE_PROCUREMENT-2014-ARMY_OTHER_1-PROCUREMENT_JustificationBook_Army_PB_2014.zzz_unzipped-PROCUREMENT_JustificationBook_Army_PB_2014.json>
----------------------
[37/84]
FILEPATH = ./1-jbook-xml/2014-BASE_PROCUREMENT-2014-ARMY_OTHER_2-PROCUREMENT_JustificationBook_Army_PB_2014.zzz_unzipped-PROCUREMENT_JustificationBook_Army_PB_2014.xml
FILESIZE = 5209258
YEAR = 2014
JBOOK_TYPE = JustificationBook
@recordid = 14a76ca34b8e5c0e20f4a3b6ee684cdc9117ad2e425f0190e27bd8f6b5a20d30
@doctype = 2014-BASE_PROCUREMENT-JUSTIFICATIONBOOK
@filename = 2014-BASE_PROCUREMENT-2014-ARMY_OTHER_2-PROCUREMENT_JustificationBook_Army_PB_2014.zzz_unzipped-PROCUREMENT_JustificationBook_Army_PB_2014.xml
----------------------
<Writing ./2-jbook-json/2014-BASE_PROCUREMENT-2014-ARMY_OTHER_2-PROCUREMENT_JustificationBook_Army_PB_2014.zzz_unzipped-PROCUREMENT_JustificationBook_Army_PB_2014.json>
----------------------
[38/84]
FILEPATH = ./1-jbook-xml/2014-BASE_PROCUREMENT-2014-ARMY_OTHER_3-4-PROCUREMENT_JustificationBook_Army_PB_2014.zzz_unzipped-PROCUREMENT_JustificationBook_Army_PB_2014.xml
FILESIZE = 5233078
YEAR = 2014
JBOOK_TYPE = JustificationBook
@recordid = 30e973fe9439b8e23876c8d427b04b5b59c9779e8cd4853925b3f3c885641080
@doctype = 2014-BASE_PROCUREMENT-JUSTIFICATIONBOOK
@filename = 2014-BASE_PROCUREMENT-2014-ARMY_OTHER_3-4-PROCUREMENT_JustificationBook_Army_PB_2014.zzz_unzipped-PROCUREMENT_JustificationBook_Army_PB_2014.xml
----------------------
<Writing ./2-jbook-json/2014-BASE_PROCUREMENT-2014-ARMY_OTHER_3-4-PROCUREMENT_JustificationBook_Army_PB_2014.zzz_unzipped-PROCUREMENT_JustificationBook_Army_PB_2014.json>
----------------------
[39/84]
FILEPATH = ./1-jbook-xml/2014-BASE_PROCUREMENT-2014-ARMY_WTCV-PROCUREMENT_JustificationBook_Army_PB_2014.zzz_unzipped-PROCUREMENT_JustificationBook_Army_PB_2014.xml
FILESIZE = 4943626
YEAR = 2014
JBOOK_TYPE = JustificationBook
@recordid = 3169878999672efd48fc5a14a208b54fc5b35a16e18a23022447ca675473d2e2
@doctype = 2014-BASE_PROCUREMENT-JUSTIFICATIONBOOK
@filename = 2014-BASE_PROCUREMENT-2014-ARMY_WTCV-PROCUREMENT_JustificationBook_Army_PB_2014.zzz_unzipped-PROCUREMENT_JustificationBook_Army_PB_2014.xml
----------------------
<Writing ./2-jbook-json/2014-BASE_PROCUREMENT-2014-ARMY_WTCV-PROCUREMENT_JustificationBook_Army_PB_2014.zzz_unzipped-PROCUREMENT_JustificationBook_Army_PB_2014.json>
----------------------
[40/84]
FILEPATH = ./1-jbook-xml/2014-BASE_PROCUREMENT-2014-DEFENSE_CBDP-PROCUREMENT_JustificationBook_Chemical_and_Biological_Defense_Program_PB_2014.zzz_unzipped-PROCUREMENT_JustificationBook_Chemical_and_Biological_Defense_Program_PB_2014.xml
FILESIZE = 1335344
YEAR = 2014
JBOOK_TYPE = JustificationBook
@recordid = 56b89a54f44e49df08720c3f45fd2405d93cd4e57eeb92a980e3ca40bd23aa9e
@doctype = 2014-BASE_PROCUREMENT-JUSTIFICATIONBOOK
@filename = 2014-BASE_PROCUREMENT-2014-DEFENSE_CBDP-PROCUREMENT_JustificationBook_Chemical_and_Biological_Defense_Program_PB_2014.zzz_unzipped-PROCUREMENT_JustificationBook_Chemical_and_Biological_Defense_Program_PB_2014.xml
----------------------
<Writing ./2-jbook-json/2014-BASE_PROCUREMENT-2014-DEFENSE_CBDP-PROCUREMENT_JustificationBook_Chemical_and_Biological_Defense_Program_PB_2014.zzz_unzipped-PROCUREMENT_JustificationBook_Chemical_and_Biological_Defense_Program_PB_2014.json>
----------------------
[41/84]
FILEPATH = ./1-jbook-xml/2014-BASE_PROCUREMENT-2014-DEFENSE_DCAA-PROCUREMENT_JustificationBook_Defense_Contract_Audit_Agency_PB_2014.zzz_unzipped-PROCUREMENT_JustificationBook_Defense_Contract_Audit_Agency_PB_2014.xml
FILESIZE = 12448
YEAR = 2014
JBOOK_TYPE = JustificationBook
@recordid = e077c909edb2f7cfe5cdff3a4b51aa9bc934ac23b258d05413a2c25ead9d0475
@doctype = 2014-BASE_PROCUREMENT-JUSTIFICATIONBOOK
@filename = 2014-BASE_PROCUREMENT-2014-DEFENSE_DCAA-PROCUREMENT_JustificationBook_Defense_Contract_Audit_Agency_PB_2014.zzz_unzipped-PROCUREMENT_JustificationBook_Defense_Contract_Audit_Agency_PB_2014.xml
----------------------
<Writing ./2-jbook-json/2014-BASE_PROCUREMENT-2014-DEFENSE_DCAA-PROCUREMENT_JustificationBook_Defense_Contract_Audit_Agency_PB_2014.zzz_unzipped-PROCUREMENT_JustificationBook_Defense_Contract_Audit_Agency_PB_2014.json>
----------------------
[42/84]
FILEPATH = ./1-jbook-xml/2014-BASE_PROCUREMENT-2014-DEFENSE_DCMA-PROCUREMENT_JustificationBook_Defense_Contract_Management_Agency_PB_2014.zzz_unzipped-PROCUREMENT_JustificationBook_Defense_Contract_Management_Agency_PB_2014.xml
FILESIZE = 14718
YEAR = 2014
JBOOK_TYPE = JustificationBook
@recordid = 2e1c56618bb92985b2adb19c9605da3ade02eb6143addf4ef6de800e7bbe1070
@doctype = 2014-BASE_PROCUREMENT-JUSTIFICATIONBOOK
@filename = 2014-BASE_PROCUREMENT-2014-DEFENSE_DCMA-PROCUREMENT_JustificationBook_Defense_Contract_Management_Agency_PB_2014.zzz_unzipped-PROCUREMENT_JustificationBook_Defense_Contract_Management_Agency_PB_2014.xml
----------------------
<Writing ./2-jbook-json/2014-BASE_PROCUREMENT-2014-DEFENSE_DCMA-PROCUREMENT_JustificationBook_Defense_Contract_Management_Agency_PB_2014.zzz_unzipped-PROCUREMENT_JustificationBook_Defense_Contract_Management_Agency_PB_2014.json>
----------------------
[43/84]
FILEPATH = ./1-jbook-xml/2014-BASE_PROCUREMENT-2014-DEFENSE_DHRA-PROCUREMENT_JustificationBook_DoD_Human_Resources_Activity_PB_2014.zzz_unzipped-PROCUREMENT_JustificationBook_DoD_Human_Resources_Activity_PB_2014.xml
FILESIZE = 54956
YEAR = 2014
JBOOK_TYPE = JustificationBook
@recordid = cdabc4736c429bf63fa7bd367674539134e494d5a6a9544b6b4c425dbd7a0c06
@doctype = 2014-BASE_PROCUREMENT-JUSTIFICATIONBOOK
@filename = 2014-BASE_PROCUREMENT-2014-DEFENSE_DHRA-PROCUREMENT_JustificationBook_DoD_Human_Resources_Activity_PB_2014.zzz_unzipped-PROCUREMENT_JustificationBook_DoD_Human_Resources_Activity_PB_2014.xml
----------------------
<Writing ./2-jbook-json/2014-BASE_PROCUREMENT-2014-DEFENSE_DHRA-PROCUREMENT_JustificationBook_DoD_Human_Resources_Activity_PB_2014.zzz_unzipped-PROCUREMENT_JustificationBook_DoD_Human_Resources_Activity_PB_2014.json>
----------------------
[44/84]
FILEPATH = ./1-jbook-xml/2014-BASE_PROCUREMENT-2014-DEFENSE_DISA-PROCUREMENT_JustificationBook_Defense_Information_Systems_Agency_PB_2014.zzz_unzipped-PROCUREMENT_JustificationBook_Defense_Information_Systems_Agency_PB_2014.xml
FILESIZE = 891456
YEAR = 2014
JBOOK_TYPE = JustificationBook
@recordid = 87ca34d85fea56870a02ea10c418af57fff1ce91005edc0b72cc19a99deea62e
@doctype = 2014-BASE_PROCUREMENT-JUSTIFICATIONBOOK
@filename = 2014-BASE_PROCUREMENT-2014-DEFENSE_DISA-PROCUREMENT_JustificationBook_Defense_Information_Systems_Agency_PB_2014.zzz_unzipped-PROCUREMENT_JustificationBook_Defense_Information_Systems_Agency_PB_2014.xml
----------------------
<Writing ./2-jbook-json/2014-BASE_PROCUREMENT-2014-DEFENSE_DISA-PROCUREMENT_JustificationBook_Defense_Information_Systems_Agency_PB_2014.zzz_unzipped-PROCUREMENT_JustificationBook_Defense_Information_Systems_Agency_PB_2014.json>
----------------------
[45/84]
FILEPATH = ./1-jbook-xml/2014-BASE_PROCUREMENT-2014-DEFENSE_DLA-PROCUREMENT_JustificationBook_Defense_Logistics_Agency_PB_2014.zzz_unzipped-PROCUREMENT_JustificationBook_Defense_Logistics_Agency_PB_2014.xml
FILESIZE = 42016
YEAR = 2014
JBOOK_TYPE = JustificationBook
@recordid = cfb1f361db1c63f3be97420fd4afd2448933af20fb853c4cf7e93a2fe1cb78a8
@doctype = 2014-BASE_PROCUREMENT-JUSTIFICATIONBOOK
@filename = 2014-BASE_PROCUREMENT-2014-DEFENSE_DLA-PROCUREMENT_JustificationBook_Defense_Logistics_Agency_PB_2014.zzz_unzipped-PROCUREMENT_JustificationBook_Defense_Logistics_Agency_PB_2014.xml
----------------------
<Writing ./2-jbook-json/2014-BASE_PROCUREMENT-2014-DEFENSE_DLA-PROCUREMENT_JustificationBook_Defense_Logistics_Agency_PB_2014.zzz_unzipped-PROCUREMENT_JustificationBook_Defense_Logistics_Agency_PB_2014.json>
----------------------
[46/84]
FILEPATH = ./1-jbook-xml/2014-BASE_PROCUREMENT-2014-DEFENSE_DMACT-PROCUREMENT_JustificationBook_Defense_Media_Activity_PB_2014.zzz_unzipped-PROCUREMENT_JustificationBook_Defense_Media_Activity_PB_2014.xml
FILESIZE = 55547
YEAR = 2014
JBOOK_TYPE = JustificationBook
@recordid = 4ee9b2cc1d64f284e5b2daa8d0cf9c0012091467ac2f930b2a6c28127a24a9c7
@doctype = 2014-BASE_PROCUREMENT-JUSTIFICATIONBOOK
@filename = 2014-BASE_PROCUREMENT-2014-DEFENSE_DMACT-PROCUREMENT_JustificationBook_Defense_Media_Activity_PB_2014.zzz_unzipped-PROCUREMENT_JustificationBook_Defense_Media_Activity_PB_2014.xml
----------------------
<Writing ./2-jbook-json/2014-BASE_PROCUREMENT-2014-DEFENSE_DMACT-PROCUREMENT_JustificationBook_Defense_Media_Activity_PB_2014.zzz_unzipped-PROCUREMENT_JustificationBook_Defense_Media_Activity_PB_2014.json>
----------------------
[47/84]
FILEPATH = ./1-jbook-xml/2014-BASE_PROCUREMENT-2014-DEFENSE_DPAP-PROCUREMENT_JustificationBook_Office_of_Secretary_Of_Defense_PB_2014.zzz_unzipped-PROCUREMENT_JustificationBook_Office_of_Secretary_Of_Defense_PB_2014.xml
FILESIZE = 89294
YEAR = 2014
JBOOK_TYPE = JustificationBook
@recordid = 71a3c0e76cdbbebf23af5deea36026218e2f0d87c38893de3302e8d85b729d80
@doctype = 2014-BASE_PROCUREMENT-JUSTIFICATIONBOOK
@filename = 2014-BASE_PROCUREMENT-2014-DEFENSE_DPAP-PROCUREMENT_JustificationBook_Office_of_Secretary_Of_Defense_PB_2014.zzz_unzipped-PROCUREMENT_JustificationBook_Office_of_Secretary_Of_Defense_PB_2014.xml
----------------------
<Writing ./2-jbook-json/2014-BASE_PROCUREMENT-2014-DEFENSE_DPAP-PROCUREMENT_JustificationBook_Office_of_Secretary_Of_Defense_PB_2014.zzz_unzipped-PROCUREMENT_JustificationBook_Office_of_Secretary_Of_Defense_PB_2014.json>
----------------------
[48/84]
FILEPATH = ./1-jbook-xml/2014-BASE_PROCUREMENT-2014-DEFENSE_DSCA-PROCUREMENT_JustificationBook_Defense_Security_Cooperation_Agency_PB_2014.zzz_unzipped-PROCUREMENT_JustificationBook_Defense_Security_Cooperation_Agency_PB_2014.xml
FILESIZE = 4147
YEAR = 2014
JBOOK_TYPE = JustificationBook
@recordid = a7deb45fc52f460f0868a513d848425c5f8ec40ea649abb2e225b5a61000220e
@doctype = 2014-BASE_PROCUREMENT-JUSTIFICATIONBOOK
@filename = 2014-BASE_PROCUREMENT-2014-DEFENSE_DSCA-PROCUREMENT_JustificationBook_Defense_Security_Cooperation_Agency_PB_2014.zzz_unzipped-PROCUREMENT_JustificationBook_Defense_Security_Cooperation_Agency_PB_2014.xml
----------------------
<Writing ./2-jbook-json/2014-BASE_PROCUREMENT-2014-DEFENSE_DSCA-PROCUREMENT_JustificationBook_Defense_Security_Cooperation_Agency_PB_2014.zzz_unzipped-PROCUREMENT_JustificationBook_Defense_Security_Cooperation_Agency_PB_2014.json>
----------------------
[49/84]
FILEPATH = ./1-jbook-xml/2014-BASE_PROCUREMENT-2014-DEFENSE_DSS-PROCUREMENT_JustificationBook_Defense_Security_Service_PB_2014.zzz_unzipped-PROCUREMENT_JustificationBook_Defense_Security_Service_PB_2014.xml
FILESIZE = 10344
YEAR = 2014
JBOOK_TYPE = JustificationBook
@recordid = 18c23ec63f6e7d19553973a3b8f50db955cf755e9d9c94b085516141b1c0f933
@doctype = 2014-BASE_PROCUREMENT-JUSTIFICATIONBOOK
@filename = 2014-BASE_PROCUREMENT-2014-DEFENSE_DSS-PROCUREMENT_JustificationBook_Defense_Security_Service_PB_2014.zzz_unzipped-PROCUREMENT_JustificationBook_Defense_Security_Service_PB_2014.xml
----------------------
<Writing ./2-jbook-json/2014-BASE_PROCUREMENT-2014-DEFENSE_DSS-PROCUREMENT_JustificationBook_Defense_Security_Service_PB_2014.zzz_unzipped-PROCUREMENT_JustificationBook_Defense_Security_Service_PB_2014.json>
----------------------
[50/84]
FILEPATH = ./1-jbook-xml/2014-BASE_PROCUREMENT-2014-DEFENSE_DTRA-PROCUREMENT_JustificationBook_Defense_Threat_Reduction_Agency_PB_2014.zzz_unzipped-PROCUREMENT_JustificationBook_Defense_Threat_Reduction_Agency_PB_2014.xml
FILESIZE = 100766
YEAR = 2014
JBOOK_TYPE = JustificationBook
@recordid = 851302d50101e1889c5e47c7cbfd65004aeabd839a869a43faacccc558e12309
@doctype = 2014-BASE_PROCUREMENT-JUSTIFICATIONBOOK
@filename = 2014-BASE_PROCUREMENT-2014-DEFENSE_DTRA-PROCUREMENT_JustificationBook_Defense_Threat_Reduction_Agency_PB_2014.zzz_unzipped-PROCUREMENT_JustificationBook_Defense_Threat_Reduction_Agency_PB_2014.xml
----------------------
<Writing ./2-jbook-json/2014-BASE_PROCUREMENT-2014-DEFENSE_DTRA-PROCUREMENT_JustificationBook_Defense_Threat_Reduction_Agency_PB_2014.zzz_unzipped-PROCUREMENT_JustificationBook_Defense_Threat_Reduction_Agency_PB_2014.json>
----------------------
[51/84]
FILEPATH = ./1-jbook-xml/2014-BASE_PROCUREMENT-2014-DEFENSE_DTSA-PROCUREMENT_JustificationBook_Defense_Technology_Security_Administration_PB_2014.zzz_unzipped-PROCUREMENT_JustificationBook_Defense_Technology_Security_Administration_PB_2014.xml
FILESIZE = 31734
YEAR = 2014
JBOOK_TYPE = JustificationBook
@recordid = e09b09508fc25a605f5d5f873668fc0445ee36d78e0c04f258621e12e93474b9
@doctype = 2014-BASE_PROCUREMENT-JUSTIFICATIONBOOK
@filename = 2014-BASE_PROCUREMENT-2014-DEFENSE_DTSA-PROCUREMENT_JustificationBook_Defense_Technology_Security_Administration_PB_2014.zzz_unzipped-PROCUREMENT_JustificationBook_Defense_Technology_Security_Administration_PB_2014.xml
----------------------
<Writing ./2-jbook-json/2014-BASE_PROCUREMENT-2014-DEFENSE_DTSA-PROCUREMENT_JustificationBook_Defense_Technology_Security_Administration_PB_2014.zzz_unzipped-PROCUREMENT_JustificationBook_Defense_Technology_Security_Administration_PB_2014.json>
----------------------
[52/84]
FILEPATH = ./1-jbook-xml/2014-BASE_PROCUREMENT-2014-DEFENSE_DoDEA-PROCUREMENT_JustificationBook_Department_of_Defense_Education_Activity_PB_2014.zzz_unzipped-PROCUREMENT_JustificationBook_Department_of_Defense_Education_Activity_PB_2014.xml
FILESIZE = 8281
YEAR = 2014
JBOOK_TYPE = JustificationBook
@recordid = cee88c58c5e0ed19d319cfc18f130367855dcf32eadc362722a20fcbeda942d0
@doctype = 2014-BASE_PROCUREMENT-JUSTIFICATIONBOOK
@filename = 2014-BASE_PROCUREMENT-2014-DEFENSE_DoDEA-PROCUREMENT_JustificationBook_Department_of_Defense_Education_Activity_PB_2014.zzz_unzipped-PROCUREMENT_JustificationBook_Department_of_Defense_Education_Activity_PB_2014.xml
----------------------
<Writing ./2-jbook-json/2014-BASE_PROCUREMENT-2014-DEFENSE_DoDEA-PROCUREMENT_JustificationBook_Department_of_Defense_Education_Activity_PB_2014.zzz_unzipped-PROCUREMENT_JustificationBook_Department_of_Defense_Education_Activity_PB_2014.json>
----------------------
[53/84]
FILEPATH = ./1-jbook-xml/2014-BASE_PROCUREMENT-2014-DEFENSE_JUONF-PROCUREMENT_JustificationBook_Joint_Urgent_Operational_Needs_Fund_PB_2014.zzz_unzipped-PROCUREMENT_JustificationBook_Joint_Urgent_Operational_Needs_Fund_PB_2014.xml
FILESIZE = 7369
YEAR = 2014
JBOOK_TYPE = JustificationBook
@recordid = ba45aa85bc07d8cfe51ad036c56b4a8a4d03439a78f420ce31424542f11e6a8d
@doctype = 2014-BASE_PROCUREMENT-JUSTIFICATIONBOOK
@filename = 2014-BASE_PROCUREMENT-2014-DEFENSE_JUONF-PROCUREMENT_JustificationBook_Joint_Urgent_Operational_Needs_Fund_PB_2014.zzz_unzipped-PROCUREMENT_JustificationBook_Joint_Urgent_Operational_Needs_Fund_PB_2014.xml
----------------------
<Writing ./2-jbook-json/2014-BASE_PROCUREMENT-2014-DEFENSE_JUONF-PROCUREMENT_JustificationBook_Joint_Urgent_Operational_Needs_Fund_PB_2014.zzz_unzipped-PROCUREMENT_JustificationBook_Joint_Urgent_Operational_Needs_Fund_PB_2014.json>
----------------------
[54/84]
FILEPATH = ./1-jbook-xml/2014-BASE_PROCUREMENT-2014-DEFENSE_MDA-PROCUREMENT_JustificationBook_Missile_Defense_Agency_PB_2014.zzz_unzipped-PROCUREMENT_JustificationBook_Missile_Defense_Agency_PB_2014.xml
FILESIZE = 415668
YEAR = 2014
JBOOK_TYPE = JustificationBook
@recordid = fc4d89ec5e9f38ddba822d35600969913c92fe147a70f2beb109eec35f693227
@doctype = 2014-BASE_PROCUREMENT-JUSTIFICATIONBOOK
@filename = 2014-BASE_PROCUREMENT-2014-DEFENSE_MDA-PROCUREMENT_JustificationBook_Missile_Defense_Agency_PB_2014.zzz_unzipped-PROCUREMENT_JustificationBook_Missile_Defense_Agency_PB_2014.xml
----------------------
<Writing ./2-jbook-json/2014-BASE_PROCUREMENT-2014-DEFENSE_MDA-PROCUREMENT_JustificationBook_Missile_Defense_Agency_PB_2014.zzz_unzipped-PROCUREMENT_JustificationBook_Missile_Defense_Agency_PB_2014.json>
----------------------
[55/84]
FILEPATH = ./1-jbook-xml/2014-BASE_PROCUREMENT-2014-DEFENSE_MDA-PROCUREMENT_MasterJustificationBook_Missile_Defense_Agency_PB_2014.zzz_unzipped-PROCUREMENT_MasterJustificationBook_Missile_Defense_Agency_PB_2014.xml
FILESIZE = 518402
YEAR = 2014
JBOOK_TYPE = MasterJustificationBook
@recordid = fa5eb6081f06ee2810eb7ae3ff3ed062fe754d4a95b750bbe345f14f75b9cdd8
@doctype = 2014-BASE_PROCUREMENT-MASTERJUSTIFICATIONBOOK
@filename = 2014-BASE_PROCUREMENT-2014-DEFENSE_MDA-PROCUREMENT_MasterJustificationBook_Missile_Defense_Agency_PB_2014.zzz_unzipped-PROCUREMENT_MasterJustificationBook_Missile_Defense_Agency_PB_2014.xml
----------------------
<Writing ./2-jbook-json/2014-BASE_PROCUREMENT-2014-DEFENSE_MDA-PROCUREMENT_MasterJustificationBook_Missile_Defense_Agency_PB_2014.zzz_unzipped-PROCUREMENT_MasterJustificationBook_Missile_Defense_Agency_PB_2014.json>
----------------------
[56/84]
FILEPATH = ./1-jbook-xml/2014-BASE_PROCUREMENT-2014-DEFENSE_OSD-PROCUREMENT_JustificationBook_Office_of_Secretary_Of_Defense_PB_2014.zzz_unzipped-PROCUREMENT_JustificationBook_Office_of_Secretary_Of_Defense_PB_2014.xml
FILESIZE = 356354
YEAR = 2014
JBOOK_TYPE = JustificationBook
@recordid = 49e3e11ef63bff38d27b97d1f9c4d3dc436380a472ff9c37e1c94fd803d13862
@doctype = 2014-BASE_PROCUREMENT-JUSTIFICATIONBOOK
@filename = 2014-BASE_PROCUREMENT-2014-DEFENSE_OSD-PROCUREMENT_JustificationBook_Office_of_Secretary_Of_Defense_PB_2014.zzz_unzipped-PROCUREMENT_JustificationBook_Office_of_Secretary_Of_Defense_PB_2014.xml
----------------------
<Writing ./2-jbook-json/2014-BASE_PROCUREMENT-2014-DEFENSE_OSD-PROCUREMENT_JustificationBook_Office_of_Secretary_Of_Defense_PB_2014.zzz_unzipped-PROCUREMENT_JustificationBook_Office_of_Secretary_Of_Defense_PB_2014.json>
----------------------
[57/84]
FILEPATH = ./1-jbook-xml/2014-BASE_PROCUREMENT-2014-DEFENSE_SOCOM-PROCUREMENT_JustificationBook_United_States_Special_Operations_Command_PB_2014.zzz_unzipped-PROCUREMENT_JustificationBook_United_States_Special_Operations_Command_PB_2014.xml
FILESIZE = 1865195
YEAR = 2014
JBOOK_TYPE = JustificationBook
@recordid = 6696b6348a6e9a33cdd8d15b35d230c27692f393e137cd902a3e0d242acb9207
@doctype = 2014-BASE_PROCUREMENT-JUSTIFICATIONBOOK
@filename = 2014-BASE_PROCUREMENT-2014-DEFENSE_SOCOM-PROCUREMENT_JustificationBook_United_States_Special_Operations_Command_PB_2014.zzz_unzipped-PROCUREMENT_JustificationBook_United_States_Special_Operations_Command_PB_2014.xml
----------------------
<Writing ./2-jbook-json/2014-BASE_PROCUREMENT-2014-DEFENSE_SOCOM-PROCUREMENT_JustificationBook_United_States_Special_Operations_Command_PB_2014.zzz_unzipped-PROCUREMENT_JustificationBook_United_States_Special_Operations_Command_PB_2014.json>
----------------------
[58/84]
FILEPATH = ./1-jbook-xml/2014-BASE_PROCUREMENT-2014-DEFENSE_TJS-PROCUREMENT_JustificationBook_The_Joint_Staff_PB_2014.zzz_unzipped-PROCUREMENT_JustificationBook_The_Joint_Staff_PB_2014.xml
FILESIZE = 32926
YEAR = 2014
JBOOK_TYPE = JustificationBook
@recordid = 79c01677fb484e249fc29e40767fb745dcd7f56ac9bfc65d2e95fdd3d0aa26ba
@doctype = 2014-BASE_PROCUREMENT-JUSTIFICATIONBOOK
@filename = 2014-BASE_PROCUREMENT-2014-DEFENSE_TJS-PROCUREMENT_JustificationBook_The_Joint_Staff_PB_2014.zzz_unzipped-PROCUREMENT_JustificationBook_The_Joint_Staff_PB_2014.xml
----------------------
<Writing ./2-jbook-json/2014-BASE_PROCUREMENT-2014-DEFENSE_TJS-PROCUREMENT_JustificationBook_The_Joint_Staff_PB_2014.zzz_unzipped-PROCUREMENT_JustificationBook_The_Joint_Staff_PB_2014.json>
----------------------
[59/84]
FILEPATH = ./1-jbook-xml/2014-BASE_PROCUREMENT-2014-DEFENSE_VOL1-PROCUREMENT_MasterJustificationBook_Defense-Wide_PB_2014.zzz_unzipped-PROCUREMENT_MasterJustificationBook_Defense-Wide_PB_2014.xml
FILESIZE = 6144090
YEAR = 2014
JBOOK_TYPE = MasterJustificationBook
@recordid = 95c52a65f917aadcacc56f8e48415eb97f94c7bb9aae48dab6bde41c923094f8
@doctype = 2014-BASE_PROCUREMENT-MASTERJUSTIFICATIONBOOK
@filename = 2014-BASE_PROCUREMENT-2014-DEFENSE_VOL1-PROCUREMENT_MasterJustificationBook_Defense-Wide_PB_2014.zzz_unzipped-PROCUREMENT_MasterJustificationBook_Defense-Wide_PB_2014.xml
----------------------
<Writing ./2-jbook-json/2014-BASE_PROCUREMENT-2014-DEFENSE_VOL1-PROCUREMENT_MasterJustificationBook_Defense-Wide_PB_2014.zzz_unzipped-PROCUREMENT_MasterJustificationBook_Defense-Wide_PB_2014.json>
----------------------
[60/84]
FILEPATH = ./1-jbook-xml/2014-BASE_PROCUREMENT-2014-DEFENSE_WHS-PROCUREMENT_JustificationBook_Washington_Headquarters_Service_PB_2014.zzz_unzipped-PROCUREMENT_JustificationBook_Washington_Headquarters_Service_PB_2014.xml
FILESIZE = 57882
YEAR = 2014
JBOOK_TYPE = JustificationBook
@recordid = f19c29978723d58972247a78e1eaa140806ab0a72f664582795e744ec4650af0
@doctype = 2014-BASE_PROCUREMENT-JUSTIFICATIONBOOK
@filename = 2014-BASE_PROCUREMENT-2014-DEFENSE_WHS-PROCUREMENT_JustificationBook_Washington_Headquarters_Service_PB_2014.zzz_unzipped-PROCUREMENT_JustificationBook_Washington_Headquarters_Service_PB_2014.xml
----------------------
<Writing ./2-jbook-json/2014-BASE_PROCUREMENT-2014-DEFENSE_WHS-PROCUREMENT_JustificationBook_Washington_Headquarters_Service_PB_2014.zzz_unzipped-PROCUREMENT_JustificationBook_Washington_Headquarters_Service_PB_2014.json>
----------------------
[61/84]
FILEPATH = ./1-jbook-xml/2014-BASE_PROCUREMENT-2014-NAVY_AIRCRAFT_BA1-4-PROCUREMENT_JustificationBook_Navy_PB_2014.zzz_unzipped-PROCUREMENT_JustificationBook_Navy_PB_2014.xml
FILESIZE = 1832475
YEAR = 2014
JBOOK_TYPE = JustificationBook
@recordid = 20e299c6e17462e54aba3986c76dedb1817cebd4ea930be0be4c021c4a119290
@doctype = 2014-BASE_PROCUREMENT-JUSTIFICATIONBOOK
@filename = 2014-BASE_PROCUREMENT-2014-NAVY_AIRCRAFT_BA1-4-PROCUREMENT_JustificationBook_Navy_PB_2014.zzz_unzipped-PROCUREMENT_JustificationBook_Navy_PB_2014.xml
----------------------
<Writing ./2-jbook-json/2014-BASE_PROCUREMENT-2014-NAVY_AIRCRAFT_BA1-4-PROCUREMENT_JustificationBook_Navy_PB_2014.zzz_unzipped-PROCUREMENT_JustificationBook_Navy_PB_2014.json>
----------------------
[62/84]
FILEPATH = ./1-jbook-xml/2014-BASE_PROCUREMENT-2014-NAVY_AIRCRAFT_BA1-4-PROCUREMENT_MasterJustificationBook_Navy_PB_2014.zzz_unzipped-PROCUREMENT_MasterJustificationBook_Navy_PB_2014.xml
FILESIZE = 15415379
YEAR = 2014
JBOOK_TYPE = MasterJustificationBook
@recordid = 56ac73559531acb4c96930272ef1432f2aa056ca19e9f3ac0b4d2a92d145c232
@doctype = 2014-BASE_PROCUREMENT-MASTERJUSTIFICATIONBOOK
@filename = 2014-BASE_PROCUREMENT-2014-NAVY_AIRCRAFT_BA1-4-PROCUREMENT_MasterJustificationBook_Navy_PB_2014.zzz_unzipped-PROCUREMENT_MasterJustificationBook_Navy_PB_2014.xml
----------------------
