

=========================================================
[3-convert-xml-to-json]
=========================================================
<Loading and merging all jbookArrayPaths into a single list>
|MasterJustificationBook|2013|2014|2015|2016|2017|2018|2019|2020|
|JustificationBook|2013|2014|2015|2016|2017|2018|2019|2020|
<arrayPaths count = 1254>
<last updated = 2019-10-09T04:51:40+00:00>
=========================================================
----------------------
[1/130]
FILEPATH = ./1-jbook-xml/2014-AMENDED_PROCUREMENT_AND_RDTE-2014-AIRFORCE_AIRCRAFT-PROCUREMENT_JustificationBook_Air_Force_PBAmended_2014.zzz_unzipped-PROCUREMENT_JustificationBook_Air_Force_PBAmended_2014.xml
FILESIZE = 1618900
YEAR = 2014
JBOOK_TYPE = JustificationBook
@recordid = 43ec63a7afe3a51aa50ababb35e9f2976a11212d308f452568217d2d913a773f
@doctype = 2014-AMENDED_PROCUREMENT_AND_RDTE-JUSTIFICATIONBOOK
@filename = 2014-AMENDED_PROCUREMENT_AND_RDTE-2014-AIRFORCE_AIRCRAFT-PROCUREMENT_JustificationBook_Air_Force_PBAmended_2014.zzz_unzipped-PROCUREMENT_JustificationBook_Air_Force_PBAmended_2014.xml
----------------------
<Writing ./2-jbook-json/2014-AMENDED_PROCUREMENT_AND_RDTE-2014-AIRFORCE_AIRCRAFT-PROCUREMENT_JustificationBook_Air_Force_PBAmended_2014.zzz_unzipped-PROCUREMENT_JustificationBook_Air_Force_PBAmended_2014.json>
----------------------
[2/130]
FILEPATH = ./1-jbook-xml/2014-AMENDED_PROCUREMENT_AND_RDTE-2014-AIRFORCE_AIRCRAFT-PROCUREMENT_MasterJustificationBook_Air_Force_PBAmended_2014.zzz_unzipped-PROCUREMENT_MasterJustificationBook_Air_Force_PBAmended_2014.xml
FILESIZE = 2028807
YEAR = 2014
JBOOK_TYPE = MasterJustificationBook
@recordid = 0a94bc3c6ab5ab19e42b21ef23b6bc700ebc66a533004eda21f434cf88d26146
@doctype = 2014-AMENDED_PROCUREMENT_AND_RDTE-MASTERJUSTIFICATIONBOOK
@filename = 2014-AMENDED_PROCUREMENT_AND_RDTE-2014-AIRFORCE_AIRCRAFT-PROCUREMENT_MasterJustificationBook_Air_Force_PBAmended_2014.zzz_unzipped-PROCUREMENT_MasterJustificationBook_Air_Force_PBAmended_2014.xml
----------------------
<Writing ./2-jbook-json/2014-AMENDED_PROCUREMENT_AND_RDTE-2014-AIRFORCE_AIRCRAFT-PROCUREMENT_MasterJustificationBook_Air_Force_PBAmended_2014.zzz_unzipped-PROCUREMENT_MasterJustificationBook_Air_Force_PBAmended_2014.json>
----------------------
[3/130]
FILEPATH = ./1-jbook-xml/2014-AMENDED_PROCUREMENT_AND_RDTE-2014-AIRFORCE_AMMO-PROCUREMENT_JustificationBook_Air_Force_PBAmended_2014.zzz_unzipped-PROCUREMENT_JustificationBook_Air_Force_PBAmended_2014.xml
FILESIZE = 928021
YEAR = 2014
JBOOK_TYPE = JustificationBook
@recordid = 904a3b1f90d60cda7fb20ace9f3482439e8446f3b0a4c43f09e2447aa4049347
@doctype = 2014-AMENDED_PROCUREMENT_AND_RDTE-JUSTIFICATIONBOOK
@filename = 2014-AMENDED_PROCUREMENT_AND_RDTE-2014-AIRFORCE_AMMO-PROCUREMENT_JustificationBook_Air_Force_PBAmended_2014.zzz_unzipped-PROCUREMENT_JustificationBook_Air_Force_PBAmended_2014.xml
----------------------
<Writing ./2-jbook-json/2014-AMENDED_PROCUREMENT_AND_RDTE-2014-AIRFORCE_AMMO-PROCUREMENT_JustificationBook_Air_Force_PBAmended_2014.zzz_unzipped-PROCUREMENT_JustificationBook_Air_Force_PBAmended_2014.json>
----------------------
[4/130]
FILEPATH = ./1-jbook-xml/2014-AMENDED_PROCUREMENT_AND_RDTE-2014-AIRFORCE_AMMO-PROCUREMENT_MasterJustificationBook_Air_Force_PBAmended_2014.zzz_unzipped-PROCUREMENT_MasterJustificationBook_Air_Force_PBAmended_2014.xml
FILESIZE = 1147888
YEAR = 2014
JBOOK_TYPE = MasterJustificationBook
@recordid = 487a364e396230cd4ed9710cb348e194c50abbc519eae65cb75d5d5a0d817525
@doctype = 2014-AMENDED_PROCUREMENT_AND_RDTE-MASTERJUSTIFICATIONBOOK
@filename = 2014-AMENDED_PROCUREMENT_AND_RDTE-2014-AIRFORCE_AMMO-PROCUREMENT_MasterJustificationBook_Air_Force_PBAmended_2014.zzz_unzipped-PROCUREMENT_MasterJustificationBook_Air_Force_PBAmended_2014.xml
----------------------
<Writing ./2-jbook-json/2014-AMENDED_PROCUREMENT_AND_RDTE-2014-AIRFORCE_AMMO-PROCUREMENT_MasterJustificationBook_Air_Force_PBAmended_2014.zzz_unzipped-PROCUREMENT_MasterJustificationBook_Air_Force_PBAmended_2014.json>
----------------------
[5/130]
FILEPATH = ./1-jbook-xml/2014-AMENDED_PROCUREMENT_AND_RDTE-2014-AIRFORCE_MISSLE-PROCUREMENT_JustificationBook_Air_Force_PBAmended_2014.zzz_unzipped-PROCUREMENT_JustificationBook_Air_Force_PBAmended_2014.xml
FILESIZE = 108819
YEAR = 2014
JBOOK_TYPE = JustificationBook
@recordid = 59b7cf0aacd52e22c88df2172f66ec46e54316b4c9ec39aae2a46e40724099f8
@doctype = 2014-AMENDED_PROCUREMENT_AND_RDTE-JUSTIFICATIONBOOK
@filename = 2014-AMENDED_PROCUREMENT_AND_RDTE-2014-AIRFORCE_MISSLE-PROCUREMENT_JustificationBook_Air_Force_PBAmended_2014.zzz_unzipped-PROCUREMENT_JustificationBook_Air_Force_PBAmended_2014.xml
----------------------
<Writing ./2-jbook-json/2014-AMENDED_PROCUREMENT_AND_RDTE-2014-AIRFORCE_MISSLE-PROCUREMENT_JustificationBook_Air_Force_PBAmended_2014.zzz_unzipped-PROCUREMENT_JustificationBook_Air_Force_PBAmended_2014.json>
----------------------
[6/130]
FILEPATH = ./1-jbook-xml/2014-AMENDED_PROCUREMENT_AND_RDTE-2014-AIRFORCE_MISSLE-PROCUREMENT_MasterJustificationBook_Air_Force_PBAmended_2014.zzz_unzipped-PROCUREMENT_MasterJustificationBook_Air_Force_PBAmended_2014.xml
FILESIZE = 133766
YEAR = 2014
JBOOK_TYPE = MasterJustificationBook
@recordid = 18b733b76b8fba87f1e764c976539117eb4365df0e3fb0a7b78e74eebbc68a9b
@doctype = 2014-AMENDED_PROCUREMENT_AND_RDTE-MASTERJUSTIFICATIONBOOK
@filename = 2014-AMENDED_PROCUREMENT_AND_RDTE-2014-AIRFORCE_MISSLE-PROCUREMENT_MasterJustificationBook_Air_Force_PBAmended_2014.zzz_unzipped-PROCUREMENT_MasterJustificationBook_Air_Force_PBAmended_2014.xml
----------------------
<Writing ./2-jbook-json/2014-AMENDED_PROCUREMENT_AND_RDTE-2014-AIRFORCE_MISSLE-PROCUREMENT_MasterJustificationBook_Air_Force_PBAmended_2014.zzz_unzipped-PROCUREMENT_MasterJustificationBook_Air_Force_PBAmended_2014.json>
----------------------
[7/130]
FILEPATH = ./1-jbook-xml/2014-AMENDED_PROCUREMENT_AND_RDTE-2014-AIRFORCE_OTHER-PROCUREMENT_JustificationBook_Air_Force_PBAmended_2014.zzz_unzipped-PROCUREMENT_JustificationBook_Air_Force_PBAmended_2014.xml
FILESIZE = 399291
YEAR = 2014
JBOOK_TYPE = JustificationBook
@recordid = 72328b1c2b156ebf3591e8cbbc71f5cbdff109cebd0164690a31ab98550a64c1
@doctype = 2014-AMENDED_PROCUREMENT_AND_RDTE-JUSTIFICATIONBOOK
@filename = 2014-AMENDED_PROCUREMENT_AND_RDTE-2014-AIRFORCE_OTHER-PROCUREMENT_JustificationBook_Air_Force_PBAmended_2014.zzz_unzipped-PROCUREMENT_JustificationBook_Air_Force_PBAmended_2014.xml
----------------------
<Writing ./2-jbook-json/2014-AMENDED_PROCUREMENT_AND_RDTE-2014-AIRFORCE_OTHER-PROCUREMENT_JustificationBook_Air_Force_PBAmended_2014.zzz_unzipped-PROCUREMENT_JustificationBook_Air_Force_PBAmended_2014.json>
----------------------
[8/130]
FILEPATH = ./1-jbook-xml/2014-AMENDED_PROCUREMENT_AND_RDTE-2014-AIRFORCE_OTHER-PROCUREMENT_MasterJustificationBook_Air_Force_PBAmended_2014.zzz_unzipped-PROCUREMENT_MasterJustificationBook_Air_Force_PBAmended_2014.xml
FILESIZE = 500758
YEAR = 2014
JBOOK_TYPE = MasterJustificationBook
@recordid = 73c9b142f9a45445f3d398ccbb7864e14349468cc7386534e885efa21e2dcb6e
@doctype = 2014-AMENDED_PROCUREMENT_AND_RDTE-MASTERJUSTIFICATIONBOOK
@filename = 2014-AMENDED_PROCUREMENT_AND_RDTE-2014-AIRFORCE_OTHER-PROCUREMENT_MasterJustificationBook_Air_Force_PBAmended_2014.zzz_unzipped-PROCUREMENT_MasterJustificationBook_Air_Force_PBAmended_2014.xml
----------------------
<Writing ./2-jbook-json/2014-AMENDED_PROCUREMENT_AND_RDTE-2014-AIRFORCE_OTHER-PROCUREMENT_MasterJustificationBook_Air_Force_PBAmended_2014.zzz_unzipped-PROCUREMENT_MasterJustificationBook_Air_Force_PBAmended_2014.json>
----------------------
[9/130]
FILEPATH = ./1-jbook-xml/2014-AMENDED_PROCUREMENT_AND_RDTE-2014-ARMY-PROCUREMENT_JustificationBook_Army_PBAmended_2014_AMMO.zzz_unzipped-PROCUREMENT_JustificationBook_Army_PBAmended_2014.xml
FILESIZE = 2364324
YEAR = 2014
JBOOK_TYPE = JustificationBook
@recordid = fa9d9ac95f424ec99051cd60d666ae67680d83f0c9afe76b5a5a7089fb773039
@doctype = 2014-AMENDED_PROCUREMENT_AND_RDTE-JUSTIFICATIONBOOK
@filename = 2014-AMENDED_PROCUREMENT_AND_RDTE-2014-ARMY-PROCUREMENT_JustificationBook_Army_PBAmended_2014_AMMO.zzz_unzipped-PROCUREMENT_JustificationBook_Army_PBAmended_2014.xml
----------------------
<Writing ./2-jbook-json/2014-AMENDED_PROCUREMENT_AND_RDTE-2014-ARMY-PROCUREMENT_JustificationBook_Army_PBAmended_2014_AMMO.zzz_unzipped-PROCUREMENT_JustificationBook_Army_PBAmended_2014.json>
----------------------
[10/130]
FILEPATH = ./1-jbook-xml/2014-AMENDED_PROCUREMENT_AND_RDTE-2014-ARMY-PROCUREMENT_JustificationBook_Army_PBAmended_2014_APA.zzz_unzipped-PROCUREMENT_JustificationBook_Army_PBAmended_2014.xml
FILESIZE = 440754
YEAR = 2014
JBOOK_TYPE = JustificationBook
@recordid = 5c61e0de59ce07061881b9c6abf9dd01488b11aa9b5df884404b9e0bf9128b76
@doctype = 2014-AMENDED_PROCUREMENT_AND_RDTE-JUSTIFICATIONBOOK
@filename = 2014-AMENDED_PROCUREMENT_AND_RDTE-2014-ARMY-PROCUREMENT_JustificationBook_Army_PBAmended_2014_APA.zzz_unzipped-PROCUREMENT_JustificationBook_Army_PBAmended_2014.xml
----------------------
<Writing ./2-jbook-json/2014-AMENDED_PROCUREMENT_AND_RDTE-2014-ARMY-PROCUREMENT_JustificationBook_Army_PBAmended_2014_APA.zzz_unzipped-PROCUREMENT_JustificationBook_Army_PBAmended_2014.json>
----------------------
[11/130]
FILEPATH = ./1-jbook-xml/2014-AMENDED_PROCUREMENT_AND_RDTE-2014-ARMY-PROCUREMENT_JustificationBook_Army_PBAmended_2014_MIPA.zzz_unzipped-PROCUREMENT_JustificationBook_Army_PBAmended_2014.xml
FILESIZE = 173810
YEAR = 2014
JBOOK_TYPE = JustificationBook
@recordid = af8d1c75b34ba8b59a78713d8e0e6ebc79f9240e62c9d6f70e1614acf41d9830
@doctype = 2014-AMENDED_PROCUREMENT_AND_RDTE-JUSTIFICATIONBOOK
@filename = 2014-AMENDED_PROCUREMENT_AND_RDTE-2014-ARMY-PROCUREMENT_JustificationBook_Army_PBAmended_2014_MIPA.zzz_unzipped-PROCUREMENT_JustificationBook_Army_PBAmended_2014.xml
----------------------
<Writing ./2-jbook-json/2014-AMENDED_PROCUREMENT_AND_RDTE-2014-ARMY-PROCUREMENT_JustificationBook_Army_PBAmended_2014_MIPA.zzz_unzipped-PROCUREMENT_JustificationBook_Army_PBAmended_2014.json>
----------------------
[12/130]
FILEPATH = ./1-jbook-xml/2014-AMENDED_PROCUREMENT_AND_RDTE-2014-ARMY-PROCUREMENT_JustificationBook_Army_PBAmended_2014_OPA1.zzz_unzipped-PROCUREMENT_JustificationBook_Army_PBAmended_2014.xml
FILESIZE = 105962
YEAR = 2014
JBOOK_TYPE = JustificationBook
@recordid = 119ea0d34a9fbc7bfff8e2f0cb8d532b2a81b96c5d534338ab8b81f368c67843
@doctype = 2014-AMENDED_PROCUREMENT_AND_RDTE-JUSTIFICATIONBOOK
@filename = 2014-AMENDED_PROCUREMENT_AND_RDTE-2014-ARMY-PROCUREMENT_JustificationBook_Army_PBAmended_2014_OPA1.zzz_unzipped-PROCUREMENT_JustificationBook_Army_PBAmended_2014.xml
----------------------
<Writing ./2-jbook-json/2014-AMENDED_PROCUREMENT_AND_RDTE-2014-ARMY-PROCUREMENT_JustificationBook_Army_PBAmended_2014_OPA1.zzz_unzipped-PROCUREMENT_JustificationBook_Army_PBAmended_2014.json>
----------------------
[13/130]
FILEPATH = ./1-jbook-xml/2014-AMENDED_PROCUREMENT_AND_RDTE-2014-ARMY-PROCUREMENT_JustificationBook_Army_PBAmended_2014_OPA2.zzz_unzipped-PROCUREMENT_JustificationBook_Army_PBAmended_2014.xml
FILESIZE = 625020
YEAR = 2014
JBOOK_TYPE = JustificationBook
@recordid = a3d58917a776f19f207da37bc2a7fa5d8033abeaddded478bcef56a196dbb746
@doctype = 2014-AMENDED_PROCUREMENT_AND_RDTE-JUSTIFICATIONBOOK
@filename = 2014-AMENDED_PROCUREMENT_AND_RDTE-2014-ARMY-PROCUREMENT_JustificationBook_Army_PBAmended_2014_OPA2.zzz_unzipped-PROCUREMENT_JustificationBook_Army_PBAmended_2014.xml
----------------------
<Writing ./2-jbook-json/2014-AMENDED_PROCUREMENT_AND_RDTE-2014-ARMY-PROCUREMENT_JustificationBook_Army_PBAmended_2014_OPA2.zzz_unzipped-PROCUREMENT_JustificationBook_Army_PBAmended_2014.json>
----------------------
[14/130]
FILEPATH = ./1-jbook-xml/2014-AMENDED_PROCUREMENT_AND_RDTE-2014-ARMY-PROCUREMENT_JustificationBook_Army_PBAmended_2014_OPA3_4.zzz_unzipped-PROCUREMENT_JustificationBook_Army_PBAmended_2014.xml
FILESIZE = 189436
YEAR = 2014
JBOOK_TYPE = JustificationBook
@recordid = 7d6c1971246e976fc3b520f6f4ce96155fa0115cb194b0b9ea38ff8b96eac187
@doctype = 2014-AMENDED_PROCUREMENT_AND_RDTE-JUSTIFICATIONBOOK
@filename = 2014-AMENDED_PROCUREMENT_AND_RDTE-2014-ARMY-PROCUREMENT_JustificationBook_Army_PBAmended_2014_OPA3_4.zzz_unzipped-PROCUREMENT_JustificationBook_Army_PBAmended_2014.xml
----------------------
<Writing ./2-jbook-json/2014-AMENDED_PROCUREMENT_AND_RDTE-2014-ARMY-PROCUREMENT_JustificationBook_Army_PBAmended_2014_OPA3_4.zzz_unzipped-PROCUREMENT_JustificationBook_Army_PBAmended_2014.json>
----------------------
[15/130]
FILEPATH = ./1-jbook-xml/2014-AMENDED_PROCUREMENT_AND_RDTE-2014-ARMY-RDTE_JustificationBook_Army_PBAmended_2014.zzz_unzipped-RDTE_JustificationBook_Army_PBAmended_2014.xml
FILESIZE = 93780
YEAR = 2014
JBOOK_TYPE = JustificationBook
@recordid = 8a318827b0c1259ffedda0630e200c1471419271746d7070764f134c2e2cb4e0
@doctype = 2014-AMENDED_PROCUREMENT_AND_RDTE-JUSTIFICATIONBOOK
@filename = 2014-AMENDED_PROCUREMENT_AND_RDTE-2014-ARMY-RDTE_JustificationBook_Army_PBAmended_2014.zzz_unzipped-RDTE_JustificationBook_Army_PBAmended_2014.xml
----------------------
<Writing ./2-jbook-json/2014-AMENDED_PROCUREMENT_AND_RDTE-2014-ARMY-RDTE_JustificationBook_Army_PBAmended_2014.zzz_unzipped-RDTE_JustificationBook_Army_PBAmended_2014.json>
----------------------
[16/130]
FILEPATH = ./1-jbook-xml/2014-AMENDED_PROCUREMENT_AND_RDTE-2014-DEFENSE_MASTER_JBOOK-PROCUREMENT_MasterJustificationBook_Defense-Wide_PBAmended_2014.zzz_unzipped-PROCUREMENT_MasterJustificationBook_Defense-Wide_PBAmended_2014.xml
FILESIZE = 688129
YEAR = 2014
JBOOK_TYPE = MasterJustificationBook
@recordid = b0dd0e3095684498798f4ac5b3b18afac86f11e86aa2e9fe0e94968bec50a572
@doctype = 2014-AMENDED_PROCUREMENT_AND_RDTE-MASTERJUSTIFICATIONBOOK
@filename = 2014-AMENDED_PROCUREMENT_AND_RDTE-2014-DEFENSE_MASTER_JBOOK-PROCUREMENT_MasterJustificationBook_Defense-Wide_PBAmended_2014.zzz_unzipped-PROCUREMENT_MasterJustificationBook_Defense-Wide_PBAmended_2014.xml
----------------------
<Writing ./2-jbook-json/2014-AMENDED_PROCUREMENT_AND_RDTE-2014-DEFENSE_MASTER_JBOOK-PROCUREMENT_MasterJustificationBook_Defense-Wide_PBAmended_2014.zzz_unzipped-PROCUREMENT_MasterJustificationBook_Defense-Wide_PBAmended_2014.json>
----------------------
[17/130]
FILEPATH = ./1-jbook-xml/2014-AMENDED_PROCUREMENT_AND_RDTE-2014-DISA-PROCUREMENT_JustificationBook_Defense_Information_Systems_Agency_PBAmended_2014.zzz_unzipped-PROCUREMENT_JustificationBook_Defense_Information_Systems_Agency_PBAmended_2014.xml
FILESIZE = 136712
YEAR = 2014
JBOOK_TYPE = JustificationBook
@recordid = 856b44e8a9f68105854461f5c452ac186c7a4e49e6cfa83fbc7f6ed8b32bd4f9
@doctype = 2014-AMENDED_PROCUREMENT_AND_RDTE-JUSTIFICATIONBOOK
@filename = 2014-AMENDED_PROCUREMENT_AND_RDTE-2014-DISA-PROCUREMENT_JustificationBook_Defense_Information_Systems_Agency_PBAmended_2014.zzz_unzipped-PROCUREMENT_JustificationBook_Defense_Information_Systems_Agency_PBAmended_2014.xml
----------------------
<Writing ./2-jbook-json/2014-AMENDED_PROCUREMENT_AND_RDTE-2014-DISA-PROCUREMENT_JustificationBook_Defense_Information_Systems_Agency_PBAmended_2014.zzz_unzipped-PROCUREMENT_JustificationBook_Defense_Information_Systems_Agency_PBAmended_2014.json>
----------------------
[18/130]
FILEPATH = ./1-jbook-xml/2014-AMENDED_PROCUREMENT_AND_RDTE-2014-DISA-PROCUREMENT_MasterJustificationBook_Defense_Information_Systems_Agency_PBAmended_2014.zzz_unzipped-PROCUREMENT_MasterJustificationBook_Defense_Information_Systems_Agency_PBAmended_2014.xml
FILESIZE = 169966
YEAR = 2014
JBOOK_TYPE = MasterJustificationBook
@recordid = 3dcce482593b7e2ef90cf6d3bbeef8a79d4388dc0c2996a30c2e0ce72e9f6ad4
@doctype = 2014-AMENDED_PROCUREMENT_AND_RDTE-MASTERJUSTIFICATIONBOOK
@filename = 2014-AMENDED_PROCUREMENT_AND_RDTE-2014-DISA-PROCUREMENT_MasterJustificationBook_Defense_Information_Systems_Agency_PBAmended_2014.zzz_unzipped-PROCUREMENT_MasterJustificationBook_Defense_Information_Systems_Agency_PBAmended_2014.xml
----------------------
<Writing ./2-jbook-json/2014-AMENDED_PROCUREMENT_AND_RDTE-2014-DISA-PROCUREMENT_MasterJustificationBook_Defense_Information_Systems_Agency_PBAmended_2014.zzz_unzipped-PROCUREMENT_MasterJustificationBook_Defense_Information_Systems_Agency_PBAmended_2014.json>
----------------------
[19/130]
FILEPATH = ./1-jbook-xml/2014-AMENDED_PROCUREMENT_AND_RDTE-2014-JUONF-PROCUREMENT_JustificationBook_Joint_Urgent_Operational_Needs_Fund_PBAmended_2014.zzz_unzipped-PROCUREMENT_JustificationBook_Joint_Urgent_Operational_Needs_Fund_PBAmended_2014.xml
FILESIZE = 7149
YEAR = 2014
JBOOK_TYPE = JustificationBook
@recordid = 187b24391ab0f40c38153209e40b906b3a36f5a0faa5f61ab642f4593865c367
@doctype = 2014-AMENDED_PROCUREMENT_AND_RDTE-JUSTIFICATIONBOOK
@filename = 2014-AMENDED_PROCUREMENT_AND_RDTE-2014-JUONF-PROCUREMENT_JustificationBook_Joint_Urgent_Operational_Needs_Fund_PBAmended_2014.zzz_unzipped-PROCUREMENT_JustificationBook_Joint_Urgent_Operational_Needs_Fund_PBAmended_2014.xml
----------------------
<Writing ./2-jbook-json/2014-AMENDED_PROCUREMENT_AND_RDTE-2014-JUONF-PROCUREMENT_JustificationBook_Joint_Urgent_Operational_Needs_Fund_PBAmended_2014.zzz_unzipped-PROCUREMENT_JustificationBook_Joint_Urgent_Operational_Needs_Fund_PBAmended_2014.json>
----------------------
[20/130]
FILEPATH = ./1-jbook-xml/2014-AMENDED_PROCUREMENT_AND_RDTE-2014-JUONF-PROCUREMENT_MasterJustificationBook_Joint_Urgent_Operational_Needs_Fund_PBAmended_2014.zzz_unzipped-PROCUREMENT_MasterJustificationBook_Joint_Urgent_Operational_Needs_Fund_PBAmended_2014.xml
FILESIZE = 13236
YEAR = 2014
JBOOK_TYPE = MasterJustificationBook
@recordid = efa791355bbc02b58c9ef0b8763655b3555fc5c670e40a626d6a8b53afbc9f90
@doctype = 2014-AMENDED_PROCUREMENT_AND_RDTE-MASTERJUSTIFICATIONBOOK
@filename = 2014-AMENDED_PROCUREMENT_AND_RDTE-2014-JUONF-PROCUREMENT_MasterJustificationBook_Joint_Urgent_Operational_Needs_Fund_PBAmended_2014.zzz_unzipped-PROCUREMENT_MasterJustificationBook_Joint_Urgent_Operational_Needs_Fund_PBAmended_2014.xml
----------------------
<Writing ./2-jbook-json/2014-AMENDED_PROCUREMENT_AND_RDTE-2014-JUONF-PROCUREMENT_MasterJustificationBook_Joint_Urgent_Operational_Needs_Fund_PBAmended_2014.zzz_unzipped-PROCUREMENT_MasterJustificationBook_Joint_Urgent_Operational_Needs_Fund_PBAmended_2014.json>
----------------------
[21/130]
FILEPATH = ./1-jbook-xml/2014-AMENDED_PROCUREMENT_AND_RDTE-2014-SOCOM-PROCUREMENT_JustificationBook_United_States_Special_Operations_Command_PBAmended_2014.zzz_unzipped-PROCUREMENT_JustificationBook_United_States_Special_Operations_Command_PBAmended_2014.xml
FILESIZE = 415419
YEAR = 2014
JBOOK_TYPE = JustificationBook
@recordid = 20c1bb29de9d2ef30d6a540872e2ed26bb48b90dc4d484c0086db454dd2915df
@doctype = 2014-AMENDED_PROCUREMENT_AND_RDTE-JUSTIFICATIONBOOK
@filename = 2014-AMENDED_PROCUREMENT_AND_RDTE-2014-SOCOM-PROCUREMENT_JustificationBook_United_States_Special_Operations_Command_PBAmended_2014.zzz_unzipped-PROCUREMENT_JustificationBook_United_States_Special_Operations_Command_PBAmended_2014.xml
----------------------
<Writing ./2-jbook-json/2014-AMENDED_PROCUREMENT_AND_RDTE-2014-SOCOM-PROCUREMENT_JustificationBook_United_States_Special_Operations_Command_PBAmended_2014.zzz_unzipped-PROCUREMENT_JustificationBook_United_States_Special_Operations_Command_PBAmended_2014.json>
----------------------
[22/130]
FILEPATH = ./1-jbook-xml/2014-AMENDED_PROCUREMENT_AND_RDTE-2014-SOCOM-PROCUREMENT_MasterJustificationBook_United_States_Special_Operations_Command_PBAmended_2014.zzz_unzipped-PROCUREMENT_MasterJustificationBook_United_States_Special_Operations_Command_PBAmended_2014.xml
FILESIZE = 516719
YEAR = 2014
JBOOK_TYPE = MasterJustificationBook
@recordid = 953f0f5d18164bbd28d477f5d1a1cbfa342f10cbae66900abf865940dd39716c
@doctype = 2014-AMENDED_PROCUREMENT_AND_RDTE-MASTERJUSTIFICATIONBOOK
@filename = 2014-AMENDED_PROCUREMENT_AND_RDTE-2014-SOCOM-PROCUREMENT_MasterJustificationBook_United_States_Special_Operations_Command_PBAmended_2014.zzz_unzipped-PROCUREMENT_MasterJustificationBook_United_States_Special_Operations_Command_PBAmended_2014.xml
----------------------
<Writing ./2-jbook-json/2014-AMENDED_PROCUREMENT_AND_RDTE-2014-SOCOM-PROCUREMENT_MasterJustificationBook_United_States_Special_Operations_Command_PBAmended_2014.zzz_unzipped-PROCUREMENT_MasterJustificationBook_United_States_Special_Operations_Command_PBAmended_2014.json>
----------------------
[23/130]
FILEPATH = ./1-jbook-xml/2014-BASE_PROCUREMENT-2014-AIRFORCE_AIRCRAFT_VOL1-PROCUREMENT_JustificationBook_Air_Force_PB_2014.zzz_unzipped-PROCUREMENT_JustificationBook_Air_Force_PB_2014.xml
FILESIZE = 2160279
YEAR = 2014
JBOOK_TYPE = JustificationBook
@recordid = 442051e816ef6afa2fba9bd90a2f50002b51206e01a568591b082af163127317
@doctype = 2014-BASE_PROCUREMENT-JUSTIFICATIONBOOK
@filename = 2014-BASE_PROCUREMENT-2014-AIRFORCE_AIRCRAFT_VOL1-PROCUREMENT_JustificationBook_Air_Force_PB_2014.zzz_unzipped-PROCUREMENT_JustificationBook_Air_Force_PB_2014.xml
----------------------
<Writing ./2-jbook-json/2014-BASE_PROCUREMENT-2014-AIRFORCE_AIRCRAFT_VOL1-PROCUREMENT_JustificationBook_Air_Force_PB_2014.zzz_unzipped-PROCUREMENT_JustificationBook_Air_Force_PB_2014.json>
----------------------
[24/130]
FILEPATH = ./1-jbook-xml/2014-BASE_PROCUREMENT-2014-AIRFORCE_AIRCRAFT_VOL1-PROCUREMENT_MasterJustificationBook_Air_Force_PB_2014.zzz_unzipped-PROCUREMENT_MasterJustificationBook_Air_Force_PB_2014.xml
FILESIZE = 11523576
YEAR = 2014
JBOOK_TYPE = MasterJustificationBook
@recordid = ef50f00dd388fcd67d054c5ba6059ebfb8c6debdc7776cf3a24d20e0ef4ac2e2
@doctype = 2014-BASE_PROCUREMENT-MASTERJUSTIFICATIONBOOK
@filename = 2014-BASE_PROCUREMENT-2014-AIRFORCE_AIRCRAFT_VOL1-PROCUREMENT_MasterJustificationBook_Air_Force_PB_2014.zzz_unzipped-PROCUREMENT_MasterJustificationBook_Air_Force_PB_2014.xml
----------------------
