

=========================================================
[3-convert-xml-to-json]
=========================================================
<Loading and merging all jbookArrayPaths into a single list>
|MasterJustificationBook|2013|2014|2015|2016|2017|2018|2019|2020|
|JustificationBook|2013|2014|2015|2016|2017|2018|2019|2020|
<arrayPaths count = 1254>
<last updated = 2019-10-09T04:51:40+00:00>
=========================================================
----------------------
[1/100]
FILEPATH = ./1-jbook-xml/2015-AMENDED_PROCUREMENT_AND_RDTE-2015-AIRFORCE_AIRCRAFT-PROCUREMENT_JustificationBook_Air_Force_PBAmended_2015.zzz_unzipped-PROCUREMENT_JustificationBook_Air_Force_PBAmended_2015.xml
FILESIZE = 1134870
YEAR = 2015
JBOOK_TYPE = JustificationBook
@recordid = f82e3847ed717a6a3e3170ce75cc9d51ddabf208b4d8fce6315c6bb51ed7621c
@doctype = 2015-AMENDED_PROCUREMENT_AND_RDTE-JUSTIFICATIONBOOK
@filename = 2015-AMENDED_PROCUREMENT_AND_RDTE-2015-AIRFORCE_AIRCRAFT-PROCUREMENT_JustificationBook_Air_Force_PBAmended_2015.zzz_unzipped-PROCUREMENT_JustificationBook_Air_Force_PBAmended_2015.xml
----------------------
<NOTICE: XML->JSON file exists - created 2019-10-11T09:00:51+00:00>
<SKIPPING XML->JSON: xml has already been converted since last jbookArrayPaths update>
----------------------
[2/100]
FILEPATH = ./1-jbook-xml/2015-AMENDED_PROCUREMENT_AND_RDTE-2015-AIRFORCE_AIRCRAFT-PROCUREMENT_MasterJustificationBook_Air_Force_PBAmended_2015.zzz_unzipped-PROCUREMENT_MasterJustificationBook_Air_Force_PBAmended_2015.xml
FILESIZE = 1414866
YEAR = 2015
JBOOK_TYPE = MasterJustificationBook
@recordid = 8ed54d919f156a286b64cbcb863a8869c5616f474911c4231499b8c4cb3414a9
@doctype = 2015-AMENDED_PROCUREMENT_AND_RDTE-MASTERJUSTIFICATIONBOOK
@filename = 2015-AMENDED_PROCUREMENT_AND_RDTE-2015-AIRFORCE_AIRCRAFT-PROCUREMENT_MasterJustificationBook_Air_Force_PBAmended_2015.zzz_unzipped-PROCUREMENT_MasterJustificationBook_Air_Force_PBAmended_2015.xml
----------------------
<NOTICE: XML->JSON file exists - created 2019-10-11T09:00:55+00:00>
<SKIPPING XML->JSON: xml has already been converted since last jbookArrayPaths update>
----------------------
[3/100]
FILEPATH = ./1-jbook-xml/2015-AMENDED_PROCUREMENT_AND_RDTE-2015-AIRFORCE_AMMO-PROCUREMENT_JustificationBook_Air_Force_PBAmended_2015.zzz_unzipped-PROCUREMENT_JustificationBook_Air_Force_PBAmended_2015.xml
FILESIZE = 1134870
YEAR = 2015
JBOOK_TYPE = JustificationBook
@recordid = f82e3847ed717a6a3e3170ce75cc9d51ddabf208b4d8fce6315c6bb51ed7621c
@doctype = 2015-AMENDED_PROCUREMENT_AND_RDTE-JUSTIFICATIONBOOK
@filename = 2015-AMENDED_PROCUREMENT_AND_RDTE-2015-AIRFORCE_AMMO-PROCUREMENT_JustificationBook_Air_Force_PBAmended_2015.zzz_unzipped-PROCUREMENT_JustificationBook_Air_Force_PBAmended_2015.xml
----------------------
<NOTICE: XML->JSON file exists - created 2019-10-11T09:00:58+00:00>
<SKIPPING XML->JSON: xml has already been converted since last jbookArrayPaths update>
----------------------
[4/100]
FILEPATH = ./1-jbook-xml/2015-AMENDED_PROCUREMENT_AND_RDTE-2015-AIRFORCE_AMMO-PROCUREMENT_MasterJustificationBook_Air_Force_PBAmended_2015.zzz_unzipped-PROCUREMENT_MasterJustificationBook_Air_Force_PBAmended_2015.xml
FILESIZE = 1414866
YEAR = 2015
JBOOK_TYPE = MasterJustificationBook
@recordid = 8ed54d919f156a286b64cbcb863a8869c5616f474911c4231499b8c4cb3414a9
@doctype = 2015-AMENDED_PROCUREMENT_AND_RDTE-MASTERJUSTIFICATIONBOOK
@filename = 2015-AMENDED_PROCUREMENT_AND_RDTE-2015-AIRFORCE_AMMO-PROCUREMENT_MasterJustificationBook_Air_Force_PBAmended_2015.zzz_unzipped-PROCUREMENT_MasterJustificationBook_Air_Force_PBAmended_2015.xml
----------------------
<NOTICE: XML->JSON file exists - created 2019-10-11T09:01:01+00:00>
<SKIPPING XML->JSON: xml has already been converted since last jbookArrayPaths update>
----------------------
[5/100]
FILEPATH = ./1-jbook-xml/2015-AMENDED_PROCUREMENT_AND_RDTE-2015-AIRFORCE_MISSLE-PROCUREMENT_JustificationBook_Air_Force_PBAmended_2015.zzz_unzipped-PROCUREMENT_JustificationBook_Air_Force_PBAmended_2015.xml
FILESIZE = 20446
YEAR = 2015
JBOOK_TYPE = JustificationBook
@recordid = d732714204bc72aa2ae6d8f0567abf6f81b3271da1db043ffd480d1df7bc25b7
@doctype = 2015-AMENDED_PROCUREMENT_AND_RDTE-JUSTIFICATIONBOOK
@filename = 2015-AMENDED_PROCUREMENT_AND_RDTE-2015-AIRFORCE_MISSLE-PROCUREMENT_JustificationBook_Air_Force_PBAmended_2015.zzz_unzipped-PROCUREMENT_JustificationBook_Air_Force_PBAmended_2015.xml
----------------------
<NOTICE: XML->JSON file exists - created 2019-10-11T09:01:01+00:00>
<SKIPPING XML->JSON: xml has already been converted since last jbookArrayPaths update>
----------------------
[6/100]
FILEPATH = ./1-jbook-xml/2015-AMENDED_PROCUREMENT_AND_RDTE-2015-AIRFORCE_MISSLE-PROCUREMENT_MasterJustificationBook_Air_Force_PBAmended_2015.zzz_unzipped-PROCUREMENT_MasterJustificationBook_Air_Force_PBAmended_2015.xml
FILESIZE = 27407
YEAR = 2015
JBOOK_TYPE = MasterJustificationBook
@recordid = 8faa0b77503f5c07b1ba28b05bd031c1213f992cedccae6856a5463db0f9047e
@doctype = 2015-AMENDED_PROCUREMENT_AND_RDTE-MASTERJUSTIFICATIONBOOK
@filename = 2015-AMENDED_PROCUREMENT_AND_RDTE-2015-AIRFORCE_MISSLE-PROCUREMENT_MasterJustificationBook_Air_Force_PBAmended_2015.zzz_unzipped-PROCUREMENT_MasterJustificationBook_Air_Force_PBAmended_2015.xml
----------------------
<NOTICE: XML->JSON file exists - created 2019-10-11T09:01:01+00:00>
<SKIPPING XML->JSON: xml has already been converted since last jbookArrayPaths update>
----------------------
[7/100]
FILEPATH = ./1-jbook-xml/2015-AMENDED_PROCUREMENT_AND_RDTE-2015-AIRFORCE_OTHER-PROCUREMENT_JustificationBook_Air_Force_PBAmended_2015.zzz_unzipped-PROCUREMENT_JustificationBook_Air_Force_PBAmended_2015.xml
FILESIZE = 742548
YEAR = 2015
JBOOK_TYPE = JustificationBook
@recordid = d8b3974033c5c15268fbb50e617832106cc510b99ab065a343151828056596b1
@doctype = 2015-AMENDED_PROCUREMENT_AND_RDTE-JUSTIFICATIONBOOK
@filename = 2015-AMENDED_PROCUREMENT_AND_RDTE-2015-AIRFORCE_OTHER-PROCUREMENT_JustificationBook_Air_Force_PBAmended_2015.zzz_unzipped-PROCUREMENT_JustificationBook_Air_Force_PBAmended_2015.xml
----------------------
<NOTICE: XML->JSON file exists - created 2019-10-11T09:01:02+00:00>
<SKIPPING XML->JSON: xml has already been converted since last jbookArrayPaths update>
----------------------
[8/100]
FILEPATH = ./1-jbook-xml/2015-AMENDED_PROCUREMENT_AND_RDTE-2015-AIRFORCE_OTHER-PROCUREMENT_MasterJustificationBook_Air_Force_PBAmended_2015.zzz_unzipped-PROCUREMENT_MasterJustificationBook_Air_Force_PBAmended_2015.xml
FILESIZE = 931107
YEAR = 2015
JBOOK_TYPE = MasterJustificationBook
@recordid = 5db73d3998e8592df37f7a1132f20cc1d4aed2d0f9a5d7fef996c906c648653a
@doctype = 2015-AMENDED_PROCUREMENT_AND_RDTE-MASTERJUSTIFICATIONBOOK
@filename = 2015-AMENDED_PROCUREMENT_AND_RDTE-2015-AIRFORCE_OTHER-PROCUREMENT_MasterJustificationBook_Air_Force_PBAmended_2015.zzz_unzipped-PROCUREMENT_MasterJustificationBook_Air_Force_PBAmended_2015.xml
----------------------
<NOTICE: XML->JSON file exists - created 2019-10-11T09:01:03+00:00>
<SKIPPING XML->JSON: xml has already been converted since last jbookArrayPaths update>
----------------------
[9/100]
FILEPATH = ./1-jbook-xml/2015-AMENDED_PROCUREMENT_AND_RDTE-2015-ARMY-APA PROCUREMENT_JustificationBook_Army_PBAmended_2015.zzz_unzipped-PROCUREMENT_JustificationBook_Army_PBAmended_2015.xml
FILESIZE = 55836
YEAR = 2015
JBOOK_TYPE = JustificationBook
@recordid = 194db651d9ee1626682b065bcf21cf35ded9f1792bc5c9ad12b6e5f08192956c
@doctype = 2015-AMENDED_PROCUREMENT_AND_RDTE-JUSTIFICATIONBOOK
@filename = 2015-AMENDED_PROCUREMENT_AND_RDTE-2015-ARMY-APA PROCUREMENT_JustificationBook_Army_PBAmended_2015.zzz_unzipped-PROCUREMENT_JustificationBook_Army_PBAmended_2015.xml
----------------------
<NOTICE: XML->JSON file exists - created 2019-10-11T09:01:03+00:00>
<SKIPPING XML->JSON: xml has already been converted since last jbookArrayPaths update>
----------------------
[10/100]
FILEPATH = ./1-jbook-xml/2015-AMENDED_PROCUREMENT_AND_RDTE-2015-ARMY-MIPA PROCUREMENT_JustificationBook_Army_PBAmended_2015.zzz_unzipped-PROCUREMENT_JustificationBook_Army_PBAmended_2015.xml
FILESIZE = 86415
YEAR = 2015
JBOOK_TYPE = JustificationBook
@recordid = e18bc26f1e7b8b8f89aee7da4dac881e9a78a01695841ebe5a0ef40c2ca9a07a
@doctype = 2015-AMENDED_PROCUREMENT_AND_RDTE-JUSTIFICATIONBOOK
@filename = 2015-AMENDED_PROCUREMENT_AND_RDTE-2015-ARMY-MIPA PROCUREMENT_JustificationBook_Army_PBAmended_2015.zzz_unzipped-PROCUREMENT_JustificationBook_Army_PBAmended_2015.xml
----------------------
<NOTICE: XML->JSON file exists - created 2019-10-11T09:01:03+00:00>
<SKIPPING XML->JSON: xml has already been converted since last jbookArrayPaths update>
----------------------
[11/100]
FILEPATH = ./1-jbook-xml/2015-AMENDED_PROCUREMENT_AND_RDTE-2015-ARMY-OPA1v2 PROCUREMENT_JustificationBook_Army_PBAmended_2015.zzz_unzipped-PROCUREMENT_JustificationBook_Army_PBAmended_2015.xml
FILESIZE = 239570
YEAR = 2015
JBOOK_TYPE = JustificationBook
@recordid = a67c7fc006f5be6cd6fe8229c737f3728272c42e81562dd1b450dde4cfdbb3e8
@doctype = 2015-AMENDED_PROCUREMENT_AND_RDTE-JUSTIFICATIONBOOK
@filename = 2015-AMENDED_PROCUREMENT_AND_RDTE-2015-ARMY-OPA1v2 PROCUREMENT_JustificationBook_Army_PBAmended_2015.zzz_unzipped-PROCUREMENT_JustificationBook_Army_PBAmended_2015.xml
----------------------
<NOTICE: XML->JSON file exists - created 2019-10-11T09:01:03+00:00>
<SKIPPING XML->JSON: xml has already been converted since last jbookArrayPaths update>
----------------------
[12/100]
FILEPATH = ./1-jbook-xml/2015-AMENDED_PROCUREMENT_AND_RDTE-2015-ARMY-OPA2 PROCUREMENT_JustificationBook_Army_PBAmended_2015.zzz_unzipped-PROCUREMENT_JustificationBook_Army_PBAmended_2015.xml
FILESIZE = 217697
YEAR = 2015
JBOOK_TYPE = JustificationBook
@recordid = 3efd749af1ba2ed10c7271faf53cafb42f668911860ed751c61791496e5061be
@doctype = 2015-AMENDED_PROCUREMENT_AND_RDTE-JUSTIFICATIONBOOK
@filename = 2015-AMENDED_PROCUREMENT_AND_RDTE-2015-ARMY-OPA2 PROCUREMENT_JustificationBook_Army_PBAmended_2015.zzz_unzipped-PROCUREMENT_JustificationBook_Army_PBAmended_2015.xml
----------------------
<NOTICE: XML->JSON file exists - created 2019-10-11T09:01:03+00:00>
<SKIPPING XML->JSON: xml has already been converted since last jbookArrayPaths update>
----------------------
[13/100]
FILEPATH = ./1-jbook-xml/2015-AMENDED_PROCUREMENT_AND_RDTE-2015-ARMY-OPA34 PROCUREMENT_JustificationBook_Army_PBAmended_2015.zzz_unzipped-PROCUREMENT_JustificationBook_Army_PBAmended_2015.xml
FILESIZE = 213123
YEAR = 2015
JBOOK_TYPE = JustificationBook
@recordid = 28666c18341bfb9862f1da7715bb381e0e1e0edfe59326e6da3c62f50c9915f8
@doctype = 2015-AMENDED_PROCUREMENT_AND_RDTE-JUSTIFICATIONBOOK
@filename = 2015-AMENDED_PROCUREMENT_AND_RDTE-2015-ARMY-OPA34 PROCUREMENT_JustificationBook_Army_PBAmended_2015.zzz_unzipped-PROCUREMENT_JustificationBook_Army_PBAmended_2015.xml
----------------------
<NOTICE: XML->JSON file exists - created 2019-10-11T09:01:03+00:00>
<SKIPPING XML->JSON: xml has already been converted since last jbookArrayPaths update>
----------------------
[14/100]
FILEPATH = ./1-jbook-xml/2015-AMENDED_PROCUREMENT_AND_RDTE-2015-ARMY-PAA PROCUREMENT_JustificationBook_Army_PBAmended_2015.zzz_unzipped-PROCUREMENT_JustificationBook_Army_PBAmended_2015.xml
FILESIZE = 1456349
YEAR = 2015
JBOOK_TYPE = JustificationBook
@recordid = 4160d744ca41e1307287958394ff1d4ec51cb3c5c920cf17f2d778b97339eac6
@doctype = 2015-AMENDED_PROCUREMENT_AND_RDTE-JUSTIFICATIONBOOK
@filename = 2015-AMENDED_PROCUREMENT_AND_RDTE-2015-ARMY-PAA PROCUREMENT_JustificationBook_Army_PBAmended_2015.zzz_unzipped-PROCUREMENT_JustificationBook_Army_PBAmended_2015.xml
----------------------
<Writing ./2-jbook-json/2015-AMENDED_PROCUREMENT_AND_RDTE-2015-ARMY-PAA PROCUREMENT_JustificationBook_Army_PBAmended_2015.zzz_unzipped-PROCUREMENT_JustificationBook_Army_PBAmended_2015.json>
----------------------
[15/100]
FILEPATH = ./1-jbook-xml/2015-AMENDED_PROCUREMENT_AND_RDTE-2015-ARMY-RDTE_JustificationBook_Army_PBAmended_2015.zzz_unzipped-RDTE_JustificationBook_Army_PBAmended_2015.xml
FILESIZE = 138128
YEAR = 2015
JBOOK_TYPE = JustificationBook
@recordid = 78213e1735f987af8f7653ddb1dc1174e8b2a42205f1a0674731dadc57db7752
@doctype = 2015-AMENDED_PROCUREMENT_AND_RDTE-JUSTIFICATIONBOOK
@filename = 2015-AMENDED_PROCUREMENT_AND_RDTE-2015-ARMY-RDTE_JustificationBook_Army_PBAmended_2015.zzz_unzipped-RDTE_JustificationBook_Army_PBAmended_2015.xml
----------------------
<NOTICE: XML->JSON file exists - created 2019-10-11T09:01:16+00:00>
<SKIPPING XML->JSON: xml has already been converted since last jbookArrayPaths update>
----------------------
[16/100]
FILEPATH = ./1-jbook-xml/2015-AMENDED_PROCUREMENT_AND_RDTE-2015-DEFENSE_MASTER_JBOOK-PROCUREMENT_MasterJustificationBook_Defense-Wide_PBAmended_2015.zzz_unzipped-PROCUREMENT_MasterJustificationBook_Defense-Wide_PBAmended_2015.xml
FILESIZE = 710395
YEAR = 2015
JBOOK_TYPE = MasterJustificationBook
@recordid = 658bca951ab6f32bef8d8aff1ecfc3878988583c6a07f3f0b73c2a3ed0a7d328
@doctype = 2015-AMENDED_PROCUREMENT_AND_RDTE-MASTERJUSTIFICATIONBOOK
@filename = 2015-AMENDED_PROCUREMENT_AND_RDTE-2015-DEFENSE_MASTER_JBOOK-PROCUREMENT_MasterJustificationBook_Defense-Wide_PBAmended_2015.zzz_unzipped-PROCUREMENT_MasterJustificationBook_Defense-Wide_PBAmended_2015.xml
----------------------
<NOTICE: XML->JSON file exists - created 2019-10-11T09:01:18+00:00>
<SKIPPING XML->JSON: xml has already been converted since last jbookArrayPaths update>
----------------------
[17/100]
FILEPATH = ./1-jbook-xml/2015-AMENDED_PROCUREMENT_AND_RDTE-2015-DISA-PROCUREMENT_JustificationBook_Defense_Information_Systems_Agency_PBAmended_2015.zzz_unzipped-PROCUREMENT_JustificationBook_Defense_Information_Systems_Agency_PBAmended_2015.xml
FILESIZE = 41385
YEAR = 2015
JBOOK_TYPE = JustificationBook
@recordid = 05ebc9c2f1069e7e7e90d3150065bfe216d05e33376f34967b2649f746790a1e
@doctype = 2015-AMENDED_PROCUREMENT_AND_RDTE-JUSTIFICATIONBOOK
@filename = 2015-AMENDED_PROCUREMENT_AND_RDTE-2015-DISA-PROCUREMENT_JustificationBook_Defense_Information_Systems_Agency_PBAmended_2015.zzz_unzipped-PROCUREMENT_JustificationBook_Defense_Information_Systems_Agency_PBAmended_2015.xml
----------------------
<NOTICE: XML->JSON file exists - created 2019-10-11T09:01:18+00:00>
<SKIPPING XML->JSON: xml has already been converted since last jbookArrayPaths update>
----------------------
[18/100]
FILEPATH = ./1-jbook-xml/2015-AMENDED_PROCUREMENT_AND_RDTE-2015-DISA-PROCUREMENT_MasterJustificationBook_Defense_Information_Systems_Agency_PBAmended_2015.zzz_unzipped-PROCUREMENT_MasterJustificationBook_Defense_Information_Systems_Agency_PBAmended_2015.xml
FILESIZE = 55344
YEAR = 2015
JBOOK_TYPE = MasterJustificationBook
@recordid = 1651309665a053d8708d3131701fbbf11f48d56dda49d21fa5b148bb4b620f7d
@doctype = 2015-AMENDED_PROCUREMENT_AND_RDTE-MASTERJUSTIFICATIONBOOK
@filename = 2015-AMENDED_PROCUREMENT_AND_RDTE-2015-DISA-PROCUREMENT_MasterJustificationBook_Defense_Information_Systems_Agency_PBAmended_2015.zzz_unzipped-PROCUREMENT_MasterJustificationBook_Defense_Information_Systems_Agency_PBAmended_2015.xml
----------------------
<NOTICE: XML->JSON file exists - created 2019-10-11T09:01:18+00:00>
<SKIPPING XML->JSON: xml has already been converted since last jbookArrayPaths update>
----------------------
[19/100]
FILEPATH = ./1-jbook-xml/2015-AMENDED_PROCUREMENT_AND_RDTE-2015-JUONF-PROCUREMENT_JustificationBook_Joint_Urgent_Operational_Needs_Fund_PBAmended_2015.zzz_unzipped-PROCUREMENT_JustificationBook_Joint_Urgent_Operational_Needs_Fund_PBAmended_2015.xml
FILESIZE = 6528
YEAR = 2015
JBOOK_TYPE = JustificationBook
@recordid = d21e2bcf827c30513c077c9ffc40564753a9f183ffd709265142be351d2779e5
@doctype = 2015-AMENDED_PROCUREMENT_AND_RDTE-JUSTIFICATIONBOOK
@filename = 2015-AMENDED_PROCUREMENT_AND_RDTE-2015-JUONF-PROCUREMENT_JustificationBook_Joint_Urgent_Operational_Needs_Fund_PBAmended_2015.zzz_unzipped-PROCUREMENT_JustificationBook_Joint_Urgent_Operational_Needs_Fund_PBAmended_2015.xml
----------------------
<NOTICE: XML->JSON file exists - created 2019-10-11T09:01:18+00:00>
<SKIPPING XML->JSON: xml has already been converted since last jbookArrayPaths update>
----------------------
[20/100]
FILEPATH = ./1-jbook-xml/2015-AMENDED_PROCUREMENT_AND_RDTE-2015-JUONF-PROCUREMENT_MasterJustificationBook_Joint_Urgent_Operational_Needs_Fund_PBAmended_2015.zzz_unzipped-PROCUREMENT_MasterJustificationBook_Joint_Urgent_Operational_Needs_Fund_PBAmended_2015.xml
FILESIZE = 12389
YEAR = 2015
JBOOK_TYPE = MasterJustificationBook
@recordid = e849cb39d880113ba2f27c4cc0e6ee8ba6df3a37c3f58e5a31ab96291bd445d4
@doctype = 2015-AMENDED_PROCUREMENT_AND_RDTE-MASTERJUSTIFICATIONBOOK
@filename = 2015-AMENDED_PROCUREMENT_AND_RDTE-2015-JUONF-PROCUREMENT_MasterJustificationBook_Joint_Urgent_Operational_Needs_Fund_PBAmended_2015.zzz_unzipped-PROCUREMENT_MasterJustificationBook_Joint_Urgent_Operational_Needs_Fund_PBAmended_2015.xml
----------------------
<NOTICE: XML->JSON file exists - created 2019-10-11T09:01:18+00:00>
<SKIPPING XML->JSON: xml has already been converted since last jbookArrayPaths update>
----------------------
[21/100]
FILEPATH = ./1-jbook-xml/2015-AMENDED_PROCUREMENT_AND_RDTE-2015-SOCOM-PROCUREMENT_JustificationBook_United_States_Special_Operations_Command_PBAmended_2015.zzz_unzipped-PROCUREMENT_JustificationBook_United_States_Special_Operations_Command_PBAmended_2015.xml
FILESIZE = 521833
YEAR = 2015
JBOOK_TYPE = JustificationBook
@recordid = 3c59520513615f15f1edb37feb79c96798feeeee539788a93ac6b865ffede197
@doctype = 2015-AMENDED_PROCUREMENT_AND_RDTE-JUSTIFICATIONBOOK
@filename = 2015-AMENDED_PROCUREMENT_AND_RDTE-2015-SOCOM-PROCUREMENT_JustificationBook_United_States_Special_Operations_Command_PBAmended_2015.zzz_unzipped-PROCUREMENT_JustificationBook_United_States_Special_Operations_Command_PBAmended_2015.xml
----------------------
<NOTICE: XML->JSON file exists - created 2019-10-11T09:01:19+00:00>
<SKIPPING XML->JSON: xml has already been converted since last jbookArrayPaths update>
----------------------
[22/100]
FILEPATH = ./1-jbook-xml/2015-AMENDED_PROCUREMENT_AND_RDTE-2015-SOCOM-PROCUREMENT_MasterJustificationBook_United_States_Special_Operations_Command_PBAmended_2015.zzz_unzipped-PROCUREMENT_MasterJustificationBook_United_States_Special_Operations_Command_PBAmended_2015.xml
FILESIZE = 653531
YEAR = 2015
JBOOK_TYPE = MasterJustificationBook
@recordid = fdb22a9abca5443458560d5bf3281c2198fd08c22981535b69f8d6865601d813
@doctype = 2015-AMENDED_PROCUREMENT_AND_RDTE-MASTERJUSTIFICATIONBOOK
@filename = 2015-AMENDED_PROCUREMENT_AND_RDTE-2015-SOCOM-PROCUREMENT_MasterJustificationBook_United_States_Special_Operations_Command_PBAmended_2015.zzz_unzipped-PROCUREMENT_MasterJustificationBook_United_States_Special_Operations_Command_PBAmended_2015.xml
----------------------
<NOTICE: XML->JSON file exists - created 2019-10-11T09:01:20+00:00>
<SKIPPING XML->JSON: xml has already been converted since last jbookArrayPaths update>
----------------------
[23/100]
FILEPATH = ./1-jbook-xml/2015-BASE_PROCUREMENT-2015-AIRFORCE_AIRCRAFT_VOL1-PROCUREMENT_JustificationBook_Air_Force_PB_2015.zzz_unzipped-PROCUREMENT_JustificationBook_Air_Force_PB_2015.xml
FILESIZE = 1926174
YEAR = 2015
JBOOK_TYPE = JustificationBook
@recordid = 4e1e55e5422de5c3ea98cc568347787838510f12fb6a5f8324b64cd0121eb145
@doctype = 2015-BASE_PROCUREMENT-JUSTIFICATIONBOOK
@filename = 2015-BASE_PROCUREMENT-2015-AIRFORCE_AIRCRAFT_VOL1-PROCUREMENT_JustificationBook_Air_Force_PB_2015.zzz_unzipped-PROCUREMENT_JustificationBook_Air_Force_PB_2015.xml
----------------------
<Writing ./2-jbook-json/2015-BASE_PROCUREMENT-2015-AIRFORCE_AIRCRAFT_VOL1-PROCUREMENT_JustificationBook_Air_Force_PB_2015.zzz_unzipped-PROCUREMENT_JustificationBook_Air_Force_PB_2015.json>
----------------------
[24/100]
FILEPATH = ./1-jbook-xml/2015-BASE_PROCUREMENT-2015-AIRFORCE_AIRCRAFT_VOL1-PROCUREMENT_MasterJustificationBook_Air_Force_PB_2015.zzz_unzipped-PROCUREMENT_MasterJustificationBook_Air_Force_PB_2015.xml
FILESIZE = 6770868
YEAR = 2015
JBOOK_TYPE = MasterJustificationBook
@recordid = c0e0fab376acc982eb5fdcd7ebea145b57eded7e7efb2dc5fc031d00cd923977
@doctype = 2015-BASE_PROCUREMENT-MASTERJUSTIFICATIONBOOK
@filename = 2015-BASE_PROCUREMENT-2015-AIRFORCE_AIRCRAFT_VOL1-PROCUREMENT_MasterJustificationBook_Air_Force_PB_2015.zzz_unzipped-PROCUREMENT_MasterJustificationBook_Air_Force_PB_2015.xml
----------------------
<Writing ./2-jbook-json/2015-BASE_PROCUREMENT-2015-AIRFORCE_AIRCRAFT_VOL1-PROCUREMENT_MasterJustificationBook_Air_Force_PB_2015.zzz_unzipped-PROCUREMENT_MasterJustificationBook_Air_Force_PB_2015.json>
----------------------
[25/100]
FILEPATH = ./1-jbook-xml/2015-BASE_PROCUREMENT-2015-AIRFORCE_AIRCRAFT_VOL2-PROCUREMENT_JustificationBook_Air_Force_PB_2015.zzz_unzipped-PROCUREMENT_JustificationBook_Air_Force_PB_2015.xml
FILESIZE = 3490929
YEAR = 2015
JBOOK_TYPE = JustificationBook
@recordid = e77ff08aa6342c1ff6df25ae3990a978cc435d7dd5ece21faa8b31ed7dd09698
@doctype = 2015-BASE_PROCUREMENT-JUSTIFICATIONBOOK
@filename = 2015-BASE_PROCUREMENT-2015-AIRFORCE_AIRCRAFT_VOL2-PROCUREMENT_JustificationBook_Air_Force_PB_2015.zzz_unzipped-PROCUREMENT_JustificationBook_Air_Force_PB_2015.xml
----------------------
<Writing ./2-jbook-json/2015-BASE_PROCUREMENT-2015-AIRFORCE_AIRCRAFT_VOL2-PROCUREMENT_JustificationBook_Air_Force_PB_2015.zzz_unzipped-PROCUREMENT_JustificationBook_Air_Force_PB_2015.json>
----------------------
[26/100]
FILEPATH = ./1-jbook-xml/2015-BASE_PROCUREMENT-2015-AIRFORCE_AIRCRAFT_VOL2-PROCUREMENT_MasterJustificationBook_Air_Force_PB_2015.zzz_unzipped-PROCUREMENT_MasterJustificationBook_Air_Force_PB_2015.xml
FILESIZE = 6770868
YEAR = 2015
JBOOK_TYPE = MasterJustificationBook
@recordid = c0e0fab376acc982eb5fdcd7ebea145b57eded7e7efb2dc5fc031d00cd923977
@doctype = 2015-BASE_PROCUREMENT-MASTERJUSTIFICATIONBOOK
@filename = 2015-BASE_PROCUREMENT-2015-AIRFORCE_AIRCRAFT_VOL2-PROCUREMENT_MasterJustificationBook_Air_Force_PB_2015.zzz_unzipped-PROCUREMENT_MasterJustificationBook_Air_Force_PB_2015.xml
----------------------
<Writing ./2-jbook-json/2015-BASE_PROCUREMENT-2015-AIRFORCE_AIRCRAFT_VOL2-PROCUREMENT_MasterJustificationBook_Air_Force_PB_2015.zzz_unzipped-PROCUREMENT_MasterJustificationBook_Air_Force_PB_2015.json>
----------------------
[27/100]
FILEPATH = ./1-jbook-xml/2015-BASE_PROCUREMENT-2015-AIRFORCE_AMMUNITION-PROCUREMENT_JustificationBook_Air_Force_PB_2015.zzz_unzipped-PROCUREMENT_JustificationBook_Air_Force_PB_2015.xml
FILESIZE = 758192
YEAR = 2015
JBOOK_TYPE = JustificationBook
@recordid = adb034316b71fef921f67105941f67c0a82caceebe3bf201fa8ca36f70a612e5
@doctype = 2015-BASE_PROCUREMENT-JUSTIFICATIONBOOK
@filename = 2015-BASE_PROCUREMENT-2015-AIRFORCE_AMMUNITION-PROCUREMENT_JustificationBook_Air_Force_PB_2015.zzz_unzipped-PROCUREMENT_JustificationBook_Air_Force_PB_2015.xml
----------------------
<Writing ./2-jbook-json/2015-BASE_PROCUREMENT-2015-AIRFORCE_AMMUNITION-PROCUREMENT_JustificationBook_Air_Force_PB_2015.zzz_unzipped-PROCUREMENT_JustificationBook_Air_Force_PB_2015.json>
----------------------
[28/100]
FILEPATH = ./1-jbook-xml/2015-BASE_PROCUREMENT-2015-AIRFORCE_AMMUNITION-PROCUREMENT_MasterJustificationBook_Air_Force_PB_2015.zzz_unzipped-PROCUREMENT_MasterJustificationBook_Air_Force_PB_2015.xml
FILESIZE = 957716
YEAR = 2015
JBOOK_TYPE = MasterJustificationBook
@recordid = e623ec8832ef6007ccdb33056b12486b358a9304242477e2efd46a681dd461ee
@doctype = 2015-BASE_PROCUREMENT-MASTERJUSTIFICATIONBOOK
@filename = 2015-BASE_PROCUREMENT-2015-AIRFORCE_AMMUNITION-PROCUREMENT_MasterJustificationBook_Air_Force_PB_2015.zzz_unzipped-PROCUREMENT_MasterJustificationBook_Air_Force_PB_2015.xml
----------------------
<Writing ./2-jbook-json/2015-BASE_PROCUREMENT-2015-AIRFORCE_AMMUNITION-PROCUREMENT_MasterJustificationBook_Air_Force_PB_2015.zzz_unzipped-PROCUREMENT_MasterJustificationBook_Air_Force_PB_2015.json>
----------------------
[29/100]
FILEPATH = ./1-jbook-xml/2015-BASE_PROCUREMENT-2015-AIRFORCE_MISSILE-PROCUREMENT_JustificationBook_Air_Force_PB_2015.zzz_unzipped-PROCUREMENT_JustificationBook_Air_Force_PB_2015.xml
FILESIZE = 1922593
YEAR = 2015
JBOOK_TYPE = JustificationBook
@recordid = e4bc519b23e596c07ffae6aca4623af841aa7afcff8e2908dccfdde377f1a036
@doctype = 2015-BASE_PROCUREMENT-JUSTIFICATIONBOOK
@filename = 2015-BASE_PROCUREMENT-2015-AIRFORCE_MISSILE-PROCUREMENT_JustificationBook_Air_Force_PB_2015.zzz_unzipped-PROCUREMENT_JustificationBook_Air_Force_PB_2015.xml
----------------------
<Writing ./2-jbook-json/2015-BASE_PROCUREMENT-2015-AIRFORCE_MISSILE-PROCUREMENT_JustificationBook_Air_Force_PB_2015.zzz_unzipped-PROCUREMENT_JustificationBook_Air_Force_PB_2015.json>
----------------------
[30/100]
FILEPATH = ./1-jbook-xml/2015-BASE_PROCUREMENT-2015-AIRFORCE_MISSILE-PROCUREMENT_MasterJustificationBook_Air_Force_PB_2015.zzz_unzipped-PROCUREMENT_MasterJustificationBook_Air_Force_PB_2015.xml
FILESIZE = 2367763
YEAR = 2015
JBOOK_TYPE = MasterJustificationBook
@recordid = f62bc891bb6f55e826a6b8fd45ba34e2555e118f058e888fe300ee65b16694c6
@doctype = 2015-BASE_PROCUREMENT-MASTERJUSTIFICATIONBOOK
@filename = 2015-BASE_PROCUREMENT-2015-AIRFORCE_MISSILE-PROCUREMENT_MasterJustificationBook_Air_Force_PB_2015.zzz_unzipped-PROCUREMENT_MasterJustificationBook_Air_Force_PB_2015.xml
----------------------
<Writing ./2-jbook-json/2015-BASE_PROCUREMENT-2015-AIRFORCE_MISSILE-PROCUREMENT_MasterJustificationBook_Air_Force_PB_2015.zzz_unzipped-PROCUREMENT_MasterJustificationBook_Air_Force_PB_2015.json>
----------------------
[31/100]
FILEPATH = ./1-jbook-xml/2015-BASE_PROCUREMENT-2015-AIRFORCE_OTHER-PROCUREMENT_JustificationBook_Air_Force_PB_2015.zzz_unzipped-PROCUREMENT_JustificationBook_Air_Force_PB_2015.xml
FILESIZE = 2870931
YEAR = 2015
JBOOK_TYPE = JustificationBook
@recordid = 17a2d3ea1163d8ce2adaef4424d15ebfdab7abd8aa791093143aeddbac622763
@doctype = 2015-BASE_PROCUREMENT-JUSTIFICATIONBOOK
@filename = 2015-BASE_PROCUREMENT-2015-AIRFORCE_OTHER-PROCUREMENT_JustificationBook_Air_Force_PB_2015.zzz_unzipped-PROCUREMENT_JustificationBook_Air_Force_PB_2015.xml
----------------------
<Writing ./2-jbook-json/2015-BASE_PROCUREMENT-2015-AIRFORCE_OTHER-PROCUREMENT_JustificationBook_Air_Force_PB_2015.zzz_unzipped-PROCUREMENT_JustificationBook_Air_Force_PB_2015.json>
----------------------
[32/100]
FILEPATH = ./1-jbook-xml/2015-BASE_PROCUREMENT-2015-AIRFORCE_OTHER-PROCUREMENT_MasterJustificationBook_Air_Force_PB_2015.zzz_unzipped-PROCUREMENT_MasterJustificationBook_Air_Force_PB_2015.xml
FILESIZE = 3573097
YEAR = 2015
JBOOK_TYPE = MasterJustificationBook
@recordid = f7e5011940eb1423938c673f83713031487d9f7d7d5447b4c2cac9074d896743
@doctype = 2015-BASE_PROCUREMENT-MASTERJUSTIFICATIONBOOK
@filename = 2015-BASE_PROCUREMENT-2015-AIRFORCE_OTHER-PROCUREMENT_MasterJustificationBook_Air_Force_PB_2015.zzz_unzipped-PROCUREMENT_MasterJustificationBook_Air_Force_PB_2015.xml
----------------------
<Writing ./2-jbook-json/2015-BASE_PROCUREMENT-2015-AIRFORCE_OTHER-PROCUREMENT_MasterJustificationBook_Air_Force_PB_2015.zzz_unzipped-PROCUREMENT_MasterJustificationBook_Air_Force_PB_2015.json>
----------------------
[33/100]
FILEPATH = ./1-jbook-xml/2015-BASE_PROCUREMENT-2015-ARMY_AIRCRAFT-PROCUREMENT_JustificationBook_Army_PB_2015.zzz_unzipped-PROCUREMENT_JustificationBook_Army_PB_2015.xml
FILESIZE = 5417033
YEAR = 2015
JBOOK_TYPE = JustificationBook
@recordid = e352b0dfb9d8c5a22866775de9d2cc39e373895e30d3d3897003362f4974d162
@doctype = 2015-BASE_PROCUREMENT-JUSTIFICATIONBOOK
@filename = 2015-BASE_PROCUREMENT-2015-ARMY_AIRCRAFT-PROCUREMENT_JustificationBook_Army_PB_2015.zzz_unzipped-PROCUREMENT_JustificationBook_Army_PB_2015.xml
----------------------
<Writing ./2-jbook-json/2015-BASE_PROCUREMENT-2015-ARMY_AIRCRAFT-PROCUREMENT_JustificationBook_Army_PB_2015.zzz_unzipped-PROCUREMENT_JustificationBook_Army_PB_2015.json>
----------------------
[34/100]
FILEPATH = ./1-jbook-xml/2015-BASE_PROCUREMENT-2015-ARMY_AMMO-PROCUREMENT_JustificationBook_Army_PB_2015.zzz_unzipped-PROCUREMENT_JustificationBook_Army_PB_2015.xml
FILESIZE = 4010856
YEAR = 2015
JBOOK_TYPE = JustificationBook
@recordid = 32208a392cd750ad61f28bde2595532658d25ddaf4ccf1668138ad716c154f15
@doctype = 2015-BASE_PROCUREMENT-JUSTIFICATIONBOOK
@filename = 2015-BASE_PROCUREMENT-2015-ARMY_AMMO-PROCUREMENT_JustificationBook_Army_PB_2015.zzz_unzipped-PROCUREMENT_JustificationBook_Army_PB_2015.xml
----------------------
<Writing ./2-jbook-json/2015-BASE_PROCUREMENT-2015-ARMY_AMMO-PROCUREMENT_JustificationBook_Army_PB_2015.zzz_unzipped-PROCUREMENT_JustificationBook_Army_PB_2015.json>
----------------------
[35/100]
FILEPATH = ./1-jbook-xml/2015-BASE_PROCUREMENT-2015-ARMY_MISSLE-PROCUREMENT_JustificationBook_Army_PB_2015.zzz_unzipped-PROCUREMENT_JustificationBook_Army_PB_2015.xml
FILESIZE = 2125282
YEAR = 2015
JBOOK_TYPE = JustificationBook
@recordid = 1f8f2b1852c8ec09e9e091a0c43faca0ea583db40043b8ed57c8f6bf008b0424
@doctype = 2015-BASE_PROCUREMENT-JUSTIFICATIONBOOK
@filename = 2015-BASE_PROCUREMENT-2015-ARMY_MISSLE-PROCUREMENT_JustificationBook_Army_PB_2015.zzz_unzipped-PROCUREMENT_JustificationBook_Army_PB_2015.xml
----------------------
<Writing ./2-jbook-json/2015-BASE_PROCUREMENT-2015-ARMY_MISSLE-PROCUREMENT_JustificationBook_Army_PB_2015.zzz_unzipped-PROCUREMENT_JustificationBook_Army_PB_2015.json>
----------------------
[36/100]
FILEPATH = ./1-jbook-xml/2015-BASE_PROCUREMENT-2015-ARMY_OTHER_1-PROCUREMENT_JustificationBook_Army_PB_2015.zzz_unzipped-PROCUREMENT_JustificationBook_Army_PB_2015.xml
FILESIZE = 934500
YEAR = 2015
JBOOK_TYPE = JustificationBook
@recordid = ae5710d095f857d59ba280001c5e4d54b30c565c21626ffc4a43b1f99808d911
@doctype = 2015-BASE_PROCUREMENT-JUSTIFICATIONBOOK
@filename = 2015-BASE_PROCUREMENT-2015-ARMY_OTHER_1-PROCUREMENT_JustificationBook_Army_PB_2015.zzz_unzipped-PROCUREMENT_JustificationBook_Army_PB_2015.xml
----------------------
<Writing ./2-jbook-json/2015-BASE_PROCUREMENT-2015-ARMY_OTHER_1-PROCUREMENT_JustificationBook_Army_PB_2015.zzz_unzipped-PROCUREMENT_JustificationBook_Army_PB_2015.json>
----------------------
[37/100]
FILEPATH = ./1-jbook-xml/2015-BASE_PROCUREMENT-2015-ARMY_OTHER_2-PROCUREMENT_JustificationBook_Army_PB_2015.zzz_unzipped-PROCUREMENT_JustificationBook_Army_PB_2015.xml
FILESIZE = 4236982
YEAR = 2015
JBOOK_TYPE = JustificationBook
@recordid = 54eecf2c990a7fb2ec38f42ca036412f149f5d20e8ec2a3faff178ff6b72cb50
@doctype = 2015-BASE_PROCUREMENT-JUSTIFICATIONBOOK
@filename = 2015-BASE_PROCUREMENT-2015-ARMY_OTHER_2-PROCUREMENT_JustificationBook_Army_PB_2015.zzz_unzipped-PROCUREMENT_JustificationBook_Army_PB_2015.xml
----------------------
<Writing ./2-jbook-json/2015-BASE_PROCUREMENT-2015-ARMY_OTHER_2-PROCUREMENT_JustificationBook_Army_PB_2015.zzz_unzipped-PROCUREMENT_JustificationBook_Army_PB_2015.json>
----------------------
[38/100]
FILEPATH = ./1-jbook-xml/2015-BASE_PROCUREMENT-2015-ARMY_OTHER_3-4-PROCUREMENT_JustificationBook_Army_PB_2015.zzz_unzipped-PROCUREMENT_JustificationBook_Army_PB_2015.xml
FILESIZE = 4349306
YEAR = 2015
JBOOK_TYPE = JustificationBook
@recordid = 0e1f2ce6c29cdda422b27b6139497c5f8b09ea370c6957f677db09eb08768001
@doctype = 2015-BASE_PROCUREMENT-JUSTIFICATIONBOOK
@filename = 2015-BASE_PROCUREMENT-2015-ARMY_OTHER_3-4-PROCUREMENT_JustificationBook_Army_PB_2015.zzz_unzipped-PROCUREMENT_JustificationBook_Army_PB_2015.xml
----------------------
<Writing ./2-jbook-json/2015-BASE_PROCUREMENT-2015-ARMY_OTHER_3-4-PROCUREMENT_JustificationBook_Army_PB_2015.zzz_unzipped-PROCUREMENT_JustificationBook_Army_PB_2015.json>
----------------------
[39/100]
FILEPATH = ./1-jbook-xml/2015-BASE_PROCUREMENT-2015-ARMY_WTCV-PROCUREMENT_JustificationBook_Army_PB_2015.zzz_unzipped-PROCUREMENT_JustificationBook_Army_PB_2015.xml
FILESIZE = 3867399
YEAR = 2015
JBOOK_TYPE = JustificationBook
@recordid = 6c3ee4dc1db92a94b0b19cc15311d8d97c49cdf9b207a251093707f16ef83d11
@doctype = 2015-BASE_PROCUREMENT-JUSTIFICATIONBOOK
@filename = 2015-BASE_PROCUREMENT-2015-ARMY_WTCV-PROCUREMENT_JustificationBook_Army_PB_2015.zzz_unzipped-PROCUREMENT_JustificationBook_Army_PB_2015.xml
----------------------
<Writing ./2-jbook-json/2015-BASE_PROCUREMENT-2015-ARMY_WTCV-PROCUREMENT_JustificationBook_Army_PB_2015.zzz_unzipped-PROCUREMENT_JustificationBook_Army_PB_2015.json>
----------------------
[40/100]
FILEPATH = ./1-jbook-xml/2015-BASE_PROCUREMENT-2015-DEFENSE_CBDP-PROCUREMENT_JustificationBook_Chemical_and_Biological_Defense_Program_PB_2015.zzz_unzipped-PROCUREMENT_JustificationBook_Chemical_and_Biological_Defense_Program_PB_2015.xml
FILESIZE = 744340
YEAR = 2015
JBOOK_TYPE = JustificationBook
@recordid = 9dc9e4a2e20004ca55f2b100be1a67006d0898af926f0271b21787cadc3b7428
@doctype = 2015-BASE_PROCUREMENT-JUSTIFICATIONBOOK
@filename = 2015-BASE_PROCUREMENT-2015-DEFENSE_CBDP-PROCUREMENT_JustificationBook_Chemical_and_Biological_Defense_Program_PB_2015.zzz_unzipped-PROCUREMENT_JustificationBook_Chemical_and_Biological_Defense_Program_PB_2015.xml
----------------------
<Writing ./2-jbook-json/2015-BASE_PROCUREMENT-2015-DEFENSE_CBDP-PROCUREMENT_JustificationBook_Chemical_and_Biological_Defense_Program_PB_2015.zzz_unzipped-PROCUREMENT_JustificationBook_Chemical_and_Biological_Defense_Program_PB_2015.json>
----------------------
[41/100]
FILEPATH = ./1-jbook-xml/2015-BASE_PROCUREMENT-2015-DEFENSE_CBDP-PROCUREMENT_MasterJustificationBook_Chemical_and_Biological_Defense_Program_PB_2015.zzz_unzipped-PROCUREMENT_MasterJustificationBook_Chemical_and_Biological_Defense_Program_PB_2015.xml
FILESIZE = 930040
YEAR = 2015
JBOOK_TYPE = MasterJustificationBook
@recordid = 5a631f883570a4bb23b109fb7db020af1042c9a7250b45117fbb1a511086c4d8
@doctype = 2015-BASE_PROCUREMENT-MASTERJUSTIFICATIONBOOK
@filename = 2015-BASE_PROCUREMENT-2015-DEFENSE_CBDP-PROCUREMENT_MasterJustificationBook_Chemical_and_Biological_Defense_Program_PB_2015.zzz_unzipped-PROCUREMENT_MasterJustificationBook_Chemical_and_Biological_Defense_Program_PB_2015.xml
----------------------
<Writing ./2-jbook-json/2015-BASE_PROCUREMENT-2015-DEFENSE_CBDP-PROCUREMENT_MasterJustificationBook_Chemical_and_Biological_Defense_Program_PB_2015.zzz_unzipped-PROCUREMENT_MasterJustificationBook_Chemical_and_Biological_Defense_Program_PB_2015.json>
----------------------
[42/100]
FILEPATH = ./1-jbook-xml/2015-BASE_PROCUREMENT-2015-DEFENSE_DCAA-PROCUREMENT_JustificationBook_Defense_Contract_Audit_Agency_PB_2015.zzz_unzipped-PROCUREMENT_JustificationBook_Defense_Contract_Audit_Agency_PB_2015.xml
FILESIZE = 12410
YEAR = 2015
JBOOK_TYPE = JustificationBook
@recordid = 34aae33f9dd1af890770c33ec6caa8b3bcc561ad602b9e0ff2b51a3ba1b827ec
@doctype = 2015-BASE_PROCUREMENT-JUSTIFICATIONBOOK
@filename = 2015-BASE_PROCUREMENT-2015-DEFENSE_DCAA-PROCUREMENT_JustificationBook_Defense_Contract_Audit_Agency_PB_2015.zzz_unzipped-PROCUREMENT_JustificationBook_Defense_Contract_Audit_Agency_PB_2015.xml
----------------------
<Writing ./2-jbook-json/2015-BASE_PROCUREMENT-2015-DEFENSE_DCAA-PROCUREMENT_JustificationBook_Defense_Contract_Audit_Agency_PB_2015.zzz_unzipped-PROCUREMENT_JustificationBook_Defense_Contract_Audit_Agency_PB_2015.json>
----------------------
[43/100]
FILEPATH = ./1-jbook-xml/2015-BASE_PROCUREMENT-2015-DEFENSE_DCAA-PROCUREMENT_MasterJustificationBook_Defense_Contract_Audit_Agency_PB_2015.zzz_unzipped-PROCUREMENT_MasterJustificationBook_Defense_Contract_Audit_Agency_PB_2015.xml
FILESIZE = 19698
YEAR = 2015
JBOOK_TYPE = MasterJustificationBook
@recordid = 9193ce3a7f6eac97891347ffae9a464d2e0e1466b5a30041b28375aa9f0503b3
@doctype = 2015-BASE_PROCUREMENT-MASTERJUSTIFICATIONBOOK
@filename = 2015-BASE_PROCUREMENT-2015-DEFENSE_DCAA-PROCUREMENT_MasterJustificationBook_Defense_Contract_Audit_Agency_PB_2015.zzz_unzipped-PROCUREMENT_MasterJustificationBook_Defense_Contract_Audit_Agency_PB_2015.xml
----------------------
<Writing ./2-jbook-json/2015-BASE_PROCUREMENT-2015-DEFENSE_DCAA-PROCUREMENT_MasterJustificationBook_Defense_Contract_Audit_Agency_PB_2015.zzz_unzipped-PROCUREMENT_MasterJustificationBook_Defense_Contract_Audit_Agency_PB_2015.json>
----------------------
[44/100]
FILEPATH = ./1-jbook-xml/2015-BASE_PROCUREMENT-2015-DEFENSE_DCMA-PROCUREMENT_JustificationBook_Defense_Contract_Management_Agency_PB_2015.zzz_unzipped-PROCUREMENT_JustificationBook_Defense_Contract_Management_Agency_PB_2015.xml
FILESIZE = 21286
YEAR = 2015
JBOOK_TYPE = JustificationBook
@recordid = ceea917f442faf18625499869b0ad6a30112e91e381beb88056e167ef0ebe26f
@doctype = 2015-BASE_PROCUREMENT-JUSTIFICATIONBOOK
@filename = 2015-BASE_PROCUREMENT-2015-DEFENSE_DCMA-PROCUREMENT_JustificationBook_Defense_Contract_Management_Agency_PB_2015.zzz_unzipped-PROCUREMENT_JustificationBook_Defense_Contract_Management_Agency_PB_2015.xml
----------------------
<Writing ./2-jbook-json/2015-BASE_PROCUREMENT-2015-DEFENSE_DCMA-PROCUREMENT_JustificationBook_Defense_Contract_Management_Agency_PB_2015.zzz_unzipped-PROCUREMENT_JustificationBook_Defense_Contract_Management_Agency_PB_2015.json>
----------------------
[45/100]
FILEPATH = ./1-jbook-xml/2015-BASE_PROCUREMENT-2015-DEFENSE_DCMA-PROCUREMENT_MasterJustificationBook_Defense_Contract_Management_Agency_PB_2015.zzz_unzipped-PROCUREMENT_MasterJustificationBook_Defense_Contract_Management_Agency_PB_2015.xml
FILESIZE = 30861
YEAR = 2015
JBOOK_TYPE = MasterJustificationBook
@recordid = cf83ed6f86a8e429dbd6cf3c25024b6fa869b13a933529ba5040c65ed1be89db
@doctype = 2015-BASE_PROCUREMENT-MASTERJUSTIFICATIONBOOK
@filename = 2015-BASE_PROCUREMENT-2015-DEFENSE_DCMA-PROCUREMENT_MasterJustificationBook_Defense_Contract_Management_Agency_PB_2015.zzz_unzipped-PROCUREMENT_MasterJustificationBook_Defense_Contract_Management_Agency_PB_2015.xml
----------------------
<Writing ./2-jbook-json/2015-BASE_PROCUREMENT-2015-DEFENSE_DCMA-PROCUREMENT_MasterJustificationBook_Defense_Contract_Management_Agency_PB_2015.zzz_unzipped-PROCUREMENT_MasterJustificationBook_Defense_Contract_Management_Agency_PB_2015.json>
----------------------
[46/100]
FILEPATH = ./1-jbook-xml/2015-BASE_PROCUREMENT-2015-DEFENSE_DHRA-PROCUREMENT_JustificationBook_DoD_Human_Resources_Activity_PB_2015.zzz_unzipped-PROCUREMENT_JustificationBook_DoD_Human_Resources_Activity_PB_2015.xml
FILESIZE = 53771
YEAR = 2015
JBOOK_TYPE = JustificationBook
@recordid = 73bfc5d0f40e967d6454c7a4e5dbac8d79ef76744eab700053f1f4215a2fdf87
@doctype = 2015-BASE_PROCUREMENT-JUSTIFICATIONBOOK
@filename = 2015-BASE_PROCUREMENT-2015-DEFENSE_DHRA-PROCUREMENT_JustificationBook_DoD_Human_Resources_Activity_PB_2015.zzz_unzipped-PROCUREMENT_JustificationBook_DoD_Human_Resources_Activity_PB_2015.xml
----------------------
<Writing ./2-jbook-json/2015-BASE_PROCUREMENT-2015-DEFENSE_DHRA-PROCUREMENT_JustificationBook_DoD_Human_Resources_Activity_PB_2015.zzz_unzipped-PROCUREMENT_JustificationBook_DoD_Human_Resources_Activity_PB_2015.json>
----------------------
[47/100]
FILEPATH = ./1-jbook-xml/2015-BASE_PROCUREMENT-2015-DEFENSE_DHRA-PROCUREMENT_MasterJustificationBook_DoD_Human_Resources_Activity_PB_2015.zzz_unzipped-PROCUREMENT_MasterJustificationBook_DoD_Human_Resources_Activity_PB_2015.xml
FILESIZE = 67994
YEAR = 2015
JBOOK_TYPE = MasterJustificationBook
@recordid = 89f0a05a10390d79385f5e7a62ae630cb282244da3f7480d371566ce14921b94
@doctype = 2015-BASE_PROCUREMENT-MASTERJUSTIFICATIONBOOK
@filename = 2015-BASE_PROCUREMENT-2015-DEFENSE_DHRA-PROCUREMENT_MasterJustificationBook_DoD_Human_Resources_Activity_PB_2015.zzz_unzipped-PROCUREMENT_MasterJustificationBook_DoD_Human_Resources_Activity_PB_2015.xml
----------------------
<Writing ./2-jbook-json/2015-BASE_PROCUREMENT-2015-DEFENSE_DHRA-PROCUREMENT_MasterJustificationBook_DoD_Human_Resources_Activity_PB_2015.zzz_unzipped-PROCUREMENT_MasterJustificationBook_DoD_Human_Resources_Activity_PB_2015.json>
----------------------
[48/100]
FILEPATH = ./1-jbook-xml/2015-BASE_PROCUREMENT-2015-DEFENSE_DISA-PROCUREMENT_JustificationBook_Defense_Information_Systems_Agency_PB_2015.zzz_unzipped-PROCUREMENT_JustificationBook_Defense_Information_Systems_Agency_PB_2015.xml
FILESIZE = 956813
YEAR = 2015
JBOOK_TYPE = JustificationBook
@recordid = ec80623bd8b358dd8657f9e0057706a07ce00b8d08a8d4cae602d257f8126010
@doctype = 2015-BASE_PROCUREMENT-JUSTIFICATIONBOOK
@filename = 2015-BASE_PROCUREMENT-2015-DEFENSE_DISA-PROCUREMENT_JustificationBook_Defense_Information_Systems_Agency_PB_2015.zzz_unzipped-PROCUREMENT_JustificationBook_Defense_Information_Systems_Agency_PB_2015.xml
----------------------
<Writing ./2-jbook-json/2015-BASE_PROCUREMENT-2015-DEFENSE_DISA-PROCUREMENT_JustificationBook_Defense_Information_Systems_Agency_PB_2015.zzz_unzipped-PROCUREMENT_JustificationBook_Defense_Information_Systems_Agency_PB_2015.json>
----------------------
[49/100]
FILEPATH = ./1-jbook-xml/2015-BASE_PROCUREMENT-2015-DEFENSE_DISA-PROCUREMENT_MasterJustificationBook_Defense_Information_Systems_Agency_PB_2015.zzz_unzipped-PROCUREMENT_MasterJustificationBook_Defense_Information_Systems_Agency_PB_2015.xml
FILESIZE = 1180326
YEAR = 2015
JBOOK_TYPE = MasterJustificationBook
@recordid = bb314b28a73556bbb2d48cab8bf4a2ff3ebee9eaf49499b13620a0a74bdedba2
@doctype = 2015-BASE_PROCUREMENT-MASTERJUSTIFICATIONBOOK
@filename = 2015-BASE_PROCUREMENT-2015-DEFENSE_DISA-PROCUREMENT_MasterJustificationBook_Defense_Information_Systems_Agency_PB_2015.zzz_unzipped-PROCUREMENT_MasterJustificationBook_Defense_Information_Systems_Agency_PB_2015.xml
----------------------
<Writing ./2-jbook-json/2015-BASE_PROCUREMENT-2015-DEFENSE_DISA-PROCUREMENT_MasterJustificationBook_Defense_Information_Systems_Agency_PB_2015.zzz_unzipped-PROCUREMENT_MasterJustificationBook_Defense_Information_Systems_Agency_PB_2015.json>
----------------------
[50/100]
FILEPATH = ./1-jbook-xml/2015-BASE_PROCUREMENT-2015-DEFENSE_DLA-PROCUREMENT_JustificationBook_Defense_Logistics_Agency_PB_2015.zzz_unzipped-PROCUREMENT_JustificationBook_Defense_Logistics_Agency_PB_2015.xml
FILESIZE = 26264
YEAR = 2015
JBOOK_TYPE = JustificationBook
@recordid = f5d281544781db399799ced2fe4f7d9675f0605f198807a54458108f8b662ce8
@doctype = 2015-BASE_PROCUREMENT-JUSTIFICATIONBOOK
@filename = 2015-BASE_PROCUREMENT-2015-DEFENSE_DLA-PROCUREMENT_JustificationBook_Defense_Logistics_Agency_PB_2015.zzz_unzipped-PROCUREMENT_JustificationBook_Defense_Logistics_Agency_PB_2015.xml
----------------------
<Writing ./2-jbook-json/2015-BASE_PROCUREMENT-2015-DEFENSE_DLA-PROCUREMENT_JustificationBook_Defense_Logistics_Agency_PB_2015.zzz_unzipped-PROCUREMENT_JustificationBook_Defense_Logistics_Agency_PB_2015.json>
----------------------
[51/100]
FILEPATH = ./1-jbook-xml/2015-BASE_PROCUREMENT-2015-DEFENSE_DLA-PROCUREMENT_MasterJustificationBook_Defense_Logistics_Agency_PB_2015.zzz_unzipped-PROCUREMENT_MasterJustificationBook_Defense_Logistics_Agency_PB_2015.xml
FILESIZE = 37488
YEAR = 2015
JBOOK_TYPE = MasterJustificationBook
@recordid = 8e542c85eddac13e7372644b83cf33a6915909430c271290284348512f4df31f
@doctype = 2015-BASE_PROCUREMENT-MASTERJUSTIFICATIONBOOK
@filename = 2015-BASE_PROCUREMENT-2015-DEFENSE_DLA-PROCUREMENT_MasterJustificationBook_Defense_Logistics_Agency_PB_2015.zzz_unzipped-PROCUREMENT_MasterJustificationBook_Defense_Logistics_Agency_PB_2015.xml
----------------------
<Writing ./2-jbook-json/2015-BASE_PROCUREMENT-2015-DEFENSE_DLA-PROCUREMENT_MasterJustificationBook_Defense_Logistics_Agency_PB_2015.zzz_unzipped-PROCUREMENT_MasterJustificationBook_Defense_Logistics_Agency_PB_2015.json>
----------------------
[52/100]
FILEPATH = ./1-jbook-xml/2015-BASE_PROCUREMENT-2015-DEFENSE_DMACT-PROCUREMENT_JustificationBook_Defense_Media_Activity_PB_2015.zzz_unzipped-PROCUREMENT_JustificationBook_Defense_Media_Activity_PB_2015.xml
FILESIZE = 53729
YEAR = 2015
JBOOK_TYPE = JustificationBook
@recordid = c4dfa4478b5fedc5d6e030f11cbe8063881a54eaacbbbaa487ef9965ffa4b79b
@doctype = 2015-BASE_PROCUREMENT-JUSTIFICATIONBOOK
@filename = 2015-BASE_PROCUREMENT-2015-DEFENSE_DMACT-PROCUREMENT_JustificationBook_Defense_Media_Activity_PB_2015.zzz_unzipped-PROCUREMENT_JustificationBook_Defense_Media_Activity_PB_2015.xml
----------------------
<Writing ./2-jbook-json/2015-BASE_PROCUREMENT-2015-DEFENSE_DMACT-PROCUREMENT_JustificationBook_Defense_Media_Activity_PB_2015.zzz_unzipped-PROCUREMENT_JustificationBook_Defense_Media_Activity_PB_2015.json>
----------------------
[53/100]
FILEPATH = ./1-jbook-xml/2015-BASE_PROCUREMENT-2015-DEFENSE_DMACT-PROCUREMENT_MasterJustificationBook_Defense_Media_Activity_PB_2015.zzz_unzipped-PROCUREMENT_MasterJustificationBook_Defense_Media_Activity_PB_2015.xml
FILESIZE = 71904
YEAR = 2015
JBOOK_TYPE = MasterJustificationBook
@recordid = bca9436343530f7cce22b1ad3a35253229b389da6fab780a2063b3c13fb737e6
@doctype = 2015-BASE_PROCUREMENT-MASTERJUSTIFICATIONBOOK
@filename = 2015-BASE_PROCUREMENT-2015-DEFENSE_DMACT-PROCUREMENT_MasterJustificationBook_Defense_Media_Activity_PB_2015.zzz_unzipped-PROCUREMENT_MasterJustificationBook_Defense_Media_Activity_PB_2015.xml
----------------------
<Writing ./2-jbook-json/2015-BASE_PROCUREMENT-2015-DEFENSE_DMACT-PROCUREMENT_MasterJustificationBook_Defense_Media_Activity_PB_2015.zzz_unzipped-PROCUREMENT_MasterJustificationBook_Defense_Media_Activity_PB_2015.json>
----------------------
[54/100]
FILEPATH = ./1-jbook-xml/2015-BASE_PROCUREMENT-2015-DEFENSE_DPAP-PROCUREMENT_JustificationBook_Office_of_Secretary_Of_Defense_PB_2015.zzz_unzipped-PROCUREMENT_JustificationBook_Office_of_Secretary_Of_Defense_PB_2015.xml
FILESIZE = 40897
YEAR = 2015
JBOOK_TYPE = JustificationBook
@recordid = efd4419898ba2e7b1c94f7456e75dae4286cd8f0b2befe8fa2d349150387e5ac
@doctype = 2015-BASE_PROCUREMENT-JUSTIFICATIONBOOK
@filename = 2015-BASE_PROCUREMENT-2015-DEFENSE_DPAP-PROCUREMENT_JustificationBook_Office_of_Secretary_Of_Defense_PB_2015.zzz_unzipped-PROCUREMENT_JustificationBook_Office_of_Secretary_Of_Defense_PB_2015.xml
----------------------
<Writing ./2-jbook-json/2015-BASE_PROCUREMENT-2015-DEFENSE_DPAP-PROCUREMENT_JustificationBook_Office_of_Secretary_Of_Defense_PB_2015.zzz_unzipped-PROCUREMENT_JustificationBook_Office_of_Secretary_Of_Defense_PB_2015.json>
----------------------
[55/100]
FILEPATH = ./1-jbook-xml/2015-BASE_PROCUREMENT-2015-DEFENSE_DPAP-PROCUREMENT_MasterJustificationBook_Office_of_Secretary_Of_Defense_PB_2015.zzz_unzipped-PROCUREMENT_MasterJustificationBook_Office_of_Secretary_Of_Defense_PB_2015.xml
FILESIZE = 55376
YEAR = 2015
JBOOK_TYPE = MasterJustificationBook
@recordid = 23fe45260b4ee03c7d4e5dba4f0da00e5e06c33aa5bcd64507d4dbc0151b59e6
@doctype = 2015-BASE_PROCUREMENT-MASTERJUSTIFICATIONBOOK
@filename = 2015-BASE_PROCUREMENT-2015-DEFENSE_DPAP-PROCUREMENT_MasterJustificationBook_Office_of_Secretary_Of_Defense_PB_2015.zzz_unzipped-PROCUREMENT_MasterJustificationBook_Office_of_Secretary_Of_Defense_PB_2015.xml
----------------------
<Writing ./2-jbook-json/2015-BASE_PROCUREMENT-2015-DEFENSE_DPAP-PROCUREMENT_MasterJustificationBook_Office_of_Secretary_Of_Defense_PB_2015.zzz_unzipped-PROCUREMENT_MasterJustificationBook_Office_of_Secretary_Of_Defense_PB_2015.json>
----------------------
[56/100]
FILEPATH = ./1-jbook-xml/2015-BASE_PROCUREMENT-2015-DEFENSE_DSCA-PROCUREMENT_JustificationBook_Defense_Security_Cooperation_Agency_PB_2015.zzz_unzipped-PROCUREMENT_JustificationBook_Defense_Security_Cooperation_Agency_PB_2015.xml
FILESIZE = 4243
YEAR = 2015
JBOOK_TYPE = JustificationBook
@recordid = ec11dfcd7328b5b4b90bae74e50ea1f7290d497d93310d74ba1f25806ae7acdc
@doctype = 2015-BASE_PROCUREMENT-JUSTIFICATIONBOOK
@filename = 2015-BASE_PROCUREMENT-2015-DEFENSE_DSCA-PROCUREMENT_JustificationBook_Defense_Security_Cooperation_Agency_PB_2015.zzz_unzipped-PROCUREMENT_JustificationBook_Defense_Security_Cooperation_Agency_PB_2015.xml
----------------------
<Writing ./2-jbook-json/2015-BASE_PROCUREMENT-2015-DEFENSE_DSCA-PROCUREMENT_JustificationBook_Defense_Security_Cooperation_Agency_PB_2015.zzz_unzipped-PROCUREMENT_JustificationBook_Defense_Security_Cooperation_Agency_PB_2015.json>
----------------------
[57/100]
FILEPATH = ./1-jbook-xml/2015-BASE_PROCUREMENT-2015-DEFENSE_DSCA-PROCUREMENT_MasterJustificationBook_Defense_Security_Cooperation_Agency_PB_2015.zzz_unzipped-PROCUREMENT_MasterJustificationBook_Defense_Security_Cooperation_Agency_PB_2015.xml
FILESIZE = 9982
YEAR = 2015
JBOOK_TYPE = MasterJustificationBook
@recordid = 14f14722fc8269efdf5336e54e71bedf142a5cd21e97ef3663780806d4979035
@doctype = 2015-BASE_PROCUREMENT-MASTERJUSTIFICATIONBOOK
@filename = 2015-BASE_PROCUREMENT-2015-DEFENSE_DSCA-PROCUREMENT_MasterJustificationBook_Defense_Security_Cooperation_Agency_PB_2015.zzz_unzipped-PROCUREMENT_MasterJustificationBook_Defense_Security_Cooperation_Agency_PB_2015.xml
----------------------
<Writing ./2-jbook-json/2015-BASE_PROCUREMENT-2015-DEFENSE_DSCA-PROCUREMENT_MasterJustificationBook_Defense_Security_Cooperation_Agency_PB_2015.zzz_unzipped-PROCUREMENT_MasterJustificationBook_Defense_Security_Cooperation_Agency_PB_2015.json>
----------------------
[58/100]
FILEPATH = ./1-jbook-xml/2015-BASE_PROCUREMENT-2015-DEFENSE_DSS-PROCUREMENT_JustificationBook_Defense_Security_Service_PB_2015.zzz_unzipped-PROCUREMENT_JustificationBook_Defense_Security_Service_PB_2015.xml
FILESIZE = 21452
YEAR = 2015
JBOOK_TYPE = JustificationBook
@recordid = 31c9751490e601476a262a30f114feac5267ea71f04a18d55114555e48a55c5f
@doctype = 2015-BASE_PROCUREMENT-JUSTIFICATIONBOOK
@filename = 2015-BASE_PROCUREMENT-2015-DEFENSE_DSS-PROCUREMENT_JustificationBook_Defense_Security_Service_PB_2015.zzz_unzipped-PROCUREMENT_JustificationBook_Defense_Security_Service_PB_2015.xml
----------------------
<Writing ./2-jbook-json/2015-BASE_PROCUREMENT-2015-DEFENSE_DSS-PROCUREMENT_JustificationBook_Defense_Security_Service_PB_2015.zzz_unzipped-PROCUREMENT_JustificationBook_Defense_Security_Service_PB_2015.json>
----------------------
[59/100]
FILEPATH = ./1-jbook-xml/2015-BASE_PROCUREMENT-2015-DEFENSE_DSS-PROCUREMENT_MasterJustificationBook_Defense_Security_Service_PB_2015.zzz_unzipped-PROCUREMENT_MasterJustificationBook_Defense_Security_Service_PB_2015.xml
FILESIZE = 31279
YEAR = 2015
JBOOK_TYPE = MasterJustificationBook
@recordid = f0b4713ec03eaad8a564789453db4b4626aac703631b475b427b19006c55d3e1
@doctype = 2015-BASE_PROCUREMENT-MASTERJUSTIFICATIONBOOK
@filename = 2015-BASE_PROCUREMENT-2015-DEFENSE_DSS-PROCUREMENT_MasterJustificationBook_Defense_Security_Service_PB_2015.zzz_unzipped-PROCUREMENT_MasterJustificationBook_Defense_Security_Service_PB_2015.xml
----------------------
<Writing ./2-jbook-json/2015-BASE_PROCUREMENT-2015-DEFENSE_DSS-PROCUREMENT_MasterJustificationBook_Defense_Security_Service_PB_2015.zzz_unzipped-PROCUREMENT_MasterJustificationBook_Defense_Security_Service_PB_2015.json>
----------------------
[60/100]
FILEPATH = ./1-jbook-xml/2015-BASE_PROCUREMENT-2015-DEFENSE_DTRA-PROCUREMENT_JustificationBook_Defense_Threat_Reduction_Agency_PB_2015.zzz_unzipped-PROCUREMENT_JustificationBook_Defense_Threat_Reduction_Agency_PB_2015.xml
FILESIZE = 99452
YEAR = 2015
JBOOK_TYPE = JustificationBook
@recordid = 4f4ac51db0986448971a0da48f554b6643ff1337bc0cf7496aac5e4a99d539c0
@doctype = 2015-BASE_PROCUREMENT-JUSTIFICATIONBOOK
@filename = 2015-BASE_PROCUREMENT-2015-DEFENSE_DTRA-PROCUREMENT_JustificationBook_Defense_Threat_Reduction_Agency_PB_2015.zzz_unzipped-PROCUREMENT_JustificationBook_Defense_Threat_Reduction_Agency_PB_2015.xml
----------------------
<Writing ./2-jbook-json/2015-BASE_PROCUREMENT-2015-DEFENSE_DTRA-PROCUREMENT_JustificationBook_Defense_Threat_Reduction_Agency_PB_2015.zzz_unzipped-PROCUREMENT_JustificationBook_Defense_Threat_Reduction_Agency_PB_2015.json>
----------------------
[61/100]
FILEPATH = ./1-jbook-xml/2015-BASE_PROCUREMENT-2015-DEFENSE_DTRA-PROCUREMENT_MasterJustificationBook_Defense_Threat_Reduction_Agency_PB_2015.zzz_unzipped-PROCUREMENT_MasterJustificationBook_Defense_Threat_Reduction_Agency_PB_2015.xml
FILESIZE = 129283
YEAR = 2015
JBOOK_TYPE = MasterJustificationBook
@recordid = b7300f5744a93093c0fbf80dc56a1ff73b8032decc3479c2bca60649ec40d844
@doctype = 2015-BASE_PROCUREMENT-MASTERJUSTIFICATIONBOOK
@filename = 2015-BASE_PROCUREMENT-2015-DEFENSE_DTRA-PROCUREMENT_MasterJustificationBook_Defense_Threat_Reduction_Agency_PB_2015.zzz_unzipped-PROCUREMENT_MasterJustificationBook_Defense_Threat_Reduction_Agency_PB_2015.xml
----------------------
<Writing ./2-jbook-json/2015-BASE_PROCUREMENT-2015-DEFENSE_DTRA-PROCUREMENT_MasterJustificationBook_Defense_Threat_Reduction_Agency_PB_2015.zzz_unzipped-PROCUREMENT_MasterJustificationBook_Defense_Threat_Reduction_Agency_PB_2015.json>
----------------------
[62/100]
FILEPATH = ./1-jbook-xml/2015-BASE_PROCUREMENT-2015-DEFENSE_DoDEA-PROCUREMENT_JustificationBook_Department_of_Defense_Education_Activity_PB_2015.zzz_unzipped-PROCUREMENT_JustificationBook_Department_of_Defense_Education_Activity_PB_2015.xml
FILESIZE = 7377
YEAR = 2015
JBOOK_TYPE = JustificationBook
@recordid = eea328315c3edea833d34d8650c0ccaf71b5097a0a24cbb8f3119782ad47c129
@doctype = 2015-BASE_PROCUREMENT-JUSTIFICATIONBOOK
@filename = 2015-BASE_PROCUREMENT-2015-DEFENSE_DoDEA-PROCUREMENT_JustificationBook_Department_of_Defense_Education_Activity_PB_2015.zzz_unzipped-PROCUREMENT_JustificationBook_Department_of_Defense_Education_Activity_PB_2015.xml
----------------------
<Writing ./2-jbook-json/2015-BASE_PROCUREMENT-2015-DEFENSE_DoDEA-PROCUREMENT_JustificationBook_Department_of_Defense_Education_Activity_PB_2015.zzz_unzipped-PROCUREMENT_JustificationBook_Department_of_Defense_Education_Activity_PB_2015.json>
----------------------
[63/100]
FILEPATH = ./1-jbook-xml/2015-BASE_PROCUREMENT-2015-DEFENSE_DoDEA-PROCUREMENT_MasterJustificationBook_Department_of_Defense_Education_Activity_PB_2015.zzz_unzipped-PROCUREMENT_MasterJustificationBook_Department_of_Defense_Education_Activity_PB_2015.xml
FILESIZE = 13531
YEAR = 2015
JBOOK_TYPE = MasterJustificationBook
@recordid = 6ec48455e5d017d7cfc24f71137f9a88f01aaac840a7bea6c8508ed1f482517c
@doctype = 2015-BASE_PROCUREMENT-MASTERJUSTIFICATIONBOOK
@filename = 2015-BASE_PROCUREMENT-2015-DEFENSE_DoDEA-PROCUREMENT_MasterJustificationBook_Department_of_Defense_Education_Activity_PB_2015.zzz_unzipped-PROCUREMENT_MasterJustificationBook_Department_of_Defense_Education_Activity_PB_2015.xml
----------------------
<Writing ./2-jbook-json/2015-BASE_PROCUREMENT-2015-DEFENSE_DoDEA-PROCUREMENT_MasterJustificationBook_Department_of_Defense_Education_Activity_PB_2015.zzz_unzipped-PROCUREMENT_MasterJustificationBook_Department_of_Defense_Education_Activity_PB_2015.json>
----------------------
[64/100]
FILEPATH = ./1-jbook-xml/2015-BASE_PROCUREMENT-2015-DEFENSE_JUONF-PROCUREMENT_JustificationBook_Joint_Urgent_Operational_Needs_Fund_PB_2015.zzz_unzipped-PROCUREMENT_JustificationBook_Joint_Urgent_Operational_Needs_Fund_PB_2015.xml
FILESIZE = 6396
YEAR = 2015
JBOOK_TYPE = JustificationBook
@recordid = ecfdf11817f20c38f841a184103acb7872388b166b5e877420b7ddb576bf3cfe
@doctype = 2015-BASE_PROCUREMENT-JUSTIFICATIONBOOK
@filename = 2015-BASE_PROCUREMENT-2015-DEFENSE_JUONF-PROCUREMENT_JustificationBook_Joint_Urgent_Operational_Needs_Fund_PB_2015.zzz_unzipped-PROCUREMENT_JustificationBook_Joint_Urgent_Operational_Needs_Fund_PB_2015.xml
----------------------
<Writing ./2-jbook-json/2015-BASE_PROCUREMENT-2015-DEFENSE_JUONF-PROCUREMENT_JustificationBook_Joint_Urgent_Operational_Needs_Fund_PB_2015.zzz_unzipped-PROCUREMENT_JustificationBook_Joint_Urgent_Operational_Needs_Fund_PB_2015.json>
----------------------
[65/100]
FILEPATH = ./1-jbook-xml/2015-BASE_PROCUREMENT-2015-DEFENSE_JUONF-PROCUREMENT_MasterJustificationBook_Joint_Urgent_Operational_Needs_Fund_PB_2015.zzz_unzipped-PROCUREMENT_MasterJustificationBook_Joint_Urgent_Operational_Needs_Fund_PB_2015.xml
FILESIZE = 12473
YEAR = 2015
JBOOK_TYPE = MasterJustificationBook
@recordid = 208af85b7789f80f92c1f1aedcc26d4ca5cb58bac88dedf425e15f26b0158fcf
@doctype = 2015-BASE_PROCUREMENT-MASTERJUSTIFICATIONBOOK
@filename = 2015-BASE_PROCUREMENT-2015-DEFENSE_JUONF-PROCUREMENT_MasterJustificationBook_Joint_Urgent_Operational_Needs_Fund_PB_2015.zzz_unzipped-PROCUREMENT_MasterJustificationBook_Joint_Urgent_Operational_Needs_Fund_PB_2015.xml
----------------------
<Writing ./2-jbook-json/2015-BASE_PROCUREMENT-2015-DEFENSE_JUONF-PROCUREMENT_MasterJustificationBook_Joint_Urgent_Operational_Needs_Fund_PB_2015.zzz_unzipped-PROCUREMENT_MasterJustificationBook_Joint_Urgent_Operational_Needs_Fund_PB_2015.json>
----------------------
[66/100]
FILEPATH = ./1-jbook-xml/2015-BASE_PROCUREMENT-2015-DEFENSE_MDA-PROCUREMENT_JustificationBook_Missile_Defense_Agency_PB_2015.zzz_unzipped-PROCUREMENT_JustificationBook_Missile_Defense_Agency_PB_2015.xml
FILESIZE = 404049
YEAR = 2015
JBOOK_TYPE = JustificationBook
@recordid = 4f4e8d487e45b8e8d228d008163939b1f180efcc4ee11a0ddeb691ef035f835a
@doctype = 2015-BASE_PROCUREMENT-JUSTIFICATIONBOOK
@filename = 2015-BASE_PROCUREMENT-2015-DEFENSE_MDA-PROCUREMENT_JustificationBook_Missile_Defense_Agency_PB_2015.zzz_unzipped-PROCUREMENT_JustificationBook_Missile_Defense_Agency_PB_2015.xml
----------------------
<Writing ./2-jbook-json/2015-BASE_PROCUREMENT-2015-DEFENSE_MDA-PROCUREMENT_JustificationBook_Missile_Defense_Agency_PB_2015.zzz_unzipped-PROCUREMENT_JustificationBook_Missile_Defense_Agency_PB_2015.json>
----------------------
[67/100]
FILEPATH = ./1-jbook-xml/2015-BASE_PROCUREMENT-2015-DEFENSE_MDA-PROCUREMENT_MasterJustificationBook_Missile_Defense_Agency_PB_2015.zzz_unzipped-PROCUREMENT_MasterJustificationBook_Missile_Defense_Agency_PB_2015.xml
FILESIZE = 500818
YEAR = 2015
JBOOK_TYPE = MasterJustificationBook
@recordid = 830c110e08a8b69fb1b91a95152f84b555b2bdc59c2d85717967a54db318c260
@doctype = 2015-BASE_PROCUREMENT-MASTERJUSTIFICATIONBOOK
@filename = 2015-BASE_PROCUREMENT-2015-DEFENSE_MDA-PROCUREMENT_MasterJustificationBook_Missile_Defense_Agency_PB_2015.zzz_unzipped-PROCUREMENT_MasterJustificationBook_Missile_Defense_Agency_PB_2015.xml
----------------------
<Writing ./2-jbook-json/2015-BASE_PROCUREMENT-2015-DEFENSE_MDA-PROCUREMENT_MasterJustificationBook_Missile_Defense_Agency_PB_2015.zzz_unzipped-PROCUREMENT_MasterJustificationBook_Missile_Defense_Agency_PB_2015.json>
----------------------
[68/100]
FILEPATH = ./1-jbook-xml/2015-BASE_PROCUREMENT-2015-DEFENSE_OSD-PROCUREMENT_JustificationBook_Office_of_Secretary_Of_Defense_PB_2015.zzz_unzipped-PROCUREMENT_JustificationBook_Office_of_Secretary_Of_Defense_PB_2015.xml
FILESIZE = 336708
YEAR = 2015
JBOOK_TYPE = JustificationBook
@recordid = 08c4c5562bc234b5a8f9f8945d65bf96c7bab79d78e7354d57a75426cb656a19
@doctype = 2015-BASE_PROCUREMENT-JUSTIFICATIONBOOK
@filename = 2015-BASE_PROCUREMENT-2015-DEFENSE_OSD-PROCUREMENT_JustificationBook_Office_of_Secretary_Of_Defense_PB_2015.zzz_unzipped-PROCUREMENT_JustificationBook_Office_of_Secretary_Of_Defense_PB_2015.xml
----------------------
<Writing ./2-jbook-json/2015-BASE_PROCUREMENT-2015-DEFENSE_OSD-PROCUREMENT_JustificationBook_Office_of_Secretary_Of_Defense_PB_2015.zzz_unzipped-PROCUREMENT_JustificationBook_Office_of_Secretary_Of_Defense_PB_2015.json>
----------------------
[69/100]
FILEPATH = ./1-jbook-xml/2015-BASE_PROCUREMENT-2015-DEFENSE_OSD-PROCUREMENT_MasterJustificationBook_Office_of_Secretary_Of_Defense_PB_2015.zzz_unzipped-PROCUREMENT_MasterJustificationBook_Office_of_Secretary_Of_Defense_PB_2015.xml
FILESIZE = 422892
YEAR = 2015
JBOOK_TYPE = MasterJustificationBook
@recordid = 42672fd5182373ade8e5e4e11cff5759a900160353819f66778f5c879d972088
@doctype = 2015-BASE_PROCUREMENT-MASTERJUSTIFICATIONBOOK
@filename = 2015-BASE_PROCUREMENT-2015-DEFENSE_OSD-PROCUREMENT_MasterJustificationBook_Office_of_Secretary_Of_Defense_PB_2015.zzz_unzipped-PROCUREMENT_MasterJustificationBook_Office_of_Secretary_Of_Defense_PB_2015.xml
----------------------
<Writing ./2-jbook-json/2015-BASE_PROCUREMENT-2015-DEFENSE_OSD-PROCUREMENT_MasterJustificationBook_Office_of_Secretary_Of_Defense_PB_2015.zzz_unzipped-PROCUREMENT_MasterJustificationBook_Office_of_Secretary_Of_Defense_PB_2015.json>
----------------------
[70/100]
FILEPATH = ./1-jbook-xml/2015-BASE_PROCUREMENT-2015-DEFENSE_SOCOM-PROCUREMENT_JustificationBook_United_States_Special_Operations_Command_PB_2015.zzz_unzipped-PROCUREMENT_JustificationBook_United_States_Special_Operations_Command_PB_2015.xml
FILESIZE = 1474227
YEAR = 2015
JBOOK_TYPE = JustificationBook
@recordid = ba28cda9e49b5dde6fa71b8dade4c1fcef22829d5dc995e1b890c428b4693a19
@doctype = 2015-BASE_PROCUREMENT-JUSTIFICATIONBOOK
@filename = 2015-BASE_PROCUREMENT-2015-DEFENSE_SOCOM-PROCUREMENT_JustificationBook_United_States_Special_Operations_Command_PB_2015.zzz_unzipped-PROCUREMENT_JustificationBook_United_States_Special_Operations_Command_PB_2015.xml
----------------------
<Writing ./2-jbook-json/2015-BASE_PROCUREMENT-2015-DEFENSE_SOCOM-PROCUREMENT_JustificationBook_United_States_Special_Operations_Command_PB_2015.zzz_unzipped-PROCUREMENT_JustificationBook_United_States_Special_Operations_Command_PB_2015.json>
----------------------
[71/100]
FILEPATH = ./1-jbook-xml/2015-BASE_PROCUREMENT-2015-DEFENSE_SOCOM-PROCUREMENT_MasterJustificationBook_United_States_Special_Operations_Command_PB_2015.zzz_unzipped-PROCUREMENT_MasterJustificationBook_United_States_Special_Operations_Command_PB_2015.xml
FILESIZE = 1860409
YEAR = 2015
JBOOK_TYPE = MasterJustificationBook
@recordid = 3f5492a23edd19b7098b35de48e882b426de8d964f95a4d0da4a2bb864e6fb2f
@doctype = 2015-BASE_PROCUREMENT-MASTERJUSTIFICATIONBOOK
@filename = 2015-BASE_PROCUREMENT-2015-DEFENSE_SOCOM-PROCUREMENT_MasterJustificationBook_United_States_Special_Operations_Command_PB_2015.zzz_unzipped-PROCUREMENT_MasterJustificationBook_United_States_Special_Operations_Command_PB_2015.xml
----------------------
<Writing ./2-jbook-json/2015-BASE_PROCUREMENT-2015-DEFENSE_SOCOM-PROCUREMENT_MasterJustificationBook_United_States_Special_Operations_Command_PB_2015.zzz_unzipped-PROCUREMENT_MasterJustificationBook_United_States_Special_Operations_Command_PB_2015.json>
----------------------
[72/100]
FILEPATH = ./1-jbook-xml/2015-BASE_PROCUREMENT-2015-DEFENSE_TJS-PROCUREMENT_JustificationBook_The_Joint_Staff_PB_2015.zzz_unzipped-PROCUREMENT_JustificationBook_The_Joint_Staff_PB_2015.xml
FILESIZE = 30178
YEAR = 2015
JBOOK_TYPE = JustificationBook
@recordid = b1027650ef67a58e192635b122ebd50eaeb166c1ed2f68d39bdcb2bad5a9a29d
@doctype = 2015-BASE_PROCUREMENT-JUSTIFICATIONBOOK
@filename = 2015-BASE_PROCUREMENT-2015-DEFENSE_TJS-PROCUREMENT_JustificationBook_The_Joint_Staff_PB_2015.zzz_unzipped-PROCUREMENT_JustificationBook_The_Joint_Staff_PB_2015.xml
----------------------
<Writing ./2-jbook-json/2015-BASE_PROCUREMENT-2015-DEFENSE_TJS-PROCUREMENT_JustificationBook_The_Joint_Staff_PB_2015.zzz_unzipped-PROCUREMENT_JustificationBook_The_Joint_Staff_PB_2015.json>
----------------------
[73/100]
FILEPATH = ./1-jbook-xml/2015-BASE_PROCUREMENT-2015-DEFENSE_TJS-PROCUREMENT_MasterJustificationBook_The_Joint_Staff_PB_2015.zzz_unzipped-PROCUREMENT_MasterJustificationBook_The_Joint_Staff_PB_2015.xml
FILESIZE = 42055
YEAR = 2015
JBOOK_TYPE = MasterJustificationBook
@recordid = 918edbef4ffe08f9c79d7b846961095bf857b3798a5415d1392aff1fb0353cd6
@doctype = 2015-BASE_PROCUREMENT-MASTERJUSTIFICATIONBOOK
@filename = 2015-BASE_PROCUREMENT-2015-DEFENSE_TJS-PROCUREMENT_MasterJustificationBook_The_Joint_Staff_PB_2015.zzz_unzipped-PROCUREMENT_MasterJustificationBook_The_Joint_Staff_PB_2015.xml
----------------------
<Writing ./2-jbook-json/2015-BASE_PROCUREMENT-2015-DEFENSE_TJS-PROCUREMENT_MasterJustificationBook_The_Joint_Staff_PB_2015.zzz_unzipped-PROCUREMENT_MasterJustificationBook_The_Joint_Staff_PB_2015.json>
----------------------
[74/100]
FILEPATH = ./1-jbook-xml/2015-BASE_PROCUREMENT-2015-DEFENSE_VOL1-PROCUREMENT_MasterJustificationBook_Defense-Wide_PB_2015.zzz_unzipped-PROCUREMENT_MasterJustificationBook_Defense-Wide_PB_2015.xml
FILESIZE = 4897579
YEAR = 2015
JBOOK_TYPE = MasterJustificationBook
@recordid = 69e109e4d59e28a6c9805d5ad54425171e58d073eec059067326878005d2db98
@doctype = 2015-BASE_PROCUREMENT-MASTERJUSTIFICATIONBOOK
@filename = 2015-BASE_PROCUREMENT-2015-DEFENSE_VOL1-PROCUREMENT_MasterJustificationBook_Defense-Wide_PB_2015.zzz_unzipped-PROCUREMENT_MasterJustificationBook_Defense-Wide_PB_2015.xml
----------------------
<Writing ./2-jbook-json/2015-BASE_PROCUREMENT-2015-DEFENSE_VOL1-PROCUREMENT_MasterJustificationBook_Defense-Wide_PB_2015.zzz_unzipped-PROCUREMENT_MasterJustificationBook_Defense-Wide_PB_2015.json>
----------------------
[75/100]
FILEPATH = ./1-jbook-xml/2015-BASE_PROCUREMENT-2015-DEFENSE_WHS-PROCUREMENT_JustificationBook_Washington_Headquarters_Service_PB_2015.zzz_unzipped-PROCUREMENT_JustificationBook_Washington_Headquarters_Service_PB_2015.xml
FILESIZE = 39462
YEAR = 2015
JBOOK_TYPE = JustificationBook
@recordid = 468ee97bff5053ea10aa637f902d968bdf869f4761a2dd3514586768b070bcc7
@doctype = 2015-BASE_PROCUREMENT-JUSTIFICATIONBOOK
@filename = 2015-BASE_PROCUREMENT-2015-DEFENSE_WHS-PROCUREMENT_JustificationBook_Washington_Headquarters_Service_PB_2015.zzz_unzipped-PROCUREMENT_JustificationBook_Washington_Headquarters_Service_PB_2015.xml
----------------------
<Writing ./2-jbook-json/2015-BASE_PROCUREMENT-2015-DEFENSE_WHS-PROCUREMENT_JustificationBook_Washington_Headquarters_Service_PB_2015.zzz_unzipped-PROCUREMENT_JustificationBook_Washington_Headquarters_Service_PB_2015.json>
----------------------
[76/100]
FILEPATH = ./1-jbook-xml/2015-BASE_PROCUREMENT-2015-DEFENSE_WHS-PROCUREMENT_MasterJustificationBook_Washington_Headquarters_Service_PB_2015.zzz_unzipped-PROCUREMENT_MasterJustificationBook_Washington_Headquarters_Service_PB_2015.xml
FILESIZE = 53706
YEAR = 2015
JBOOK_TYPE = MasterJustificationBook
@recordid = 6f913ba7a03c807dcfcf650ba1d8a06dec194c825f318fca7f9b3d9574ee3684
@doctype = 2015-BASE_PROCUREMENT-MASTERJUSTIFICATIONBOOK
@filename = 2015-BASE_PROCUREMENT-2015-DEFENSE_WHS-PROCUREMENT_MasterJustificationBook_Washington_Headquarters_Service_PB_2015.zzz_unzipped-PROCUREMENT_MasterJustificationBook_Washington_Headquarters_Service_PB_2015.xml
----------------------
<Writing ./2-jbook-json/2015-BASE_PROCUREMENT-2015-DEFENSE_WHS-PROCUREMENT_MasterJustificationBook_Washington_Headquarters_Service_PB_2015.zzz_unzipped-PROCUREMENT_MasterJustificationBook_Washington_Headquarters_Service_PB_2015.json>
----------------------
[77/100]
FILEPATH = ./1-jbook-xml/2015-BASE_PROCUREMENT-2015-NAVY_AIRCRAFT_BA1-4-PROCUREMENT_JustificationBook_Navy_PB_2015.zzz_unzipped-PROCUREMENT_JustificationBook_Navy_PB_2015.xml
FILESIZE = 640907
YEAR = 2015
JBOOK_TYPE = JustificationBook
@recordid = f55389eeb58b07e88d64dad1590654ae3b7d1927681b762f7c370d11883a5642
@doctype = 2015-BASE_PROCUREMENT-JUSTIFICATIONBOOK
@filename = 2015-BASE_PROCUREMENT-2015-NAVY_AIRCRAFT_BA1-4-PROCUREMENT_JustificationBook_Navy_PB_2015.zzz_unzipped-PROCUREMENT_JustificationBook_Navy_PB_2015.xml
----------------------
<Writing ./2-jbook-json/2015-BASE_PROCUREMENT-2015-NAVY_AIRCRAFT_BA1-4-PROCUREMENT_JustificationBook_Navy_PB_2015.zzz_unzipped-PROCUREMENT_JustificationBook_Navy_PB_2015.json>
----------------------
[78/100]
FILEPATH = ./1-jbook-xml/2015-BASE_PROCUREMENT-2015-NAVY_AIRCRAFT_BA1-4-PROCUREMENT_MasterJustificationBook_Navy_PB_2015.zzz_unzipped-PROCUREMENT_MasterJustificationBook_Navy_PB_2015.xml
FILESIZE = 12658233
YEAR = 2015
JBOOK_TYPE = MasterJustificationBook
@recordid = 76ea4140cbbb44a7ca3c1673c3d49d6d19c01344121336545fdb9e26642c434a
@doctype = 2015-BASE_PROCUREMENT-MASTERJUSTIFICATIONBOOK
@filename = 2015-BASE_PROCUREMENT-2015-NAVY_AIRCRAFT_BA1-4-PROCUREMENT_MasterJustificationBook_Navy_PB_2015.zzz_unzipped-PROCUREMENT_MasterJustificationBook_Navy_PB_2015.xml
----------------------
<Writing ./2-jbook-json/2015-BASE_PROCUREMENT-2015-NAVY_AIRCRAFT_BA1-4-PROCUREMENT_MasterJustificationBook_Navy_PB_2015.zzz_unzipped-PROCUREMENT_MasterJustificationBook_Navy_PB_2015.json>
----------------------
[79/100]
FILEPATH = ./1-jbook-xml/2015-BASE_PROCUREMENT-2015-NAVY_AIRCRAFT_BA5-PROCUREMENT_JustificationBook_Navy_PB_2015.zzz_unzipped-PROCUREMENT_JustificationBook_Navy_PB_2015.xml
FILESIZE = 9008714
YEAR = 2015
JBOOK_TYPE = JustificationBook
@recordid = de31f12ac9fb2f24f42c920741da4c8dc02ba2c287107f23e643046690c8f86c
@doctype = 2015-BASE_PROCUREMENT-JUSTIFICATIONBOOK
@filename = 2015-BASE_PROCUREMENT-2015-NAVY_AIRCRAFT_BA5-PROCUREMENT_JustificationBook_Navy_PB_2015.zzz_unzipped-PROCUREMENT_JustificationBook_Navy_PB_2015.xml
----------------------
<Writing ./2-jbook-json/2015-BASE_PROCUREMENT-2015-NAVY_AIRCRAFT_BA5-PROCUREMENT_JustificationBook_Navy_PB_2015.zzz_unzipped-PROCUREMENT_JustificationBook_Navy_PB_2015.json>
----------------------
[80/100]
FILEPATH = ./1-jbook-xml/2015-BASE_PROCUREMENT-2015-NAVY_AIRCRAFT_BA5-PROCUREMENT_MasterJustificationBook_Navy_PB_2015.zzz_unzipped-PROCUREMENT_MasterJustificationBook_Navy_PB_2015.xml
FILESIZE = 12658233
YEAR = 2015
JBOOK_TYPE = MasterJustificationBook
@recordid = 76ea4140cbbb44a7ca3c1673c3d49d6d19c01344121336545fdb9e26642c434a
@doctype = 2015-BASE_PROCUREMENT-MASTERJUSTIFICATIONBOOK
@filename = 2015-BASE_PROCUREMENT-2015-NAVY_AIRCRAFT_BA5-PROCUREMENT_MasterJustificationBook_Navy_PB_2015.zzz_unzipped-PROCUREMENT_MasterJustificationBook_Navy_PB_2015.xml
----------------------
<Writing ./2-jbook-json/2015-BASE_PROCUREMENT-2015-NAVY_AIRCRAFT_BA5-PROCUREMENT_MasterJustificationBook_Navy_PB_2015.zzz_unzipped-PROCUREMENT_MasterJustificationBook_Navy_PB_2015.json>
----------------------
[81/100]
FILEPATH = ./1-jbook-xml/2015-BASE_PROCUREMENT-2015-NAVY_AIRCRAFT_BA7-PROCUREMENT_JustificationBook_Navy_PB_2015.zzz_unzipped-PROCUREMENT_JustificationBook_Navy_PB_2015.xml
FILESIZE = 489503
YEAR = 2015
JBOOK_TYPE = JustificationBook
@recordid = 87ac44e7baee2749b5f89c4e9d75435a521f986285ef41ebcdc71bf33730adac
@doctype = 2015-BASE_PROCUREMENT-JUSTIFICATIONBOOK
@filename = 2015-BASE_PROCUREMENT-2015-NAVY_AIRCRAFT_BA7-PROCUREMENT_JustificationBook_Navy_PB_2015.zzz_unzipped-PROCUREMENT_JustificationBook_Navy_PB_2015.xml
----------------------
<Writing ./2-jbook-json/2015-BASE_PROCUREMENT-2015-NAVY_AIRCRAFT_BA7-PROCUREMENT_JustificationBook_Navy_PB_2015.zzz_unzipped-PROCUREMENT_JustificationBook_Navy_PB_2015.json>
----------------------
[82/100]
FILEPATH = ./1-jbook-xml/2015-BASE_PROCUREMENT-2015-NAVY_AIRCRAFT_BA7-PROCUREMENT_MasterJustificationBook_Navy_PB_2015.zzz_unzipped-PROCUREMENT_MasterJustificationBook_Navy_PB_2015.xml
FILESIZE = 12658233
YEAR = 2015
JBOOK_TYPE = MasterJustificationBook
@recordid = 76ea4140cbbb44a7ca3c1673c3d49d6d19c01344121336545fdb9e26642c434a
@doctype = 2015-BASE_PROCUREMENT-MASTERJUSTIFICATIONBOOK
@filename = 2015-BASE_PROCUREMENT-2015-NAVY_AIRCRAFT_BA7-PROCUREMENT_MasterJustificationBook_Navy_PB_2015.zzz_unzipped-PROCUREMENT_MasterJustificationBook_Navy_PB_2015.xml
----------------------
