

=========================================================
[3-convert-xml-to-json]
=========================================================
<Loading and merging all jbookArrayPaths into a single list>
|MasterJustificationBook|2013|2014|2015|2016|2017|2018|2019|2020|
|JustificationBook|2013|2014|2015|2016|2017|2018|2019|2020|
<arrayPaths count = 1254>
<last updated = 2019-10-09T04:51:40+00:00>
=========================================================
----------------------
[1/80]
FILEPATH = ./1-jbook-xml/2015-AMENDED_PROCUREMENT_AND_RDTE-2015-AIRFORCE_AIRCRAFT-PROCUREMENT_JustificationBook_Air_Force_PBAmended_2015.zzz_unzipped-PROCUREMENT_JustificationBook_Air_Force_PBAmended_2015.xml
FILESIZE = 1134870
YEAR = 2015
JBOOK_TYPE = JustificationBook
@recordid = f82e3847ed717a6a3e3170ce75cc9d51ddabf208b4d8fce6315c6bb51ed7621c
@doctype = 2015-AMENDED_PROCUREMENT_AND_RDTE-JUSTIFICATIONBOOK
@filename = 2015-AMENDED_PROCUREMENT_AND_RDTE-2015-AIRFORCE_AIRCRAFT-PROCUREMENT_JustificationBook_Air_Force_PBAmended_2015.zzz_unzipped-PROCUREMENT_JustificationBook_Air_Force_PBAmended_2015.xml
----------------------
<Writing ./2-jbook-json/2015-AMENDED_PROCUREMENT_AND_RDTE-2015-AIRFORCE_AIRCRAFT-PROCUREMENT_JustificationBook_Air_Force_PBAmended_2015.zzz_unzipped-PROCUREMENT_JustificationBook_Air_Force_PBAmended_2015.json>
----------------------
[2/80]
FILEPATH = ./1-jbook-xml/2015-AMENDED_PROCUREMENT_AND_RDTE-2015-AIRFORCE_AIRCRAFT-PROCUREMENT_MasterJustificationBook_Air_Force_PBAmended_2015.zzz_unzipped-PROCUREMENT_MasterJustificationBook_Air_Force_PBAmended_2015.xml
FILESIZE = 1414866
YEAR = 2015
JBOOK_TYPE = MasterJustificationBook
@recordid = 8ed54d919f156a286b64cbcb863a8869c5616f474911c4231499b8c4cb3414a9
@doctype = 2015-AMENDED_PROCUREMENT_AND_RDTE-MASTERJUSTIFICATIONBOOK
@filename = 2015-AMENDED_PROCUREMENT_AND_RDTE-2015-AIRFORCE_AIRCRAFT-PROCUREMENT_MasterJustificationBook_Air_Force_PBAmended_2015.zzz_unzipped-PROCUREMENT_MasterJustificationBook_Air_Force_PBAmended_2015.xml
----------------------
<Writing ./2-jbook-json/2015-AMENDED_PROCUREMENT_AND_RDTE-2015-AIRFORCE_AIRCRAFT-PROCUREMENT_MasterJustificationBook_Air_Force_PBAmended_2015.zzz_unzipped-PROCUREMENT_MasterJustificationBook_Air_Force_PBAmended_2015.json>
----------------------
[3/80]
FILEPATH = ./1-jbook-xml/2015-AMENDED_PROCUREMENT_AND_RDTE-2015-AIRFORCE_AMMO-PROCUREMENT_JustificationBook_Air_Force_PBAmended_2015.zzz_unzipped-PROCUREMENT_JustificationBook_Air_Force_PBAmended_2015.xml
FILESIZE = 1134870
YEAR = 2015
JBOOK_TYPE = JustificationBook
@recordid = f82e3847ed717a6a3e3170ce75cc9d51ddabf208b4d8fce6315c6bb51ed7621c
@doctype = 2015-AMENDED_PROCUREMENT_AND_RDTE-JUSTIFICATIONBOOK
@filename = 2015-AMENDED_PROCUREMENT_AND_RDTE-2015-AIRFORCE_AMMO-PROCUREMENT_JustificationBook_Air_Force_PBAmended_2015.zzz_unzipped-PROCUREMENT_JustificationBook_Air_Force_PBAmended_2015.xml
----------------------
<Writing ./2-jbook-json/2015-AMENDED_PROCUREMENT_AND_RDTE-2015-AIRFORCE_AMMO-PROCUREMENT_JustificationBook_Air_Force_PBAmended_2015.zzz_unzipped-PROCUREMENT_JustificationBook_Air_Force_PBAmended_2015.json>
----------------------
[4/80]
FILEPATH = ./1-jbook-xml/2015-AMENDED_PROCUREMENT_AND_RDTE-2015-AIRFORCE_AMMO-PROCUREMENT_MasterJustificationBook_Air_Force_PBAmended_2015.zzz_unzipped-PROCUREMENT_MasterJustificationBook_Air_Force_PBAmended_2015.xml
FILESIZE = 1414866
YEAR = 2015
JBOOK_TYPE = MasterJustificationBook
@recordid = 8ed54d919f156a286b64cbcb863a8869c5616f474911c4231499b8c4cb3414a9
@doctype = 2015-AMENDED_PROCUREMENT_AND_RDTE-MASTERJUSTIFICATIONBOOK
@filename = 2015-AMENDED_PROCUREMENT_AND_RDTE-2015-AIRFORCE_AMMO-PROCUREMENT_MasterJustificationBook_Air_Force_PBAmended_2015.zzz_unzipped-PROCUREMENT_MasterJustificationBook_Air_Force_PBAmended_2015.xml
----------------------
<Writing ./2-jbook-json/2015-AMENDED_PROCUREMENT_AND_RDTE-2015-AIRFORCE_AMMO-PROCUREMENT_MasterJustificationBook_Air_Force_PBAmended_2015.zzz_unzipped-PROCUREMENT_MasterJustificationBook_Air_Force_PBAmended_2015.json>
----------------------
[5/80]
FILEPATH = ./1-jbook-xml/2015-AMENDED_PROCUREMENT_AND_RDTE-2015-AIRFORCE_MISSLE-PROCUREMENT_JustificationBook_Air_Force_PBAmended_2015.zzz_unzipped-PROCUREMENT_JustificationBook_Air_Force_PBAmended_2015.xml
FILESIZE = 20446
YEAR = 2015
JBOOK_TYPE = JustificationBook
@recordid = d732714204bc72aa2ae6d8f0567abf6f81b3271da1db043ffd480d1df7bc25b7
@doctype = 2015-AMENDED_PROCUREMENT_AND_RDTE-JUSTIFICATIONBOOK
@filename = 2015-AMENDED_PROCUREMENT_AND_RDTE-2015-AIRFORCE_MISSLE-PROCUREMENT_JustificationBook_Air_Force_PBAmended_2015.zzz_unzipped-PROCUREMENT_JustificationBook_Air_Force_PBAmended_2015.xml
----------------------
<Writing ./2-jbook-json/2015-AMENDED_PROCUREMENT_AND_RDTE-2015-AIRFORCE_MISSLE-PROCUREMENT_JustificationBook_Air_Force_PBAmended_2015.zzz_unzipped-PROCUREMENT_JustificationBook_Air_Force_PBAmended_2015.json>
----------------------
[6/80]
FILEPATH = ./1-jbook-xml/2015-AMENDED_PROCUREMENT_AND_RDTE-2015-AIRFORCE_MISSLE-PROCUREMENT_MasterJustificationBook_Air_Force_PBAmended_2015.zzz_unzipped-PROCUREMENT_MasterJustificationBook_Air_Force_PBAmended_2015.xml
FILESIZE = 27407
YEAR = 2015
JBOOK_TYPE = MasterJustificationBook
@recordid = 8faa0b77503f5c07b1ba28b05bd031c1213f992cedccae6856a5463db0f9047e
@doctype = 2015-AMENDED_PROCUREMENT_AND_RDTE-MASTERJUSTIFICATIONBOOK
@filename = 2015-AMENDED_PROCUREMENT_AND_RDTE-2015-AIRFORCE_MISSLE-PROCUREMENT_MasterJustificationBook_Air_Force_PBAmended_2015.zzz_unzipped-PROCUREMENT_MasterJustificationBook_Air_Force_PBAmended_2015.xml
----------------------
<Writing ./2-jbook-json/2015-AMENDED_PROCUREMENT_AND_RDTE-2015-AIRFORCE_MISSLE-PROCUREMENT_MasterJustificationBook_Air_Force_PBAmended_2015.zzz_unzipped-PROCUREMENT_MasterJustificationBook_Air_Force_PBAmended_2015.json>
----------------------
[7/80]
FILEPATH = ./1-jbook-xml/2015-AMENDED_PROCUREMENT_AND_RDTE-2015-AIRFORCE_OTHER-PROCUREMENT_JustificationBook_Air_Force_PBAmended_2015.zzz_unzipped-PROCUREMENT_JustificationBook_Air_Force_PBAmended_2015.xml
FILESIZE = 742548
YEAR = 2015
JBOOK_TYPE = JustificationBook
@recordid = d8b3974033c5c15268fbb50e617832106cc510b99ab065a343151828056596b1
@doctype = 2015-AMENDED_PROCUREMENT_AND_RDTE-JUSTIFICATIONBOOK
@filename = 2015-AMENDED_PROCUREMENT_AND_RDTE-2015-AIRFORCE_OTHER-PROCUREMENT_JustificationBook_Air_Force_PBAmended_2015.zzz_unzipped-PROCUREMENT_JustificationBook_Air_Force_PBAmended_2015.xml
----------------------
<Writing ./2-jbook-json/2015-AMENDED_PROCUREMENT_AND_RDTE-2015-AIRFORCE_OTHER-PROCUREMENT_JustificationBook_Air_Force_PBAmended_2015.zzz_unzipped-PROCUREMENT_JustificationBook_Air_Force_PBAmended_2015.json>
----------------------
[8/80]
FILEPATH = ./1-jbook-xml/2015-AMENDED_PROCUREMENT_AND_RDTE-2015-AIRFORCE_OTHER-PROCUREMENT_MasterJustificationBook_Air_Force_PBAmended_2015.zzz_unzipped-PROCUREMENT_MasterJustificationBook_Air_Force_PBAmended_2015.xml
FILESIZE = 931107
YEAR = 2015
JBOOK_TYPE = MasterJustificationBook
@recordid = 5db73d3998e8592df37f7a1132f20cc1d4aed2d0f9a5d7fef996c906c648653a
@doctype = 2015-AMENDED_PROCUREMENT_AND_RDTE-MASTERJUSTIFICATIONBOOK
@filename = 2015-AMENDED_PROCUREMENT_AND_RDTE-2015-AIRFORCE_OTHER-PROCUREMENT_MasterJustificationBook_Air_Force_PBAmended_2015.zzz_unzipped-PROCUREMENT_MasterJustificationBook_Air_Force_PBAmended_2015.xml
----------------------
<Writing ./2-jbook-json/2015-AMENDED_PROCUREMENT_AND_RDTE-2015-AIRFORCE_OTHER-PROCUREMENT_MasterJustificationBook_Air_Force_PBAmended_2015.zzz_unzipped-PROCUREMENT_MasterJustificationBook_Air_Force_PBAmended_2015.json>
----------------------
[9/80]
FILEPATH = ./1-jbook-xml/2015-AMENDED_PROCUREMENT_AND_RDTE-2015-ARMY-APA PROCUREMENT_JustificationBook_Army_PBAmended_2015.zzz_unzipped-PROCUREMENT_JustificationBook_Army_PBAmended_2015.xml
FILESIZE = 55836
YEAR = 2015
JBOOK_TYPE = JustificationBook
@recordid = 194db651d9ee1626682b065bcf21cf35ded9f1792bc5c9ad12b6e5f08192956c
@doctype = 2015-AMENDED_PROCUREMENT_AND_RDTE-JUSTIFICATIONBOOK
@filename = 2015-AMENDED_PROCUREMENT_AND_RDTE-2015-ARMY-APA PROCUREMENT_JustificationBook_Army_PBAmended_2015.zzz_unzipped-PROCUREMENT_JustificationBook_Army_PBAmended_2015.xml
----------------------
<Writing ./2-jbook-json/2015-AMENDED_PROCUREMENT_AND_RDTE-2015-ARMY-APA PROCUREMENT_JustificationBook_Army_PBAmended_2015.zzz_unzipped-PROCUREMENT_JustificationBook_Army_PBAmended_2015.json>
----------------------
[10/80]
FILEPATH = ./1-jbook-xml/2015-AMENDED_PROCUREMENT_AND_RDTE-2015-ARMY-MIPA PROCUREMENT_JustificationBook_Army_PBAmended_2015.zzz_unzipped-PROCUREMENT_JustificationBook_Army_PBAmended_2015.xml
FILESIZE = 86415
YEAR = 2015
JBOOK_TYPE = JustificationBook
@recordid = e18bc26f1e7b8b8f89aee7da4dac881e9a78a01695841ebe5a0ef40c2ca9a07a
@doctype = 2015-AMENDED_PROCUREMENT_AND_RDTE-JUSTIFICATIONBOOK
@filename = 2015-AMENDED_PROCUREMENT_AND_RDTE-2015-ARMY-MIPA PROCUREMENT_JustificationBook_Army_PBAmended_2015.zzz_unzipped-PROCUREMENT_JustificationBook_Army_PBAmended_2015.xml
----------------------
<Writing ./2-jbook-json/2015-AMENDED_PROCUREMENT_AND_RDTE-2015-ARMY-MIPA PROCUREMENT_JustificationBook_Army_PBAmended_2015.zzz_unzipped-PROCUREMENT_JustificationBook_Army_PBAmended_2015.json>
----------------------
[11/80]
FILEPATH = ./1-jbook-xml/2015-AMENDED_PROCUREMENT_AND_RDTE-2015-ARMY-OPA1v2 PROCUREMENT_JustificationBook_Army_PBAmended_2015.zzz_unzipped-PROCUREMENT_JustificationBook_Army_PBAmended_2015.xml
FILESIZE = 239570
YEAR = 2015
JBOOK_TYPE = JustificationBook
@recordid = a67c7fc006f5be6cd6fe8229c737f3728272c42e81562dd1b450dde4cfdbb3e8
@doctype = 2015-AMENDED_PROCUREMENT_AND_RDTE-JUSTIFICATIONBOOK
@filename = 2015-AMENDED_PROCUREMENT_AND_RDTE-2015-ARMY-OPA1v2 PROCUREMENT_JustificationBook_Army_PBAmended_2015.zzz_unzipped-PROCUREMENT_JustificationBook_Army_PBAmended_2015.xml
----------------------
<Writing ./2-jbook-json/2015-AMENDED_PROCUREMENT_AND_RDTE-2015-ARMY-OPA1v2 PROCUREMENT_JustificationBook_Army_PBAmended_2015.zzz_unzipped-PROCUREMENT_JustificationBook_Army_PBAmended_2015.json>
----------------------
[12/80]
FILEPATH = ./1-jbook-xml/2015-AMENDED_PROCUREMENT_AND_RDTE-2015-ARMY-OPA2 PROCUREMENT_JustificationBook_Army_PBAmended_2015.zzz_unzipped-PROCUREMENT_JustificationBook_Army_PBAmended_2015.xml
FILESIZE = 217697
YEAR = 2015
JBOOK_TYPE = JustificationBook
@recordid = 3efd749af1ba2ed10c7271faf53cafb42f668911860ed751c61791496e5061be
@doctype = 2015-AMENDED_PROCUREMENT_AND_RDTE-JUSTIFICATIONBOOK
@filename = 2015-AMENDED_PROCUREMENT_AND_RDTE-2015-ARMY-OPA2 PROCUREMENT_JustificationBook_Army_PBAmended_2015.zzz_unzipped-PROCUREMENT_JustificationBook_Army_PBAmended_2015.xml
----------------------
<Writing ./2-jbook-json/2015-AMENDED_PROCUREMENT_AND_RDTE-2015-ARMY-OPA2 PROCUREMENT_JustificationBook_Army_PBAmended_2015.zzz_unzipped-PROCUREMENT_JustificationBook_Army_PBAmended_2015.json>
----------------------
[13/80]
FILEPATH = ./1-jbook-xml/2015-AMENDED_PROCUREMENT_AND_RDTE-2015-ARMY-OPA34 PROCUREMENT_JustificationBook_Army_PBAmended_2015.zzz_unzipped-PROCUREMENT_JustificationBook_Army_PBAmended_2015.xml
FILESIZE = 213123
YEAR = 2015
JBOOK_TYPE = JustificationBook
@recordid = 28666c18341bfb9862f1da7715bb381e0e1e0edfe59326e6da3c62f50c9915f8
@doctype = 2015-AMENDED_PROCUREMENT_AND_RDTE-JUSTIFICATIONBOOK
@filename = 2015-AMENDED_PROCUREMENT_AND_RDTE-2015-ARMY-OPA34 PROCUREMENT_JustificationBook_Army_PBAmended_2015.zzz_unzipped-PROCUREMENT_JustificationBook_Army_PBAmended_2015.xml
----------------------
<Writing ./2-jbook-json/2015-AMENDED_PROCUREMENT_AND_RDTE-2015-ARMY-OPA34 PROCUREMENT_JustificationBook_Army_PBAmended_2015.zzz_unzipped-PROCUREMENT_JustificationBook_Army_PBAmended_2015.json>
----------------------
[14/80]
FILEPATH = ./1-jbook-xml/2015-AMENDED_PROCUREMENT_AND_RDTE-2015-ARMY-PAA PROCUREMENT_JustificationBook_Army_PBAmended_2015.zzz_unzipped-PROCUREMENT_JustificationBook_Army_PBAmended_2015.xml
FILESIZE = 1456349
YEAR = 2015
JBOOK_TYPE = JustificationBook
@recordid = 4160d744ca41e1307287958394ff1d4ec51cb3c5c920cf17f2d778b97339eac6
@doctype = 2015-AMENDED_PROCUREMENT_AND_RDTE-JUSTIFICATIONBOOK
@filename = 2015-AMENDED_PROCUREMENT_AND_RDTE-2015-ARMY-PAA PROCUREMENT_JustificationBook_Army_PBAmended_2015.zzz_unzipped-PROCUREMENT_JustificationBook_Army_PBAmended_2015.xml
----------------------
<Writing ./2-jbook-json/2015-AMENDED_PROCUREMENT_AND_RDTE-2015-ARMY-PAA PROCUREMENT_JustificationBook_Army_PBAmended_2015.zzz_unzipped-PROCUREMENT_JustificationBook_Army_PBAmended_2015.json>
----------------------
[15/80]
FILEPATH = ./1-jbook-xml/2015-AMENDED_PROCUREMENT_AND_RDTE-2015-ARMY-RDTE_JustificationBook_Army_PBAmended_2015.zzz_unzipped-RDTE_JustificationBook_Army_PBAmended_2015.xml
FILESIZE = 138128
YEAR = 2015
JBOOK_TYPE = JustificationBook
@recordid = 78213e1735f987af8f7653ddb1dc1174e8b2a42205f1a0674731dadc57db7752
@doctype = 2015-AMENDED_PROCUREMENT_AND_RDTE-JUSTIFICATIONBOOK
@filename = 2015-AMENDED_PROCUREMENT_AND_RDTE-2015-ARMY-RDTE_JustificationBook_Army_PBAmended_2015.zzz_unzipped-RDTE_JustificationBook_Army_PBAmended_2015.xml
----------------------
<Writing ./2-jbook-json/2015-AMENDED_PROCUREMENT_AND_RDTE-2015-ARMY-RDTE_JustificationBook_Army_PBAmended_2015.zzz_unzipped-RDTE_JustificationBook_Army_PBAmended_2015.json>
----------------------
[16/80]
FILEPATH = ./1-jbook-xml/2015-AMENDED_PROCUREMENT_AND_RDTE-2015-DEFENSE_MASTER_JBOOK-PROCUREMENT_MasterJustificationBook_Defense-Wide_PBAmended_2015.zzz_unzipped-PROCUREMENT_MasterJustificationBook_Defense-Wide_PBAmended_2015.xml
FILESIZE = 710395
YEAR = 2015
JBOOK_TYPE = MasterJustificationBook
@recordid = 658bca951ab6f32bef8d8aff1ecfc3878988583c6a07f3f0b73c2a3ed0a7d328
@doctype = 2015-AMENDED_PROCUREMENT_AND_RDTE-MASTERJUSTIFICATIONBOOK
@filename = 2015-AMENDED_PROCUREMENT_AND_RDTE-2015-DEFENSE_MASTER_JBOOK-PROCUREMENT_MasterJustificationBook_Defense-Wide_PBAmended_2015.zzz_unzipped-PROCUREMENT_MasterJustificationBook_Defense-Wide_PBAmended_2015.xml
----------------------
<Writing ./2-jbook-json/2015-AMENDED_PROCUREMENT_AND_RDTE-2015-DEFENSE_MASTER_JBOOK-PROCUREMENT_MasterJustificationBook_Defense-Wide_PBAmended_2015.zzz_unzipped-PROCUREMENT_MasterJustificationBook_Defense-Wide_PBAmended_2015.json>
----------------------
[17/80]
FILEPATH = ./1-jbook-xml/2015-AMENDED_PROCUREMENT_AND_RDTE-2015-DISA-PROCUREMENT_JustificationBook_Defense_Information_Systems_Agency_PBAmended_2015.zzz_unzipped-PROCUREMENT_JustificationBook_Defense_Information_Systems_Agency_PBAmended_2015.xml
FILESIZE = 41385
YEAR = 2015
JBOOK_TYPE = JustificationBook
@recordid = 05ebc9c2f1069e7e7e90d3150065bfe216d05e33376f34967b2649f746790a1e
@doctype = 2015-AMENDED_PROCUREMENT_AND_RDTE-JUSTIFICATIONBOOK
@filename = 2015-AMENDED_PROCUREMENT_AND_RDTE-2015-DISA-PROCUREMENT_JustificationBook_Defense_Information_Systems_Agency_PBAmended_2015.zzz_unzipped-PROCUREMENT_JustificationBook_Defense_Information_Systems_Agency_PBAmended_2015.xml
----------------------
<Writing ./2-jbook-json/2015-AMENDED_PROCUREMENT_AND_RDTE-2015-DISA-PROCUREMENT_JustificationBook_Defense_Information_Systems_Agency_PBAmended_2015.zzz_unzipped-PROCUREMENT_JustificationBook_Defense_Information_Systems_Agency_PBAmended_2015.json>
----------------------
[18/80]
FILEPATH = ./1-jbook-xml/2015-AMENDED_PROCUREMENT_AND_RDTE-2015-DISA-PROCUREMENT_MasterJustificationBook_Defense_Information_Systems_Agency_PBAmended_2015.zzz_unzipped-PROCUREMENT_MasterJustificationBook_Defense_Information_Systems_Agency_PBAmended_2015.xml
FILESIZE = 55344
YEAR = 2015
JBOOK_TYPE = MasterJustificationBook
@recordid = 1651309665a053d8708d3131701fbbf11f48d56dda49d21fa5b148bb4b620f7d
@doctype = 2015-AMENDED_PROCUREMENT_AND_RDTE-MASTERJUSTIFICATIONBOOK
@filename = 2015-AMENDED_PROCUREMENT_AND_RDTE-2015-DISA-PROCUREMENT_MasterJustificationBook_Defense_Information_Systems_Agency_PBAmended_2015.zzz_unzipped-PROCUREMENT_MasterJustificationBook_Defense_Information_Systems_Agency_PBAmended_2015.xml
----------------------
<Writing ./2-jbook-json/2015-AMENDED_PROCUREMENT_AND_RDTE-2015-DISA-PROCUREMENT_MasterJustificationBook_Defense_Information_Systems_Agency_PBAmended_2015.zzz_unzipped-PROCUREMENT_MasterJustificationBook_Defense_Information_Systems_Agency_PBAmended_2015.json>
----------------------
[19/80]
FILEPATH = ./1-jbook-xml/2015-AMENDED_PROCUREMENT_AND_RDTE-2015-JUONF-PROCUREMENT_JustificationBook_Joint_Urgent_Operational_Needs_Fund_PBAmended_2015.zzz_unzipped-PROCUREMENT_JustificationBook_Joint_Urgent_Operational_Needs_Fund_PBAmended_2015.xml
FILESIZE = 6528
YEAR = 2015
JBOOK_TYPE = JustificationBook
@recordid = d21e2bcf827c30513c077c9ffc40564753a9f183ffd709265142be351d2779e5
@doctype = 2015-AMENDED_PROCUREMENT_AND_RDTE-JUSTIFICATIONBOOK
@filename = 2015-AMENDED_PROCUREMENT_AND_RDTE-2015-JUONF-PROCUREMENT_JustificationBook_Joint_Urgent_Operational_Needs_Fund_PBAmended_2015.zzz_unzipped-PROCUREMENT_JustificationBook_Joint_Urgent_Operational_Needs_Fund_PBAmended_2015.xml
----------------------
<Writing ./2-jbook-json/2015-AMENDED_PROCUREMENT_AND_RDTE-2015-JUONF-PROCUREMENT_JustificationBook_Joint_Urgent_Operational_Needs_Fund_PBAmended_2015.zzz_unzipped-PROCUREMENT_JustificationBook_Joint_Urgent_Operational_Needs_Fund_PBAmended_2015.json>
----------------------
[20/80]
FILEPATH = ./1-jbook-xml/2015-AMENDED_PROCUREMENT_AND_RDTE-2015-JUONF-PROCUREMENT_MasterJustificationBook_Joint_Urgent_Operational_Needs_Fund_PBAmended_2015.zzz_unzipped-PROCUREMENT_MasterJustificationBook_Joint_Urgent_Operational_Needs_Fund_PBAmended_2015.xml
FILESIZE = 12389
YEAR = 2015
JBOOK_TYPE = MasterJustificationBook
@recordid = e849cb39d880113ba2f27c4cc0e6ee8ba6df3a37c3f58e5a31ab96291bd445d4
@doctype = 2015-AMENDED_PROCUREMENT_AND_RDTE-MASTERJUSTIFICATIONBOOK
@filename = 2015-AMENDED_PROCUREMENT_AND_RDTE-2015-JUONF-PROCUREMENT_MasterJustificationBook_Joint_Urgent_Operational_Needs_Fund_PBAmended_2015.zzz_unzipped-PROCUREMENT_MasterJustificationBook_Joint_Urgent_Operational_Needs_Fund_PBAmended_2015.xml
----------------------
<Writing ./2-jbook-json/2015-AMENDED_PROCUREMENT_AND_RDTE-2015-JUONF-PROCUREMENT_MasterJustificationBook_Joint_Urgent_Operational_Needs_Fund_PBAmended_2015.zzz_unzipped-PROCUREMENT_MasterJustificationBook_Joint_Urgent_Operational_Needs_Fund_PBAmended_2015.json>
----------------------
[21/80]
FILEPATH = ./1-jbook-xml/2015-AMENDED_PROCUREMENT_AND_RDTE-2015-SOCOM-PROCUREMENT_JustificationBook_United_States_Special_Operations_Command_PBAmended_2015.zzz_unzipped-PROCUREMENT_JustificationBook_United_States_Special_Operations_Command_PBAmended_2015.xml
FILESIZE = 521833
YEAR = 2015
JBOOK_TYPE = JustificationBook
@recordid = 3c59520513615f15f1edb37feb79c96798feeeee539788a93ac6b865ffede197
@doctype = 2015-AMENDED_PROCUREMENT_AND_RDTE-JUSTIFICATIONBOOK
@filename = 2015-AMENDED_PROCUREMENT_AND_RDTE-2015-SOCOM-PROCUREMENT_JustificationBook_United_States_Special_Operations_Command_PBAmended_2015.zzz_unzipped-PROCUREMENT_JustificationBook_United_States_Special_Operations_Command_PBAmended_2015.xml
----------------------
<Writing ./2-jbook-json/2015-AMENDED_PROCUREMENT_AND_RDTE-2015-SOCOM-PROCUREMENT_JustificationBook_United_States_Special_Operations_Command_PBAmended_2015.zzz_unzipped-PROCUREMENT_JustificationBook_United_States_Special_Operations_Command_PBAmended_2015.json>
----------------------
[22/80]
FILEPATH = ./1-jbook-xml/2015-AMENDED_PROCUREMENT_AND_RDTE-2015-SOCOM-PROCUREMENT_MasterJustificationBook_United_States_Special_Operations_Command_PBAmended_2015.zzz_unzipped-PROCUREMENT_MasterJustificationBook_United_States_Special_Operations_Command_PBAmended_2015.xml
FILESIZE = 653531
YEAR = 2015
JBOOK_TYPE = MasterJustificationBook
@recordid = fdb22a9abca5443458560d5bf3281c2198fd08c22981535b69f8d6865601d813
@doctype = 2015-AMENDED_PROCUREMENT_AND_RDTE-MASTERJUSTIFICATIONBOOK
@filename = 2015-AMENDED_PROCUREMENT_AND_RDTE-2015-SOCOM-PROCUREMENT_MasterJustificationBook_United_States_Special_Operations_Command_PBAmended_2015.zzz_unzipped-PROCUREMENT_MasterJustificationBook_United_States_Special_Operations_Command_PBAmended_2015.xml
----------------------
<Writing ./2-jbook-json/2015-AMENDED_PROCUREMENT_AND_RDTE-2015-SOCOM-PROCUREMENT_MasterJustificationBook_United_States_Special_Operations_Command_PBAmended_2015.zzz_unzipped-PROCUREMENT_MasterJustificationBook_United_States_Special_Operations_Command_PBAmended_2015.json>
----------------------
[23/80]
FILEPATH = ./1-jbook-xml/2015-BASE_RDTE-2015-AIRFORCE_V1-RDTE_JustificationBook_Air_Force_PB_2015.zzz_unzipped-RDTE_JustificationBook_Air_Force_PB_2015.xml
FILESIZE = 1201558
YEAR = 2015
JBOOK_TYPE = JustificationBook
@recordid = 7bb3dfdb1cab02a0689999420739b6a76f63500d17e2642f0a7fc1a9f93f444f
@doctype = 2015-BASE_RDTE-JUSTIFICATIONBOOK
@filename = 2015-BASE_RDTE-2015-AIRFORCE_V1-RDTE_JustificationBook_Air_Force_PB_2015.zzz_unzipped-RDTE_JustificationBook_Air_Force_PB_2015.xml
----------------------
<Writing ./2-jbook-json/2015-BASE_RDTE-2015-AIRFORCE_V1-RDTE_JustificationBook_Air_Force_PB_2015.zzz_unzipped-RDTE_JustificationBook_Air_Force_PB_2015.json>
----------------------
[24/80]
FILEPATH = ./1-jbook-xml/2015-BASE_RDTE-2015-AIRFORCE_V1-RDTE_MasterJustificationBook_Air_Force_PB_2015.zzz_unzipped-RDTE_MasterJustificationBook_Air_Force_PB_2015.xml
FILESIZE = 11284711
YEAR = 2015
JBOOK_TYPE = MasterJustificationBook
@recordid = 3d4dd4af0393769a6a410a93b10826a8ce3be64016429b8538f1ddc517f2807a
@doctype = 2015-BASE_RDTE-MASTERJUSTIFICATIONBOOK
@filename = 2015-BASE_RDTE-2015-AIRFORCE_V1-RDTE_MasterJustificationBook_Air_Force_PB_2015.zzz_unzipped-RDTE_MasterJustificationBook_Air_Force_PB_2015.xml
----------------------
<Writing ./2-jbook-json/2015-BASE_RDTE-2015-AIRFORCE_V1-RDTE_MasterJustificationBook_Air_Force_PB_2015.zzz_unzipped-RDTE_MasterJustificationBook_Air_Force_PB_2015.json>
----------------------
[25/80]
FILEPATH = ./1-jbook-xml/2015-BASE_RDTE-2015-AIRFORCE_V2-RDTE_JustificationBook_Air_Force_PB_2015.zzz_unzipped-RDTE_JustificationBook_Air_Force_PB_2015.xml
FILESIZE = 3490200
YEAR = 2015
JBOOK_TYPE = JustificationBook
@recordid = ed63cc0287d50dc9a69fe447768ee87b8934d77a45804b400759c021f8567449
@doctype = 2015-BASE_RDTE-JUSTIFICATIONBOOK
@filename = 2015-BASE_RDTE-2015-AIRFORCE_V2-RDTE_JustificationBook_Air_Force_PB_2015.zzz_unzipped-RDTE_JustificationBook_Air_Force_PB_2015.xml
----------------------
<Writing ./2-jbook-json/2015-BASE_RDTE-2015-AIRFORCE_V2-RDTE_JustificationBook_Air_Force_PB_2015.zzz_unzipped-RDTE_JustificationBook_Air_Force_PB_2015.json>
----------------------
[26/80]
FILEPATH = ./1-jbook-xml/2015-BASE_RDTE-2015-AIRFORCE_V2-RDTE_MasterJustificationBook_Air_Force_PB_2015.zzz_unzipped-RDTE_MasterJustificationBook_Air_Force_PB_2015.xml
FILESIZE = 11284711
YEAR = 2015
JBOOK_TYPE = MasterJustificationBook
@recordid = 3d4dd4af0393769a6a410a93b10826a8ce3be64016429b8538f1ddc517f2807a
@doctype = 2015-BASE_RDTE-MASTERJUSTIFICATIONBOOK
@filename = 2015-BASE_RDTE-2015-AIRFORCE_V2-RDTE_MasterJustificationBook_Air_Force_PB_2015.zzz_unzipped-RDTE_MasterJustificationBook_Air_Force_PB_2015.xml
----------------------
<Writing ./2-jbook-json/2015-BASE_RDTE-2015-AIRFORCE_V2-RDTE_MasterJustificationBook_Air_Force_PB_2015.zzz_unzipped-RDTE_MasterJustificationBook_Air_Force_PB_2015.json>
----------------------
[27/80]
FILEPATH = ./1-jbook-xml/2015-BASE_RDTE-2015-AIRFORCE_V3A-RDTE_JustificationBook_Air_Force_PB_2015.zzz_unzipped-RDTE_JustificationBook_Air_Force_PB_2015.xml
FILESIZE = 2358326
YEAR = 2015
JBOOK_TYPE = JustificationBook
@recordid = b7e4709717302d1534fddde07e12f39031c16ac0b165c1f6a8cb3d00e3e9cbf6
@doctype = 2015-BASE_RDTE-JUSTIFICATIONBOOK
@filename = 2015-BASE_RDTE-2015-AIRFORCE_V3A-RDTE_JustificationBook_Air_Force_PB_2015.zzz_unzipped-RDTE_JustificationBook_Air_Force_PB_2015.xml
----------------------
<Writing ./2-jbook-json/2015-BASE_RDTE-2015-AIRFORCE_V3A-RDTE_JustificationBook_Air_Force_PB_2015.zzz_unzipped-RDTE_JustificationBook_Air_Force_PB_2015.json>
----------------------
[28/80]
FILEPATH = ./1-jbook-xml/2015-BASE_RDTE-2015-AIRFORCE_V3A-RDTE_MasterJustificationBook_Air_Force_PB_2015.zzz_unzipped-RDTE_MasterJustificationBook_Air_Force_PB_2015.xml
FILESIZE = 11284711
YEAR = 2015
JBOOK_TYPE = MasterJustificationBook
@recordid = 3d4dd4af0393769a6a410a93b10826a8ce3be64016429b8538f1ddc517f2807a
@doctype = 2015-BASE_RDTE-MASTERJUSTIFICATIONBOOK
@filename = 2015-BASE_RDTE-2015-AIRFORCE_V3A-RDTE_MasterJustificationBook_Air_Force_PB_2015.zzz_unzipped-RDTE_MasterJustificationBook_Air_Force_PB_2015.xml
----------------------
<Writing ./2-jbook-json/2015-BASE_RDTE-2015-AIRFORCE_V3A-RDTE_MasterJustificationBook_Air_Force_PB_2015.zzz_unzipped-RDTE_MasterJustificationBook_Air_Force_PB_2015.json>
----------------------
[29/80]
FILEPATH = ./1-jbook-xml/2015-BASE_RDTE-2015-AIRFORCE_V3B-RDTE_JustificationBook_Air_Force_PB_2015.zzz_unzipped-RDTE_JustificationBook_Air_Force_PB_2015.xml
FILESIZE = 2256922
YEAR = 2015
JBOOK_TYPE = JustificationBook
@recordid = 96a10ebfc924d352740d2be527123be484ac03239a34aeb52c31c0ab00890f10
@doctype = 2015-BASE_RDTE-JUSTIFICATIONBOOK
@filename = 2015-BASE_RDTE-2015-AIRFORCE_V3B-RDTE_JustificationBook_Air_Force_PB_2015.zzz_unzipped-RDTE_JustificationBook_Air_Force_PB_2015.xml
----------------------
<Writing ./2-jbook-json/2015-BASE_RDTE-2015-AIRFORCE_V3B-RDTE_JustificationBook_Air_Force_PB_2015.zzz_unzipped-RDTE_JustificationBook_Air_Force_PB_2015.json>
----------------------
[30/80]
FILEPATH = ./1-jbook-xml/2015-BASE_RDTE-2015-AIRFORCE_V3B-RDTE_MasterJustificationBook_Air_Force_PB_2015.zzz_unzipped-RDTE_MasterJustificationBook_Air_Force_PB_2015.xml
FILESIZE = 11284711
YEAR = 2015
JBOOK_TYPE = MasterJustificationBook
@recordid = 3d4dd4af0393769a6a410a93b10826a8ce3be64016429b8538f1ddc517f2807a
@doctype = 2015-BASE_RDTE-MASTERJUSTIFICATIONBOOK
@filename = 2015-BASE_RDTE-2015-AIRFORCE_V3B-RDTE_MasterJustificationBook_Air_Force_PB_2015.zzz_unzipped-RDTE_MasterJustificationBook_Air_Force_PB_2015.xml
----------------------
<Writing ./2-jbook-json/2015-BASE_RDTE-2015-AIRFORCE_V3B-RDTE_MasterJustificationBook_Air_Force_PB_2015.zzz_unzipped-RDTE_MasterJustificationBook_Air_Force_PB_2015.json>
----------------------
[31/80]
FILEPATH = ./1-jbook-xml/2015-BASE_RDTE-2015-ARMY_BA1-RDTE_JustificationBook_Army_PB_2015.zzz_unzipped-RDTE_JustificationBook_Army_PB_2015.xml
FILESIZE = 580377
YEAR = 2015
JBOOK_TYPE = JustificationBook
@recordid = d328ea78d315dc23e071c70bd92403a295e1c2d05202404f1625aed8f8c290da
@doctype = 2015-BASE_RDTE-JUSTIFICATIONBOOK
@filename = 2015-BASE_RDTE-2015-ARMY_BA1-RDTE_JustificationBook_Army_PB_2015.zzz_unzipped-RDTE_JustificationBook_Army_PB_2015.xml
----------------------
<Writing ./2-jbook-json/2015-BASE_RDTE-2015-ARMY_BA1-RDTE_JustificationBook_Army_PB_2015.zzz_unzipped-RDTE_JustificationBook_Army_PB_2015.json>
----------------------
[32/80]
FILEPATH = ./1-jbook-xml/2015-BASE_RDTE-2015-ARMY_BA2-RDTE_JustificationBook_Army_PB_2015.zzz_unzipped-RDTE_JustificationBook_Army_PB_2015.xml
FILESIZE = 1087918
YEAR = 2015
JBOOK_TYPE = JustificationBook
@recordid = cb9c6a3be925c474519b60300550d61cfb61e38e867b19fd6718feaf574cebae
@doctype = 2015-BASE_RDTE-JUSTIFICATIONBOOK
@filename = 2015-BASE_RDTE-2015-ARMY_BA2-RDTE_JustificationBook_Army_PB_2015.zzz_unzipped-RDTE_JustificationBook_Army_PB_2015.xml
----------------------
<Writing ./2-jbook-json/2015-BASE_RDTE-2015-ARMY_BA2-RDTE_JustificationBook_Army_PB_2015.zzz_unzipped-RDTE_JustificationBook_Army_PB_2015.json>
----------------------
[33/80]
FILEPATH = ./1-jbook-xml/2015-BASE_RDTE-2015-ARMY_BA3-RDTE_JustificationBook_Army_PB_2015.zzz_unzipped-RDTE_JustificationBook_Army_PB_2015.xml
FILESIZE = 835032
YEAR = 2015
JBOOK_TYPE = JustificationBook
@recordid = 2bd2e921637abd9bd35f13f3e530b3bf5a442653024c65fe2710a4f718b2ce45
@doctype = 2015-BASE_RDTE-JUSTIFICATIONBOOK
@filename = 2015-BASE_RDTE-2015-ARMY_BA3-RDTE_JustificationBook_Army_PB_2015.zzz_unzipped-RDTE_JustificationBook_Army_PB_2015.xml
----------------------
<Writing ./2-jbook-json/2015-BASE_RDTE-2015-ARMY_BA3-RDTE_JustificationBook_Army_PB_2015.zzz_unzipped-RDTE_JustificationBook_Army_PB_2015.json>
----------------------
[34/80]
FILEPATH = ./1-jbook-xml/2015-BASE_RDTE-2015-ARMY_BA4-RDTE_JustificationBook_Army_PB_2015.zzz_unzipped-RDTE_JustificationBook_Army_PB_2015.xml
FILESIZE = 1632128
YEAR = 2015
JBOOK_TYPE = JustificationBook
@recordid = 55b8fbee8100441df6d9258d9f2c5a48010d1fa5749fc5dfee5b09002fa285b8
@doctype = 2015-BASE_RDTE-JUSTIFICATIONBOOK
@filename = 2015-BASE_RDTE-2015-ARMY_BA4-RDTE_JustificationBook_Army_PB_2015.zzz_unzipped-RDTE_JustificationBook_Army_PB_2015.xml
----------------------
<Writing ./2-jbook-json/2015-BASE_RDTE-2015-ARMY_BA4-RDTE_JustificationBook_Army_PB_2015.zzz_unzipped-RDTE_JustificationBook_Army_PB_2015.json>
----------------------
[35/80]
FILEPATH = ./1-jbook-xml/2015-BASE_RDTE-2015-ARMY_BA5A-RDTE_JustificationBook_Army_PB_2015.zzz_unzipped-RDTE_JustificationBook_Army_PB_2015.xml
FILESIZE = 5118346
YEAR = 2015
JBOOK_TYPE = JustificationBook
@recordid = c6bceda91acf4bdbf8180b86bffaffc8d9ea3eb7b562e2d7621c207f4c983a7f
@doctype = 2015-BASE_RDTE-JUSTIFICATIONBOOK
@filename = 2015-BASE_RDTE-2015-ARMY_BA5A-RDTE_JustificationBook_Army_PB_2015.zzz_unzipped-RDTE_JustificationBook_Army_PB_2015.xml
----------------------
<Writing ./2-jbook-json/2015-BASE_RDTE-2015-ARMY_BA5A-RDTE_JustificationBook_Army_PB_2015.zzz_unzipped-RDTE_JustificationBook_Army_PB_2015.json>
----------------------
[36/80]
FILEPATH = ./1-jbook-xml/2015-BASE_RDTE-2015-ARMY_BA5B-RDTE_JustificationBook_Army_PB_2015.zzz_unzipped-RDTE_JustificationBook_Army_PB_2015.xml
FILESIZE = 5118346
YEAR = 2015
JBOOK_TYPE = JustificationBook
@recordid = c6bceda91acf4bdbf8180b86bffaffc8d9ea3eb7b562e2d7621c207f4c983a7f
@doctype = 2015-BASE_RDTE-JUSTIFICATIONBOOK
@filename = 2015-BASE_RDTE-2015-ARMY_BA5B-RDTE_JustificationBook_Army_PB_2015.zzz_unzipped-RDTE_JustificationBook_Army_PB_2015.xml
----------------------
<Writing ./2-jbook-json/2015-BASE_RDTE-2015-ARMY_BA5B-RDTE_JustificationBook_Army_PB_2015.zzz_unzipped-RDTE_JustificationBook_Army_PB_2015.json>
----------------------
[37/80]
FILEPATH = ./1-jbook-xml/2015-BASE_RDTE-2015-ARMY_BA6-RDTE_JustificationBook_Army_PB_2015.zzz_unzipped-RDTE_JustificationBook_Army_PB_2015.xml
FILESIZE = 875602
YEAR = 2015
JBOOK_TYPE = JustificationBook
@recordid = 29ed75aef5fcdc1bc38464df715fd2fa41570e5ec2185dad2b26b37c10c23c84
@doctype = 2015-BASE_RDTE-JUSTIFICATIONBOOK
@filename = 2015-BASE_RDTE-2015-ARMY_BA6-RDTE_JustificationBook_Army_PB_2015.zzz_unzipped-RDTE_JustificationBook_Army_PB_2015.xml
----------------------
<Writing ./2-jbook-json/2015-BASE_RDTE-2015-ARMY_BA6-RDTE_JustificationBook_Army_PB_2015.zzz_unzipped-RDTE_JustificationBook_Army_PB_2015.json>
----------------------
[38/80]
FILEPATH = ./1-jbook-xml/2015-BASE_RDTE-2015-ARMY_BA7-RDTE_JustificationBook_Army_PB_2015.zzz_unzipped-RDTE_JustificationBook_Army_PB_2015.xml
FILESIZE = 2002271
YEAR = 2015
JBOOK_TYPE = JustificationBook
@recordid = 65f50c0bc926ef47fefcc0827aecb66aee7c4ec1202810e80c88001b9090cb58
@doctype = 2015-BASE_RDTE-JUSTIFICATIONBOOK
@filename = 2015-BASE_RDTE-2015-ARMY_BA7-RDTE_JustificationBook_Army_PB_2015.zzz_unzipped-RDTE_JustificationBook_Army_PB_2015.xml
----------------------
<Writing ./2-jbook-json/2015-BASE_RDTE-2015-ARMY_BA7-RDTE_JustificationBook_Army_PB_2015.zzz_unzipped-RDTE_JustificationBook_Army_PB_2015.json>
----------------------
[39/80]
FILEPATH = ./1-jbook-xml/2015-BASE_RDTE-2015-CDBP-RDTE_JustificationBook_Chemical_and_Biological_Defense_Program_PB_2015.zzz_unzipped-RDTE_JustificationBook_Chemical_and_Biological_Defense_Program_PB_2015.xml
FILESIZE = 1363359
YEAR = 2015
JBOOK_TYPE = JustificationBook
@recordid = e210cd473909c8f26cc4babbf6d82f44800122ff6ba147bc0d82cb19e6e87bab
@doctype = 2015-BASE_RDTE-JUSTIFICATIONBOOK
@filename = 2015-BASE_RDTE-2015-CDBP-RDTE_JustificationBook_Chemical_and_Biological_Defense_Program_PB_2015.zzz_unzipped-RDTE_JustificationBook_Chemical_and_Biological_Defense_Program_PB_2015.xml
----------------------
<Writing ./2-jbook-json/2015-BASE_RDTE-2015-CDBP-RDTE_JustificationBook_Chemical_and_Biological_Defense_Program_PB_2015.zzz_unzipped-RDTE_JustificationBook_Chemical_and_Biological_Defense_Program_PB_2015.json>
----------------------
[40/80]
FILEPATH = ./1-jbook-xml/2015-BASE_RDTE-2015-CDBP-RDTE_MasterJustificationBook_Chemical_and_Biological_Defense_Program_PB_2015.zzz_unzipped-RDTE_MasterJustificationBook_Chemical_and_Biological_Defense_Program_PB_2015.xml
FILESIZE = 1666237
YEAR = 2015
JBOOK_TYPE = MasterJustificationBook
@recordid = 59f794e04f7ad7c393289d523a2836893ee5640ce8779297ebaca31c4240909c
@doctype = 2015-BASE_RDTE-MASTERJUSTIFICATIONBOOK
@filename = 2015-BASE_RDTE-2015-CDBP-RDTE_MasterJustificationBook_Chemical_and_Biological_Defense_Program_PB_2015.zzz_unzipped-RDTE_MasterJustificationBook_Chemical_and_Biological_Defense_Program_PB_2015.xml
----------------------
<Writing ./2-jbook-json/2015-BASE_RDTE-2015-CDBP-RDTE_MasterJustificationBook_Chemical_and_Biological_Defense_Program_PB_2015.zzz_unzipped-RDTE_MasterJustificationBook_Chemical_and_Biological_Defense_Program_PB_2015.json>
----------------------
[41/80]
FILEPATH = ./1-jbook-xml/2015-BASE_RDTE-2015-DARPA-RDTE_JustificationBook_Defense_Advanced_Research_Projects_Agency_PB_2015.zzz_unzipped-RDTE_JustificationBook_Defense_Advanced_Research_Projects_Agency_PB_2015.xml
FILESIZE = 1083242
YEAR = 2015
JBOOK_TYPE = JustificationBook
@recordid = beb8442b279b16636ededfd6b3f4429936c57bce5f6b6d8e32ab87052208658e
@doctype = 2015-BASE_RDTE-JUSTIFICATIONBOOK
@filename = 2015-BASE_RDTE-2015-DARPA-RDTE_JustificationBook_Defense_Advanced_Research_Projects_Agency_PB_2015.zzz_unzipped-RDTE_JustificationBook_Defense_Advanced_Research_Projects_Agency_PB_2015.xml
----------------------
<Writing ./2-jbook-json/2015-BASE_RDTE-2015-DARPA-RDTE_JustificationBook_Defense_Advanced_Research_Projects_Agency_PB_2015.zzz_unzipped-RDTE_JustificationBook_Defense_Advanced_Research_Projects_Agency_PB_2015.json>
----------------------
[42/80]
FILEPATH = ./1-jbook-xml/2015-BASE_RDTE-2015-DARPA-RDTE_MasterJustificationBook_Defense_Advanced_Research_Projects_Agency_PB_2015.zzz_unzipped-RDTE_MasterJustificationBook_Defense_Advanced_Research_Projects_Agency_PB_2015.xml
FILESIZE = 1225112
YEAR = 2015
JBOOK_TYPE = MasterJustificationBook
@recordid = 134b01c968ca200af51cfb22837e89eb26d21b5e2f254c42284312e3fde9e045
@doctype = 2015-BASE_RDTE-MASTERJUSTIFICATIONBOOK
@filename = 2015-BASE_RDTE-2015-DARPA-RDTE_MasterJustificationBook_Defense_Advanced_Research_Projects_Agency_PB_2015.zzz_unzipped-RDTE_MasterJustificationBook_Defense_Advanced_Research_Projects_Agency_PB_2015.xml
----------------------
<Writing ./2-jbook-json/2015-BASE_RDTE-2015-DARPA-RDTE_MasterJustificationBook_Defense_Advanced_Research_Projects_Agency_PB_2015.zzz_unzipped-RDTE_MasterJustificationBook_Defense_Advanced_Research_Projects_Agency_PB_2015.json>
----------------------
[43/80]
FILEPATH = ./1-jbook-xml/2015-BASE_RDTE-2015-DCMA-RDTE_JustificationBook_Defense_Contract_Management_Agency_PB_2015.zzz_unzipped-RDTE_JustificationBook_Defense_Contract_Management_Agency_PB_2015.xml
FILESIZE = 41056
YEAR = 2015
JBOOK_TYPE = JustificationBook
@recordid = d6d8ee8569064a896ae45633c957dab5c923acfb6fa89953971273abff6f6dfd
@doctype = 2015-BASE_RDTE-JUSTIFICATIONBOOK
@filename = 2015-BASE_RDTE-2015-DCMA-RDTE_JustificationBook_Defense_Contract_Management_Agency_PB_2015.zzz_unzipped-RDTE_JustificationBook_Defense_Contract_Management_Agency_PB_2015.xml
----------------------
<Writing ./2-jbook-json/2015-BASE_RDTE-2015-DCMA-RDTE_JustificationBook_Defense_Contract_Management_Agency_PB_2015.zzz_unzipped-RDTE_JustificationBook_Defense_Contract_Management_Agency_PB_2015.json>
----------------------
[44/80]
FILEPATH = ./1-jbook-xml/2015-BASE_RDTE-2015-DCMA-RDTE_MasterJustificationBook_Defense_Contract_Management_Agency_PB_2015.zzz_unzipped-RDTE_MasterJustificationBook_Defense_Contract_Management_Agency_PB_2015.xml
FILESIZE = 55805
YEAR = 2015
JBOOK_TYPE = MasterJustificationBook
@recordid = 2ace660d224d1d3c13e3e2ba3c0ec1c39ac8b5b9feb52bca3c6c5d37efc8b740
@doctype = 2015-BASE_RDTE-MASTERJUSTIFICATIONBOOK
@filename = 2015-BASE_RDTE-2015-DCMA-RDTE_MasterJustificationBook_Defense_Contract_Management_Agency_PB_2015.zzz_unzipped-RDTE_MasterJustificationBook_Defense_Contract_Management_Agency_PB_2015.xml
----------------------
<Writing ./2-jbook-json/2015-BASE_RDTE-2015-DCMA-RDTE_MasterJustificationBook_Defense_Contract_Management_Agency_PB_2015.zzz_unzipped-RDTE_MasterJustificationBook_Defense_Contract_Management_Agency_PB_2015.json>
----------------------
[45/80]
FILEPATH = ./1-jbook-xml/2015-BASE_RDTE-2015-DHRA-RDTE_JustificationBook_DoD_Human_Resources_Activity_PB_2015.zzz_unzipped-RDTE_JustificationBook_DoD_Human_Resources_Activity_PB_2015.xml
FILESIZE = 78752
YEAR = 2015
JBOOK_TYPE = JustificationBook
@recordid = 1297cc441449887e4aa23a9319ceeed99202f2c2b6ea80bed44d13eb2216529c
@doctype = 2015-BASE_RDTE-JUSTIFICATIONBOOK
@filename = 2015-BASE_RDTE-2015-DHRA-RDTE_JustificationBook_DoD_Human_Resources_Activity_PB_2015.zzz_unzipped-RDTE_JustificationBook_DoD_Human_Resources_Activity_PB_2015.xml
----------------------
<Writing ./2-jbook-json/2015-BASE_RDTE-2015-DHRA-RDTE_JustificationBook_DoD_Human_Resources_Activity_PB_2015.zzz_unzipped-RDTE_JustificationBook_DoD_Human_Resources_Activity_PB_2015.json>
----------------------
[46/80]
FILEPATH = ./1-jbook-xml/2015-BASE_RDTE-2015-DHRA-RDTE_MasterJustificationBook_DoD_Human_Resources_Activity_PB_2015.zzz_unzipped-RDTE_MasterJustificationBook_DoD_Human_Resources_Activity_PB_2015.xml
FILESIZE = 95657
YEAR = 2015
JBOOK_TYPE = MasterJustificationBook
@recordid = 76512dd211d1d74a50e61e034e6dcc748d0babdee114e4251e7c571f6fd348ff
@doctype = 2015-BASE_RDTE-MASTERJUSTIFICATIONBOOK
@filename = 2015-BASE_RDTE-2015-DHRA-RDTE_MasterJustificationBook_DoD_Human_Resources_Activity_PB_2015.zzz_unzipped-RDTE_MasterJustificationBook_DoD_Human_Resources_Activity_PB_2015.xml
----------------------
<Writing ./2-jbook-json/2015-BASE_RDTE-2015-DHRA-RDTE_MasterJustificationBook_DoD_Human_Resources_Activity_PB_2015.zzz_unzipped-RDTE_MasterJustificationBook_DoD_Human_Resources_Activity_PB_2015.json>
----------------------
[47/80]
FILEPATH = ./1-jbook-xml/2015-BASE_RDTE-2015-DISA-RDTE_JustificationBook_Defense_Information_Systems_Agency_PB_2015.zzz_unzipped-RDTE_JustificationBook_Defense_Information_Systems_Agency_PB_2015.xml
FILESIZE = 964154
YEAR = 2015
JBOOK_TYPE = JustificationBook
@recordid = e89bd360e6f2194b5873b394759d85d9468cb5c90f00f927e6e3e826dfc725ec
@doctype = 2015-BASE_RDTE-JUSTIFICATIONBOOK
@filename = 2015-BASE_RDTE-2015-DISA-RDTE_JustificationBook_Defense_Information_Systems_Agency_PB_2015.zzz_unzipped-RDTE_JustificationBook_Defense_Information_Systems_Agency_PB_2015.xml
----------------------
<Writing ./2-jbook-json/2015-BASE_RDTE-2015-DISA-RDTE_JustificationBook_Defense_Information_Systems_Agency_PB_2015.zzz_unzipped-RDTE_JustificationBook_Defense_Information_Systems_Agency_PB_2015.json>
----------------------
[48/80]
FILEPATH = ./1-jbook-xml/2015-BASE_RDTE-2015-DISA-RDTE_MasterJustificationBook_Defense_Information_Systems_Agency_PB_2015.zzz_unzipped-RDTE_MasterJustificationBook_Defense_Information_Systems_Agency_PB_2015.xml
FILESIZE = 1183747
YEAR = 2015
JBOOK_TYPE = MasterJustificationBook
@recordid = ce934034bf2544b4d05ba605200bfd042acd8842327236872d449550a371ff4b
@doctype = 2015-BASE_RDTE-MASTERJUSTIFICATIONBOOK
@filename = 2015-BASE_RDTE-2015-DISA-RDTE_MasterJustificationBook_Defense_Information_Systems_Agency_PB_2015.zzz_unzipped-RDTE_MasterJustificationBook_Defense_Information_Systems_Agency_PB_2015.xml
----------------------
<Writing ./2-jbook-json/2015-BASE_RDTE-2015-DISA-RDTE_MasterJustificationBook_Defense_Information_Systems_Agency_PB_2015.zzz_unzipped-RDTE_MasterJustificationBook_Defense_Information_Systems_Agency_PB_2015.json>
----------------------
[49/80]
FILEPATH = ./1-jbook-xml/2015-BASE_RDTE-2015-DLA-RDTE_JustificationBook_Defense_Logistics_Agency_PB_2015.zzz_unzipped-RDTE_JustificationBook_Defense_Logistics_Agency_PB_2015.xml
FILESIZE = 342166
YEAR = 2015
JBOOK_TYPE = JustificationBook
@recordid = 5f6b2f835ba35a18b309a9b979f8c2f9b8d3c36b054a3061d67fdfb0727aed2d
@doctype = 2015-BASE_RDTE-JUSTIFICATIONBOOK
@filename = 2015-BASE_RDTE-2015-DLA-RDTE_JustificationBook_Defense_Logistics_Agency_PB_2015.zzz_unzipped-RDTE_JustificationBook_Defense_Logistics_Agency_PB_2015.xml
----------------------
<Writing ./2-jbook-json/2015-BASE_RDTE-2015-DLA-RDTE_JustificationBook_Defense_Logistics_Agency_PB_2015.zzz_unzipped-RDTE_JustificationBook_Defense_Logistics_Agency_PB_2015.json>
----------------------
[50/80]
FILEPATH = ./1-jbook-xml/2015-BASE_RDTE-2015-DLA-RDTE_MasterJustificationBook_Defense_Logistics_Agency_PB_2015.zzz_unzipped-RDTE_MasterJustificationBook_Defense_Logistics_Agency_PB_2015.xml
FILESIZE = 396436
YEAR = 2015
JBOOK_TYPE = MasterJustificationBook
@recordid = 00ab46cda713b68b650f87079654b9acefde43657f4600abced6fe9c040ce7f7
@doctype = 2015-BASE_RDTE-MASTERJUSTIFICATIONBOOK
@filename = 2015-BASE_RDTE-2015-DLA-RDTE_MasterJustificationBook_Defense_Logistics_Agency_PB_2015.zzz_unzipped-RDTE_MasterJustificationBook_Defense_Logistics_Agency_PB_2015.xml
----------------------
<Writing ./2-jbook-json/2015-BASE_RDTE-2015-DLA-RDTE_MasterJustificationBook_Defense_Logistics_Agency_PB_2015.zzz_unzipped-RDTE_MasterJustificationBook_Defense_Logistics_Agency_PB_2015.json>
----------------------
[51/80]
FILEPATH = ./1-jbook-xml/2015-BASE_RDTE-2015-DSCA-RDTE_JustificationBook_Defense_Security_Cooperation_Agency_PB_2015.zzz_unzipped-RDTE_JustificationBook_Defense_Security_Cooperation_Agency_PB_2015.xml
FILESIZE = 124867
YEAR = 2015
JBOOK_TYPE = JustificationBook
@recordid = 1c3ab7a1053592f4dd4a975c1ede9cab72d0c96268d125c4edbf922cd314a4d2
@doctype = 2015-BASE_RDTE-JUSTIFICATIONBOOK
@filename = 2015-BASE_RDTE-2015-DSCA-RDTE_JustificationBook_Defense_Security_Cooperation_Agency_PB_2015.zzz_unzipped-RDTE_JustificationBook_Defense_Security_Cooperation_Agency_PB_2015.xml
----------------------
<Writing ./2-jbook-json/2015-BASE_RDTE-2015-DSCA-RDTE_JustificationBook_Defense_Security_Cooperation_Agency_PB_2015.zzz_unzipped-RDTE_JustificationBook_Defense_Security_Cooperation_Agency_PB_2015.json>
----------------------
[52/80]
FILEPATH = ./1-jbook-xml/2015-BASE_RDTE-2015-DSCA-RDTE_MasterJustificationBook_Defense_Security_Cooperation_Agency_PB_2015.zzz_unzipped-RDTE_MasterJustificationBook_Defense_Security_Cooperation_Agency_PB_2015.xml
FILESIZE = 157034
YEAR = 2015
JBOOK_TYPE = MasterJustificationBook
@recordid = 72a730a822559105950d612c965fa6637960641f4508f8e0005c744b2a707651
@doctype = 2015-BASE_RDTE-MASTERJUSTIFICATIONBOOK
@filename = 2015-BASE_RDTE-2015-DSCA-RDTE_MasterJustificationBook_Defense_Security_Cooperation_Agency_PB_2015.zzz_unzipped-RDTE_MasterJustificationBook_Defense_Security_Cooperation_Agency_PB_2015.xml
----------------------
<Writing ./2-jbook-json/2015-BASE_RDTE-2015-DSCA-RDTE_MasterJustificationBook_Defense_Security_Cooperation_Agency_PB_2015.zzz_unzipped-RDTE_MasterJustificationBook_Defense_Security_Cooperation_Agency_PB_2015.json>
----------------------
[53/80]
FILEPATH = ./1-jbook-xml/2015-BASE_RDTE-2015-DSS-RDTE_JustificationBook_Defense_Security_Service_PB_2015.zzz_unzipped-RDTE_JustificationBook_Defense_Security_Service_PB_2015.xml
FILESIZE = 29543
YEAR = 2015
JBOOK_TYPE = JustificationBook
@recordid = 9ecd700892be3abef3c9e46022b9a89d630a3b1681fee73698344fd3b09c6e0c
@doctype = 2015-BASE_RDTE-JUSTIFICATIONBOOK
@filename = 2015-BASE_RDTE-2015-DSS-RDTE_JustificationBook_Defense_Security_Service_PB_2015.zzz_unzipped-RDTE_JustificationBook_Defense_Security_Service_PB_2015.xml
----------------------
<Writing ./2-jbook-json/2015-BASE_RDTE-2015-DSS-RDTE_JustificationBook_Defense_Security_Service_PB_2015.zzz_unzipped-RDTE_JustificationBook_Defense_Security_Service_PB_2015.json>
----------------------
[54/80]
FILEPATH = ./1-jbook-xml/2015-BASE_RDTE-2015-DSS-RDTE_MasterJustificationBook_Defense_Security_Service_PB_2015.zzz_unzipped-RDTE_MasterJustificationBook_Defense_Security_Service_PB_2015.xml
FILESIZE = 39170
YEAR = 2015
JBOOK_TYPE = MasterJustificationBook
@recordid = 1363c129f711f42c9553c9ed2bd50d13ec26f03bf604dc4ecc75140ffbc6de12
@doctype = 2015-BASE_RDTE-MASTERJUSTIFICATIONBOOK
@filename = 2015-BASE_RDTE-2015-DSS-RDTE_MasterJustificationBook_Defense_Security_Service_PB_2015.zzz_unzipped-RDTE_MasterJustificationBook_Defense_Security_Service_PB_2015.xml
----------------------
<Writing ./2-jbook-json/2015-BASE_RDTE-2015-DSS-RDTE_MasterJustificationBook_Defense_Security_Service_PB_2015.zzz_unzipped-RDTE_MasterJustificationBook_Defense_Security_Service_PB_2015.json>
----------------------
[55/80]
FILEPATH = ./1-jbook-xml/2015-BASE_RDTE-2015-DTIC-RDTE_JustificationBook_Defense_Technical_Information_Center_PB_2015.zzz_unzipped-RDTE_JustificationBook_Defense_Technical_Information_Center_PB_2015.xml
FILESIZE = 36061
YEAR = 2015
JBOOK_TYPE = JustificationBook
@recordid = 935f60e93dacb6cf0c20ff3848ba8ad86872cbfdcfa5476d6d996cae6a6fd6e3
@doctype = 2015-BASE_RDTE-JUSTIFICATIONBOOK
@filename = 2015-BASE_RDTE-2015-DTIC-RDTE_JustificationBook_Defense_Technical_Information_Center_PB_2015.zzz_unzipped-RDTE_JustificationBook_Defense_Technical_Information_Center_PB_2015.xml
----------------------
<Writing ./2-jbook-json/2015-BASE_RDTE-2015-DTIC-RDTE_JustificationBook_Defense_Technical_Information_Center_PB_2015.zzz_unzipped-RDTE_JustificationBook_Defense_Technical_Information_Center_PB_2015.json>
----------------------
[56/80]
FILEPATH = ./1-jbook-xml/2015-BASE_RDTE-2015-DTIC-RDTE_MasterJustificationBook_Defense_Technical_Information_Center_PB_2015.zzz_unzipped-RDTE_MasterJustificationBook_Defense_Technical_Information_Center_PB_2015.xml
FILESIZE = 44573
YEAR = 2015
JBOOK_TYPE = MasterJustificationBook
@recordid = 2e5246c707fc8cbdee6ae16c67a35786c263615907994b4043e2ab9e4b0e8c31
@doctype = 2015-BASE_RDTE-MASTERJUSTIFICATIONBOOK
@filename = 2015-BASE_RDTE-2015-DTIC-RDTE_MasterJustificationBook_Defense_Technical_Information_Center_PB_2015.zzz_unzipped-RDTE_MasterJustificationBook_Defense_Technical_Information_Center_PB_2015.xml
----------------------
<Writing ./2-jbook-json/2015-BASE_RDTE-2015-DTIC-RDTE_MasterJustificationBook_Defense_Technical_Information_Center_PB_2015.zzz_unzipped-RDTE_MasterJustificationBook_Defense_Technical_Information_Center_PB_2015.json>
----------------------
[57/80]
FILEPATH = ./1-jbook-xml/2015-BASE_RDTE-2015-DTRA-RDTE_JustificationBook_Defense_Threat_Reduction_Agency_PB_2015.zzz_unzipped-RDTE_JustificationBook_Defense_Threat_Reduction_Agency_PB_2015.xml
FILESIZE = 299083
YEAR = 2015
JBOOK_TYPE = JustificationBook
@recordid = a7757784675959e59ddec7e125c0eb9a66f44cf8c12d32c4d07c17706f95929c
@doctype = 2015-BASE_RDTE-JUSTIFICATIONBOOK
@filename = 2015-BASE_RDTE-2015-DTRA-RDTE_JustificationBook_Defense_Threat_Reduction_Agency_PB_2015.zzz_unzipped-RDTE_JustificationBook_Defense_Threat_Reduction_Agency_PB_2015.xml
----------------------
<Writing ./2-jbook-json/2015-BASE_RDTE-2015-DTRA-RDTE_JustificationBook_Defense_Threat_Reduction_Agency_PB_2015.zzz_unzipped-RDTE_JustificationBook_Defense_Threat_Reduction_Agency_PB_2015.json>
----------------------
[58/80]
FILEPATH = ./1-jbook-xml/2015-BASE_RDTE-2015-DTRA-RDTE_MasterJustificationBook_Defense_Threat_Reduction_Agency_PB_2015.zzz_unzipped-RDTE_MasterJustificationBook_Defense_Threat_Reduction_Agency_PB_2015.xml
FILESIZE = 342063
YEAR = 2015
JBOOK_TYPE = MasterJustificationBook
@recordid = d7115fb62918f7d05a4f46a114fe6a5c1613109ea9f5b6c362649c1e11117ee2
@doctype = 2015-BASE_RDTE-MASTERJUSTIFICATIONBOOK
@filename = 2015-BASE_RDTE-2015-DTRA-RDTE_MasterJustificationBook_Defense_Threat_Reduction_Agency_PB_2015.zzz_unzipped-RDTE_MasterJustificationBook_Defense_Threat_Reduction_Agency_PB_2015.xml
----------------------
<Writing ./2-jbook-json/2015-BASE_RDTE-2015-DTRA-RDTE_MasterJustificationBook_Defense_Threat_Reduction_Agency_PB_2015.zzz_unzipped-RDTE_MasterJustificationBook_Defense_Threat_Reduction_Agency_PB_2015.json>
----------------------
[59/80]
FILEPATH = ./1-jbook-xml/2015-BASE_RDTE-2015-MDA-RDTE_JustificationBook_Missile_Defense_Agency_PB_2015.zzz_unzipped-RDTE_JustificationBook_Missile_Defense_Agency_PB_2015.xml
FILESIZE = 4678658
YEAR = 2015
JBOOK_TYPE = JustificationBook
@recordid = 1a19e823b7368bba9fe9458dbc6a69edfd4c55e0aec18350a5f42ff2df1c428b
@doctype = 2015-BASE_RDTE-JUSTIFICATIONBOOK
@filename = 2015-BASE_RDTE-2015-MDA-RDTE_JustificationBook_Missile_Defense_Agency_PB_2015.zzz_unzipped-RDTE_JustificationBook_Missile_Defense_Agency_PB_2015.xml
----------------------
<Writing ./2-jbook-json/2015-BASE_RDTE-2015-MDA-RDTE_JustificationBook_Missile_Defense_Agency_PB_2015.zzz_unzipped-RDTE_JustificationBook_Missile_Defense_Agency_PB_2015.json>
----------------------
[60/80]
FILEPATH = ./1-jbook-xml/2015-BASE_RDTE-2015-MDA-RDTE_MasterJustificationBook_Missile_Defense_Agency_PB_2015.zzz_unzipped-RDTE_MasterJustificationBook_Missile_Defense_Agency_PB_2015.xml
FILESIZE = 5775632
YEAR = 2015
JBOOK_TYPE = MasterJustificationBook
@recordid = 0336dea4a668ee3fd987b4bb59d3b22d515fbd452080df9d00a8267237227ced
@doctype = 2015-BASE_RDTE-MASTERJUSTIFICATIONBOOK
@filename = 2015-BASE_RDTE-2015-MDA-RDTE_MasterJustificationBook_Missile_Defense_Agency_PB_2015.zzz_unzipped-RDTE_MasterJustificationBook_Missile_Defense_Agency_PB_2015.xml
----------------------
<Writing ./2-jbook-json/2015-BASE_RDTE-2015-MDA-RDTE_MasterJustificationBook_Missile_Defense_Agency_PB_2015.zzz_unzipped-RDTE_MasterJustificationBook_Missile_Defense_Agency_PB_2015.json>
----------------------
[61/80]
FILEPATH = ./1-jbook-xml/2015-BASE_RDTE-2015-NAVY_BA1_3-RDTE_JustificationBook_Navy_PB_2015.zzz_unzipped-RDTE_JustificationBook_Navy_PB_2015.xml
FILESIZE = 1402086
YEAR = 2015
JBOOK_TYPE = JustificationBook
@recordid = fc9e4ef78fee4626aa9ec44ed0fe5ca36f69b3e7a2ea0b3eb7339cc5cfb806c5
@doctype = 2015-BASE_RDTE-JUSTIFICATIONBOOK
@filename = 2015-BASE_RDTE-2015-NAVY_BA1_3-RDTE_JustificationBook_Navy_PB_2015.zzz_unzipped-RDTE_JustificationBook_Navy_PB_2015.xml
----------------------
<Writing ./2-jbook-json/2015-BASE_RDTE-2015-NAVY_BA1_3-RDTE_JustificationBook_Navy_PB_2015.zzz_unzipped-RDTE_JustificationBook_Navy_PB_2015.json>
----------------------
[62/80]
FILEPATH = ./1-jbook-xml/2015-BASE_RDTE-2015-NAVY_BA1_3-RDTE_MasterJustificationBook_Navy_PB_2015.zzz_unzipped-RDTE_MasterJustificationBook_Navy_PB_2015.xml
FILESIZE = 17841551
YEAR = 2015
JBOOK_TYPE = MasterJustificationBook
@recordid = bf14a195810ff6ae369cc2a88c6d2f2414aade38f9be2350eb72d5a888262106
@doctype = 2015-BASE_RDTE-MASTERJUSTIFICATIONBOOK
@filename = 2015-BASE_RDTE-2015-NAVY_BA1_3-RDTE_MasterJustificationBook_Navy_PB_2015.zzz_unzipped-RDTE_MasterJustificationBook_Navy_PB_2015.xml
----------------------
<Writing ./2-jbook-json/2015-BASE_RDTE-2015-NAVY_BA1_3-RDTE_MasterJustificationBook_Navy_PB_2015.zzz_unzipped-RDTE_MasterJustificationBook_Navy_PB_2015.json>
----------------------
[63/80]
FILEPATH = ./1-jbook-xml/2015-BASE_RDTE-2015-NAVY_BA4-RDTE_JustificationBook_Navy_PB_2015.zzz_unzipped-RDTE_JustificationBook_Navy_PB_2015.xml
FILESIZE = 3316343
YEAR = 2015
JBOOK_TYPE = JustificationBook
@recordid = d114a2c6f523c1a3a58b25d75e54dffc399d0fcecaaf976a75f94caa3b64a6fb
@doctype = 2015-BASE_RDTE-JUSTIFICATIONBOOK
@filename = 2015-BASE_RDTE-2015-NAVY_BA4-RDTE_JustificationBook_Navy_PB_2015.zzz_unzipped-RDTE_JustificationBook_Navy_PB_2015.xml
----------------------
<Writing ./2-jbook-json/2015-BASE_RDTE-2015-NAVY_BA4-RDTE_JustificationBook_Navy_PB_2015.zzz_unzipped-RDTE_JustificationBook_Navy_PB_2015.json>
----------------------
[64/80]
FILEPATH = ./1-jbook-xml/2015-BASE_RDTE-2015-NAVY_BA4-RDTE_MasterJustificationBook_Navy_PB_2015.zzz_unzipped-RDTE_MasterJustificationBook_Navy_PB_2015.xml
FILESIZE = 17571953
YEAR = 2015
JBOOK_TYPE = MasterJustificationBook
@recordid = 7f1259b86a654f2d56411257bb11a7e510d94474c89766d13b6865b6e5b89c60
@doctype = 2015-BASE_RDTE-MASTERJUSTIFICATIONBOOK
@filename = 2015-BASE_RDTE-2015-NAVY_BA4-RDTE_MasterJustificationBook_Navy_PB_2015.zzz_unzipped-RDTE_MasterJustificationBook_Navy_PB_2015.xml
----------------------
