

=========================================================
[3-convert-xml-to-json]
=========================================================
<Loading and merging all jbookArrayPaths into a single list>
|MasterJustificationBook|2013|2014|2015|2016|2017|2018|2019|2020|
|JustificationBook|2013|2014|2015|2016|2017|2018|2019|2020|
<arrayPaths count = 1254>
<last updated = 2019-10-09T04:51:40+00:00>
=========================================================
----------------------
[1/158]
FILEPATH = ./1-jbook-xml/2015-AMENDED_PROCUREMENT_AND_RDTE-2015-AIRFORCE_AIRCRAFT-PROCUREMENT_JustificationBook_Air_Force_PBAmended_2015.zzz_unzipped-PROCUREMENT_JustificationBook_Air_Force_PBAmended_2015.xml
FILESIZE = 1134870
YEAR = 2015
JBOOK_TYPE = JustificationBook
@recordid = f82e3847ed717a6a3e3170ce75cc9d51ddabf208b4d8fce6315c6bb51ed7621c
@doctype = 2015-AMENDED_PROCUREMENT_AND_RDTE-JUSTIFICATIONBOOK
@filename = 2015-AMENDED_PROCUREMENT_AND_RDTE-2015-AIRFORCE_AIRCRAFT-PROCUREMENT_JustificationBook_Air_Force_PBAmended_2015.zzz_unzipped-PROCUREMENT_JustificationBook_Air_Force_PBAmended_2015.xml
----------------------
<Writing ./2-jbook-json/2015-AMENDED_PROCUREMENT_AND_RDTE-2015-AIRFORCE_AIRCRAFT-PROCUREMENT_JustificationBook_Air_Force_PBAmended_2015.zzz_unzipped-PROCUREMENT_JustificationBook_Air_Force_PBAmended_2015.json>
----------------------
[2/158]
FILEPATH = ./1-jbook-xml/2015-AMENDED_PROCUREMENT_AND_RDTE-2015-AIRFORCE_AIRCRAFT-PROCUREMENT_MasterJustificationBook_Air_Force_PBAmended_2015.zzz_unzipped-PROCUREMENT_MasterJustificationBook_Air_Force_PBAmended_2015.xml
FILESIZE = 1414866
YEAR = 2015
JBOOK_TYPE = MasterJustificationBook
@recordid = 8ed54d919f156a286b64cbcb863a8869c5616f474911c4231499b8c4cb3414a9
@doctype = 2015-AMENDED_PROCUREMENT_AND_RDTE-MASTERJUSTIFICATIONBOOK
@filename = 2015-AMENDED_PROCUREMENT_AND_RDTE-2015-AIRFORCE_AIRCRAFT-PROCUREMENT_MasterJustificationBook_Air_Force_PBAmended_2015.zzz_unzipped-PROCUREMENT_MasterJustificationBook_Air_Force_PBAmended_2015.xml
----------------------
<Writing ./2-jbook-json/2015-AMENDED_PROCUREMENT_AND_RDTE-2015-AIRFORCE_AIRCRAFT-PROCUREMENT_MasterJustificationBook_Air_Force_PBAmended_2015.zzz_unzipped-PROCUREMENT_MasterJustificationBook_Air_Force_PBAmended_2015.json>
----------------------
[3/158]
FILEPATH = ./1-jbook-xml/2015-AMENDED_PROCUREMENT_AND_RDTE-2015-AIRFORCE_AMMO-PROCUREMENT_JustificationBook_Air_Force_PBAmended_2015.zzz_unzipped-PROCUREMENT_JustificationBook_Air_Force_PBAmended_2015.xml
FILESIZE = 1134870
YEAR = 2015
JBOOK_TYPE = JustificationBook
@recordid = f82e3847ed717a6a3e3170ce75cc9d51ddabf208b4d8fce6315c6bb51ed7621c
@doctype = 2015-AMENDED_PROCUREMENT_AND_RDTE-JUSTIFICATIONBOOK
@filename = 2015-AMENDED_PROCUREMENT_AND_RDTE-2015-AIRFORCE_AMMO-PROCUREMENT_JustificationBook_Air_Force_PBAmended_2015.zzz_unzipped-PROCUREMENT_JustificationBook_Air_Force_PBAmended_2015.xml
----------------------
<Writing ./2-jbook-json/2015-AMENDED_PROCUREMENT_AND_RDTE-2015-AIRFORCE_AMMO-PROCUREMENT_JustificationBook_Air_Force_PBAmended_2015.zzz_unzipped-PROCUREMENT_JustificationBook_Air_Force_PBAmended_2015.json>
----------------------
[4/158]
FILEPATH = ./1-jbook-xml/2015-AMENDED_PROCUREMENT_AND_RDTE-2015-AIRFORCE_AMMO-PROCUREMENT_MasterJustificationBook_Air_Force_PBAmended_2015.zzz_unzipped-PROCUREMENT_MasterJustificationBook_Air_Force_PBAmended_2015.xml
FILESIZE = 1414866
YEAR = 2015
JBOOK_TYPE = MasterJustificationBook
@recordid = 8ed54d919f156a286b64cbcb863a8869c5616f474911c4231499b8c4cb3414a9
@doctype = 2015-AMENDED_PROCUREMENT_AND_RDTE-MASTERJUSTIFICATIONBOOK
@filename = 2015-AMENDED_PROCUREMENT_AND_RDTE-2015-AIRFORCE_AMMO-PROCUREMENT_MasterJustificationBook_Air_Force_PBAmended_2015.zzz_unzipped-PROCUREMENT_MasterJustificationBook_Air_Force_PBAmended_2015.xml
----------------------
<Writing ./2-jbook-json/2015-AMENDED_PROCUREMENT_AND_RDTE-2015-AIRFORCE_AMMO-PROCUREMENT_MasterJustificationBook_Air_Force_PBAmended_2015.zzz_unzipped-PROCUREMENT_MasterJustificationBook_Air_Force_PBAmended_2015.json>
----------------------
[5/158]
FILEPATH = ./1-jbook-xml/2015-AMENDED_PROCUREMENT_AND_RDTE-2015-AIRFORCE_MISSLE-PROCUREMENT_JustificationBook_Air_Force_PBAmended_2015.zzz_unzipped-PROCUREMENT_JustificationBook_Air_Force_PBAmended_2015.xml
FILESIZE = 20446
YEAR = 2015
JBOOK_TYPE = JustificationBook
@recordid = d732714204bc72aa2ae6d8f0567abf6f81b3271da1db043ffd480d1df7bc25b7
@doctype = 2015-AMENDED_PROCUREMENT_AND_RDTE-JUSTIFICATIONBOOK
@filename = 2015-AMENDED_PROCUREMENT_AND_RDTE-2015-AIRFORCE_MISSLE-PROCUREMENT_JustificationBook_Air_Force_PBAmended_2015.zzz_unzipped-PROCUREMENT_JustificationBook_Air_Force_PBAmended_2015.xml
----------------------
<Writing ./2-jbook-json/2015-AMENDED_PROCUREMENT_AND_RDTE-2015-AIRFORCE_MISSLE-PROCUREMENT_JustificationBook_Air_Force_PBAmended_2015.zzz_unzipped-PROCUREMENT_JustificationBook_Air_Force_PBAmended_2015.json>
----------------------
[6/158]
FILEPATH = ./1-jbook-xml/2015-AMENDED_PROCUREMENT_AND_RDTE-2015-AIRFORCE_MISSLE-PROCUREMENT_MasterJustificationBook_Air_Force_PBAmended_2015.zzz_unzipped-PROCUREMENT_MasterJustificationBook_Air_Force_PBAmended_2015.xml
FILESIZE = 27407
YEAR = 2015
JBOOK_TYPE = MasterJustificationBook
@recordid = 8faa0b77503f5c07b1ba28b05bd031c1213f992cedccae6856a5463db0f9047e
@doctype = 2015-AMENDED_PROCUREMENT_AND_RDTE-MASTERJUSTIFICATIONBOOK
@filename = 2015-AMENDED_PROCUREMENT_AND_RDTE-2015-AIRFORCE_MISSLE-PROCUREMENT_MasterJustificationBook_Air_Force_PBAmended_2015.zzz_unzipped-PROCUREMENT_MasterJustificationBook_Air_Force_PBAmended_2015.xml
----------------------
<Writing ./2-jbook-json/2015-AMENDED_PROCUREMENT_AND_RDTE-2015-AIRFORCE_MISSLE-PROCUREMENT_MasterJustificationBook_Air_Force_PBAmended_2015.zzz_unzipped-PROCUREMENT_MasterJustificationBook_Air_Force_PBAmended_2015.json>
----------------------
[7/158]
FILEPATH = ./1-jbook-xml/2015-AMENDED_PROCUREMENT_AND_RDTE-2015-AIRFORCE_OTHER-PROCUREMENT_JustificationBook_Air_Force_PBAmended_2015.zzz_unzipped-PROCUREMENT_JustificationBook_Air_Force_PBAmended_2015.xml
FILESIZE = 742548
YEAR = 2015
JBOOK_TYPE = JustificationBook
@recordid = d8b3974033c5c15268fbb50e617832106cc510b99ab065a343151828056596b1
@doctype = 2015-AMENDED_PROCUREMENT_AND_RDTE-JUSTIFICATIONBOOK
@filename = 2015-AMENDED_PROCUREMENT_AND_RDTE-2015-AIRFORCE_OTHER-PROCUREMENT_JustificationBook_Air_Force_PBAmended_2015.zzz_unzipped-PROCUREMENT_JustificationBook_Air_Force_PBAmended_2015.xml
----------------------
<Writing ./2-jbook-json/2015-AMENDED_PROCUREMENT_AND_RDTE-2015-AIRFORCE_OTHER-PROCUREMENT_JustificationBook_Air_Force_PBAmended_2015.zzz_unzipped-PROCUREMENT_JustificationBook_Air_Force_PBAmended_2015.json>
----------------------
[8/158]
FILEPATH = ./1-jbook-xml/2015-AMENDED_PROCUREMENT_AND_RDTE-2015-AIRFORCE_OTHER-PROCUREMENT_MasterJustificationBook_Air_Force_PBAmended_2015.zzz_unzipped-PROCUREMENT_MasterJustificationBook_Air_Force_PBAmended_2015.xml
FILESIZE = 931107
YEAR = 2015
JBOOK_TYPE = MasterJustificationBook
@recordid = 5db73d3998e8592df37f7a1132f20cc1d4aed2d0f9a5d7fef996c906c648653a
@doctype = 2015-AMENDED_PROCUREMENT_AND_RDTE-MASTERJUSTIFICATIONBOOK
@filename = 2015-AMENDED_PROCUREMENT_AND_RDTE-2015-AIRFORCE_OTHER-PROCUREMENT_MasterJustificationBook_Air_Force_PBAmended_2015.zzz_unzipped-PROCUREMENT_MasterJustificationBook_Air_Force_PBAmended_2015.xml
----------------------
<Writing ./2-jbook-json/2015-AMENDED_PROCUREMENT_AND_RDTE-2015-AIRFORCE_OTHER-PROCUREMENT_MasterJustificationBook_Air_Force_PBAmended_2015.zzz_unzipped-PROCUREMENT_MasterJustificationBook_Air_Force_PBAmended_2015.json>
----------------------
[9/158]
FILEPATH = ./1-jbook-xml/2015-AMENDED_PROCUREMENT_AND_RDTE-2015-ARMY-APA PROCUREMENT_JustificationBook_Army_PBAmended_2015.zzz_unzipped-PROCUREMENT_JustificationBook_Army_PBAmended_2015.xml
FILESIZE = 55836
YEAR = 2015
JBOOK_TYPE = JustificationBook
@recordid = 194db651d9ee1626682b065bcf21cf35ded9f1792bc5c9ad12b6e5f08192956c
@doctype = 2015-AMENDED_PROCUREMENT_AND_RDTE-JUSTIFICATIONBOOK
@filename = 2015-AMENDED_PROCUREMENT_AND_RDTE-2015-ARMY-APA PROCUREMENT_JustificationBook_Army_PBAmended_2015.zzz_unzipped-PROCUREMENT_JustificationBook_Army_PBAmended_2015.xml
----------------------
<Writing ./2-jbook-json/2015-AMENDED_PROCUREMENT_AND_RDTE-2015-ARMY-APA PROCUREMENT_JustificationBook_Army_PBAmended_2015.zzz_unzipped-PROCUREMENT_JustificationBook_Army_PBAmended_2015.json>
----------------------
[10/158]
FILEPATH = ./1-jbook-xml/2015-AMENDED_PROCUREMENT_AND_RDTE-2015-ARMY-MIPA PROCUREMENT_JustificationBook_Army_PBAmended_2015.zzz_unzipped-PROCUREMENT_JustificationBook_Army_PBAmended_2015.xml
FILESIZE = 86415
YEAR = 2015
JBOOK_TYPE = JustificationBook
@recordid = e18bc26f1e7b8b8f89aee7da4dac881e9a78a01695841ebe5a0ef40c2ca9a07a
@doctype = 2015-AMENDED_PROCUREMENT_AND_RDTE-JUSTIFICATIONBOOK
@filename = 2015-AMENDED_PROCUREMENT_AND_RDTE-2015-ARMY-MIPA PROCUREMENT_JustificationBook_Army_PBAmended_2015.zzz_unzipped-PROCUREMENT_JustificationBook_Army_PBAmended_2015.xml
----------------------
<Writing ./2-jbook-json/2015-AMENDED_PROCUREMENT_AND_RDTE-2015-ARMY-MIPA PROCUREMENT_JustificationBook_Army_PBAmended_2015.zzz_unzipped-PROCUREMENT_JustificationBook_Army_PBAmended_2015.json>
----------------------
[11/158]
FILEPATH = ./1-jbook-xml/2015-AMENDED_PROCUREMENT_AND_RDTE-2015-ARMY-OPA1v2 PROCUREMENT_JustificationBook_Army_PBAmended_2015.zzz_unzipped-PROCUREMENT_JustificationBook_Army_PBAmended_2015.xml
FILESIZE = 239570
YEAR = 2015
JBOOK_TYPE = JustificationBook
@recordid = a67c7fc006f5be6cd6fe8229c737f3728272c42e81562dd1b450dde4cfdbb3e8
@doctype = 2015-AMENDED_PROCUREMENT_AND_RDTE-JUSTIFICATIONBOOK
@filename = 2015-AMENDED_PROCUREMENT_AND_RDTE-2015-ARMY-OPA1v2 PROCUREMENT_JustificationBook_Army_PBAmended_2015.zzz_unzipped-PROCUREMENT_JustificationBook_Army_PBAmended_2015.xml
----------------------
<Writing ./2-jbook-json/2015-AMENDED_PROCUREMENT_AND_RDTE-2015-ARMY-OPA1v2 PROCUREMENT_JustificationBook_Army_PBAmended_2015.zzz_unzipped-PROCUREMENT_JustificationBook_Army_PBAmended_2015.json>
----------------------
[12/158]
FILEPATH = ./1-jbook-xml/2015-AMENDED_PROCUREMENT_AND_RDTE-2015-ARMY-OPA2 PROCUREMENT_JustificationBook_Army_PBAmended_2015.zzz_unzipped-PROCUREMENT_JustificationBook_Army_PBAmended_2015.xml
FILESIZE = 217697
YEAR = 2015
JBOOK_TYPE = JustificationBook
@recordid = 3efd749af1ba2ed10c7271faf53cafb42f668911860ed751c61791496e5061be
@doctype = 2015-AMENDED_PROCUREMENT_AND_RDTE-JUSTIFICATIONBOOK
@filename = 2015-AMENDED_PROCUREMENT_AND_RDTE-2015-ARMY-OPA2 PROCUREMENT_JustificationBook_Army_PBAmended_2015.zzz_unzipped-PROCUREMENT_JustificationBook_Army_PBAmended_2015.xml
----------------------
<Writing ./2-jbook-json/2015-AMENDED_PROCUREMENT_AND_RDTE-2015-ARMY-OPA2 PROCUREMENT_JustificationBook_Army_PBAmended_2015.zzz_unzipped-PROCUREMENT_JustificationBook_Army_PBAmended_2015.json>
----------------------
[13/158]
FILEPATH = ./1-jbook-xml/2015-AMENDED_PROCUREMENT_AND_RDTE-2015-ARMY-OPA34 PROCUREMENT_JustificationBook_Army_PBAmended_2015.zzz_unzipped-PROCUREMENT_JustificationBook_Army_PBAmended_2015.xml
FILESIZE = 213123
YEAR = 2015
JBOOK_TYPE = JustificationBook
@recordid = 28666c18341bfb9862f1da7715bb381e0e1e0edfe59326e6da3c62f50c9915f8
@doctype = 2015-AMENDED_PROCUREMENT_AND_RDTE-JUSTIFICATIONBOOK
@filename = 2015-AMENDED_PROCUREMENT_AND_RDTE-2015-ARMY-OPA34 PROCUREMENT_JustificationBook_Army_PBAmended_2015.zzz_unzipped-PROCUREMENT_JustificationBook_Army_PBAmended_2015.xml
----------------------
<Writing ./2-jbook-json/2015-AMENDED_PROCUREMENT_AND_RDTE-2015-ARMY-OPA34 PROCUREMENT_JustificationBook_Army_PBAmended_2015.zzz_unzipped-PROCUREMENT_JustificationBook_Army_PBAmended_2015.json>
----------------------
[14/158]
FILEPATH = ./1-jbook-xml/2015-AMENDED_PROCUREMENT_AND_RDTE-2015-ARMY-PAA PROCUREMENT_JustificationBook_Army_PBAmended_2015.zzz_unzipped-PROCUREMENT_JustificationBook_Army_PBAmended_2015.xml
FILESIZE = 1456349
YEAR = 2015
JBOOK_TYPE = JustificationBook
@recordid = 4160d744ca41e1307287958394ff1d4ec51cb3c5c920cf17f2d778b97339eac6
@doctype = 2015-AMENDED_PROCUREMENT_AND_RDTE-JUSTIFICATIONBOOK
@filename = 2015-AMENDED_PROCUREMENT_AND_RDTE-2015-ARMY-PAA PROCUREMENT_JustificationBook_Army_PBAmended_2015.zzz_unzipped-PROCUREMENT_JustificationBook_Army_PBAmended_2015.xml
----------------------
<Writing ./2-jbook-json/2015-AMENDED_PROCUREMENT_AND_RDTE-2015-ARMY-PAA PROCUREMENT_JustificationBook_Army_PBAmended_2015.zzz_unzipped-PROCUREMENT_JustificationBook_Army_PBAmended_2015.json>
----------------------
[15/158]
FILEPATH = ./1-jbook-xml/2015-AMENDED_PROCUREMENT_AND_RDTE-2015-ARMY-RDTE_JustificationBook_Army_PBAmended_2015.zzz_unzipped-RDTE_JustificationBook_Army_PBAmended_2015.xml
FILESIZE = 138128
YEAR = 2015
JBOOK_TYPE = JustificationBook
@recordid = 78213e1735f987af8f7653ddb1dc1174e8b2a42205f1a0674731dadc57db7752
@doctype = 2015-AMENDED_PROCUREMENT_AND_RDTE-JUSTIFICATIONBOOK
@filename = 2015-AMENDED_PROCUREMENT_AND_RDTE-2015-ARMY-RDTE_JustificationBook_Army_PBAmended_2015.zzz_unzipped-RDTE_JustificationBook_Army_PBAmended_2015.xml
----------------------
<Writing ./2-jbook-json/2015-AMENDED_PROCUREMENT_AND_RDTE-2015-ARMY-RDTE_JustificationBook_Army_PBAmended_2015.zzz_unzipped-RDTE_JustificationBook_Army_PBAmended_2015.json>
----------------------
[16/158]
FILEPATH = ./1-jbook-xml/2015-AMENDED_PROCUREMENT_AND_RDTE-2015-DEFENSE_MASTER_JBOOK-PROCUREMENT_MasterJustificationBook_Defense-Wide_PBAmended_2015.zzz_unzipped-PROCUREMENT_MasterJustificationBook_Defense-Wide_PBAmended_2015.xml
FILESIZE = 710395
YEAR = 2015
JBOOK_TYPE = MasterJustificationBook
@recordid = 658bca951ab6f32bef8d8aff1ecfc3878988583c6a07f3f0b73c2a3ed0a7d328
@doctype = 2015-AMENDED_PROCUREMENT_AND_RDTE-MASTERJUSTIFICATIONBOOK
@filename = 2015-AMENDED_PROCUREMENT_AND_RDTE-2015-DEFENSE_MASTER_JBOOK-PROCUREMENT_MasterJustificationBook_Defense-Wide_PBAmended_2015.zzz_unzipped-PROCUREMENT_MasterJustificationBook_Defense-Wide_PBAmended_2015.xml
----------------------
<Writing ./2-jbook-json/2015-AMENDED_PROCUREMENT_AND_RDTE-2015-DEFENSE_MASTER_JBOOK-PROCUREMENT_MasterJustificationBook_Defense-Wide_PBAmended_2015.zzz_unzipped-PROCUREMENT_MasterJustificationBook_Defense-Wide_PBAmended_2015.json>
----------------------
[17/158]
FILEPATH = ./1-jbook-xml/2015-AMENDED_PROCUREMENT_AND_RDTE-2015-DISA-PROCUREMENT_JustificationBook_Defense_Information_Systems_Agency_PBAmended_2015.zzz_unzipped-PROCUREMENT_JustificationBook_Defense_Information_Systems_Agency_PBAmended_2015.xml
FILESIZE = 41385
YEAR = 2015
JBOOK_TYPE = JustificationBook
@recordid = 05ebc9c2f1069e7e7e90d3150065bfe216d05e33376f34967b2649f746790a1e
@doctype = 2015-AMENDED_PROCUREMENT_AND_RDTE-JUSTIFICATIONBOOK
@filename = 2015-AMENDED_PROCUREMENT_AND_RDTE-2015-DISA-PROCUREMENT_JustificationBook_Defense_Information_Systems_Agency_PBAmended_2015.zzz_unzipped-PROCUREMENT_JustificationBook_Defense_Information_Systems_Agency_PBAmended_2015.xml
----------------------
<Writing ./2-jbook-json/2015-AMENDED_PROCUREMENT_AND_RDTE-2015-DISA-PROCUREMENT_JustificationBook_Defense_Information_Systems_Agency_PBAmended_2015.zzz_unzipped-PROCUREMENT_JustificationBook_Defense_Information_Systems_Agency_PBAmended_2015.json>
----------------------
[18/158]
FILEPATH = ./1-jbook-xml/2015-AMENDED_PROCUREMENT_AND_RDTE-2015-DISA-PROCUREMENT_MasterJustificationBook_Defense_Information_Systems_Agency_PBAmended_2015.zzz_unzipped-PROCUREMENT_MasterJustificationBook_Defense_Information_Systems_Agency_PBAmended_2015.xml
FILESIZE = 55344
YEAR = 2015
JBOOK_TYPE = MasterJustificationBook
@recordid = 1651309665a053d8708d3131701fbbf11f48d56dda49d21fa5b148bb4b620f7d
@doctype = 2015-AMENDED_PROCUREMENT_AND_RDTE-MASTERJUSTIFICATIONBOOK
@filename = 2015-AMENDED_PROCUREMENT_AND_RDTE-2015-DISA-PROCUREMENT_MasterJustificationBook_Defense_Information_Systems_Agency_PBAmended_2015.zzz_unzipped-PROCUREMENT_MasterJustificationBook_Defense_Information_Systems_Agency_PBAmended_2015.xml
----------------------
<Writing ./2-jbook-json/2015-AMENDED_PROCUREMENT_AND_RDTE-2015-DISA-PROCUREMENT_MasterJustificationBook_Defense_Information_Systems_Agency_PBAmended_2015.zzz_unzipped-PROCUREMENT_MasterJustificationBook_Defense_Information_Systems_Agency_PBAmended_2015.json>
----------------------
[19/158]
FILEPATH = ./1-jbook-xml/2015-AMENDED_PROCUREMENT_AND_RDTE-2015-JUONF-PROCUREMENT_JustificationBook_Joint_Urgent_Operational_Needs_Fund_PBAmended_2015.zzz_unzipped-PROCUREMENT_JustificationBook_Joint_Urgent_Operational_Needs_Fund_PBAmended_2015.xml
FILESIZE = 6528
YEAR = 2015
JBOOK_TYPE = JustificationBook
@recordid = d21e2bcf827c30513c077c9ffc40564753a9f183ffd709265142be351d2779e5
@doctype = 2015-AMENDED_PROCUREMENT_AND_RDTE-JUSTIFICATIONBOOK
@filename = 2015-AMENDED_PROCUREMENT_AND_RDTE-2015-JUONF-PROCUREMENT_JustificationBook_Joint_Urgent_Operational_Needs_Fund_PBAmended_2015.zzz_unzipped-PROCUREMENT_JustificationBook_Joint_Urgent_Operational_Needs_Fund_PBAmended_2015.xml
----------------------
<Writing ./2-jbook-json/2015-AMENDED_PROCUREMENT_AND_RDTE-2015-JUONF-PROCUREMENT_JustificationBook_Joint_Urgent_Operational_Needs_Fund_PBAmended_2015.zzz_unzipped-PROCUREMENT_JustificationBook_Joint_Urgent_Operational_Needs_Fund_PBAmended_2015.json>
----------------------
[20/158]
FILEPATH = ./1-jbook-xml/2015-AMENDED_PROCUREMENT_AND_RDTE-2015-JUONF-PROCUREMENT_MasterJustificationBook_Joint_Urgent_Operational_Needs_Fund_PBAmended_2015.zzz_unzipped-PROCUREMENT_MasterJustificationBook_Joint_Urgent_Operational_Needs_Fund_PBAmended_2015.xml
FILESIZE = 12389
YEAR = 2015
JBOOK_TYPE = MasterJustificationBook
@recordid = e849cb39d880113ba2f27c4cc0e6ee8ba6df3a37c3f58e5a31ab96291bd445d4
@doctype = 2015-AMENDED_PROCUREMENT_AND_RDTE-MASTERJUSTIFICATIONBOOK
@filename = 2015-AMENDED_PROCUREMENT_AND_RDTE-2015-JUONF-PROCUREMENT_MasterJustificationBook_Joint_Urgent_Operational_Needs_Fund_PBAmended_2015.zzz_unzipped-PROCUREMENT_MasterJustificationBook_Joint_Urgent_Operational_Needs_Fund_PBAmended_2015.xml
----------------------
<Writing ./2-jbook-json/2015-AMENDED_PROCUREMENT_AND_RDTE-2015-JUONF-PROCUREMENT_MasterJustificationBook_Joint_Urgent_Operational_Needs_Fund_PBAmended_2015.zzz_unzipped-PROCUREMENT_MasterJustificationBook_Joint_Urgent_Operational_Needs_Fund_PBAmended_2015.json>
----------------------
[21/158]
FILEPATH = ./1-jbook-xml/2015-AMENDED_PROCUREMENT_AND_RDTE-2015-SOCOM-PROCUREMENT_JustificationBook_United_States_Special_Operations_Command_PBAmended_2015.zzz_unzipped-PROCUREMENT_JustificationBook_United_States_Special_Operations_Command_PBAmended_2015.xml
FILESIZE = 521833
YEAR = 2015
JBOOK_TYPE = JustificationBook
@recordid = 3c59520513615f15f1edb37feb79c96798feeeee539788a93ac6b865ffede197
@doctype = 2015-AMENDED_PROCUREMENT_AND_RDTE-JUSTIFICATIONBOOK
@filename = 2015-AMENDED_PROCUREMENT_AND_RDTE-2015-SOCOM-PROCUREMENT_JustificationBook_United_States_Special_Operations_Command_PBAmended_2015.zzz_unzipped-PROCUREMENT_JustificationBook_United_States_Special_Operations_Command_PBAmended_2015.xml
----------------------
<Writing ./2-jbook-json/2015-AMENDED_PROCUREMENT_AND_RDTE-2015-SOCOM-PROCUREMENT_JustificationBook_United_States_Special_Operations_Command_PBAmended_2015.zzz_unzipped-PROCUREMENT_JustificationBook_United_States_Special_Operations_Command_PBAmended_2015.json>
----------------------
[22/158]
FILEPATH = ./1-jbook-xml/2015-AMENDED_PROCUREMENT_AND_RDTE-2015-SOCOM-PROCUREMENT_MasterJustificationBook_United_States_Special_Operations_Command_PBAmended_2015.zzz_unzipped-PROCUREMENT_MasterJustificationBook_United_States_Special_Operations_Command_PBAmended_2015.xml
FILESIZE = 653531
YEAR = 2015
JBOOK_TYPE = MasterJustificationBook
@recordid = fdb22a9abca5443458560d5bf3281c2198fd08c22981535b69f8d6865601d813
@doctype = 2015-AMENDED_PROCUREMENT_AND_RDTE-MASTERJUSTIFICATIONBOOK
@filename = 2015-AMENDED_PROCUREMENT_AND_RDTE-2015-SOCOM-PROCUREMENT_MasterJustificationBook_United_States_Special_Operations_Command_PBAmended_2015.zzz_unzipped-PROCUREMENT_MasterJustificationBook_United_States_Special_Operations_Command_PBAmended_2015.xml
----------------------
<Writing ./2-jbook-json/2015-AMENDED_PROCUREMENT_AND_RDTE-2015-SOCOM-PROCUREMENT_MasterJustificationBook_United_States_Special_Operations_Command_PBAmended_2015.zzz_unzipped-PROCUREMENT_MasterJustificationBook_United_States_Special_Operations_Command_PBAmended_2015.json>
----------------------
[23/158]
FILEPATH = ./1-jbook-xml/2015-BASE_PROCUREMENT-2015-AIRFORCE_AIRCRAFT_VOL1-PROCUREMENT_JustificationBook_Air_Force_PB_2015.zzz_unzipped-PROCUREMENT_JustificationBook_Air_Force_PB_2015.xml
FILESIZE = 1926174
YEAR = 2015
JBOOK_TYPE = JustificationBook
@recordid = 4e1e55e5422de5c3ea98cc568347787838510f12fb6a5f8324b64cd0121eb145
@doctype = 2015-BASE_PROCUREMENT-JUSTIFICATIONBOOK
@filename = 2015-BASE_PROCUREMENT-2015-AIRFORCE_AIRCRAFT_VOL1-PROCUREMENT_JustificationBook_Air_Force_PB_2015.zzz_unzipped-PROCUREMENT_JustificationBook_Air_Force_PB_2015.xml
----------------------
<Writing ./2-jbook-json/2015-BASE_PROCUREMENT-2015-AIRFORCE_AIRCRAFT_VOL1-PROCUREMENT_JustificationBook_Air_Force_PB_2015.zzz_unzipped-PROCUREMENT_JustificationBook_Air_Force_PB_2015.json>
----------------------
[24/158]
FILEPATH = ./1-jbook-xml/2015-BASE_PROCUREMENT-2015-AIRFORCE_AIRCRAFT_VOL1-PROCUREMENT_MasterJustificationBook_Air_Force_PB_2015.zzz_unzipped-PROCUREMENT_MasterJustificationBook_Air_Force_PB_2015.xml
FILESIZE = 6770868
YEAR = 2015
JBOOK_TYPE = MasterJustificationBook
@recordid = c0e0fab376acc982eb5fdcd7ebea145b57eded7e7efb2dc5fc031d00cd923977
@doctype = 2015-BASE_PROCUREMENT-MASTERJUSTIFICATIONBOOK
@filename = 2015-BASE_PROCUREMENT-2015-AIRFORCE_AIRCRAFT_VOL1-PROCUREMENT_MasterJustificationBook_Air_Force_PB_2015.zzz_unzipped-PROCUREMENT_MasterJustificationBook_Air_Force_PB_2015.xml
----------------------
<Writing ./2-jbook-json/2015-BASE_PROCUREMENT-2015-AIRFORCE_AIRCRAFT_VOL1-PROCUREMENT_MasterJustificationBook_Air_Force_PB_2015.zzz_unzipped-PROCUREMENT_MasterJustificationBook_Air_Force_PB_2015.json>
----------------------
[25/158]
FILEPATH = ./1-jbook-xml/2015-BASE_PROCUREMENT-2015-AIRFORCE_AIRCRAFT_VOL2-PROCUREMENT_JustificationBook_Air_Force_PB_2015.zzz_unzipped-PROCUREMENT_JustificationBook_Air_Force_PB_2015.xml
FILESIZE = 3490929
YEAR = 2015
JBOOK_TYPE = JustificationBook
@recordid = e77ff08aa6342c1ff6df25ae3990a978cc435d7dd5ece21faa8b31ed7dd09698
@doctype = 2015-BASE_PROCUREMENT-JUSTIFICATIONBOOK
@filename = 2015-BASE_PROCUREMENT-2015-AIRFORCE_AIRCRAFT_VOL2-PROCUREMENT_JustificationBook_Air_Force_PB_2015.zzz_unzipped-PROCUREMENT_JustificationBook_Air_Force_PB_2015.xml
----------------------
<Writing ./2-jbook-json/2015-BASE_PROCUREMENT-2015-AIRFORCE_AIRCRAFT_VOL2-PROCUREMENT_JustificationBook_Air_Force_PB_2015.zzz_unzipped-PROCUREMENT_JustificationBook_Air_Force_PB_2015.json>
----------------------
[26/158]
FILEPATH = ./1-jbook-xml/2015-BASE_PROCUREMENT-2015-AIRFORCE_AIRCRAFT_VOL2-PROCUREMENT_MasterJustificationBook_Air_Force_PB_2015.zzz_unzipped-PROCUREMENT_MasterJustificationBook_Air_Force_PB_2015.xml
FILESIZE = 6770868
YEAR = 2015
JBOOK_TYPE = MasterJustificationBook
@recordid = c0e0fab376acc982eb5fdcd7ebea145b57eded7e7efb2dc5fc031d00cd923977
@doctype = 2015-BASE_PROCUREMENT-MASTERJUSTIFICATIONBOOK
@filename = 2015-BASE_PROCUREMENT-2015-AIRFORCE_AIRCRAFT_VOL2-PROCUREMENT_MasterJustificationBook_Air_Force_PB_2015.zzz_unzipped-PROCUREMENT_MasterJustificationBook_Air_Force_PB_2015.xml
----------------------
<Writing ./2-jbook-json/2015-BASE_PROCUREMENT-2015-AIRFORCE_AIRCRAFT_VOL2-PROCUREMENT_MasterJustificationBook_Air_Force_PB_2015.zzz_unzipped-PROCUREMENT_MasterJustificationBook_Air_Force_PB_2015.json>
----------------------
[27/158]
FILEPATH = ./1-jbook-xml/2015-BASE_PROCUREMENT-2015-AIRFORCE_AMMUNITION-PROCUREMENT_JustificationBook_Air_Force_PB_2015.zzz_unzipped-PROCUREMENT_JustificationBook_Air_Force_PB_2015.xml
FILESIZE = 758192
YEAR = 2015
JBOOK_TYPE = JustificationBook
@recordid = adb034316b71fef921f67105941f67c0a82caceebe3bf201fa8ca36f70a612e5
@doctype = 2015-BASE_PROCUREMENT-JUSTIFICATIONBOOK
@filename = 2015-BASE_PROCUREMENT-2015-AIRFORCE_AMMUNITION-PROCUREMENT_JustificationBook_Air_Force_PB_2015.zzz_unzipped-PROCUREMENT_JustificationBook_Air_Force_PB_2015.xml
----------------------
<Writing ./2-jbook-json/2015-BASE_PROCUREMENT-2015-AIRFORCE_AMMUNITION-PROCUREMENT_JustificationBook_Air_Force_PB_2015.zzz_unzipped-PROCUREMENT_JustificationBook_Air_Force_PB_2015.json>
----------------------
[28/158]
FILEPATH = ./1-jbook-xml/2015-BASE_PROCUREMENT-2015-AIRFORCE_AMMUNITION-PROCUREMENT_MasterJustificationBook_Air_Force_PB_2015.zzz_unzipped-PROCUREMENT_MasterJustificationBook_Air_Force_PB_2015.xml
FILESIZE = 957716
YEAR = 2015
JBOOK_TYPE = MasterJustificationBook
@recordid = e623ec8832ef6007ccdb33056b12486b358a9304242477e2efd46a681dd461ee
@doctype = 2015-BASE_PROCUREMENT-MASTERJUSTIFICATIONBOOK
@filename = 2015-BASE_PROCUREMENT-2015-AIRFORCE_AMMUNITION-PROCUREMENT_MasterJustificationBook_Air_Force_PB_2015.zzz_unzipped-PROCUREMENT_MasterJustificationBook_Air_Force_PB_2015.xml
----------------------
<Writing ./2-jbook-json/2015-BASE_PROCUREMENT-2015-AIRFORCE_AMMUNITION-PROCUREMENT_MasterJustificationBook_Air_Force_PB_2015.zzz_unzipped-PROCUREMENT_MasterJustificationBook_Air_Force_PB_2015.json>
----------------------
[29/158]
FILEPATH = ./1-jbook-xml/2015-BASE_PROCUREMENT-2015-AIRFORCE_MISSILE-PROCUREMENT_JustificationBook_Air_Force_PB_2015.zzz_unzipped-PROCUREMENT_JustificationBook_Air_Force_PB_2015.xml
FILESIZE = 1922593
YEAR = 2015
JBOOK_TYPE = JustificationBook
@recordid = e4bc519b23e596c07ffae6aca4623af841aa7afcff8e2908dccfdde377f1a036
@doctype = 2015-BASE_PROCUREMENT-JUSTIFICATIONBOOK
@filename = 2015-BASE_PROCUREMENT-2015-AIRFORCE_MISSILE-PROCUREMENT_JustificationBook_Air_Force_PB_2015.zzz_unzipped-PROCUREMENT_JustificationBook_Air_Force_PB_2015.xml
----------------------
<Writing ./2-jbook-json/2015-BASE_PROCUREMENT-2015-AIRFORCE_MISSILE-PROCUREMENT_JustificationBook_Air_Force_PB_2015.zzz_unzipped-PROCUREMENT_JustificationBook_Air_Force_PB_2015.json>
----------------------
[30/158]
FILEPATH = ./1-jbook-xml/2015-BASE_PROCUREMENT-2015-AIRFORCE_MISSILE-PROCUREMENT_MasterJustificationBook_Air_Force_PB_2015.zzz_unzipped-PROCUREMENT_MasterJustificationBook_Air_Force_PB_2015.xml
FILESIZE = 2367763
YEAR = 2015
JBOOK_TYPE = MasterJustificationBook
@recordid = f62bc891bb6f55e826a6b8fd45ba34e2555e118f058e888fe300ee65b16694c6
@doctype = 2015-BASE_PROCUREMENT-MASTERJUSTIFICATIONBOOK
@filename = 2015-BASE_PROCUREMENT-2015-AIRFORCE_MISSILE-PROCUREMENT_MasterJustificationBook_Air_Force_PB_2015.zzz_unzipped-PROCUREMENT_MasterJustificationBook_Air_Force_PB_2015.xml
----------------------
