

=========================================================
[3-convert-xml-to-json]
=========================================================
<Loading and merging all jbookArrayPaths into a single list>
|MasterJustificationBook|2013|2014|2015|2016|2017|2018|2019|2020|
|JustificationBook|2013|2014|2015|2016|2017|2018|2019|2020|
<arrayPaths count = 1254>
<last updated = 2019-10-09T04:51:40+00:00>
=========================================================
----------------------
[1/142]
FILEPATH = ./1-jbook-xml/2016-BASE_PROCUREMENT-2016-AIRFORCE_AIRCRAFT_VOL1-PROCUREMENT_JustificationBook_Air_Force_PB_2016.zzz_unzipped-PROCUREMENT_JustificationBook_Air_Force_PB_2016.xml
FILESIZE = 1815237
YEAR = 2016
JBOOK_TYPE = JustificationBook
@recordid = d5da3e55d82217c764b88daa8858d1b640f05a8123a4cd4f4c54e457605810ce
@doctype = 2016-BASE_PROCUREMENT-JUSTIFICATIONBOOK
@filename = 2016-BASE_PROCUREMENT-2016-AIRFORCE_AIRCRAFT_VOL1-PROCUREMENT_JustificationBook_Air_Force_PB_2016.zzz_unzipped-PROCUREMENT_JustificationBook_Air_Force_PB_2016.xml
----------------------
<Writing ./2-jbook-json/2016-BASE_PROCUREMENT-2016-AIRFORCE_AIRCRAFT_VOL1-PROCUREMENT_JustificationBook_Air_Force_PB_2016.zzz_unzipped-PROCUREMENT_JustificationBook_Air_Force_PB_2016.json>
----------------------
[2/142]
FILEPATH = ./1-jbook-xml/2016-BASE_PROCUREMENT-2016-AIRFORCE_AIRCRAFT_VOL1-PROCUREMENT_MasterJustificationBook_Air_Force_PB_2016.zzz_unzipped-PROCUREMENT_MasterJustificationBook_Air_Force_PB_2016.xml
FILESIZE = 7252837
YEAR = 2016
JBOOK_TYPE = MasterJustificationBook
@recordid = 46703bd264466cdce369bd9b1586c982748595f2387f1527b0c414034cec8252
@doctype = 2016-BASE_PROCUREMENT-MASTERJUSTIFICATIONBOOK
@filename = 2016-BASE_PROCUREMENT-2016-AIRFORCE_AIRCRAFT_VOL1-PROCUREMENT_MasterJustificationBook_Air_Force_PB_2016.zzz_unzipped-PROCUREMENT_MasterJustificationBook_Air_Force_PB_2016.xml
----------------------
<Writing ./2-jbook-json/2016-BASE_PROCUREMENT-2016-AIRFORCE_AIRCRAFT_VOL1-PROCUREMENT_MasterJustificationBook_Air_Force_PB_2016.zzz_unzipped-PROCUREMENT_MasterJustificationBook_Air_Force_PB_2016.json>
----------------------
[3/142]
FILEPATH = ./1-jbook-xml/2016-BASE_PROCUREMENT-2016-AIRFORCE_AIRCRAFT_VOL2-PROCUREMENT_JustificationBook_Air_Force_PB_2016.zzz_unzipped-PROCUREMENT_JustificationBook_Air_Force_PB_2016.xml
FILESIZE = 3987325
YEAR = 2016
JBOOK_TYPE = JustificationBook
@recordid = 0018eed2d7016287b34e370e5d48a8afa8ae29246e8c40f9e8368bdb9dfd70e1
@doctype = 2016-BASE_PROCUREMENT-JUSTIFICATIONBOOK
@filename = 2016-BASE_PROCUREMENT-2016-AIRFORCE_AIRCRAFT_VOL2-PROCUREMENT_JustificationBook_Air_Force_PB_2016.zzz_unzipped-PROCUREMENT_JustificationBook_Air_Force_PB_2016.xml
----------------------
<Writing ./2-jbook-json/2016-BASE_PROCUREMENT-2016-AIRFORCE_AIRCRAFT_VOL2-PROCUREMENT_JustificationBook_Air_Force_PB_2016.zzz_unzipped-PROCUREMENT_JustificationBook_Air_Force_PB_2016.json>
----------------------
[4/142]
FILEPATH = ./1-jbook-xml/2016-BASE_PROCUREMENT-2016-AIRFORCE_AIRCRAFT_VOL2-PROCUREMENT_MasterJustificationBook_Air_Force_PB_2016.zzz_unzipped-PROCUREMENT_MasterJustificationBook_Air_Force_PB_2016.xml
FILESIZE = 7252837
YEAR = 2016
JBOOK_TYPE = MasterJustificationBook
@recordid = 46703bd264466cdce369bd9b1586c982748595f2387f1527b0c414034cec8252
@doctype = 2016-BASE_PROCUREMENT-MASTERJUSTIFICATIONBOOK
@filename = 2016-BASE_PROCUREMENT-2016-AIRFORCE_AIRCRAFT_VOL2-PROCUREMENT_MasterJustificationBook_Air_Force_PB_2016.zzz_unzipped-PROCUREMENT_MasterJustificationBook_Air_Force_PB_2016.xml
----------------------
