

=========================================================
[3-convert-xml-to-json]
=========================================================
<Loading and merging all jbookArrayPaths into a single list>
|MasterJustificationBook|2013|2014|2015|2016|2017|2018|2019|2020|
|JustificationBook|2013|2014|2015|2016|2017|2018|2019|2020|
<arrayPaths count = 1254>
<last updated = 2019-10-09T04:51:40+00:00>
=========================================================
----------------------
[1/83]
FILEPATH = ./1-jbook-xml/2016-BASE_PROCUREMENT-2016-AIRFORCE_AIRCRAFT_VOL1-PROCUREMENT_JustificationBook_Air_Force_PB_2016.zzz_unzipped-PROCUREMENT_JustificationBook_Air_Force_PB_2016.xml
FILESIZE = 1815237
YEAR = 2016
JBOOK_TYPE = JustificationBook
@recordid = d5da3e55d82217c764b88daa8858d1b640f05a8123a4cd4f4c54e457605810ce
@doctype = 2016-BASE_PROCUREMENT-JUSTIFICATIONBOOK
@filename = 2016-BASE_PROCUREMENT-2016-AIRFORCE_AIRCRAFT_VOL1-PROCUREMENT_JustificationBook_Air_Force_PB_2016.zzz_unzipped-PROCUREMENT_JustificationBook_Air_Force_PB_2016.xml
----------------------
<Writing ./2-jbook-json/2016-BASE_PROCUREMENT-2016-AIRFORCE_AIRCRAFT_VOL1-PROCUREMENT_JustificationBook_Air_Force_PB_2016.zzz_unzipped-PROCUREMENT_JustificationBook_Air_Force_PB_2016.json>
----------------------
[2/83]
FILEPATH = ./1-jbook-xml/2016-BASE_PROCUREMENT-2016-AIRFORCE_AIRCRAFT_VOL1-PROCUREMENT_MasterJustificationBook_Air_Force_PB_2016.zzz_unzipped-PROCUREMENT_MasterJustificationBook_Air_Force_PB_2016.xml
FILESIZE = 7252837
YEAR = 2016
JBOOK_TYPE = MasterJustificationBook
@recordid = 46703bd264466cdce369bd9b1586c982748595f2387f1527b0c414034cec8252
@doctype = 2016-BASE_PROCUREMENT-MASTERJUSTIFICATIONBOOK
@filename = 2016-BASE_PROCUREMENT-2016-AIRFORCE_AIRCRAFT_VOL1-PROCUREMENT_MasterJustificationBook_Air_Force_PB_2016.zzz_unzipped-PROCUREMENT_MasterJustificationBook_Air_Force_PB_2016.xml
----------------------
<Writing ./2-jbook-json/2016-BASE_PROCUREMENT-2016-AIRFORCE_AIRCRAFT_VOL1-PROCUREMENT_MasterJustificationBook_Air_Force_PB_2016.zzz_unzipped-PROCUREMENT_MasterJustificationBook_Air_Force_PB_2016.json>
----------------------
[3/83]
FILEPATH = ./1-jbook-xml/2016-BASE_PROCUREMENT-2016-AIRFORCE_AIRCRAFT_VOL2-PROCUREMENT_JustificationBook_Air_Force_PB_2016.zzz_unzipped-PROCUREMENT_JustificationBook_Air_Force_PB_2016.xml
FILESIZE = 3987325
YEAR = 2016
JBOOK_TYPE = JustificationBook
@recordid = 0018eed2d7016287b34e370e5d48a8afa8ae29246e8c40f9e8368bdb9dfd70e1
@doctype = 2016-BASE_PROCUREMENT-JUSTIFICATIONBOOK
@filename = 2016-BASE_PROCUREMENT-2016-AIRFORCE_AIRCRAFT_VOL2-PROCUREMENT_JustificationBook_Air_Force_PB_2016.zzz_unzipped-PROCUREMENT_JustificationBook_Air_Force_PB_2016.xml
----------------------
<Writing ./2-jbook-json/2016-BASE_PROCUREMENT-2016-AIRFORCE_AIRCRAFT_VOL2-PROCUREMENT_JustificationBook_Air_Force_PB_2016.zzz_unzipped-PROCUREMENT_JustificationBook_Air_Force_PB_2016.json>
----------------------
[4/83]
FILEPATH = ./1-jbook-xml/2016-BASE_PROCUREMENT-2016-AIRFORCE_AIRCRAFT_VOL2-PROCUREMENT_MasterJustificationBook_Air_Force_PB_2016.zzz_unzipped-PROCUREMENT_MasterJustificationBook_Air_Force_PB_2016.xml
FILESIZE = 7252837
YEAR = 2016
JBOOK_TYPE = MasterJustificationBook
@recordid = 46703bd264466cdce369bd9b1586c982748595f2387f1527b0c414034cec8252
@doctype = 2016-BASE_PROCUREMENT-MASTERJUSTIFICATIONBOOK
@filename = 2016-BASE_PROCUREMENT-2016-AIRFORCE_AIRCRAFT_VOL2-PROCUREMENT_MasterJustificationBook_Air_Force_PB_2016.zzz_unzipped-PROCUREMENT_MasterJustificationBook_Air_Force_PB_2016.xml
----------------------
<Writing ./2-jbook-json/2016-BASE_PROCUREMENT-2016-AIRFORCE_AIRCRAFT_VOL2-PROCUREMENT_MasterJustificationBook_Air_Force_PB_2016.zzz_unzipped-PROCUREMENT_MasterJustificationBook_Air_Force_PB_2016.json>
----------------------
[5/83]
FILEPATH = ./1-jbook-xml/2016-BASE_PROCUREMENT-2016-AIRFORCE_AMMUNITION-PROCUREMENT_JustificationBook_Air_Force_PB_2016.zzz_unzipped-PROCUREMENT_JustificationBook_Air_Force_PB_2016.xml
FILESIZE = 847806
YEAR = 2016
JBOOK_TYPE = JustificationBook
@recordid = f95a1433b012bb3321f65e61fa91025d42605a4404e822e200b388f1b8336b45
@doctype = 2016-BASE_PROCUREMENT-JUSTIFICATIONBOOK
@filename = 2016-BASE_PROCUREMENT-2016-AIRFORCE_AMMUNITION-PROCUREMENT_JustificationBook_Air_Force_PB_2016.zzz_unzipped-PROCUREMENT_JustificationBook_Air_Force_PB_2016.xml
----------------------
<Writing ./2-jbook-json/2016-BASE_PROCUREMENT-2016-AIRFORCE_AMMUNITION-PROCUREMENT_JustificationBook_Air_Force_PB_2016.zzz_unzipped-PROCUREMENT_JustificationBook_Air_Force_PB_2016.json>
----------------------
[6/83]
FILEPATH = ./1-jbook-xml/2016-BASE_PROCUREMENT-2016-AIRFORCE_AMMUNITION-PROCUREMENT_MasterJustificationBook_Air_Force_PB_2016.zzz_unzipped-PROCUREMENT_MasterJustificationBook_Air_Force_PB_2016.xml
FILESIZE = 1064938
YEAR = 2016
JBOOK_TYPE = MasterJustificationBook
@recordid = 9188fe98445f55322814a904a44aa6ef32d075fb7042bde136b05ecb88113610
@doctype = 2016-BASE_PROCUREMENT-MASTERJUSTIFICATIONBOOK
@filename = 2016-BASE_PROCUREMENT-2016-AIRFORCE_AMMUNITION-PROCUREMENT_MasterJustificationBook_Air_Force_PB_2016.zzz_unzipped-PROCUREMENT_MasterJustificationBook_Air_Force_PB_2016.xml
----------------------
<Writing ./2-jbook-json/2016-BASE_PROCUREMENT-2016-AIRFORCE_AMMUNITION-PROCUREMENT_MasterJustificationBook_Air_Force_PB_2016.zzz_unzipped-PROCUREMENT_MasterJustificationBook_Air_Force_PB_2016.json>
----------------------
[7/83]
FILEPATH = ./1-jbook-xml/2016-BASE_PROCUREMENT-2016-AIRFORCE_MISSILE-PROCUREMENT_JustificationBook_Air_Force_PB_2016.zzz_unzipped-PROCUREMENT_JustificationBook_Air_Force_PB_2016.xml
FILESIZE = 1830744
YEAR = 2016
JBOOK_TYPE = JustificationBook
@recordid = 3edb739c49c4e73b98da96994c503ed4dabf536ccef331737647144a6b73cda4
@doctype = 2016-BASE_PROCUREMENT-JUSTIFICATIONBOOK
@filename = 2016-BASE_PROCUREMENT-2016-AIRFORCE_MISSILE-PROCUREMENT_JustificationBook_Air_Force_PB_2016.zzz_unzipped-PROCUREMENT_JustificationBook_Air_Force_PB_2016.xml
----------------------
<Writing ./2-jbook-json/2016-BASE_PROCUREMENT-2016-AIRFORCE_MISSILE-PROCUREMENT_JustificationBook_Air_Force_PB_2016.zzz_unzipped-PROCUREMENT_JustificationBook_Air_Force_PB_2016.json>
----------------------
[8/83]
FILEPATH = ./1-jbook-xml/2016-BASE_PROCUREMENT-2016-AIRFORCE_MISSILE-PROCUREMENT_MasterJustificationBook_Air_Force_PB_2016.zzz_unzipped-PROCUREMENT_MasterJustificationBook_Air_Force_PB_2016.xml
FILESIZE = 2258939
YEAR = 2016
JBOOK_TYPE = MasterJustificationBook
@recordid = 158ea1ebf4f6eef3861a560e34355288b50dd178953c1290c992d24cfb755812
@doctype = 2016-BASE_PROCUREMENT-MASTERJUSTIFICATIONBOOK
@filename = 2016-BASE_PROCUREMENT-2016-AIRFORCE_MISSILE-PROCUREMENT_MasterJustificationBook_Air_Force_PB_2016.zzz_unzipped-PROCUREMENT_MasterJustificationBook_Air_Force_PB_2016.xml
----------------------
<Writing ./2-jbook-json/2016-BASE_PROCUREMENT-2016-AIRFORCE_MISSILE-PROCUREMENT_MasterJustificationBook_Air_Force_PB_2016.zzz_unzipped-PROCUREMENT_MasterJustificationBook_Air_Force_PB_2016.json>
----------------------
[9/83]
FILEPATH = ./1-jbook-xml/2016-BASE_PROCUREMENT-2016-AIRFORCE_OTHER-PROCUREMENT_JustificationBook_Air_Force_PB_2016.zzz_unzipped-PROCUREMENT_JustificationBook_Air_Force_PB_2016.xml
FILESIZE = 3524048
YEAR = 2016
JBOOK_TYPE = JustificationBook
@recordid = 5199365191acae82cc522ebe2b508697729b1712f3af1144ba60b9923d8ff726
@doctype = 2016-BASE_PROCUREMENT-JUSTIFICATIONBOOK
@filename = 2016-BASE_PROCUREMENT-2016-AIRFORCE_OTHER-PROCUREMENT_JustificationBook_Air_Force_PB_2016.zzz_unzipped-PROCUREMENT_JustificationBook_Air_Force_PB_2016.xml
----------------------
<Writing ./2-jbook-json/2016-BASE_PROCUREMENT-2016-AIRFORCE_OTHER-PROCUREMENT_JustificationBook_Air_Force_PB_2016.zzz_unzipped-PROCUREMENT_JustificationBook_Air_Force_PB_2016.json>
----------------------
[10/83]
FILEPATH = ./1-jbook-xml/2016-BASE_PROCUREMENT-2016-AIRFORCE_OTHER-PROCUREMENT_MasterJustificationBook_Air_Force_PB_2016.zzz_unzipped-PROCUREMENT_MasterJustificationBook_Air_Force_PB_2016.xml
FILESIZE = 4379581
YEAR = 2016
JBOOK_TYPE = MasterJustificationBook
@recordid = dab5eb1acc72ad63dfb4a463483165e219518ef030c62c9941bb847c1e54e88f
@doctype = 2016-BASE_PROCUREMENT-MASTERJUSTIFICATIONBOOK
@filename = 2016-BASE_PROCUREMENT-2016-AIRFORCE_OTHER-PROCUREMENT_MasterJustificationBook_Air_Force_PB_2016.zzz_unzipped-PROCUREMENT_MasterJustificationBook_Air_Force_PB_2016.xml
----------------------
<Writing ./2-jbook-json/2016-BASE_PROCUREMENT-2016-AIRFORCE_OTHER-PROCUREMENT_MasterJustificationBook_Air_Force_PB_2016.zzz_unzipped-PROCUREMENT_MasterJustificationBook_Air_Force_PB_2016.json>
----------------------
[11/83]
FILEPATH = ./1-jbook-xml/2016-BASE_PROCUREMENT-2016-AIRFORCE_SPACE-PROCUREMENT_JustificationBook_Air_Force_PB_2016.zzz_unzipped-PROCUREMENT_JustificationBook_Air_Force_PB_2016.xml
FILESIZE = 355298
YEAR = 2016
JBOOK_TYPE = JustificationBook
@recordid = 83d40f5203946407dd0b052f8e03b934a21dd602fc6cd7797b547dbe1d62d7a3
@doctype = 2016-BASE_PROCUREMENT-JUSTIFICATIONBOOK
@filename = 2016-BASE_PROCUREMENT-2016-AIRFORCE_SPACE-PROCUREMENT_JustificationBook_Air_Force_PB_2016.zzz_unzipped-PROCUREMENT_JustificationBook_Air_Force_PB_2016.xml
----------------------
<Writing ./2-jbook-json/2016-BASE_PROCUREMENT-2016-AIRFORCE_SPACE-PROCUREMENT_JustificationBook_Air_Force_PB_2016.zzz_unzipped-PROCUREMENT_JustificationBook_Air_Force_PB_2016.json>
----------------------
[12/83]
FILEPATH = ./1-jbook-xml/2016-BASE_PROCUREMENT-2016-AIRFORCE_SPACE-PROCUREMENT_MasterJustificationBook_Air_Force_PB_2016.zzz_unzipped-PROCUREMENT_MasterJustificationBook_Air_Force_PB_2016.xml
FILESIZE = 443991
YEAR = 2016
JBOOK_TYPE = MasterJustificationBook
@recordid = d6f35af6280a7b98c867d485e6c36d37d74169914648b9ce16c0662271b8222b
@doctype = 2016-BASE_PROCUREMENT-MASTERJUSTIFICATIONBOOK
@filename = 2016-BASE_PROCUREMENT-2016-AIRFORCE_SPACE-PROCUREMENT_MasterJustificationBook_Air_Force_PB_2016.zzz_unzipped-PROCUREMENT_MasterJustificationBook_Air_Force_PB_2016.xml
----------------------
<Writing ./2-jbook-json/2016-BASE_PROCUREMENT-2016-AIRFORCE_SPACE-PROCUREMENT_MasterJustificationBook_Air_Force_PB_2016.zzz_unzipped-PROCUREMENT_MasterJustificationBook_Air_Force_PB_2016.json>
----------------------
[13/83]
FILEPATH = ./1-jbook-xml/2016-BASE_PROCUREMENT-2016-ARMY_AIRCRAFT-PROCUREMENT_JustificationBook_Army_PB_2016.zzz_unzipped-PROCUREMENT_JustificationBook_Army_PB_2016.xml
FILESIZE = 4693880
YEAR = 2016
JBOOK_TYPE = JustificationBook
@recordid = 53ae0679679f34f5cc2fe4a8fcd520a792803796451e75d18d396b046eb8d87f
@doctype = 2016-BASE_PROCUREMENT-JUSTIFICATIONBOOK
@filename = 2016-BASE_PROCUREMENT-2016-ARMY_AIRCRAFT-PROCUREMENT_JustificationBook_Army_PB_2016.zzz_unzipped-PROCUREMENT_JustificationBook_Army_PB_2016.xml
----------------------
<Writing ./2-jbook-json/2016-BASE_PROCUREMENT-2016-ARMY_AIRCRAFT-PROCUREMENT_JustificationBook_Army_PB_2016.zzz_unzipped-PROCUREMENT_JustificationBook_Army_PB_2016.json>
----------------------
[14/83]
FILEPATH = ./1-jbook-xml/2016-BASE_PROCUREMENT-2016-ARMY_AMMO-PROCUREMENT_JustificationBook_Army_PB_2016.zzz_unzipped-PROCUREMENT_JustificationBook_Army_PB_2016.xml
FILESIZE = 3669688
YEAR = 2016
JBOOK_TYPE = JustificationBook
@recordid = 20f40782e0ee3aaa2162461a23fa1bf218489c919708100c70d66b7cc3ebe45d
@doctype = 2016-BASE_PROCUREMENT-JUSTIFICATIONBOOK
@filename = 2016-BASE_PROCUREMENT-2016-ARMY_AMMO-PROCUREMENT_JustificationBook_Army_PB_2016.zzz_unzipped-PROCUREMENT_JustificationBook_Army_PB_2016.xml
----------------------
<Writing ./2-jbook-json/2016-BASE_PROCUREMENT-2016-ARMY_AMMO-PROCUREMENT_JustificationBook_Army_PB_2016.zzz_unzipped-PROCUREMENT_JustificationBook_Army_PB_2016.json>
----------------------
[15/83]
FILEPATH = ./1-jbook-xml/2016-BASE_PROCUREMENT-2016-ARMY_MISSLE-PROCUREMENT_JustificationBook_Army_PB_2016.zzz_unzipped-PROCUREMENT_JustificationBook_Army_PB_2016.xml
FILESIZE = 2044889
YEAR = 2016
JBOOK_TYPE = JustificationBook
@recordid = b5a31fdae56a5b2bae3af3e1cfae30b3aff8b2a12651f7c48af15a744bda0fd7
@doctype = 2016-BASE_PROCUREMENT-JUSTIFICATIONBOOK
@filename = 2016-BASE_PROCUREMENT-2016-ARMY_MISSLE-PROCUREMENT_JustificationBook_Army_PB_2016.zzz_unzipped-PROCUREMENT_JustificationBook_Army_PB_2016.xml
----------------------
<Writing ./2-jbook-json/2016-BASE_PROCUREMENT-2016-ARMY_MISSLE-PROCUREMENT_JustificationBook_Army_PB_2016.zzz_unzipped-PROCUREMENT_JustificationBook_Army_PB_2016.json>
----------------------
[16/83]
FILEPATH = ./1-jbook-xml/2016-BASE_PROCUREMENT-2016-ARMY_OTHER_1-PROCUREMENT_JustificationBook_Army_PB_2016.zzz_unzipped-PROCUREMENT_JustificationBook_Army_PB_2016.xml
FILESIZE = 973771
YEAR = 2016
JBOOK_TYPE = JustificationBook
@recordid = f744af9792ebdba86aa350d5eaf2b9502a5b6d2aaf32337ce7b4d489bddb3a27
@doctype = 2016-BASE_PROCUREMENT-JUSTIFICATIONBOOK
@filename = 2016-BASE_PROCUREMENT-2016-ARMY_OTHER_1-PROCUREMENT_JustificationBook_Army_PB_2016.zzz_unzipped-PROCUREMENT_JustificationBook_Army_PB_2016.xml
----------------------
<Writing ./2-jbook-json/2016-BASE_PROCUREMENT-2016-ARMY_OTHER_1-PROCUREMENT_JustificationBook_Army_PB_2016.zzz_unzipped-PROCUREMENT_JustificationBook_Army_PB_2016.json>
----------------------
[17/83]
FILEPATH = ./1-jbook-xml/2016-BASE_PROCUREMENT-2016-ARMY_OTHER_2-PROCUREMENT_JustificationBook_Army_PB_2016.zzz_unzipped-PROCUREMENT_JustificationBook_Army_PB_2016.xml
FILESIZE = 4109421
YEAR = 2016
JBOOK_TYPE = JustificationBook
@recordid = 661ae8ca5e8e1154a78c1769c13eaa78d4f6cebe56642fab2ed8a7fc320588d8
@doctype = 2016-BASE_PROCUREMENT-JUSTIFICATIONBOOK
@filename = 2016-BASE_PROCUREMENT-2016-ARMY_OTHER_2-PROCUREMENT_JustificationBook_Army_PB_2016.zzz_unzipped-PROCUREMENT_JustificationBook_Army_PB_2016.xml
----------------------
<Writing ./2-jbook-json/2016-BASE_PROCUREMENT-2016-ARMY_OTHER_2-PROCUREMENT_JustificationBook_Army_PB_2016.zzz_unzipped-PROCUREMENT_JustificationBook_Army_PB_2016.json>
----------------------
[18/83]
FILEPATH = ./1-jbook-xml/2016-BASE_PROCUREMENT-2016-ARMY_OTHER_3-4-PROCUREMENT_JustificationBook_Army_PB_2016.zzz_unzipped-PROCUREMENT_JustificationBook_Army_PB_2016.xml
FILESIZE = 3822952
YEAR = 2016
JBOOK_TYPE = JustificationBook
@recordid = 39c5be80800bcbb4a19e9559d380a9854f227b53af95972ba122f518938c804b
@doctype = 2016-BASE_PROCUREMENT-JUSTIFICATIONBOOK
@filename = 2016-BASE_PROCUREMENT-2016-ARMY_OTHER_3-4-PROCUREMENT_JustificationBook_Army_PB_2016.zzz_unzipped-PROCUREMENT_JustificationBook_Army_PB_2016.xml
----------------------
<Writing ./2-jbook-json/2016-BASE_PROCUREMENT-2016-ARMY_OTHER_3-4-PROCUREMENT_JustificationBook_Army_PB_2016.zzz_unzipped-PROCUREMENT_JustificationBook_Army_PB_2016.json>
----------------------
[19/83]
FILEPATH = ./1-jbook-xml/2016-BASE_PROCUREMENT-2016-ARMY_WTCV-PROCUREMENT_JustificationBook_Army_PB_2016.zzz_unzipped-PROCUREMENT_JustificationBook_Army_PB_2016.xml
FILESIZE = 2934597
YEAR = 2016
JBOOK_TYPE = JustificationBook
@recordid = 1421ce7da36761a56ecb9eed5ca3acd68c715e14264e44db3518578892177243
@doctype = 2016-BASE_PROCUREMENT-JUSTIFICATIONBOOK
@filename = 2016-BASE_PROCUREMENT-2016-ARMY_WTCV-PROCUREMENT_JustificationBook_Army_PB_2016.zzz_unzipped-PROCUREMENT_JustificationBook_Army_PB_2016.xml
----------------------
<Writing ./2-jbook-json/2016-BASE_PROCUREMENT-2016-ARMY_WTCV-PROCUREMENT_JustificationBook_Army_PB_2016.zzz_unzipped-PROCUREMENT_JustificationBook_Army_PB_2016.json>
----------------------
[20/83]
FILEPATH = ./1-jbook-xml/2016-BASE_PROCUREMENT-2016-DEFENSE_CBDP-PROCUREMENT_JustificationBook_Chemical_and_Biological_Defense_Program_PB_2016.zzz_unzipped-PROCUREMENT_JustificationBook_Chemical_and_Biological_Defense_Program_PB_2016.xml
FILESIZE = 1467549
YEAR = 2016
JBOOK_TYPE = JustificationBook
@recordid = 888d07901bf0cdcbee90139e50dacd8f6612c4b874a73bc74f63889cd415b567
@doctype = 2016-BASE_PROCUREMENT-JUSTIFICATIONBOOK
@filename = 2016-BASE_PROCUREMENT-2016-DEFENSE_CBDP-PROCUREMENT_JustificationBook_Chemical_and_Biological_Defense_Program_PB_2016.zzz_unzipped-PROCUREMENT_JustificationBook_Chemical_and_Biological_Defense_Program_PB_2016.xml
----------------------
<Writing ./2-jbook-json/2016-BASE_PROCUREMENT-2016-DEFENSE_CBDP-PROCUREMENT_JustificationBook_Chemical_and_Biological_Defense_Program_PB_2016.zzz_unzipped-PROCUREMENT_JustificationBook_Chemical_and_Biological_Defense_Program_PB_2016.json>
----------------------
[21/83]
FILEPATH = ./1-jbook-xml/2016-BASE_PROCUREMENT-2016-DEFENSE_DCAA-PROCUREMENT_JustificationBook_Defense_Contract_Audit_Agency_PB_2016.zzz_unzipped-PROCUREMENT_JustificationBook_Defense_Contract_Audit_Agency_PB_2016.xml
FILESIZE = 12192
YEAR = 2016
JBOOK_TYPE = JustificationBook
@recordid = 56fe56ab58f53a3a4602764d36608d9a91336631d5295092129f4304d8411930
@doctype = 2016-BASE_PROCUREMENT-JUSTIFICATIONBOOK
@filename = 2016-BASE_PROCUREMENT-2016-DEFENSE_DCAA-PROCUREMENT_JustificationBook_Defense_Contract_Audit_Agency_PB_2016.zzz_unzipped-PROCUREMENT_JustificationBook_Defense_Contract_Audit_Agency_PB_2016.xml
----------------------
<Writing ./2-jbook-json/2016-BASE_PROCUREMENT-2016-DEFENSE_DCAA-PROCUREMENT_JustificationBook_Defense_Contract_Audit_Agency_PB_2016.zzz_unzipped-PROCUREMENT_JustificationBook_Defense_Contract_Audit_Agency_PB_2016.json>
----------------------
[22/83]
FILEPATH = ./1-jbook-xml/2016-BASE_PROCUREMENT-2016-DEFENSE_DCAA-PROCUREMENT_MasterJustificationBook_Defense_Contract_Audit_Agency_PB_2016.zzz_unzipped-PROCUREMENT_MasterJustificationBook_Defense_Contract_Audit_Agency_PB_2016.xml
FILESIZE = 19319
YEAR = 2016
JBOOK_TYPE = MasterJustificationBook
@recordid = ba3f1115a373939ad5b8547009881474a3602e481796fbabd37afa9819910f05
@doctype = 2016-BASE_PROCUREMENT-MASTERJUSTIFICATIONBOOK
@filename = 2016-BASE_PROCUREMENT-2016-DEFENSE_DCAA-PROCUREMENT_MasterJustificationBook_Defense_Contract_Audit_Agency_PB_2016.zzz_unzipped-PROCUREMENT_MasterJustificationBook_Defense_Contract_Audit_Agency_PB_2016.xml
----------------------
<Writing ./2-jbook-json/2016-BASE_PROCUREMENT-2016-DEFENSE_DCAA-PROCUREMENT_MasterJustificationBook_Defense_Contract_Audit_Agency_PB_2016.zzz_unzipped-PROCUREMENT_MasterJustificationBook_Defense_Contract_Audit_Agency_PB_2016.json>
----------------------
[23/83]
FILEPATH = ./1-jbook-xml/2016-BASE_PROCUREMENT-2016-DEFENSE_DCMA-PROCUREMENT_JustificationBook_Defense_Contract_Management_Agency_PB_2016.zzz_unzipped-PROCUREMENT_JustificationBook_Defense_Contract_Management_Agency_PB_2016.xml
FILESIZE = 22217
YEAR = 2016
JBOOK_TYPE = JustificationBook
@recordid = 6c51929b32271464f923555a852df78c194467556ff1910251dbd0c75332fd0a
@doctype = 2016-BASE_PROCUREMENT-JUSTIFICATIONBOOK
@filename = 2016-BASE_PROCUREMENT-2016-DEFENSE_DCMA-PROCUREMENT_JustificationBook_Defense_Contract_Management_Agency_PB_2016.zzz_unzipped-PROCUREMENT_JustificationBook_Defense_Contract_Management_Agency_PB_2016.xml
----------------------
<Writing ./2-jbook-json/2016-BASE_PROCUREMENT-2016-DEFENSE_DCMA-PROCUREMENT_JustificationBook_Defense_Contract_Management_Agency_PB_2016.zzz_unzipped-PROCUREMENT_JustificationBook_Defense_Contract_Management_Agency_PB_2016.json>
----------------------
[24/83]
FILEPATH = ./1-jbook-xml/2016-BASE_PROCUREMENT-2016-DEFENSE_DCMA-PROCUREMENT_MasterJustificationBook_Defense_Contract_Management_Agency_PB_2016.zzz_unzipped-PROCUREMENT_MasterJustificationBook_Defense_Contract_Management_Agency_PB_2016.xml
FILESIZE = 31472
YEAR = 2016
JBOOK_TYPE = MasterJustificationBook
@recordid = 3411f5097da2168c2d0469ccd19c4f73486051d0e6df962dbae667a5e383f5ce
@doctype = 2016-BASE_PROCUREMENT-MASTERJUSTIFICATIONBOOK
@filename = 2016-BASE_PROCUREMENT-2016-DEFENSE_DCMA-PROCUREMENT_MasterJustificationBook_Defense_Contract_Management_Agency_PB_2016.zzz_unzipped-PROCUREMENT_MasterJustificationBook_Defense_Contract_Management_Agency_PB_2016.xml
----------------------
<Writing ./2-jbook-json/2016-BASE_PROCUREMENT-2016-DEFENSE_DCMA-PROCUREMENT_MasterJustificationBook_Defense_Contract_Management_Agency_PB_2016.zzz_unzipped-PROCUREMENT_MasterJustificationBook_Defense_Contract_Management_Agency_PB_2016.json>
----------------------
[25/83]
FILEPATH = ./1-jbook-xml/2016-BASE_PROCUREMENT-2016-DEFENSE_DHRA-PROCUREMENT_JustificationBook_DoD_Human_Resources_Activity_PB_2016.zzz_unzipped-PROCUREMENT_JustificationBook_DoD_Human_Resources_Activity_PB_2016.xml
FILESIZE = 50004
YEAR = 2016
JBOOK_TYPE = JustificationBook
@recordid = a04ca9d62b58506b6dc36133e058efd4b36641724474902bd758c6ded453e473
@doctype = 2016-BASE_PROCUREMENT-JUSTIFICATIONBOOK
@filename = 2016-BASE_PROCUREMENT-2016-DEFENSE_DHRA-PROCUREMENT_JustificationBook_DoD_Human_Resources_Activity_PB_2016.zzz_unzipped-PROCUREMENT_JustificationBook_DoD_Human_Resources_Activity_PB_2016.xml
----------------------
<Writing ./2-jbook-json/2016-BASE_PROCUREMENT-2016-DEFENSE_DHRA-PROCUREMENT_JustificationBook_DoD_Human_Resources_Activity_PB_2016.zzz_unzipped-PROCUREMENT_JustificationBook_DoD_Human_Resources_Activity_PB_2016.json>
----------------------
[26/83]
FILEPATH = ./1-jbook-xml/2016-BASE_PROCUREMENT-2016-DEFENSE_DHRA-PROCUREMENT_MasterJustificationBook_DoD_Human_Resources_Activity_PB_2016.zzz_unzipped-PROCUREMENT_MasterJustificationBook_DoD_Human_Resources_Activity_PB_2016.xml
FILESIZE = 63297
YEAR = 2016
JBOOK_TYPE = MasterJustificationBook
@recordid = 1617b5f8d62e16596b66f4979aa4ca30312b2018aef7859050d2493814f602e7
@doctype = 2016-BASE_PROCUREMENT-MASTERJUSTIFICATIONBOOK
@filename = 2016-BASE_PROCUREMENT-2016-DEFENSE_DHRA-PROCUREMENT_MasterJustificationBook_DoD_Human_Resources_Activity_PB_2016.zzz_unzipped-PROCUREMENT_MasterJustificationBook_DoD_Human_Resources_Activity_PB_2016.xml
----------------------
<Writing ./2-jbook-json/2016-BASE_PROCUREMENT-2016-DEFENSE_DHRA-PROCUREMENT_MasterJustificationBook_DoD_Human_Resources_Activity_PB_2016.zzz_unzipped-PROCUREMENT_MasterJustificationBook_DoD_Human_Resources_Activity_PB_2016.json>
----------------------
[27/83]
FILEPATH = ./1-jbook-xml/2016-BASE_PROCUREMENT-2016-DEFENSE_DISA-PROCUREMENT_JustificationBook_Defense_Information_Systems_Agency_PB_2016.zzz_unzipped-PROCUREMENT_JustificationBook_Defense_Information_Systems_Agency_PB_2016.xml
FILESIZE = 895741
YEAR = 2016
JBOOK_TYPE = JustificationBook
@recordid = 23b883482ac30262b2e18e74b872c7958358eb3e34e2ddbeaf76f6b31630952a
@doctype = 2016-BASE_PROCUREMENT-JUSTIFICATIONBOOK
@filename = 2016-BASE_PROCUREMENT-2016-DEFENSE_DISA-PROCUREMENT_JustificationBook_Defense_Information_Systems_Agency_PB_2016.zzz_unzipped-PROCUREMENT_JustificationBook_Defense_Information_Systems_Agency_PB_2016.xml
----------------------
<Writing ./2-jbook-json/2016-BASE_PROCUREMENT-2016-DEFENSE_DISA-PROCUREMENT_JustificationBook_Defense_Information_Systems_Agency_PB_2016.zzz_unzipped-PROCUREMENT_JustificationBook_Defense_Information_Systems_Agency_PB_2016.json>
----------------------
[28/83]
FILEPATH = ./1-jbook-xml/2016-BASE_PROCUREMENT-2016-DEFENSE_DISA-PROCUREMENT_MasterJustificationBook_Defense_Information_Systems_Agency_PB_2016.zzz_unzipped-PROCUREMENT_MasterJustificationBook_Defense_Information_Systems_Agency_PB_2016.xml
FILESIZE = 1104205
YEAR = 2016
JBOOK_TYPE = MasterJustificationBook
@recordid = a98cdc930b23ec945854982e472d46e7160dcdb7e6f47b1706ab558f5a25f254
@doctype = 2016-BASE_PROCUREMENT-MASTERJUSTIFICATIONBOOK
@filename = 2016-BASE_PROCUREMENT-2016-DEFENSE_DISA-PROCUREMENT_MasterJustificationBook_Defense_Information_Systems_Agency_PB_2016.zzz_unzipped-PROCUREMENT_MasterJustificationBook_Defense_Information_Systems_Agency_PB_2016.xml
----------------------
<Writing ./2-jbook-json/2016-BASE_PROCUREMENT-2016-DEFENSE_DISA-PROCUREMENT_MasterJustificationBook_Defense_Information_Systems_Agency_PB_2016.zzz_unzipped-PROCUREMENT_MasterJustificationBook_Defense_Information_Systems_Agency_PB_2016.json>
----------------------
[29/83]
FILEPATH = ./1-jbook-xml/2016-BASE_PROCUREMENT-2016-DEFENSE_DLA-PROCUREMENT_JustificationBook_Defense_Logistics_Agency_PB_2016.zzz_unzipped-PROCUREMENT_JustificationBook_Defense_Logistics_Agency_PB_2016.xml
FILESIZE = 21610
YEAR = 2016
JBOOK_TYPE = JustificationBook
@recordid = 621dae94001c16c4423ac14e7af4250a2cddb193cf0698ef916364a12fec0b43
@doctype = 2016-BASE_PROCUREMENT-JUSTIFICATIONBOOK
@filename = 2016-BASE_PROCUREMENT-2016-DEFENSE_DLA-PROCUREMENT_JustificationBook_Defense_Logistics_Agency_PB_2016.zzz_unzipped-PROCUREMENT_JustificationBook_Defense_Logistics_Agency_PB_2016.xml
----------------------
<Writing ./2-jbook-json/2016-BASE_PROCUREMENT-2016-DEFENSE_DLA-PROCUREMENT_JustificationBook_Defense_Logistics_Agency_PB_2016.zzz_unzipped-PROCUREMENT_JustificationBook_Defense_Logistics_Agency_PB_2016.json>
----------------------
[30/83]
FILEPATH = ./1-jbook-xml/2016-BASE_PROCUREMENT-2016-DEFENSE_DLA-PROCUREMENT_MasterJustificationBook_Defense_Logistics_Agency_PB_2016.zzz_unzipped-PROCUREMENT_MasterJustificationBook_Defense_Logistics_Agency_PB_2016.xml
FILESIZE = 31839
YEAR = 2016
JBOOK_TYPE = MasterJustificationBook
@recordid = d5da9a58e60f1dc578e90af39f20d029f9cf6e4c65489fc5fd73f6141e0e6153
@doctype = 2016-BASE_PROCUREMENT-MASTERJUSTIFICATIONBOOK
@filename = 2016-BASE_PROCUREMENT-2016-DEFENSE_DLA-PROCUREMENT_MasterJustificationBook_Defense_Logistics_Agency_PB_2016.zzz_unzipped-PROCUREMENT_MasterJustificationBook_Defense_Logistics_Agency_PB_2016.xml
----------------------
<Writing ./2-jbook-json/2016-BASE_PROCUREMENT-2016-DEFENSE_DLA-PROCUREMENT_MasterJustificationBook_Defense_Logistics_Agency_PB_2016.zzz_unzipped-PROCUREMENT_MasterJustificationBook_Defense_Logistics_Agency_PB_2016.json>
----------------------
[31/83]
FILEPATH = ./1-jbook-xml/2016-BASE_PROCUREMENT-2016-DEFENSE_DMACT-PROCUREMENT_JustificationBook_Defense_Media_Activity_PB_2016.zzz_unzipped-PROCUREMENT_JustificationBook_Defense_Media_Activity_PB_2016.xml
FILESIZE = 55864
YEAR = 2016
JBOOK_TYPE = JustificationBook
@recordid = 30f212dc1d2c15ba858365caec00a3292e85ba831dcadf78ed24b7195e56508a
@doctype = 2016-BASE_PROCUREMENT-JUSTIFICATIONBOOK
@filename = 2016-BASE_PROCUREMENT-2016-DEFENSE_DMACT-PROCUREMENT_JustificationBook_Defense_Media_Activity_PB_2016.zzz_unzipped-PROCUREMENT_JustificationBook_Defense_Media_Activity_PB_2016.xml
----------------------
<Writing ./2-jbook-json/2016-BASE_PROCUREMENT-2016-DEFENSE_DMACT-PROCUREMENT_JustificationBook_Defense_Media_Activity_PB_2016.zzz_unzipped-PROCUREMENT_JustificationBook_Defense_Media_Activity_PB_2016.json>
----------------------
[32/83]
FILEPATH = ./1-jbook-xml/2016-BASE_PROCUREMENT-2016-DEFENSE_DMACT-PROCUREMENT_MasterJustificationBook_Defense_Media_Activity_PB_2016.zzz_unzipped-PROCUREMENT_MasterJustificationBook_Defense_Media_Activity_PB_2016.xml
FILESIZE = 74569
YEAR = 2016
JBOOK_TYPE = MasterJustificationBook
@recordid = f04e4435a24dda32f7c59864ba3a4424729675225445fdb801feb25293d908ba
@doctype = 2016-BASE_PROCUREMENT-MASTERJUSTIFICATIONBOOK
@filename = 2016-BASE_PROCUREMENT-2016-DEFENSE_DMACT-PROCUREMENT_MasterJustificationBook_Defense_Media_Activity_PB_2016.zzz_unzipped-PROCUREMENT_MasterJustificationBook_Defense_Media_Activity_PB_2016.xml
----------------------
<Writing ./2-jbook-json/2016-BASE_PROCUREMENT-2016-DEFENSE_DMACT-PROCUREMENT_MasterJustificationBook_Defense_Media_Activity_PB_2016.zzz_unzipped-PROCUREMENT_MasterJustificationBook_Defense_Media_Activity_PB_2016.json>
----------------------
[33/83]
FILEPATH = ./1-jbook-xml/2016-BASE_PROCUREMENT-2016-DEFENSE_DODEA-PROCUREMENT_JustificationBook_Department_of_Defense_Education_Activity_PB_2016.zzz_unzipped-PROCUREMENT_JustificationBook_Department_of_Defense_Education_Activity_PB_2016.xml
FILESIZE = 7159
YEAR = 2016
JBOOK_TYPE = JustificationBook
@recordid = 845d9e80a274cc80ef4624592acd6fe8f4990eb7f2ebe03e218759ed7f2deec5
@doctype = 2016-BASE_PROCUREMENT-JUSTIFICATIONBOOK
@filename = 2016-BASE_PROCUREMENT-2016-DEFENSE_DODEA-PROCUREMENT_JustificationBook_Department_of_Defense_Education_Activity_PB_2016.zzz_unzipped-PROCUREMENT_JustificationBook_Department_of_Defense_Education_Activity_PB_2016.xml
----------------------
<Writing ./2-jbook-json/2016-BASE_PROCUREMENT-2016-DEFENSE_DODEA-PROCUREMENT_JustificationBook_Department_of_Defense_Education_Activity_PB_2016.zzz_unzipped-PROCUREMENT_JustificationBook_Department_of_Defense_Education_Activity_PB_2016.json>
----------------------
[34/83]
FILEPATH = ./1-jbook-xml/2016-BASE_PROCUREMENT-2016-DEFENSE_DODEA-PROCUREMENT_MasterJustificationBook_Department_of_Defense_Education_Activity_PB_2016.zzz_unzipped-PROCUREMENT_MasterJustificationBook_Department_of_Defense_Education_Activity_PB_2016.xml
FILESIZE = 13245
YEAR = 2016
JBOOK_TYPE = MasterJustificationBook
@recordid = c940cd0c9a8784f33c45f63a98f04c8c522355adef14bc39109fd592d3107288
@doctype = 2016-BASE_PROCUREMENT-MASTERJUSTIFICATIONBOOK
@filename = 2016-BASE_PROCUREMENT-2016-DEFENSE_DODEA-PROCUREMENT_MasterJustificationBook_Department_of_Defense_Education_Activity_PB_2016.zzz_unzipped-PROCUREMENT_MasterJustificationBook_Department_of_Defense_Education_Activity_PB_2016.xml
----------------------
<Writing ./2-jbook-json/2016-BASE_PROCUREMENT-2016-DEFENSE_DODEA-PROCUREMENT_MasterJustificationBook_Department_of_Defense_Education_Activity_PB_2016.zzz_unzipped-PROCUREMENT_MasterJustificationBook_Department_of_Defense_Education_Activity_PB_2016.json>
----------------------
[35/83]
FILEPATH = ./1-jbook-xml/2016-BASE_PROCUREMENT-2016-DEFENSE_DPAP-PROCUREMENT_JustificationBook_Office_of_the_Secretary_Of_Defense_PB_2016.zzz_unzipped-PROCUREMENT_JustificationBook_Office_of_the_Secretary_Of_Defense_PB_2016.xml
FILESIZE = 33312
YEAR = 2016
JBOOK_TYPE = JustificationBook
@recordid = 51052c0c12d7d09cdff638ef48e7f89c40ab51f071605d153721044af17b7bca
@doctype = 2016-BASE_PROCUREMENT-JUSTIFICATIONBOOK
@filename = 2016-BASE_PROCUREMENT-2016-DEFENSE_DPAP-PROCUREMENT_JustificationBook_Office_of_the_Secretary_Of_Defense_PB_2016.zzz_unzipped-PROCUREMENT_JustificationBook_Office_of_the_Secretary_Of_Defense_PB_2016.xml
----------------------
<Writing ./2-jbook-json/2016-BASE_PROCUREMENT-2016-DEFENSE_DPAP-PROCUREMENT_JustificationBook_Office_of_the_Secretary_Of_Defense_PB_2016.zzz_unzipped-PROCUREMENT_JustificationBook_Office_of_the_Secretary_Of_Defense_PB_2016.json>
----------------------
[36/83]
FILEPATH = ./1-jbook-xml/2016-BASE_PROCUREMENT-2016-DEFENSE_DPAP-PROCUREMENT_MasterJustificationBook_Office_of_the_Secretary_Of_Defense_PB_2016.zzz_unzipped-PROCUREMENT_MasterJustificationBook_Office_of_the_Secretary_Of_Defense_PB_2016.xml
FILESIZE = 45604
YEAR = 2016
JBOOK_TYPE = MasterJustificationBook
@recordid = c89cd71bef60ebb4ff547b053d5b1a47b6103db650ab7b59b4f498e5f5c12e4f
@doctype = 2016-BASE_PROCUREMENT-MASTERJUSTIFICATIONBOOK
@filename = 2016-BASE_PROCUREMENT-2016-DEFENSE_DPAP-PROCUREMENT_MasterJustificationBook_Office_of_the_Secretary_Of_Defense_PB_2016.zzz_unzipped-PROCUREMENT_MasterJustificationBook_Office_of_the_Secretary_Of_Defense_PB_2016.xml
----------------------
<Writing ./2-jbook-json/2016-BASE_PROCUREMENT-2016-DEFENSE_DPAP-PROCUREMENT_MasterJustificationBook_Office_of_the_Secretary_Of_Defense_PB_2016.zzz_unzipped-PROCUREMENT_MasterJustificationBook_Office_of_the_Secretary_Of_Defense_PB_2016.json>
----------------------
[37/83]
FILEPATH = ./1-jbook-xml/2016-BASE_PROCUREMENT-2016-DEFENSE_DSCA-PROCUREMENT_JustificationBook_Defense_Security_Cooperation_Agency_PB_2016.zzz_unzipped-PROCUREMENT_JustificationBook_Defense_Security_Cooperation_Agency_PB_2016.xml
FILESIZE = 3568
YEAR = 2016
JBOOK_TYPE = JustificationBook
@recordid = 32bdde615190dd942655842e81635fb8032ed06b50031263bc594b1b0196c393
@doctype = 2016-BASE_PROCUREMENT-JUSTIFICATIONBOOK
@filename = 2016-BASE_PROCUREMENT-2016-DEFENSE_DSCA-PROCUREMENT_JustificationBook_Defense_Security_Cooperation_Agency_PB_2016.zzz_unzipped-PROCUREMENT_JustificationBook_Defense_Security_Cooperation_Agency_PB_2016.xml
----------------------
<Writing ./2-jbook-json/2016-BASE_PROCUREMENT-2016-DEFENSE_DSCA-PROCUREMENT_JustificationBook_Defense_Security_Cooperation_Agency_PB_2016.zzz_unzipped-PROCUREMENT_JustificationBook_Defense_Security_Cooperation_Agency_PB_2016.json>
----------------------
[38/83]
FILEPATH = ./1-jbook-xml/2016-BASE_PROCUREMENT-2016-DEFENSE_DSCA-PROCUREMENT_MasterJustificationBook_Defense_Security_Cooperation_Agency_PB_2016.zzz_unzipped-PROCUREMENT_MasterJustificationBook_Defense_Security_Cooperation_Agency_PB_2016.xml
FILESIZE = 9116
YEAR = 2016
JBOOK_TYPE = MasterJustificationBook
@recordid = 35fdae845bf43cffab824e536da7ad4d4435b5df2c500cd1840f795214e51aca
@doctype = 2016-BASE_PROCUREMENT-MASTERJUSTIFICATIONBOOK
@filename = 2016-BASE_PROCUREMENT-2016-DEFENSE_DSCA-PROCUREMENT_MasterJustificationBook_Defense_Security_Cooperation_Agency_PB_2016.zzz_unzipped-PROCUREMENT_MasterJustificationBook_Defense_Security_Cooperation_Agency_PB_2016.xml
----------------------
<Writing ./2-jbook-json/2016-BASE_PROCUREMENT-2016-DEFENSE_DSCA-PROCUREMENT_MasterJustificationBook_Defense_Security_Cooperation_Agency_PB_2016.zzz_unzipped-PROCUREMENT_MasterJustificationBook_Defense_Security_Cooperation_Agency_PB_2016.json>
----------------------
[39/83]
FILEPATH = ./1-jbook-xml/2016-BASE_PROCUREMENT-2016-DEFENSE_DSS-PROCUREMENT_JustificationBook_Defense_Security_Service_PB_2016.zzz_unzipped-PROCUREMENT_JustificationBook_Defense_Security_Service_PB_2016.xml
FILESIZE = 10875
YEAR = 2016
JBOOK_TYPE = JustificationBook
@recordid = 2486d3b2345c07c48d554a7b3382f98a37e1078f68c624688e808609490ba3b6
@doctype = 2016-BASE_PROCUREMENT-JUSTIFICATIONBOOK
@filename = 2016-BASE_PROCUREMENT-2016-DEFENSE_DSS-PROCUREMENT_JustificationBook_Defense_Security_Service_PB_2016.zzz_unzipped-PROCUREMENT_JustificationBook_Defense_Security_Service_PB_2016.xml
----------------------
<Writing ./2-jbook-json/2016-BASE_PROCUREMENT-2016-DEFENSE_DSS-PROCUREMENT_JustificationBook_Defense_Security_Service_PB_2016.zzz_unzipped-PROCUREMENT_JustificationBook_Defense_Security_Service_PB_2016.json>
----------------------
[40/83]
FILEPATH = ./1-jbook-xml/2016-BASE_PROCUREMENT-2016-DEFENSE_DSS-PROCUREMENT_MasterJustificationBook_Defense_Security_Service_PB_2016.zzz_unzipped-PROCUREMENT_MasterJustificationBook_Defense_Security_Service_PB_2016.xml
FILESIZE = 18014
YEAR = 2016
JBOOK_TYPE = MasterJustificationBook
@recordid = f29fd9aeae0a4bdc1ff63b96e6dd32d9780206501ca1bcb5a637de9e71961e5d
@doctype = 2016-BASE_PROCUREMENT-MASTERJUSTIFICATIONBOOK
@filename = 2016-BASE_PROCUREMENT-2016-DEFENSE_DSS-PROCUREMENT_MasterJustificationBook_Defense_Security_Service_PB_2016.zzz_unzipped-PROCUREMENT_MasterJustificationBook_Defense_Security_Service_PB_2016.xml
----------------------
<Writing ./2-jbook-json/2016-BASE_PROCUREMENT-2016-DEFENSE_DSS-PROCUREMENT_MasterJustificationBook_Defense_Security_Service_PB_2016.zzz_unzipped-PROCUREMENT_MasterJustificationBook_Defense_Security_Service_PB_2016.json>
----------------------
[41/83]
FILEPATH = ./1-jbook-xml/2016-BASE_PROCUREMENT-2016-DEFENSE_DTRA-PROCUREMENT_JustificationBook_Defense_Threat_Reduction_Agency_PB_2016.zzz_unzipped-PROCUREMENT_JustificationBook_Defense_Threat_Reduction_Agency_PB_2016.xml
FILESIZE = 106252
YEAR = 2016
JBOOK_TYPE = JustificationBook
@recordid = 92728061184b7944e6cdf3f71521ea7a884d4048c8787597fee2b7c5e4dd48b5
@doctype = 2016-BASE_PROCUREMENT-JUSTIFICATIONBOOK
@filename = 2016-BASE_PROCUREMENT-2016-DEFENSE_DTRA-PROCUREMENT_JustificationBook_Defense_Threat_Reduction_Agency_PB_2016.zzz_unzipped-PROCUREMENT_JustificationBook_Defense_Threat_Reduction_Agency_PB_2016.xml
----------------------
<Writing ./2-jbook-json/2016-BASE_PROCUREMENT-2016-DEFENSE_DTRA-PROCUREMENT_JustificationBook_Defense_Threat_Reduction_Agency_PB_2016.zzz_unzipped-PROCUREMENT_JustificationBook_Defense_Threat_Reduction_Agency_PB_2016.json>
----------------------
[42/83]
FILEPATH = ./1-jbook-xml/2016-BASE_PROCUREMENT-2016-DEFENSE_DTRA-PROCUREMENT_MasterJustificationBook_Defense_Threat_Reduction_Agency_PB_2016.zzz_unzipped-PROCUREMENT_MasterJustificationBook_Defense_Threat_Reduction_Agency_PB_2016.xml
FILESIZE = 137577
YEAR = 2016
JBOOK_TYPE = MasterJustificationBook
@recordid = 3d4a280094459ee1d5af3daeddd62e5678af7aa3e0d2915ef45bcbe234355fd7
@doctype = 2016-BASE_PROCUREMENT-MASTERJUSTIFICATIONBOOK
@filename = 2016-BASE_PROCUREMENT-2016-DEFENSE_DTRA-PROCUREMENT_MasterJustificationBook_Defense_Threat_Reduction_Agency_PB_2016.zzz_unzipped-PROCUREMENT_MasterJustificationBook_Defense_Threat_Reduction_Agency_PB_2016.xml
----------------------
<Writing ./2-jbook-json/2016-BASE_PROCUREMENT-2016-DEFENSE_DTRA-PROCUREMENT_MasterJustificationBook_Defense_Threat_Reduction_Agency_PB_2016.zzz_unzipped-PROCUREMENT_MasterJustificationBook_Defense_Threat_Reduction_Agency_PB_2016.json>
----------------------
[43/83]
FILEPATH = ./1-jbook-xml/2016-BASE_PROCUREMENT-2016-DEFENSE_JUONF-PROCUREMENT_JustificationBook_Joint_Urgent_Operational_Needs_Fund_PB_2016.zzz_unzipped-PROCUREMENT_JustificationBook_Joint_Urgent_Operational_Needs_Fund_PB_2016.xml
FILESIZE = 6168
YEAR = 2016
JBOOK_TYPE = JustificationBook
@recordid = 483bb5dafd6417863ec3f19a5d83c63af2c5a8f1b03a50d0bed95093912af664
@doctype = 2016-BASE_PROCUREMENT-JUSTIFICATIONBOOK
@filename = 2016-BASE_PROCUREMENT-2016-DEFENSE_JUONF-PROCUREMENT_JustificationBook_Joint_Urgent_Operational_Needs_Fund_PB_2016.zzz_unzipped-PROCUREMENT_JustificationBook_Joint_Urgent_Operational_Needs_Fund_PB_2016.xml
----------------------
<Writing ./2-jbook-json/2016-BASE_PROCUREMENT-2016-DEFENSE_JUONF-PROCUREMENT_JustificationBook_Joint_Urgent_Operational_Needs_Fund_PB_2016.zzz_unzipped-PROCUREMENT_JustificationBook_Joint_Urgent_Operational_Needs_Fund_PB_2016.json>
----------------------
[44/83]
FILEPATH = ./1-jbook-xml/2016-BASE_PROCUREMENT-2016-DEFENSE_JUONF-PROCUREMENT_MasterJustificationBook_Joint_Urgent_Operational_Needs_Fund_PB_2016.zzz_unzipped-PROCUREMENT_MasterJustificationBook_Joint_Urgent_Operational_Needs_Fund_PB_2016.xml
FILESIZE = 12202
YEAR = 2016
JBOOK_TYPE = MasterJustificationBook
@recordid = 1e16cbece6f93c56bd826655e7f330279e0f7049d72598fecf7e7fe1d59be0ef
@doctype = 2016-BASE_PROCUREMENT-MASTERJUSTIFICATIONBOOK
@filename = 2016-BASE_PROCUREMENT-2016-DEFENSE_JUONF-PROCUREMENT_MasterJustificationBook_Joint_Urgent_Operational_Needs_Fund_PB_2016.zzz_unzipped-PROCUREMENT_MasterJustificationBook_Joint_Urgent_Operational_Needs_Fund_PB_2016.xml
----------------------
<Writing ./2-jbook-json/2016-BASE_PROCUREMENT-2016-DEFENSE_JUONF-PROCUREMENT_MasterJustificationBook_Joint_Urgent_Operational_Needs_Fund_PB_2016.zzz_unzipped-PROCUREMENT_MasterJustificationBook_Joint_Urgent_Operational_Needs_Fund_PB_2016.json>
----------------------
[45/83]
FILEPATH = ./1-jbook-xml/2016-BASE_PROCUREMENT-2016-DEFENSE_MDA_VOL2-PROCUREMENT_JustificationBook_Missile_Defense_Agency_PB_2016.zzz_unzipped-PROCUREMENT_JustificationBook_Missile_Defense_Agency_PB_2016.xml
FILESIZE = 469793
YEAR = 2016
JBOOK_TYPE = JustificationBook
@recordid = dbe1b3ebc13d3ce6641cfba52e0664575f2e6751c53560dbb832b826be4ce8dd
@doctype = 2016-BASE_PROCUREMENT-JUSTIFICATIONBOOK
@filename = 2016-BASE_PROCUREMENT-2016-DEFENSE_MDA_VOL2-PROCUREMENT_JustificationBook_Missile_Defense_Agency_PB_2016.zzz_unzipped-PROCUREMENT_JustificationBook_Missile_Defense_Agency_PB_2016.xml
----------------------
<Writing ./2-jbook-json/2016-BASE_PROCUREMENT-2016-DEFENSE_MDA_VOL2-PROCUREMENT_JustificationBook_Missile_Defense_Agency_PB_2016.zzz_unzipped-PROCUREMENT_JustificationBook_Missile_Defense_Agency_PB_2016.json>
----------------------
[46/83]
FILEPATH = ./1-jbook-xml/2016-BASE_PROCUREMENT-2016-DEFENSE_MDA_VOL2-PROCUREMENT_MasterJustificationBook_Missile_Defense_Agency_PB_2016.zzz_unzipped-PROCUREMENT_MasterJustificationBook_Missile_Defense_Agency_PB_2016.xml
FILESIZE = 579218
YEAR = 2016
JBOOK_TYPE = MasterJustificationBook
@recordid = f20da158c611774dba49105416478c41ca5b99dd4e6b0ab0a768cdde608a6f4e
@doctype = 2016-BASE_PROCUREMENT-MASTERJUSTIFICATIONBOOK
@filename = 2016-BASE_PROCUREMENT-2016-DEFENSE_MDA_VOL2-PROCUREMENT_MasterJustificationBook_Missile_Defense_Agency_PB_2016.zzz_unzipped-PROCUREMENT_MasterJustificationBook_Missile_Defense_Agency_PB_2016.xml
----------------------
<Writing ./2-jbook-json/2016-BASE_PROCUREMENT-2016-DEFENSE_MDA_VOL2-PROCUREMENT_MasterJustificationBook_Missile_Defense_Agency_PB_2016.zzz_unzipped-PROCUREMENT_MasterJustificationBook_Missile_Defense_Agency_PB_2016.json>
----------------------
[47/83]
FILEPATH = ./1-jbook-xml/2016-BASE_PROCUREMENT-2016-DEFENSE_OSD-PROCUREMENT_JustificationBook_Office_of_the_Secretary_Of_Defense_PB_2016.zzz_unzipped-PROCUREMENT_JustificationBook_Office_of_the_Secretary_Of_Defense_PB_2016.xml
FILESIZE = 329919
YEAR = 2016
JBOOK_TYPE = JustificationBook
@recordid = e8c6f499911d1dbd8eb422036b5c41a24d8aa633e70a0b6902bc5b6095572ae3
@doctype = 2016-BASE_PROCUREMENT-JUSTIFICATIONBOOK
@filename = 2016-BASE_PROCUREMENT-2016-DEFENSE_OSD-PROCUREMENT_JustificationBook_Office_of_the_Secretary_Of_Defense_PB_2016.zzz_unzipped-PROCUREMENT_JustificationBook_Office_of_the_Secretary_Of_Defense_PB_2016.xml
----------------------
<Writing ./2-jbook-json/2016-BASE_PROCUREMENT-2016-DEFENSE_OSD-PROCUREMENT_JustificationBook_Office_of_the_Secretary_Of_Defense_PB_2016.zzz_unzipped-PROCUREMENT_JustificationBook_Office_of_the_Secretary_Of_Defense_PB_2016.json>
----------------------
[48/83]
FILEPATH = ./1-jbook-xml/2016-BASE_PROCUREMENT-2016-DEFENSE_OSD-PROCUREMENT_MasterJustificationBook_Office_of_the_Secretary_Of_Defense_PB_2016.zzz_unzipped-PROCUREMENT_MasterJustificationBook_Office_of_the_Secretary_Of_Defense_PB_2016.xml
FILESIZE = 413224
YEAR = 2016
JBOOK_TYPE = MasterJustificationBook
@recordid = 9af1b8d6e27ec4626f5e65e32893146bff04d7ed02f9731b165f981382cca054
@doctype = 2016-BASE_PROCUREMENT-MASTERJUSTIFICATIONBOOK
@filename = 2016-BASE_PROCUREMENT-2016-DEFENSE_OSD-PROCUREMENT_MasterJustificationBook_Office_of_the_Secretary_Of_Defense_PB_2016.zzz_unzipped-PROCUREMENT_MasterJustificationBook_Office_of_the_Secretary_Of_Defense_PB_2016.xml
----------------------
<Writing ./2-jbook-json/2016-BASE_PROCUREMENT-2016-DEFENSE_OSD-PROCUREMENT_MasterJustificationBook_Office_of_the_Secretary_Of_Defense_PB_2016.zzz_unzipped-PROCUREMENT_MasterJustificationBook_Office_of_the_Secretary_Of_Defense_PB_2016.json>
----------------------
[49/83]
FILEPATH = ./1-jbook-xml/2016-BASE_PROCUREMENT-2016-DEFENSE_SOCOM-PROCUREMENT_JustificationBook_United_States_Special_Operations_Command_PB_2016.zzz_unzipped-PROCUREMENT_JustificationBook_United_States_Special_Operations_Command_PB_2016.xml
FILESIZE = 1670795
YEAR = 2016
JBOOK_TYPE = JustificationBook
@recordid = cc057135a379c89fb5e9faf3c18fb0992911363cbbb9db0bd770dac77e0ba8f3
@doctype = 2016-BASE_PROCUREMENT-JUSTIFICATIONBOOK
@filename = 2016-BASE_PROCUREMENT-2016-DEFENSE_SOCOM-PROCUREMENT_JustificationBook_United_States_Special_Operations_Command_PB_2016.zzz_unzipped-PROCUREMENT_JustificationBook_United_States_Special_Operations_Command_PB_2016.xml
----------------------
<Writing ./2-jbook-json/2016-BASE_PROCUREMENT-2016-DEFENSE_SOCOM-PROCUREMENT_JustificationBook_United_States_Special_Operations_Command_PB_2016.zzz_unzipped-PROCUREMENT_JustificationBook_United_States_Special_Operations_Command_PB_2016.json>
----------------------
[50/83]
FILEPATH = ./1-jbook-xml/2016-BASE_PROCUREMENT-2016-DEFENSE_SOCOM-PROCUREMENT_MasterJustificationBook_United_States_Special_Operations_Command_PB_2016.zzz_unzipped-PROCUREMENT_MasterJustificationBook_United_States_Special_Operations_Command_PB_2016.xml
FILESIZE = 2094917
YEAR = 2016
JBOOK_TYPE = MasterJustificationBook
@recordid = b922af9d4af392ceb00dcb22c038e04c3f97abcd1ddad373ad4e60feae048674
@doctype = 2016-BASE_PROCUREMENT-MASTERJUSTIFICATIONBOOK
@filename = 2016-BASE_PROCUREMENT-2016-DEFENSE_SOCOM-PROCUREMENT_MasterJustificationBook_United_States_Special_Operations_Command_PB_2016.zzz_unzipped-PROCUREMENT_MasterJustificationBook_United_States_Special_Operations_Command_PB_2016.xml
----------------------
<Writing ./2-jbook-json/2016-BASE_PROCUREMENT-2016-DEFENSE_SOCOM-PROCUREMENT_MasterJustificationBook_United_States_Special_Operations_Command_PB_2016.zzz_unzipped-PROCUREMENT_MasterJustificationBook_United_States_Special_Operations_Command_PB_2016.json>
----------------------
[51/83]
FILEPATH = ./1-jbook-xml/2016-BASE_PROCUREMENT-2016-DEFENSE_TJS-PROCUREMENT_JustificationBook_The_Joint_Staff_PB_2016.zzz_unzipped-PROCUREMENT_JustificationBook_The_Joint_Staff_PB_2016.xml
FILESIZE = 35797
YEAR = 2016
JBOOK_TYPE = JustificationBook
@recordid = ecba8d24fc5ca2aa67b64d252309bc4aea04684d7791b53e1d052a3c47d19c90
@doctype = 2016-BASE_PROCUREMENT-JUSTIFICATIONBOOK
@filename = 2016-BASE_PROCUREMENT-2016-DEFENSE_TJS-PROCUREMENT_JustificationBook_The_Joint_Staff_PB_2016.zzz_unzipped-PROCUREMENT_JustificationBook_The_Joint_Staff_PB_2016.xml
----------------------
<Writing ./2-jbook-json/2016-BASE_PROCUREMENT-2016-DEFENSE_TJS-PROCUREMENT_JustificationBook_The_Joint_Staff_PB_2016.zzz_unzipped-PROCUREMENT_JustificationBook_The_Joint_Staff_PB_2016.json>
----------------------
[52/83]
FILEPATH = ./1-jbook-xml/2016-BASE_PROCUREMENT-2016-DEFENSE_TJS-PROCUREMENT_MasterJustificationBook_The_Joint_Staff_PB_2016.zzz_unzipped-PROCUREMENT_MasterJustificationBook_The_Joint_Staff_PB_2016.xml
FILESIZE = 49012
YEAR = 2016
JBOOK_TYPE = MasterJustificationBook
@recordid = 23adf09448570a314c8bda24d2985474f91cc7c0490d732a5e91cff98a898160
@doctype = 2016-BASE_PROCUREMENT-MASTERJUSTIFICATIONBOOK
@filename = 2016-BASE_PROCUREMENT-2016-DEFENSE_TJS-PROCUREMENT_MasterJustificationBook_The_Joint_Staff_PB_2016.zzz_unzipped-PROCUREMENT_MasterJustificationBook_The_Joint_Staff_PB_2016.xml
----------------------
<Writing ./2-jbook-json/2016-BASE_PROCUREMENT-2016-DEFENSE_TJS-PROCUREMENT_MasterJustificationBook_The_Joint_Staff_PB_2016.zzz_unzipped-PROCUREMENT_MasterJustificationBook_The_Joint_Staff_PB_2016.json>
----------------------
[53/83]
FILEPATH = ./1-jbook-xml/2016-BASE_PROCUREMENT-2016-DEFENSE_VOL1_ALL-PROCUREMENT_MasterJustificationBook_Defense-Wide_PB_2016.zzz_unzipped-PROCUREMENT_MasterJustificationBook_Defense-Wide_PB_2016.xml
FILESIZE = 5921634
YEAR = 2016
JBOOK_TYPE = MasterJustificationBook
@recordid = bbf859d7f49490304f45e97f2d57567273978434ad8cff021e4c787e1061c69f
@doctype = 2016-BASE_PROCUREMENT-MASTERJUSTIFICATIONBOOK
@filename = 2016-BASE_PROCUREMENT-2016-DEFENSE_VOL1_ALL-PROCUREMENT_MasterJustificationBook_Defense-Wide_PB_2016.zzz_unzipped-PROCUREMENT_MasterJustificationBook_Defense-Wide_PB_2016.xml
----------------------
<Writing ./2-jbook-json/2016-BASE_PROCUREMENT-2016-DEFENSE_VOL1_ALL-PROCUREMENT_MasterJustificationBook_Defense-Wide_PB_2016.zzz_unzipped-PROCUREMENT_MasterJustificationBook_Defense-Wide_PB_2016.json>
----------------------
[54/83]
FILEPATH = ./1-jbook-xml/2016-BASE_PROCUREMENT-2016-DEFENSE_WHS-PROCUREMENT_JustificationBook_Washington_Headquarters_Service_PB_2016.zzz_unzipped-PROCUREMENT_JustificationBook_Washington_Headquarters_Service_PB_2016.xml
FILESIZE = 56562
YEAR = 2016
JBOOK_TYPE = JustificationBook
@recordid = 8386d942fbc02eab379636842b8399017fcc631052526f1adbcef1a8a3f08ffa
@doctype = 2016-BASE_PROCUREMENT-JUSTIFICATIONBOOK
@filename = 2016-BASE_PROCUREMENT-2016-DEFENSE_WHS-PROCUREMENT_JustificationBook_Washington_Headquarters_Service_PB_2016.zzz_unzipped-PROCUREMENT_JustificationBook_Washington_Headquarters_Service_PB_2016.xml
----------------------
<Writing ./2-jbook-json/2016-BASE_PROCUREMENT-2016-DEFENSE_WHS-PROCUREMENT_JustificationBook_Washington_Headquarters_Service_PB_2016.zzz_unzipped-PROCUREMENT_JustificationBook_Washington_Headquarters_Service_PB_2016.json>
----------------------
[55/83]
FILEPATH = ./1-jbook-xml/2016-BASE_PROCUREMENT-2016-DEFENSE_WHS-PROCUREMENT_MasterJustificationBook_Washington_Headquarters_Service_PB_2016.zzz_unzipped-PROCUREMENT_MasterJustificationBook_Washington_Headquarters_Service_PB_2016.xml
FILESIZE = 74807
YEAR = 2016
JBOOK_TYPE = MasterJustificationBook
@recordid = 2547653f4244e6380ff164e0c44df562c999f09ec1d4b0580849a7a341201c16
@doctype = 2016-BASE_PROCUREMENT-MASTERJUSTIFICATIONBOOK
@filename = 2016-BASE_PROCUREMENT-2016-DEFENSE_WHS-PROCUREMENT_MasterJustificationBook_Washington_Headquarters_Service_PB_2016.zzz_unzipped-PROCUREMENT_MasterJustificationBook_Washington_Headquarters_Service_PB_2016.xml
----------------------
<Writing ./2-jbook-json/2016-BASE_PROCUREMENT-2016-DEFENSE_WHS-PROCUREMENT_MasterJustificationBook_Washington_Headquarters_Service_PB_2016.zzz_unzipped-PROCUREMENT_MasterJustificationBook_Washington_Headquarters_Service_PB_2016.json>
----------------------
[56/83]
FILEPATH = ./1-jbook-xml/2016-BASE_PROCUREMENT-2016-MDA-PROCUREMENT_JustificationBook_Missile_Defense_Agency_PB_2016.zzz_unzipped-PROCUREMENT_JustificationBook_Missile_Defense_Agency_PB_2016.xml
FILESIZE = 469793
YEAR = 2016
JBOOK_TYPE = JustificationBook
@recordid = dbe1b3ebc13d3ce6641cfba52e0664575f2e6751c53560dbb832b826be4ce8dd
@doctype = 2016-BASE_PROCUREMENT-JUSTIFICATIONBOOK
@filename = 2016-BASE_PROCUREMENT-2016-MDA-PROCUREMENT_JustificationBook_Missile_Defense_Agency_PB_2016.zzz_unzipped-PROCUREMENT_JustificationBook_Missile_Defense_Agency_PB_2016.xml
----------------------
<Writing ./2-jbook-json/2016-BASE_PROCUREMENT-2016-MDA-PROCUREMENT_JustificationBook_Missile_Defense_Agency_PB_2016.zzz_unzipped-PROCUREMENT_JustificationBook_Missile_Defense_Agency_PB_2016.json>
----------------------
[57/83]
FILEPATH = ./1-jbook-xml/2016-BASE_PROCUREMENT-2016-MDA-PROCUREMENT_MasterJustificationBook_Missile_Defense_Agency_PB_2016.zzz_unzipped-PROCUREMENT_MasterJustificationBook_Missile_Defense_Agency_PB_2016.xml
FILESIZE = 579218
YEAR = 2016
JBOOK_TYPE = MasterJustificationBook
@recordid = f20da158c611774dba49105416478c41ca5b99dd4e6b0ab0a768cdde608a6f4e
@doctype = 2016-BASE_PROCUREMENT-MASTERJUSTIFICATIONBOOK
@filename = 2016-BASE_PROCUREMENT-2016-MDA-PROCUREMENT_MasterJustificationBook_Missile_Defense_Agency_PB_2016.zzz_unzipped-PROCUREMENT_MasterJustificationBook_Missile_Defense_Agency_PB_2016.xml
----------------------
<Writing ./2-jbook-json/2016-BASE_PROCUREMENT-2016-MDA-PROCUREMENT_MasterJustificationBook_Missile_Defense_Agency_PB_2016.zzz_unzipped-PROCUREMENT_MasterJustificationBook_Missile_Defense_Agency_PB_2016.json>
----------------------
[58/83]
FILEPATH = ./1-jbook-xml/2016-BASE_PROCUREMENT-2016-NAVY_AIRCRAFT_BA1-4-PROCUREMENT_JustificationBook_Navy_PB_2016.zzz_unzipped-PROCUREMENT_JustificationBook_Navy_PB_2016.xml
FILESIZE = 1527787
YEAR = 2016
JBOOK_TYPE = JustificationBook
@recordid = 250d3f88166b1159405d18bc702b3dc008921e27742c6369f29e2c0641e23b35
@doctype = 2016-BASE_PROCUREMENT-JUSTIFICATIONBOOK
@filename = 2016-BASE_PROCUREMENT-2016-NAVY_AIRCRAFT_BA1-4-PROCUREMENT_JustificationBook_Navy_PB_2016.zzz_unzipped-PROCUREMENT_JustificationBook_Navy_PB_2016.xml
----------------------
<Writing ./2-jbook-json/2016-BASE_PROCUREMENT-2016-NAVY_AIRCRAFT_BA1-4-PROCUREMENT_JustificationBook_Navy_PB_2016.zzz_unzipped-PROCUREMENT_JustificationBook_Navy_PB_2016.json>
----------------------
[59/83]
FILEPATH = ./1-jbook-xml/2016-BASE_PROCUREMENT-2016-NAVY_AIRCRAFT_BA1-4-PROCUREMENT_MasterJustificationBook_Navy_PB_2016.zzz_unzipped-PROCUREMENT_MasterJustificationBook_Navy_PB_2016.xml
FILESIZE = 13556935
YEAR = 2016
JBOOK_TYPE = MasterJustificationBook
@recordid = 08f5788323d3d95b5c90f4d8f72a9cc164a96261acb8173c4279699ad57916a9
@doctype = 2016-BASE_PROCUREMENT-MASTERJUSTIFICATIONBOOK
@filename = 2016-BASE_PROCUREMENT-2016-NAVY_AIRCRAFT_BA1-4-PROCUREMENT_MasterJustificationBook_Navy_PB_2016.zzz_unzipped-PROCUREMENT_MasterJustificationBook_Navy_PB_2016.xml
----------------------
<Writing ./2-jbook-json/2016-BASE_PROCUREMENT-2016-NAVY_AIRCRAFT_BA1-4-PROCUREMENT_MasterJustificationBook_Navy_PB_2016.zzz_unzipped-PROCUREMENT_MasterJustificationBook_Navy_PB_2016.json>
----------------------
[60/83]
FILEPATH = ./1-jbook-xml/2016-BASE_PROCUREMENT-2016-NAVY_AIRCRAFT_BA5-PROCUREMENT_JustificationBook_Navy_PB_2016.zzz_unzipped-PROCUREMENT_JustificationBook_Navy_PB_2016.xml
FILESIZE = 8454539
YEAR = 2016
JBOOK_TYPE = JustificationBook
@recordid = a14affee1f657a6fc62f6610d4328a3c71b88726ebb7ecbc37f948af3e6dbba8
@doctype = 2016-BASE_PROCUREMENT-JUSTIFICATIONBOOK
@filename = 2016-BASE_PROCUREMENT-2016-NAVY_AIRCRAFT_BA5-PROCUREMENT_JustificationBook_Navy_PB_2016.zzz_unzipped-PROCUREMENT_JustificationBook_Navy_PB_2016.xml
----------------------
<Writing ./2-jbook-json/2016-BASE_PROCUREMENT-2016-NAVY_AIRCRAFT_BA5-PROCUREMENT_JustificationBook_Navy_PB_2016.zzz_unzipped-PROCUREMENT_JustificationBook_Navy_PB_2016.json>
----------------------
[61/83]
FILEPATH = ./1-jbook-xml/2016-BASE_PROCUREMENT-2016-NAVY_AIRCRAFT_BA5-PROCUREMENT_MasterJustificationBook_Navy_PB_2016.zzz_unzipped-PROCUREMENT_MasterJustificationBook_Navy_PB_2016.xml
FILESIZE = 13556935
YEAR = 2016
JBOOK_TYPE = MasterJustificationBook
@recordid = 08f5788323d3d95b5c90f4d8f72a9cc164a96261acb8173c4279699ad57916a9
@doctype = 2016-BASE_PROCUREMENT-MASTERJUSTIFICATIONBOOK
@filename = 2016-BASE_PROCUREMENT-2016-NAVY_AIRCRAFT_BA5-PROCUREMENT_MasterJustificationBook_Navy_PB_2016.zzz_unzipped-PROCUREMENT_MasterJustificationBook_Navy_PB_2016.xml
----------------------
<Writing ./2-jbook-json/2016-BASE_PROCUREMENT-2016-NAVY_AIRCRAFT_BA5-PROCUREMENT_MasterJustificationBook_Navy_PB_2016.zzz_unzipped-PROCUREMENT_MasterJustificationBook_Navy_PB_2016.json>
----------------------
[62/83]
FILEPATH = ./1-jbook-xml/2016-BASE_PROCUREMENT-2016-NAVY_AIRCRAFT_BA6-PROCUREMENT_JustificationBook_Navy_PB_2016.zzz_unzipped-PROCUREMENT_JustificationBook_Navy_PB_2016.xml
FILESIZE = 30334
YEAR = 2016
JBOOK_TYPE = JustificationBook
@recordid = f71a93d18d307b569730f95ed20457bc9710c1781ec06db42d691d3bd0044442
@doctype = 2016-BASE_PROCUREMENT-JUSTIFICATIONBOOK
@filename = 2016-BASE_PROCUREMENT-2016-NAVY_AIRCRAFT_BA6-PROCUREMENT_JustificationBook_Navy_PB_2016.zzz_unzipped-PROCUREMENT_JustificationBook_Navy_PB_2016.xml
----------------------
<Writing ./2-jbook-json/2016-BASE_PROCUREMENT-2016-NAVY_AIRCRAFT_BA6-PROCUREMENT_JustificationBook_Navy_PB_2016.zzz_unzipped-PROCUREMENT_JustificationBook_Navy_PB_2016.json>
----------------------
[63/83]
FILEPATH = ./1-jbook-xml/2016-BASE_PROCUREMENT-2016-NAVY_AIRCRAFT_BA6-PROCUREMENT_MasterJustificationBook_Navy_PB_2016.zzz_unzipped-PROCUREMENT_MasterJustificationBook_Navy_PB_2016.xml
FILESIZE = 13556935
YEAR = 2016
JBOOK_TYPE = MasterJustificationBook
@recordid = 08f5788323d3d95b5c90f4d8f72a9cc164a96261acb8173c4279699ad57916a9
@doctype = 2016-BASE_PROCUREMENT-MASTERJUSTIFICATIONBOOK
@filename = 2016-BASE_PROCUREMENT-2016-NAVY_AIRCRAFT_BA6-PROCUREMENT_MasterJustificationBook_Navy_PB_2016.zzz_unzipped-PROCUREMENT_MasterJustificationBook_Navy_PB_2016.xml
----------------------
