

=========================================================
[3-convert-xml-to-json]
=========================================================
<Loading and merging all jbookArrayPaths into a single list>
|MasterJustificationBook|2013|2014|2015|2016|2017|2018|2019|2020|
|JustificationBook|2013|2014|2015|2016|2017|2018|2019|2020|
<arrayPaths count = 1254>
<last updated = 2019-10-09T04:51:40+00:00>
=========================================================
----------------------
[1/59]
FILEPATH = ./1-jbook-xml/2016-BASE_RDTE-2016-AIRFORCE_V1-RDTE_JustificationBook_Air_Force_PB_2016.zzz_unzipped-RDTE_JustificationBook_Air_Force_PB_2016.xml
FILESIZE = 1212323
YEAR = 2016
JBOOK_TYPE = JustificationBook
@recordid = 04504aa0d063a4d42944ef5e33462e4e8d2823ec3c704134b157c3f08a98c52d
@doctype = 2016-BASE_RDTE-JUSTIFICATIONBOOK
@filename = 2016-BASE_RDTE-2016-AIRFORCE_V1-RDTE_JustificationBook_Air_Force_PB_2016.zzz_unzipped-RDTE_JustificationBook_Air_Force_PB_2016.xml
----------------------
<Writing ./2-jbook-json/2016-BASE_RDTE-2016-AIRFORCE_V1-RDTE_JustificationBook_Air_Force_PB_2016.zzz_unzipped-RDTE_JustificationBook_Air_Force_PB_2016.json>
----------------------
[2/59]
FILEPATH = ./1-jbook-xml/2016-BASE_RDTE-2016-AIRFORCE_V1-RDTE_MasterJustificationBook_Air_Force_PB_2016.zzz_unzipped-RDTE_MasterJustificationBook_Air_Force_PB_2016.xml
FILESIZE = 16180428
YEAR = 2016
JBOOK_TYPE = MasterJustificationBook
@recordid = 8471f595c2d33d76cfdc9ec7406771f966fa9ea35b65e4a5c535899ac5e8ecb4
@doctype = 2016-BASE_RDTE-MASTERJUSTIFICATIONBOOK
@filename = 2016-BASE_RDTE-2016-AIRFORCE_V1-RDTE_MasterJustificationBook_Air_Force_PB_2016.zzz_unzipped-RDTE_MasterJustificationBook_Air_Force_PB_2016.xml
----------------------
<Writing ./2-jbook-json/2016-BASE_RDTE-2016-AIRFORCE_V1-RDTE_MasterJustificationBook_Air_Force_PB_2016.zzz_unzipped-RDTE_MasterJustificationBook_Air_Force_PB_2016.json>
----------------------
[3/59]
FILEPATH = ./1-jbook-xml/2016-BASE_RDTE-2016-AIRFORCE_V2-RDTE_JustificationBook_Air_Force_PB_2016.zzz_unzipped-RDTE_JustificationBook_Air_Force_PB_2016.xml
FILESIZE = 4520586
YEAR = 2016
JBOOK_TYPE = JustificationBook
@recordid = f315feebb3dfc9040cf2fed0f30323996d407a7a5c2a645524f31be81858f684
@doctype = 2016-BASE_RDTE-JUSTIFICATIONBOOK
@filename = 2016-BASE_RDTE-2016-AIRFORCE_V2-RDTE_JustificationBook_Air_Force_PB_2016.zzz_unzipped-RDTE_JustificationBook_Air_Force_PB_2016.xml
----------------------
<Writing ./2-jbook-json/2016-BASE_RDTE-2016-AIRFORCE_V2-RDTE_JustificationBook_Air_Force_PB_2016.zzz_unzipped-RDTE_JustificationBook_Air_Force_PB_2016.json>
----------------------
[4/59]
FILEPATH = ./1-jbook-xml/2016-BASE_RDTE-2016-AIRFORCE_V2-RDTE_MasterJustificationBook_Air_Force_PB_2016.zzz_unzipped-RDTE_MasterJustificationBook_Air_Force_PB_2016.xml
FILESIZE = 16180428
YEAR = 2016
JBOOK_TYPE = MasterJustificationBook
@recordid = 8471f595c2d33d76cfdc9ec7406771f966fa9ea35b65e4a5c535899ac5e8ecb4
@doctype = 2016-BASE_RDTE-MASTERJUSTIFICATIONBOOK
@filename = 2016-BASE_RDTE-2016-AIRFORCE_V2-RDTE_MasterJustificationBook_Air_Force_PB_2016.zzz_unzipped-RDTE_MasterJustificationBook_Air_Force_PB_2016.xml
----------------------
<Writing ./2-jbook-json/2016-BASE_RDTE-2016-AIRFORCE_V2-RDTE_MasterJustificationBook_Air_Force_PB_2016.zzz_unzipped-RDTE_MasterJustificationBook_Air_Force_PB_2016.json>
----------------------
[5/59]
FILEPATH = ./1-jbook-xml/2016-BASE_RDTE-2016-AIRFORCE_V3A-RDTE_JustificationBook_Air_Force_PB_2016.zzz_unzipped-RDTE_JustificationBook_Air_Force_PB_2016.xml
FILESIZE = 3433172
YEAR = 2016
JBOOK_TYPE = JustificationBook
@recordid = 896ee5302a599b096c3afd7b99661782014b5aef09b419156fefabffc9d719ea
@doctype = 2016-BASE_RDTE-JUSTIFICATIONBOOK
@filename = 2016-BASE_RDTE-2016-AIRFORCE_V3A-RDTE_JustificationBook_Air_Force_PB_2016.zzz_unzipped-RDTE_JustificationBook_Air_Force_PB_2016.xml
----------------------
<Writing ./2-jbook-json/2016-BASE_RDTE-2016-AIRFORCE_V3A-RDTE_JustificationBook_Air_Force_PB_2016.zzz_unzipped-RDTE_JustificationBook_Air_Force_PB_2016.json>
----------------------
[6/59]
FILEPATH = ./1-jbook-xml/2016-BASE_RDTE-2016-AIRFORCE_V3A-RDTE_MasterJustificationBook_Air_Force_PB_2016.zzz_unzipped-RDTE_MasterJustificationBook_Air_Force_PB_2016.xml
FILESIZE = 16180428
YEAR = 2016
JBOOK_TYPE = MasterJustificationBook
@recordid = 8471f595c2d33d76cfdc9ec7406771f966fa9ea35b65e4a5c535899ac5e8ecb4
@doctype = 2016-BASE_RDTE-MASTERJUSTIFICATIONBOOK
@filename = 2016-BASE_RDTE-2016-AIRFORCE_V3A-RDTE_MasterJustificationBook_Air_Force_PB_2016.zzz_unzipped-RDTE_MasterJustificationBook_Air_Force_PB_2016.xml
----------------------
<Writing ./2-jbook-json/2016-BASE_RDTE-2016-AIRFORCE_V3A-RDTE_MasterJustificationBook_Air_Force_PB_2016.zzz_unzipped-RDTE_MasterJustificationBook_Air_Force_PB_2016.json>
----------------------
[7/59]
FILEPATH = ./1-jbook-xml/2016-BASE_RDTE-2016-AIRFORCE_V3B-RDTE_JustificationBook_Air_Force_PB_2016.zzz_unzipped-RDTE_JustificationBook_Air_Force_PB_2016.xml
FILESIZE = 3864509
YEAR = 2016
JBOOK_TYPE = JustificationBook
@recordid = a8a2223cefd6571ca45d2497595483552f01be4fbac989defc61559f9c2bbc94
@doctype = 2016-BASE_RDTE-JUSTIFICATIONBOOK
@filename = 2016-BASE_RDTE-2016-AIRFORCE_V3B-RDTE_JustificationBook_Air_Force_PB_2016.zzz_unzipped-RDTE_JustificationBook_Air_Force_PB_2016.xml
----------------------
<Writing ./2-jbook-json/2016-BASE_RDTE-2016-AIRFORCE_V3B-RDTE_JustificationBook_Air_Force_PB_2016.zzz_unzipped-RDTE_JustificationBook_Air_Force_PB_2016.json>
----------------------
[8/59]
FILEPATH = ./1-jbook-xml/2016-BASE_RDTE-2016-AIRFORCE_V3B-RDTE_MasterJustificationBook_Air_Force_PB_2016.zzz_unzipped-RDTE_MasterJustificationBook_Air_Force_PB_2016.xml
FILESIZE = 16180428
YEAR = 2016
JBOOK_TYPE = MasterJustificationBook
@recordid = 8471f595c2d33d76cfdc9ec7406771f966fa9ea35b65e4a5c535899ac5e8ecb4
@doctype = 2016-BASE_RDTE-MASTERJUSTIFICATIONBOOK
@filename = 2016-BASE_RDTE-2016-AIRFORCE_V3B-RDTE_MasterJustificationBook_Air_Force_PB_2016.zzz_unzipped-RDTE_MasterJustificationBook_Air_Force_PB_2016.xml
----------------------
