

=========================================================
[3-convert-xml-to-json]
=========================================================
<Loading and merging all jbookArrayPaths into a single list>
|MasterJustificationBook|2013|2014|2015|2016|2017|2018|2019|2020|
|JustificationBook|2013|2014|2015|2016|2017|2018|2019|2020|
<arrayPaths count = 1254>
<last updated = 2019-10-09T04:51:40+00:00>
=========================================================
----------------------
[1/80]
FILEPATH = ./1-jbook-xml/2017-BASE_PROCUREMENT-2017-AIRFORCE_AIRCRAFT_VOL1-U_PROCUREMENT_JustificationBook_Air_Force_PB_2017.zzz_unzipped-U_PROCUREMENT_JustificationBook_Air_Force_PB_2017.xml
FILESIZE = 1933793
YEAR = 2017
JBOOK_TYPE = JustificationBook
@recordid = 704fe92f13e57bcf90adf162d8e6275e7c706e5ff56813aab43c3fc4f5c20d58
@doctype = 2017-BASE_PROCUREMENT-JUSTIFICATIONBOOK
@filename = 2017-BASE_PROCUREMENT-2017-AIRFORCE_AIRCRAFT_VOL1-U_PROCUREMENT_JustificationBook_Air_Force_PB_2017.zzz_unzipped-U_PROCUREMENT_JustificationBook_Air_Force_PB_2017.xml
----------------------
<Writing ./2-jbook-json/2017-BASE_PROCUREMENT-2017-AIRFORCE_AIRCRAFT_VOL1-U_PROCUREMENT_JustificationBook_Air_Force_PB_2017.zzz_unzipped-U_PROCUREMENT_JustificationBook_Air_Force_PB_2017.json>
----------------------
[2/80]
FILEPATH = ./1-jbook-xml/2017-BASE_PROCUREMENT-2017-AIRFORCE_AIRCRAFT_VOL1-U_PROCUREMENT_MasterJustificationBook_Air_Force_PB_2017.zzz_unzipped-U_PROCUREMENT_MasterJustificationBook_Air_Force_PB_2017.xml
FILESIZE = 7678851
YEAR = 2017
JBOOK_TYPE = MasterJustificationBook
@recordid = 0d8134ebc4832e146e2fcf830157dcf58a0896fc933f41d3dcc39b288a09353f
@doctype = 2017-BASE_PROCUREMENT-MASTERJUSTIFICATIONBOOK
@filename = 2017-BASE_PROCUREMENT-2017-AIRFORCE_AIRCRAFT_VOL1-U_PROCUREMENT_MasterJustificationBook_Air_Force_PB_2017.zzz_unzipped-U_PROCUREMENT_MasterJustificationBook_Air_Force_PB_2017.xml
----------------------
<Writing ./2-jbook-json/2017-BASE_PROCUREMENT-2017-AIRFORCE_AIRCRAFT_VOL1-U_PROCUREMENT_MasterJustificationBook_Air_Force_PB_2017.zzz_unzipped-U_PROCUREMENT_MasterJustificationBook_Air_Force_PB_2017.json>
----------------------
[3/80]
FILEPATH = ./1-jbook-xml/2017-BASE_PROCUREMENT-2017-AIRFORCE_AIRCRAFT_VOL2-U_PROCUREMENT_JustificationBook_Air_Force_PB_2017.zzz_unzipped-U_PROCUREMENT_JustificationBook_Air_Force_PB_2017.xml
FILESIZE = 4207615
YEAR = 2017
JBOOK_TYPE = JustificationBook
@recordid = 9872a840fbe070ec0797fd3b72d1d86d88b1d7bb111a91c70ba10ffbf57fbc96
@doctype = 2017-BASE_PROCUREMENT-JUSTIFICATIONBOOK
@filename = 2017-BASE_PROCUREMENT-2017-AIRFORCE_AIRCRAFT_VOL2-U_PROCUREMENT_JustificationBook_Air_Force_PB_2017.zzz_unzipped-U_PROCUREMENT_JustificationBook_Air_Force_PB_2017.xml
----------------------
<Writing ./2-jbook-json/2017-BASE_PROCUREMENT-2017-AIRFORCE_AIRCRAFT_VOL2-U_PROCUREMENT_JustificationBook_Air_Force_PB_2017.zzz_unzipped-U_PROCUREMENT_JustificationBook_Air_Force_PB_2017.json>
----------------------
[4/80]
FILEPATH = ./1-jbook-xml/2017-BASE_PROCUREMENT-2017-AIRFORCE_AIRCRAFT_VOL2-U_PROCUREMENT_MasterJustificationBook_Air_Force_PB_2017.zzz_unzipped-U_PROCUREMENT_MasterJustificationBook_Air_Force_PB_2017.xml
FILESIZE = 7678800
YEAR = 2017
JBOOK_TYPE = MasterJustificationBook
@recordid = faa301322089754034c1fa3c563b2429d9daa3531320688384ded9f071df4c0d
@doctype = 2017-BASE_PROCUREMENT-MASTERJUSTIFICATIONBOOK
@filename = 2017-BASE_PROCUREMENT-2017-AIRFORCE_AIRCRAFT_VOL2-U_PROCUREMENT_MasterJustificationBook_Air_Force_PB_2017.zzz_unzipped-U_PROCUREMENT_MasterJustificationBook_Air_Force_PB_2017.xml
----------------------
<Writing ./2-jbook-json/2017-BASE_PROCUREMENT-2017-AIRFORCE_AIRCRAFT_VOL2-U_PROCUREMENT_MasterJustificationBook_Air_Force_PB_2017.zzz_unzipped-U_PROCUREMENT_MasterJustificationBook_Air_Force_PB_2017.json>
----------------------
[5/80]
FILEPATH = ./1-jbook-xml/2017-BASE_PROCUREMENT-2017-AIRFORCE_AMMUNITION-U_PROCUREMENT_JustificationBook_Air_Force_PB_2017.zzz_unzipped-U_PROCUREMENT_JustificationBook_Air_Force_PB_2017.xml
FILESIZE = 979761
YEAR = 2017
JBOOK_TYPE = JustificationBook
@recordid = 017a7a1672599ae41302705565ec2eb31ea9c7a8c42acf323ccf38a94468bbd4
@doctype = 2017-BASE_PROCUREMENT-JUSTIFICATIONBOOK
@filename = 2017-BASE_PROCUREMENT-2017-AIRFORCE_AMMUNITION-U_PROCUREMENT_JustificationBook_Air_Force_PB_2017.zzz_unzipped-U_PROCUREMENT_JustificationBook_Air_Force_PB_2017.xml
----------------------
<Writing ./2-jbook-json/2017-BASE_PROCUREMENT-2017-AIRFORCE_AMMUNITION-U_PROCUREMENT_JustificationBook_Air_Force_PB_2017.zzz_unzipped-U_PROCUREMENT_JustificationBook_Air_Force_PB_2017.json>
----------------------
[6/80]
FILEPATH = ./1-jbook-xml/2017-BASE_PROCUREMENT-2017-AIRFORCE_AMMUNITION-U_PROCUREMENT_MasterJustificationBook_Air_Force_PB_2017.zzz_unzipped-U_PROCUREMENT_MasterJustificationBook_Air_Force_PB_2017.xml
FILESIZE = 1224018
YEAR = 2017
JBOOK_TYPE = MasterJustificationBook
@recordid = 7ba900eb0bbdb26e82a4bd131b1dcf2e30d21209c39c97f6711fb60c731d512c
@doctype = 2017-BASE_PROCUREMENT-MASTERJUSTIFICATIONBOOK
@filename = 2017-BASE_PROCUREMENT-2017-AIRFORCE_AMMUNITION-U_PROCUREMENT_MasterJustificationBook_Air_Force_PB_2017.zzz_unzipped-U_PROCUREMENT_MasterJustificationBook_Air_Force_PB_2017.xml
----------------------
<Writing ./2-jbook-json/2017-BASE_PROCUREMENT-2017-AIRFORCE_AMMUNITION-U_PROCUREMENT_MasterJustificationBook_Air_Force_PB_2017.zzz_unzipped-U_PROCUREMENT_MasterJustificationBook_Air_Force_PB_2017.json>
----------------------
[7/80]
FILEPATH = ./1-jbook-xml/2017-BASE_PROCUREMENT-2017-AIRFORCE_MISSILE-U_PROCUREMENT_JustificationBook_Air_Force_PB_2017.zzz_unzipped-U_PROCUREMENT_JustificationBook_Air_Force_PB_2017.xml
FILESIZE = 2041611
YEAR = 2017
JBOOK_TYPE = JustificationBook
@recordid = 8348c1cd528c5b61e4b52230f14839a01c5f8019b86ad98d8abb68fe197ece15
@doctype = 2017-BASE_PROCUREMENT-JUSTIFICATIONBOOK
@filename = 2017-BASE_PROCUREMENT-2017-AIRFORCE_MISSILE-U_PROCUREMENT_JustificationBook_Air_Force_PB_2017.zzz_unzipped-U_PROCUREMENT_JustificationBook_Air_Force_PB_2017.xml
----------------------
<Writing ./2-jbook-json/2017-BASE_PROCUREMENT-2017-AIRFORCE_MISSILE-U_PROCUREMENT_JustificationBook_Air_Force_PB_2017.zzz_unzipped-U_PROCUREMENT_JustificationBook_Air_Force_PB_2017.json>
----------------------
[8/80]
FILEPATH = ./1-jbook-xml/2017-BASE_PROCUREMENT-2017-AIRFORCE_MISSILE-U_PROCUREMENT_MasterJustificationBook_Air_Force_PB_2017.zzz_unzipped-U_PROCUREMENT_MasterJustificationBook_Air_Force_PB_2017.xml
FILESIZE = 2515871
YEAR = 2017
JBOOK_TYPE = MasterJustificationBook
@recordid = dc8742ab98946fa63b5e66091191da6b54c626bdac81534da4bfdbbb18886149
@doctype = 2017-BASE_PROCUREMENT-MASTERJUSTIFICATIONBOOK
@filename = 2017-BASE_PROCUREMENT-2017-AIRFORCE_MISSILE-U_PROCUREMENT_MasterJustificationBook_Air_Force_PB_2017.zzz_unzipped-U_PROCUREMENT_MasterJustificationBook_Air_Force_PB_2017.xml
----------------------
<Writing ./2-jbook-json/2017-BASE_PROCUREMENT-2017-AIRFORCE_MISSILE-U_PROCUREMENT_MasterJustificationBook_Air_Force_PB_2017.zzz_unzipped-U_PROCUREMENT_MasterJustificationBook_Air_Force_PB_2017.json>
----------------------
[9/80]
FILEPATH = ./1-jbook-xml/2017-BASE_PROCUREMENT-2017-AIRFORCE_OTHER-U_PROCUREMENT_JustificationBook_Air_Force_PB_2017.zzz_unzipped-U_PROCUREMENT_JustificationBook_Air_Force_PB_2017.xml
FILESIZE = 3736336
YEAR = 2017
JBOOK_TYPE = JustificationBook
@recordid = 740022532e17b95859ca2eb33cabeecf6a1f05cc3d5479d8d163511e0352115e
@doctype = 2017-BASE_PROCUREMENT-JUSTIFICATIONBOOK
@filename = 2017-BASE_PROCUREMENT-2017-AIRFORCE_OTHER-U_PROCUREMENT_JustificationBook_Air_Force_PB_2017.zzz_unzipped-U_PROCUREMENT_JustificationBook_Air_Force_PB_2017.xml
----------------------
<Writing ./2-jbook-json/2017-BASE_PROCUREMENT-2017-AIRFORCE_OTHER-U_PROCUREMENT_JustificationBook_Air_Force_PB_2017.zzz_unzipped-U_PROCUREMENT_JustificationBook_Air_Force_PB_2017.json>
----------------------
[10/80]
FILEPATH = ./1-jbook-xml/2017-BASE_PROCUREMENT-2017-AIRFORCE_OTHER-U_PROCUREMENT_MasterJustificationBook_Air_Force_PB_2017.zzz_unzipped-U_PROCUREMENT_MasterJustificationBook_Air_Force_PB_2017.xml
FILESIZE = 4665914
YEAR = 2017
JBOOK_TYPE = MasterJustificationBook
@recordid = 1ad81afd186bdfd8b49ca74c9999d87e3cb6f31dfa46274c3921c5d269124b45
@doctype = 2017-BASE_PROCUREMENT-MASTERJUSTIFICATIONBOOK
@filename = 2017-BASE_PROCUREMENT-2017-AIRFORCE_OTHER-U_PROCUREMENT_MasterJustificationBook_Air_Force_PB_2017.zzz_unzipped-U_PROCUREMENT_MasterJustificationBook_Air_Force_PB_2017.xml
----------------------
<Writing ./2-jbook-json/2017-BASE_PROCUREMENT-2017-AIRFORCE_OTHER-U_PROCUREMENT_MasterJustificationBook_Air_Force_PB_2017.zzz_unzipped-U_PROCUREMENT_MasterJustificationBook_Air_Force_PB_2017.json>
----------------------
[11/80]
FILEPATH = ./1-jbook-xml/2017-BASE_PROCUREMENT-2017-AIRFORCE_SPACE-U_PROCUREMENT_JustificationBook_Air_Force_PB_2017.zzz_unzipped-U_PROCUREMENT_JustificationBook_Air_Force_PB_2017.xml
FILESIZE = 746268
YEAR = 2017
JBOOK_TYPE = JustificationBook
@recordid = 503c81c4f6c37507cd2511bd3ecde56d6fb42f2396aff3f3ce9ecb9b2772d8ad
@doctype = 2017-BASE_PROCUREMENT-JUSTIFICATIONBOOK
@filename = 2017-BASE_PROCUREMENT-2017-AIRFORCE_SPACE-U_PROCUREMENT_JustificationBook_Air_Force_PB_2017.zzz_unzipped-U_PROCUREMENT_JustificationBook_Air_Force_PB_2017.xml
----------------------
<Writing ./2-jbook-json/2017-BASE_PROCUREMENT-2017-AIRFORCE_SPACE-U_PROCUREMENT_JustificationBook_Air_Force_PB_2017.zzz_unzipped-U_PROCUREMENT_JustificationBook_Air_Force_PB_2017.json>
----------------------
[12/80]
FILEPATH = ./1-jbook-xml/2017-BASE_PROCUREMENT-2017-AIRFORCE_SPACE-U_PROCUREMENT_MasterJustificationBook_Air_Force_PB_2017.zzz_unzipped-U_PROCUREMENT_MasterJustificationBook_Air_Force_PB_2017.xml
FILESIZE = 928526
YEAR = 2017
JBOOK_TYPE = MasterJustificationBook
@recordid = 6d9bce88c81a6ea183d3e36bceba6ba2054bc3f132575a848d6f7b3d8d1cb23a
@doctype = 2017-BASE_PROCUREMENT-MASTERJUSTIFICATIONBOOK
@filename = 2017-BASE_PROCUREMENT-2017-AIRFORCE_SPACE-U_PROCUREMENT_MasterJustificationBook_Air_Force_PB_2017.zzz_unzipped-U_PROCUREMENT_MasterJustificationBook_Air_Force_PB_2017.xml
----------------------
<Writing ./2-jbook-json/2017-BASE_PROCUREMENT-2017-AIRFORCE_SPACE-U_PROCUREMENT_MasterJustificationBook_Air_Force_PB_2017.zzz_unzipped-U_PROCUREMENT_MasterJustificationBook_Air_Force_PB_2017.json>
----------------------
[13/80]
FILEPATH = ./1-jbook-xml/2017-BASE_PROCUREMENT-2017-ARMY_AIRCRAFT-U_PROCUREMENT_JustificationBook_Army_PB_2017.zzz_unzipped-U_PROCUREMENT_JustificationBook_Army_PB_2017.xml
FILESIZE = 3977019
YEAR = 2017
JBOOK_TYPE = JustificationBook
@recordid = 36c1e3eef8aeea30e3a154443c601d86fbc2a792055396a97ead51322d150166
@doctype = 2017-BASE_PROCUREMENT-JUSTIFICATIONBOOK
@filename = 2017-BASE_PROCUREMENT-2017-ARMY_AIRCRAFT-U_PROCUREMENT_JustificationBook_Army_PB_2017.zzz_unzipped-U_PROCUREMENT_JustificationBook_Army_PB_2017.xml
----------------------
<Writing ./2-jbook-json/2017-BASE_PROCUREMENT-2017-ARMY_AIRCRAFT-U_PROCUREMENT_JustificationBook_Army_PB_2017.zzz_unzipped-U_PROCUREMENT_JustificationBook_Army_PB_2017.json>
----------------------
[14/80]
FILEPATH = ./1-jbook-xml/2017-BASE_PROCUREMENT-2017-ARMY_AMMO-U_PROCUREMENT_JustificationBook_Army_PB_2017.zzz_unzipped-U_PROCUREMENT_JustificationBook_Army_PB_2017.xml
FILESIZE = 3805684
YEAR = 2017
JBOOK_TYPE = JustificationBook
@recordid = df86d1e19160702fa7581ae3237efed934c540eb7548b3464606c12983bd16c9
@doctype = 2017-BASE_PROCUREMENT-JUSTIFICATIONBOOK
@filename = 2017-BASE_PROCUREMENT-2017-ARMY_AMMO-U_PROCUREMENT_JustificationBook_Army_PB_2017.zzz_unzipped-U_PROCUREMENT_JustificationBook_Army_PB_2017.xml
----------------------
<Writing ./2-jbook-json/2017-BASE_PROCUREMENT-2017-ARMY_AMMO-U_PROCUREMENT_JustificationBook_Army_PB_2017.zzz_unzipped-U_PROCUREMENT_JustificationBook_Army_PB_2017.json>
----------------------
[15/80]
FILEPATH = ./1-jbook-xml/2017-BASE_PROCUREMENT-2017-ARMY_MISSLE-U_PROCUREMENT_JustificationBook_Army_PB_2017.zzz_unzipped-U_PROCUREMENT_JustificationBook_Army_PB_2017.xml
FILESIZE = 2327934
YEAR = 2017
JBOOK_TYPE = JustificationBook
@recordid = bfc2de43d37a9347fb04b85227d09f2b282f8b17a1094539a200991ef72c4cf3
@doctype = 2017-BASE_PROCUREMENT-JUSTIFICATIONBOOK
@filename = 2017-BASE_PROCUREMENT-2017-ARMY_MISSLE-U_PROCUREMENT_JustificationBook_Army_PB_2017.zzz_unzipped-U_PROCUREMENT_JustificationBook_Army_PB_2017.xml
----------------------
<Writing ./2-jbook-json/2017-BASE_PROCUREMENT-2017-ARMY_MISSLE-U_PROCUREMENT_JustificationBook_Army_PB_2017.zzz_unzipped-U_PROCUREMENT_JustificationBook_Army_PB_2017.json>
----------------------
[16/80]
FILEPATH = ./1-jbook-xml/2017-BASE_PROCUREMENT-2017-ARMY_OTHER_1-U_PROCUREMENT_JustificationBook_Army_PB_2017.zzz_unzipped-U_PROCUREMENT_JustificationBook_Army_PB_2017.xml
FILESIZE = 1566020
YEAR = 2017
JBOOK_TYPE = JustificationBook
@recordid = 5f484fc48433233ecdac593eeea32f25f9dc816b53c8f83ab4dd42709b48807d
@doctype = 2017-BASE_PROCUREMENT-JUSTIFICATIONBOOK
@filename = 2017-BASE_PROCUREMENT-2017-ARMY_OTHER_1-U_PROCUREMENT_JustificationBook_Army_PB_2017.zzz_unzipped-U_PROCUREMENT_JustificationBook_Army_PB_2017.xml
----------------------
<Writing ./2-jbook-json/2017-BASE_PROCUREMENT-2017-ARMY_OTHER_1-U_PROCUREMENT_JustificationBook_Army_PB_2017.zzz_unzipped-U_PROCUREMENT_JustificationBook_Army_PB_2017.json>
----------------------
[17/80]
FILEPATH = ./1-jbook-xml/2017-BASE_PROCUREMENT-2017-ARMY_OTHER_2-U_PROCUREMENT_JustificationBook_Army_PB_2017.zzz_unzipped-U_PROCUREMENT_JustificationBook_Army_PB_2017.xml
FILESIZE = 4569437
YEAR = 2017
JBOOK_TYPE = JustificationBook
@recordid = 63e623b73aaa887bf0ab10c616d63b2244a4c65bda11bbe1eefa45c8850d4a59
@doctype = 2017-BASE_PROCUREMENT-JUSTIFICATIONBOOK
@filename = 2017-BASE_PROCUREMENT-2017-ARMY_OTHER_2-U_PROCUREMENT_JustificationBook_Army_PB_2017.zzz_unzipped-U_PROCUREMENT_JustificationBook_Army_PB_2017.xml
----------------------
<Writing ./2-jbook-json/2017-BASE_PROCUREMENT-2017-ARMY_OTHER_2-U_PROCUREMENT_JustificationBook_Army_PB_2017.zzz_unzipped-U_PROCUREMENT_JustificationBook_Army_PB_2017.json>
----------------------
[18/80]
FILEPATH = ./1-jbook-xml/2017-BASE_PROCUREMENT-2017-ARMY_OTHER_3-4-U_PROCUREMENT_JustificationBook_Army_PB_2017.zzz_unzipped-U_PROCUREMENT_JustificationBook_Army_PB_2017.xml
FILESIZE = 5096181
YEAR = 2017
JBOOK_TYPE = JustificationBook
@recordid = 4ed831f240186a8f43da0ba34b9c33a4ce2e997358858f86bd08c6e0227cf522
@doctype = 2017-BASE_PROCUREMENT-JUSTIFICATIONBOOK
@filename = 2017-BASE_PROCUREMENT-2017-ARMY_OTHER_3-4-U_PROCUREMENT_JustificationBook_Army_PB_2017.zzz_unzipped-U_PROCUREMENT_JustificationBook_Army_PB_2017.xml
----------------------
<Writing ./2-jbook-json/2017-BASE_PROCUREMENT-2017-ARMY_OTHER_3-4-U_PROCUREMENT_JustificationBook_Army_PB_2017.zzz_unzipped-U_PROCUREMENT_JustificationBook_Army_PB_2017.json>
----------------------
[19/80]
FILEPATH = ./1-jbook-xml/2017-BASE_PROCUREMENT-2017-ARMY_WTCV-U_PROCUREMENT_JustificationBook_Army_PB_2017.zzz_unzipped-U_PROCUREMENT_JustificationBook_Army_PB_2017.xml
FILESIZE = 3172664
YEAR = 2017
JBOOK_TYPE = JustificationBook
@recordid = d9a4ce059d573d22f177c6005da5af7626a3a7816cdee2a322fed18f1f085cbc
@doctype = 2017-BASE_PROCUREMENT-JUSTIFICATIONBOOK
@filename = 2017-BASE_PROCUREMENT-2017-ARMY_WTCV-U_PROCUREMENT_JustificationBook_Army_PB_2017.zzz_unzipped-U_PROCUREMENT_JustificationBook_Army_PB_2017.xml
----------------------
<Writing ./2-jbook-json/2017-BASE_PROCUREMENT-2017-ARMY_WTCV-U_PROCUREMENT_JustificationBook_Army_PB_2017.zzz_unzipped-U_PROCUREMENT_JustificationBook_Army_PB_2017.json>
----------------------
[20/80]
FILEPATH = ./1-jbook-xml/2017-BASE_PROCUREMENT-2017-DEFENSE_CBDP-U_PROCUREMENT_JustificationBook_Chemical_and_Biological_Defense_Program_PB_2017.zzz_unzipped-U_PROCUREMENT_JustificationBook_Chemical_and_Biological_Defense_Program_PB_2017.xml
FILESIZE = 1065686
YEAR = 2017
JBOOK_TYPE = JustificationBook
@recordid = f580ac9b498196201e02af763f0d4c6beef33497c17f2351ca00876381420bf7
@doctype = 2017-BASE_PROCUREMENT-JUSTIFICATIONBOOK
@filename = 2017-BASE_PROCUREMENT-2017-DEFENSE_CBDP-U_PROCUREMENT_JustificationBook_Chemical_and_Biological_Defense_Program_PB_2017.zzz_unzipped-U_PROCUREMENT_JustificationBook_Chemical_and_Biological_Defense_Program_PB_2017.xml
----------------------
<Writing ./2-jbook-json/2017-BASE_PROCUREMENT-2017-DEFENSE_CBDP-U_PROCUREMENT_JustificationBook_Chemical_and_Biological_Defense_Program_PB_2017.zzz_unzipped-U_PROCUREMENT_JustificationBook_Chemical_and_Biological_Defense_Program_PB_2017.json>
----------------------
[21/80]
FILEPATH = ./1-jbook-xml/2017-BASE_PROCUREMENT-2017-DEFENSE_CBDP-U_PROCUREMENT_MasterJustificationBook_Chemical_and_Biological_Defense_Program_PB_2017.zzz_unzipped-U_PROCUREMENT_MasterJustificationBook_Chemical_and_Biological_Defense_Program_PB_2017.xml
FILESIZE = 1305706
YEAR = 2017
JBOOK_TYPE = MasterJustificationBook
@recordid = 877afd10c3cc4d3dfb24bd407d21fe05e2db65b6a92a0677b81e03b62bcb9dd5
@doctype = 2017-BASE_PROCUREMENT-MASTERJUSTIFICATIONBOOK
@filename = 2017-BASE_PROCUREMENT-2017-DEFENSE_CBDP-U_PROCUREMENT_MasterJustificationBook_Chemical_and_Biological_Defense_Program_PB_2017.zzz_unzipped-U_PROCUREMENT_MasterJustificationBook_Chemical_and_Biological_Defense_Program_PB_2017.xml
----------------------
<Writing ./2-jbook-json/2017-BASE_PROCUREMENT-2017-DEFENSE_CBDP-U_PROCUREMENT_MasterJustificationBook_Chemical_and_Biological_Defense_Program_PB_2017.zzz_unzipped-U_PROCUREMENT_MasterJustificationBook_Chemical_and_Biological_Defense_Program_PB_2017.json>
----------------------
[22/80]
FILEPATH = ./1-jbook-xml/2017-BASE_PROCUREMENT-2017-DEFENSE_DCAA-U_PROCUREMENT_JustificationBook_Defense_Contract_Audit_Agency_PB_2017.zzz_unzipped-U_PROCUREMENT_JustificationBook_Defense_Contract_Audit_Agency_PB_2017.xml
FILESIZE = 15530
YEAR = 2017
JBOOK_TYPE = JustificationBook
@recordid = 38d04beaf01db361541f0c912cac31780b3f2fa0bd21b28a50407a628fbfcdc2
@doctype = 2017-BASE_PROCUREMENT-JUSTIFICATIONBOOK
@filename = 2017-BASE_PROCUREMENT-2017-DEFENSE_DCAA-U_PROCUREMENT_JustificationBook_Defense_Contract_Audit_Agency_PB_2017.zzz_unzipped-U_PROCUREMENT_JustificationBook_Defense_Contract_Audit_Agency_PB_2017.xml
----------------------
<Writing ./2-jbook-json/2017-BASE_PROCUREMENT-2017-DEFENSE_DCAA-U_PROCUREMENT_JustificationBook_Defense_Contract_Audit_Agency_PB_2017.zzz_unzipped-U_PROCUREMENT_JustificationBook_Defense_Contract_Audit_Agency_PB_2017.json>
----------------------
[23/80]
FILEPATH = ./1-jbook-xml/2017-BASE_PROCUREMENT-2017-DEFENSE_DCAA-U_PROCUREMENT_MasterJustificationBook_Defense_Contract_Audit_Agency_PB_2017.zzz_unzipped-U_PROCUREMENT_MasterJustificationBook_Defense_Contract_Audit_Agency_PB_2017.xml
FILESIZE = 23514
YEAR = 2017
JBOOK_TYPE = MasterJustificationBook
@recordid = 28ab288c367730bb0201f7baeac1f50a8e83512b8b216a78cf2aac641aa9e133
@doctype = 2017-BASE_PROCUREMENT-MASTERJUSTIFICATIONBOOK
@filename = 2017-BASE_PROCUREMENT-2017-DEFENSE_DCAA-U_PROCUREMENT_MasterJustificationBook_Defense_Contract_Audit_Agency_PB_2017.zzz_unzipped-U_PROCUREMENT_MasterJustificationBook_Defense_Contract_Audit_Agency_PB_2017.xml
----------------------
<Writing ./2-jbook-json/2017-BASE_PROCUREMENT-2017-DEFENSE_DCAA-U_PROCUREMENT_MasterJustificationBook_Defense_Contract_Audit_Agency_PB_2017.zzz_unzipped-U_PROCUREMENT_MasterJustificationBook_Defense_Contract_Audit_Agency_PB_2017.json>
----------------------
[24/80]
FILEPATH = ./1-jbook-xml/2017-BASE_PROCUREMENT-2017-DEFENSE_DCMA-U_PROCUREMENT_JustificationBook_Defense_Contract_Management_Agency_PB_2017.zzz_unzipped-U_PROCUREMENT_JustificationBook_Defense_Contract_Management_Agency_PB_2017.xml
FILESIZE = 18297
YEAR = 2017
JBOOK_TYPE = JustificationBook
@recordid = abbf2fe83aa7dcde8cdb4d675e9989ccc646f230108d5735ef68bee6d0445e66
@doctype = 2017-BASE_PROCUREMENT-JUSTIFICATIONBOOK
@filename = 2017-BASE_PROCUREMENT-2017-DEFENSE_DCMA-U_PROCUREMENT_JustificationBook_Defense_Contract_Management_Agency_PB_2017.zzz_unzipped-U_PROCUREMENT_JustificationBook_Defense_Contract_Management_Agency_PB_2017.xml
----------------------
<Writing ./2-jbook-json/2017-BASE_PROCUREMENT-2017-DEFENSE_DCMA-U_PROCUREMENT_JustificationBook_Defense_Contract_Management_Agency_PB_2017.zzz_unzipped-U_PROCUREMENT_JustificationBook_Defense_Contract_Management_Agency_PB_2017.json>
----------------------
[25/80]
FILEPATH = ./1-jbook-xml/2017-BASE_PROCUREMENT-2017-DEFENSE_DCMA-U_PROCUREMENT_MasterJustificationBook_Defense_Contract_Management_Agency_PB_2017.zzz_unzipped-U_PROCUREMENT_MasterJustificationBook_Defense_Contract_Management_Agency_PB_2017.xml
FILESIZE = 27156
YEAR = 2017
JBOOK_TYPE = MasterJustificationBook
@recordid = 889385d8c4c488f03bcc04d0609a1f6eb53fc59015daddd100401d399fdb9394
@doctype = 2017-BASE_PROCUREMENT-MASTERJUSTIFICATIONBOOK
@filename = 2017-BASE_PROCUREMENT-2017-DEFENSE_DCMA-U_PROCUREMENT_MasterJustificationBook_Defense_Contract_Management_Agency_PB_2017.zzz_unzipped-U_PROCUREMENT_MasterJustificationBook_Defense_Contract_Management_Agency_PB_2017.xml
----------------------
<Writing ./2-jbook-json/2017-BASE_PROCUREMENT-2017-DEFENSE_DCMA-U_PROCUREMENT_MasterJustificationBook_Defense_Contract_Management_Agency_PB_2017.zzz_unzipped-U_PROCUREMENT_MasterJustificationBook_Defense_Contract_Management_Agency_PB_2017.json>
----------------------
[26/80]
FILEPATH = ./1-jbook-xml/2017-BASE_PROCUREMENT-2017-DEFENSE_DHRA-U_PROCUREMENT_JustificationBook_DoD_Human_Resources_Activity_PB_2017.zzz_unzipped-U_PROCUREMENT_JustificationBook_DoD_Human_Resources_Activity_PB_2017.xml
FILESIZE = 52953
YEAR = 2017
JBOOK_TYPE = JustificationBook
@recordid = 1d63133aa92a4f9fc43a65c25dc078f414b10814be3085af2a4e3aac50b396ad
@doctype = 2017-BASE_PROCUREMENT-JUSTIFICATIONBOOK
@filename = 2017-BASE_PROCUREMENT-2017-DEFENSE_DHRA-U_PROCUREMENT_JustificationBook_DoD_Human_Resources_Activity_PB_2017.zzz_unzipped-U_PROCUREMENT_JustificationBook_DoD_Human_Resources_Activity_PB_2017.xml
----------------------
<Writing ./2-jbook-json/2017-BASE_PROCUREMENT-2017-DEFENSE_DHRA-U_PROCUREMENT_JustificationBook_DoD_Human_Resources_Activity_PB_2017.zzz_unzipped-U_PROCUREMENT_JustificationBook_DoD_Human_Resources_Activity_PB_2017.json>
----------------------
[27/80]
FILEPATH = ./1-jbook-xml/2017-BASE_PROCUREMENT-2017-DEFENSE_DHRA-U_PROCUREMENT_MasterJustificationBook_DoD_Human_Resources_Activity_PB_2017.zzz_unzipped-U_PROCUREMENT_MasterJustificationBook_DoD_Human_Resources_Activity_PB_2017.xml
FILESIZE = 67948
YEAR = 2017
JBOOK_TYPE = MasterJustificationBook
@recordid = 3ce08ab1429d32f6cd6cd6806a222ce0cf0021a5fdf724c01febb33470c8d2dd
@doctype = 2017-BASE_PROCUREMENT-MASTERJUSTIFICATIONBOOK
@filename = 2017-BASE_PROCUREMENT-2017-DEFENSE_DHRA-U_PROCUREMENT_MasterJustificationBook_DoD_Human_Resources_Activity_PB_2017.zzz_unzipped-U_PROCUREMENT_MasterJustificationBook_DoD_Human_Resources_Activity_PB_2017.xml
----------------------
<Writing ./2-jbook-json/2017-BASE_PROCUREMENT-2017-DEFENSE_DHRA-U_PROCUREMENT_MasterJustificationBook_DoD_Human_Resources_Activity_PB_2017.zzz_unzipped-U_PROCUREMENT_MasterJustificationBook_DoD_Human_Resources_Activity_PB_2017.json>
----------------------
[28/80]
FILEPATH = ./1-jbook-xml/2017-BASE_PROCUREMENT-2017-DEFENSE_DISA-U_PROCUREMENT_JustificationBook_Defense_Information_Systems_Agency_PB_2017.zzz_unzipped-U_PROCUREMENT_JustificationBook_Defense_Information_Systems_Agency_PB_2017.xml
FILESIZE = 933283
YEAR = 2017
JBOOK_TYPE = JustificationBook
@recordid = 88f29d33bf79dcb29b7292f5ff121a973aa9dedb6ae48f5375c388e7977971c4
@doctype = 2017-BASE_PROCUREMENT-JUSTIFICATIONBOOK
@filename = 2017-BASE_PROCUREMENT-2017-DEFENSE_DISA-U_PROCUREMENT_JustificationBook_Defense_Information_Systems_Agency_PB_2017.zzz_unzipped-U_PROCUREMENT_JustificationBook_Defense_Information_Systems_Agency_PB_2017.xml
----------------------
<Writing ./2-jbook-json/2017-BASE_PROCUREMENT-2017-DEFENSE_DISA-U_PROCUREMENT_JustificationBook_Defense_Information_Systems_Agency_PB_2017.zzz_unzipped-U_PROCUREMENT_JustificationBook_Defense_Information_Systems_Agency_PB_2017.json>
----------------------
[29/80]
FILEPATH = ./1-jbook-xml/2017-BASE_PROCUREMENT-2017-DEFENSE_DISA-U_PROCUREMENT_MasterJustificationBook_Defense_Information_Systems_Agency_PB_2017.zzz_unzipped-U_PROCUREMENT_MasterJustificationBook_Defense_Information_Systems_Agency_PB_2017.xml
FILESIZE = 1150998
YEAR = 2017
JBOOK_TYPE = MasterJustificationBook
@recordid = 76755e93c9b5cc2a420df41c71c6ee7ee28da1beb9e686206a9d9fa987982921
@doctype = 2017-BASE_PROCUREMENT-MASTERJUSTIFICATIONBOOK
@filename = 2017-BASE_PROCUREMENT-2017-DEFENSE_DISA-U_PROCUREMENT_MasterJustificationBook_Defense_Information_Systems_Agency_PB_2017.zzz_unzipped-U_PROCUREMENT_MasterJustificationBook_Defense_Information_Systems_Agency_PB_2017.xml
----------------------
<Writing ./2-jbook-json/2017-BASE_PROCUREMENT-2017-DEFENSE_DISA-U_PROCUREMENT_MasterJustificationBook_Defense_Information_Systems_Agency_PB_2017.zzz_unzipped-U_PROCUREMENT_MasterJustificationBook_Defense_Information_Systems_Agency_PB_2017.json>
----------------------
[30/80]
FILEPATH = ./1-jbook-xml/2017-BASE_PROCUREMENT-2017-DEFENSE_DLA-U_PROCUREMENT_JustificationBook_Defense_Logistics_Agency_PB_2017.zzz_unzipped-U_PROCUREMENT_JustificationBook_Defense_Logistics_Agency_PB_2017.xml
FILESIZE = 21164
YEAR = 2017
JBOOK_TYPE = JustificationBook
@recordid = 30ba53c3484cc4ae0068527d7bc8aa5ba458d08e6fb15e117059e1ea6b675706
@doctype = 2017-BASE_PROCUREMENT-JUSTIFICATIONBOOK
@filename = 2017-BASE_PROCUREMENT-2017-DEFENSE_DLA-U_PROCUREMENT_JustificationBook_Defense_Logistics_Agency_PB_2017.zzz_unzipped-U_PROCUREMENT_JustificationBook_Defense_Logistics_Agency_PB_2017.xml
----------------------
<Writing ./2-jbook-json/2017-BASE_PROCUREMENT-2017-DEFENSE_DLA-U_PROCUREMENT_JustificationBook_Defense_Logistics_Agency_PB_2017.zzz_unzipped-U_PROCUREMENT_JustificationBook_Defense_Logistics_Agency_PB_2017.json>
----------------------
[31/80]
FILEPATH = ./1-jbook-xml/2017-BASE_PROCUREMENT-2017-DEFENSE_DLA-U_PROCUREMENT_MasterJustificationBook_Defense_Logistics_Agency_PB_2017.zzz_unzipped-U_PROCUREMENT_MasterJustificationBook_Defense_Logistics_Agency_PB_2017.xml
FILESIZE = 31281
YEAR = 2017
JBOOK_TYPE = MasterJustificationBook
@recordid = 50e1059393b36fad354b5dfcb9c09a227cec8dc5d78722897a27ab5fd754d4b2
@doctype = 2017-BASE_PROCUREMENT-MASTERJUSTIFICATIONBOOK
@filename = 2017-BASE_PROCUREMENT-2017-DEFENSE_DLA-U_PROCUREMENT_MasterJustificationBook_Defense_Logistics_Agency_PB_2017.zzz_unzipped-U_PROCUREMENT_MasterJustificationBook_Defense_Logistics_Agency_PB_2017.xml
----------------------
<Writing ./2-jbook-json/2017-BASE_PROCUREMENT-2017-DEFENSE_DLA-U_PROCUREMENT_MasterJustificationBook_Defense_Logistics_Agency_PB_2017.zzz_unzipped-U_PROCUREMENT_MasterJustificationBook_Defense_Logistics_Agency_PB_2017.json>
----------------------
[32/80]
FILEPATH = ./1-jbook-xml/2017-BASE_PROCUREMENT-2017-DEFENSE_DMACT-U_PROCUREMENT_JustificationBook_Defense_Media_Activity_PB_2017.zzz_unzipped-U_PROCUREMENT_JustificationBook_Defense_Media_Activity_PB_2017.xml
FILESIZE = 48129
YEAR = 2017
JBOOK_TYPE = JustificationBook
@recordid = 77f7574c943d16c753e4c2bb8b7dfb17e4115b9581b3a613cc8c2642d9c0783c
@doctype = 2017-BASE_PROCUREMENT-JUSTIFICATIONBOOK
@filename = 2017-BASE_PROCUREMENT-2017-DEFENSE_DMACT-U_PROCUREMENT_JustificationBook_Defense_Media_Activity_PB_2017.zzz_unzipped-U_PROCUREMENT_JustificationBook_Defense_Media_Activity_PB_2017.xml
----------------------
<Writing ./2-jbook-json/2017-BASE_PROCUREMENT-2017-DEFENSE_DMACT-U_PROCUREMENT_JustificationBook_Defense_Media_Activity_PB_2017.zzz_unzipped-U_PROCUREMENT_JustificationBook_Defense_Media_Activity_PB_2017.json>
----------------------
[33/80]
FILEPATH = ./1-jbook-xml/2017-BASE_PROCUREMENT-2017-DEFENSE_DMACT-U_PROCUREMENT_MasterJustificationBook_Defense_Media_Activity_PB_2017.zzz_unzipped-U_PROCUREMENT_MasterJustificationBook_Defense_Media_Activity_PB_2017.xml
FILESIZE = 64927
YEAR = 2017
JBOOK_TYPE = MasterJustificationBook
@recordid = 81056b76bf6081789500f06d5e15cae59ba8c95342678b94b3ce318d0aca6e33
@doctype = 2017-BASE_PROCUREMENT-MASTERJUSTIFICATIONBOOK
@filename = 2017-BASE_PROCUREMENT-2017-DEFENSE_DMACT-U_PROCUREMENT_MasterJustificationBook_Defense_Media_Activity_PB_2017.zzz_unzipped-U_PROCUREMENT_MasterJustificationBook_Defense_Media_Activity_PB_2017.xml
----------------------
<Writing ./2-jbook-json/2017-BASE_PROCUREMENT-2017-DEFENSE_DMACT-U_PROCUREMENT_MasterJustificationBook_Defense_Media_Activity_PB_2017.zzz_unzipped-U_PROCUREMENT_MasterJustificationBook_Defense_Media_Activity_PB_2017.json>
----------------------
[34/80]
FILEPATH = ./1-jbook-xml/2017-BASE_PROCUREMENT-2017-DEFENSE_DODEA-U_PROCUREMENT_JustificationBook_Department_of_Defense_Education_Activity_PB_2017.zzz_unzipped-U_PROCUREMENT_JustificationBook_Department_of_Defense_Education_Activity_PB_2017.xml
FILESIZE = 7140
YEAR = 2017
JBOOK_TYPE = JustificationBook
@recordid = 24e7cc969689de65b6f1ea71016571bbc86793e3a1dc25927aea25c9771b21b0
@doctype = 2017-BASE_PROCUREMENT-JUSTIFICATIONBOOK
@filename = 2017-BASE_PROCUREMENT-2017-DEFENSE_DODEA-U_PROCUREMENT_JustificationBook_Department_of_Defense_Education_Activity_PB_2017.zzz_unzipped-U_PROCUREMENT_JustificationBook_Department_of_Defense_Education_Activity_PB_2017.xml
----------------------
<Writing ./2-jbook-json/2017-BASE_PROCUREMENT-2017-DEFENSE_DODEA-U_PROCUREMENT_JustificationBook_Department_of_Defense_Education_Activity_PB_2017.zzz_unzipped-U_PROCUREMENT_JustificationBook_Department_of_Defense_Education_Activity_PB_2017.json>
----------------------
[35/80]
FILEPATH = ./1-jbook-xml/2017-BASE_PROCUREMENT-2017-DEFENSE_DODEA-U_PROCUREMENT_MasterJustificationBook_Department_of_Defense_Education_Activity_PB_2017.zzz_unzipped-U_PROCUREMENT_MasterJustificationBook_Department_of_Defense_Education_Activity_PB_2017.xml
FILESIZE = 13233
YEAR = 2017
JBOOK_TYPE = MasterJustificationBook
@recordid = f4caeb1ecfb6a1f5d74373b34b470ee1e6f0e7f5d4514724f37dec34864421cc
@doctype = 2017-BASE_PROCUREMENT-MASTERJUSTIFICATIONBOOK
@filename = 2017-BASE_PROCUREMENT-2017-DEFENSE_DODEA-U_PROCUREMENT_MasterJustificationBook_Department_of_Defense_Education_Activity_PB_2017.zzz_unzipped-U_PROCUREMENT_MasterJustificationBook_Department_of_Defense_Education_Activity_PB_2017.xml
----------------------
<Writing ./2-jbook-json/2017-BASE_PROCUREMENT-2017-DEFENSE_DODEA-U_PROCUREMENT_MasterJustificationBook_Department_of_Defense_Education_Activity_PB_2017.zzz_unzipped-U_PROCUREMENT_MasterJustificationBook_Department_of_Defense_Education_Activity_PB_2017.json>
----------------------
[36/80]
FILEPATH = ./1-jbook-xml/2017-BASE_PROCUREMENT-2017-DEFENSE_DPAP-U_PROCUREMENT_JustificationBook_Office_of_the_Secretary_Of_Defense_PB_2017.zzz_unzipped-U_PROCUREMENT_JustificationBook_Office_of_the_Secretary_Of_Defense_PB_2017.xml
FILESIZE = 55827
YEAR = 2017
JBOOK_TYPE = JustificationBook
@recordid = 07bb09ddf9aa155198f54806f89f9bfa07c122dbce650722eeb33a3ede77998d
@doctype = 2017-BASE_PROCUREMENT-JUSTIFICATIONBOOK
@filename = 2017-BASE_PROCUREMENT-2017-DEFENSE_DPAP-U_PROCUREMENT_JustificationBook_Office_of_the_Secretary_Of_Defense_PB_2017.zzz_unzipped-U_PROCUREMENT_JustificationBook_Office_of_the_Secretary_Of_Defense_PB_2017.xml
----------------------
<Writing ./2-jbook-json/2017-BASE_PROCUREMENT-2017-DEFENSE_DPAP-U_PROCUREMENT_JustificationBook_Office_of_the_Secretary_Of_Defense_PB_2017.zzz_unzipped-U_PROCUREMENT_JustificationBook_Office_of_the_Secretary_Of_Defense_PB_2017.json>
----------------------
[37/80]
FILEPATH = ./1-jbook-xml/2017-BASE_PROCUREMENT-2017-DEFENSE_DPAP-U_PROCUREMENT_MasterJustificationBook_Office_of_the_Secretary_Of_Defense_PB_2017.zzz_unzipped-U_PROCUREMENT_MasterJustificationBook_Office_of_the_Secretary_Of_Defense_PB_2017.xml
FILESIZE = 68952
YEAR = 2017
JBOOK_TYPE = MasterJustificationBook
@recordid = 6d68b977cf68fccb7054bf1d7b20527a01e8356ff82e4bfc9f5eb3c95a1530e7
@doctype = 2017-BASE_PROCUREMENT-MASTERJUSTIFICATIONBOOK
@filename = 2017-BASE_PROCUREMENT-2017-DEFENSE_DPAP-U_PROCUREMENT_MasterJustificationBook_Office_of_the_Secretary_Of_Defense_PB_2017.zzz_unzipped-U_PROCUREMENT_MasterJustificationBook_Office_of_the_Secretary_Of_Defense_PB_2017.xml
----------------------
<Writing ./2-jbook-json/2017-BASE_PROCUREMENT-2017-DEFENSE_DPAP-U_PROCUREMENT_MasterJustificationBook_Office_of_the_Secretary_Of_Defense_PB_2017.zzz_unzipped-U_PROCUREMENT_MasterJustificationBook_Office_of_the_Secretary_Of_Defense_PB_2017.json>
----------------------
[38/80]
FILEPATH = ./1-jbook-xml/2017-BASE_PROCUREMENT-2017-DEFENSE_DSS-U_PROCUREMENT_JustificationBook_Defense_Security_Service_PB_2017.zzz_unzipped-U_PROCUREMENT_JustificationBook_Defense_Security_Service_PB_2017.xml
FILESIZE = 11003
YEAR = 2017
JBOOK_TYPE = JustificationBook
@recordid = fcf65561b101aa9694edf052483a3e1a69737691a1ec7c4e328a60ad819894d8
@doctype = 2017-BASE_PROCUREMENT-JUSTIFICATIONBOOK
@filename = 2017-BASE_PROCUREMENT-2017-DEFENSE_DSS-U_PROCUREMENT_JustificationBook_Defense_Security_Service_PB_2017.zzz_unzipped-U_PROCUREMENT_JustificationBook_Defense_Security_Service_PB_2017.xml
----------------------
<Writing ./2-jbook-json/2017-BASE_PROCUREMENT-2017-DEFENSE_DSS-U_PROCUREMENT_JustificationBook_Defense_Security_Service_PB_2017.zzz_unzipped-U_PROCUREMENT_JustificationBook_Defense_Security_Service_PB_2017.json>
----------------------
[39/80]
FILEPATH = ./1-jbook-xml/2017-BASE_PROCUREMENT-2017-DEFENSE_DSS-U_PROCUREMENT_MasterJustificationBook_Defense_Security_Service_PB_2017.zzz_unzipped-U_PROCUREMENT_MasterJustificationBook_Defense_Security_Service_PB_2017.xml
FILESIZE = 18231
YEAR = 2017
JBOOK_TYPE = MasterJustificationBook
@recordid = 8887fa9c36b59648ae44fc75c257744377a2cd262d19788a2ca26007417641a9
@doctype = 2017-BASE_PROCUREMENT-MASTERJUSTIFICATIONBOOK
@filename = 2017-BASE_PROCUREMENT-2017-DEFENSE_DSS-U_PROCUREMENT_MasterJustificationBook_Defense_Security_Service_PB_2017.zzz_unzipped-U_PROCUREMENT_MasterJustificationBook_Defense_Security_Service_PB_2017.xml
----------------------
<Writing ./2-jbook-json/2017-BASE_PROCUREMENT-2017-DEFENSE_DSS-U_PROCUREMENT_MasterJustificationBook_Defense_Security_Service_PB_2017.zzz_unzipped-U_PROCUREMENT_MasterJustificationBook_Defense_Security_Service_PB_2017.json>
----------------------
[40/80]
FILEPATH = ./1-jbook-xml/2017-BASE_PROCUREMENT-2017-DEFENSE_DTRA-U_PROCUREMENT_JustificationBook_Defense_Threat_Reduction_Agency_PB_2017.zzz_unzipped-U_PROCUREMENT_JustificationBook_Defense_Threat_Reduction_Agency_PB_2017.xml
FILESIZE = 89363
YEAR = 2017
JBOOK_TYPE = JustificationBook
@recordid = 518a530bb19c99ae6bbb35b7170f8d06b99eb7f6273d5f78219e899ce3846a9f
@doctype = 2017-BASE_PROCUREMENT-JUSTIFICATIONBOOK
@filename = 2017-BASE_PROCUREMENT-2017-DEFENSE_DTRA-U_PROCUREMENT_JustificationBook_Defense_Threat_Reduction_Agency_PB_2017.zzz_unzipped-U_PROCUREMENT_JustificationBook_Defense_Threat_Reduction_Agency_PB_2017.xml
----------------------
<Writing ./2-jbook-json/2017-BASE_PROCUREMENT-2017-DEFENSE_DTRA-U_PROCUREMENT_JustificationBook_Defense_Threat_Reduction_Agency_PB_2017.zzz_unzipped-U_PROCUREMENT_JustificationBook_Defense_Threat_Reduction_Agency_PB_2017.json>
----------------------
[41/80]
FILEPATH = ./1-jbook-xml/2017-BASE_PROCUREMENT-2017-DEFENSE_DTRA-U_PROCUREMENT_MasterJustificationBook_Defense_Threat_Reduction_Agency_PB_2017.zzz_unzipped-U_PROCUREMENT_MasterJustificationBook_Defense_Threat_Reduction_Agency_PB_2017.xml
FILESIZE = 116914
YEAR = 2017
JBOOK_TYPE = MasterJustificationBook
@recordid = 2ded6338f67e55207ec567f2717a164b8100a6919fd86cd47bcb90885c84a0b2
@doctype = 2017-BASE_PROCUREMENT-MASTERJUSTIFICATIONBOOK
@filename = 2017-BASE_PROCUREMENT-2017-DEFENSE_DTRA-U_PROCUREMENT_MasterJustificationBook_Defense_Threat_Reduction_Agency_PB_2017.zzz_unzipped-U_PROCUREMENT_MasterJustificationBook_Defense_Threat_Reduction_Agency_PB_2017.xml
----------------------
<Writing ./2-jbook-json/2017-BASE_PROCUREMENT-2017-DEFENSE_DTRA-U_PROCUREMENT_MasterJustificationBook_Defense_Threat_Reduction_Agency_PB_2017.zzz_unzipped-U_PROCUREMENT_MasterJustificationBook_Defense_Threat_Reduction_Agency_PB_2017.json>
----------------------
[42/80]
FILEPATH = ./1-jbook-xml/2017-BASE_PROCUREMENT-2017-DEFENSE_JUONF-U_PROCUREMENT_JustificationBook_Joint_Urgent_Operational_Needs_Fund_PB_2017.zzz_unzipped-U_PROCUREMENT_JustificationBook_Joint_Urgent_Operational_Needs_Fund_PB_2017.xml
FILESIZE = 6029
YEAR = 2017
JBOOK_TYPE = JustificationBook
@recordid = 2948d6ea07155fd37f6d490c7d2c02993623b9d724d720c95770ffd79851c7bb
@doctype = 2017-BASE_PROCUREMENT-JUSTIFICATIONBOOK
@filename = 2017-BASE_PROCUREMENT-2017-DEFENSE_JUONF-U_PROCUREMENT_JustificationBook_Joint_Urgent_Operational_Needs_Fund_PB_2017.zzz_unzipped-U_PROCUREMENT_JustificationBook_Joint_Urgent_Operational_Needs_Fund_PB_2017.xml
----------------------
<Writing ./2-jbook-json/2017-BASE_PROCUREMENT-2017-DEFENSE_JUONF-U_PROCUREMENT_JustificationBook_Joint_Urgent_Operational_Needs_Fund_PB_2017.zzz_unzipped-U_PROCUREMENT_JustificationBook_Joint_Urgent_Operational_Needs_Fund_PB_2017.json>
----------------------
[43/80]
FILEPATH = ./1-jbook-xml/2017-BASE_PROCUREMENT-2017-DEFENSE_JUONF-U_PROCUREMENT_MasterJustificationBook_Joint_Urgent_Operational_Needs_Fund_PB_2017.zzz_unzipped-U_PROCUREMENT_MasterJustificationBook_Joint_Urgent_Operational_Needs_Fund_PB_2017.xml
FILESIZE = 12085
YEAR = 2017
JBOOK_TYPE = MasterJustificationBook
@recordid = 575609d66cb9495831e607fa1cfdfc245332ea410990d7c63208966250729ccf
@doctype = 2017-BASE_PROCUREMENT-MASTERJUSTIFICATIONBOOK
@filename = 2017-BASE_PROCUREMENT-2017-DEFENSE_JUONF-U_PROCUREMENT_MasterJustificationBook_Joint_Urgent_Operational_Needs_Fund_PB_2017.zzz_unzipped-U_PROCUREMENT_MasterJustificationBook_Joint_Urgent_Operational_Needs_Fund_PB_2017.xml
----------------------
<Writing ./2-jbook-json/2017-BASE_PROCUREMENT-2017-DEFENSE_JUONF-U_PROCUREMENT_MasterJustificationBook_Joint_Urgent_Operational_Needs_Fund_PB_2017.zzz_unzipped-U_PROCUREMENT_MasterJustificationBook_Joint_Urgent_Operational_Needs_Fund_PB_2017.json>
----------------------
[44/80]
FILEPATH = ./1-jbook-xml/2017-BASE_PROCUREMENT-2017-DEFENSE_MDA_VOL2-U_PROCUREMENT_JustificationBook_Missile_Defense_Agency_PB_2017.zzz_unzipped-U_PROCUREMENT_JustificationBook_Missile_Defense_Agency_PB_2017.xml
FILESIZE = 549780
YEAR = 2017
JBOOK_TYPE = JustificationBook
@recordid = 97f67133eac688ef131de3a3c0f436f647b3f3e1c3dd8b1c9e146a471d6cae92
@doctype = 2017-BASE_PROCUREMENT-JUSTIFICATIONBOOK
@filename = 2017-BASE_PROCUREMENT-2017-DEFENSE_MDA_VOL2-U_PROCUREMENT_JustificationBook_Missile_Defense_Agency_PB_2017.zzz_unzipped-U_PROCUREMENT_JustificationBook_Missile_Defense_Agency_PB_2017.xml
----------------------
<Writing ./2-jbook-json/2017-BASE_PROCUREMENT-2017-DEFENSE_MDA_VOL2-U_PROCUREMENT_JustificationBook_Missile_Defense_Agency_PB_2017.zzz_unzipped-U_PROCUREMENT_JustificationBook_Missile_Defense_Agency_PB_2017.json>
----------------------
[45/80]
FILEPATH = ./1-jbook-xml/2017-BASE_PROCUREMENT-2017-DEFENSE_MDA_VOL2-U_PROCUREMENT_MasterJustificationBook_Missile_Defense_Agency_PB_2017.zzz_unzipped-U_PROCUREMENT_MasterJustificationBook_Missile_Defense_Agency_PB_2017.xml
FILESIZE = 679699
YEAR = 2017
JBOOK_TYPE = MasterJustificationBook
@recordid = 37f0c94ca84898f7ca6e1f3a8a270e1c78ad11a25ca90073819b79179e96f025
@doctype = 2017-BASE_PROCUREMENT-MASTERJUSTIFICATIONBOOK
@filename = 2017-BASE_PROCUREMENT-2017-DEFENSE_MDA_VOL2-U_PROCUREMENT_MasterJustificationBook_Missile_Defense_Agency_PB_2017.zzz_unzipped-U_PROCUREMENT_MasterJustificationBook_Missile_Defense_Agency_PB_2017.xml
----------------------
<Writing ./2-jbook-json/2017-BASE_PROCUREMENT-2017-DEFENSE_MDA_VOL2-U_PROCUREMENT_MasterJustificationBook_Missile_Defense_Agency_PB_2017.zzz_unzipped-U_PROCUREMENT_MasterJustificationBook_Missile_Defense_Agency_PB_2017.json>
----------------------
[46/80]
FILEPATH = ./1-jbook-xml/2017-BASE_PROCUREMENT-2017-DEFENSE_OSD-U_PROCUREMENT_JustificationBook_Office_of_the_Secretary_Of_Defense_PB_2017.zzz_unzipped-U_PROCUREMENT_JustificationBook_Office_of_the_Secretary_Of_Defense_PB_2017.xml
FILESIZE = 175765
YEAR = 2017
JBOOK_TYPE = JustificationBook
@recordid = 42f97df31cca04e828610af4f688f668ed2facf583e5fa04a7b35fef3aca2ebd
@doctype = 2017-BASE_PROCUREMENT-JUSTIFICATIONBOOK
@filename = 2017-BASE_PROCUREMENT-2017-DEFENSE_OSD-U_PROCUREMENT_JustificationBook_Office_of_the_Secretary_Of_Defense_PB_2017.zzz_unzipped-U_PROCUREMENT_JustificationBook_Office_of_the_Secretary_Of_Defense_PB_2017.xml
----------------------
<Writing ./2-jbook-json/2017-BASE_PROCUREMENT-2017-DEFENSE_OSD-U_PROCUREMENT_JustificationBook_Office_of_the_Secretary_Of_Defense_PB_2017.zzz_unzipped-U_PROCUREMENT_JustificationBook_Office_of_the_Secretary_Of_Defense_PB_2017.json>
----------------------
[47/80]
FILEPATH = ./1-jbook-xml/2017-BASE_PROCUREMENT-2017-DEFENSE_OSD-U_PROCUREMENT_MasterJustificationBook_Office_of_the_Secretary_Of_Defense_PB_2017.zzz_unzipped-U_PROCUREMENT_MasterJustificationBook_Office_of_the_Secretary_Of_Defense_PB_2017.xml
FILESIZE = 222486
YEAR = 2017
JBOOK_TYPE = MasterJustificationBook
@recordid = ef0bfb75e49e775bbc9057e96ffa8ff2d11e0316435593d4407a0e62f03cbda3
@doctype = 2017-BASE_PROCUREMENT-MASTERJUSTIFICATIONBOOK
@filename = 2017-BASE_PROCUREMENT-2017-DEFENSE_OSD-U_PROCUREMENT_MasterJustificationBook_Office_of_the_Secretary_Of_Defense_PB_2017.zzz_unzipped-U_PROCUREMENT_MasterJustificationBook_Office_of_the_Secretary_Of_Defense_PB_2017.xml
----------------------
<Writing ./2-jbook-json/2017-BASE_PROCUREMENT-2017-DEFENSE_OSD-U_PROCUREMENT_MasterJustificationBook_Office_of_the_Secretary_Of_Defense_PB_2017.zzz_unzipped-U_PROCUREMENT_MasterJustificationBook_Office_of_the_Secretary_Of_Defense_PB_2017.json>
----------------------
[48/80]
FILEPATH = ./1-jbook-xml/2017-BASE_PROCUREMENT-2017-DEFENSE_SOCOM-U_PROCUREMENT_JustificationBook_United_States_Special_Operations_Command_PB_2017.zzz_unzipped-U_PROCUREMENT_JustificationBook_United_States_Special_Operations_Command_PB_2017.xml
FILESIZE = 1439068
YEAR = 2017
JBOOK_TYPE = JustificationBook
@recordid = d6e77ea0bf3bfaac5cf17e28e04aea8fec033b3ec2b2f6f67d189c87d32bd680
@doctype = 2017-BASE_PROCUREMENT-JUSTIFICATIONBOOK
@filename = 2017-BASE_PROCUREMENT-2017-DEFENSE_SOCOM-U_PROCUREMENT_JustificationBook_United_States_Special_Operations_Command_PB_2017.zzz_unzipped-U_PROCUREMENT_JustificationBook_United_States_Special_Operations_Command_PB_2017.xml
----------------------
<Writing ./2-jbook-json/2017-BASE_PROCUREMENT-2017-DEFENSE_SOCOM-U_PROCUREMENT_JustificationBook_United_States_Special_Operations_Command_PB_2017.zzz_unzipped-U_PROCUREMENT_JustificationBook_United_States_Special_Operations_Command_PB_2017.json>
----------------------
[49/80]
FILEPATH = ./1-jbook-xml/2017-BASE_PROCUREMENT-2017-DEFENSE_SOCOM-U_PROCUREMENT_MasterJustificationBook_United_States_Special_Operations_Command_PB_2017.zzz_unzipped-U_PROCUREMENT_MasterJustificationBook_United_States_Special_Operations_Command_PB_2017.xml
FILESIZE = 1814980
YEAR = 2017
JBOOK_TYPE = MasterJustificationBook
@recordid = 5c1e1c4fde2086d1d4d0ed1b597b9c471b06711da9c17f6888798e2224e1ede4
@doctype = 2017-BASE_PROCUREMENT-MASTERJUSTIFICATIONBOOK
@filename = 2017-BASE_PROCUREMENT-2017-DEFENSE_SOCOM-U_PROCUREMENT_MasterJustificationBook_United_States_Special_Operations_Command_PB_2017.zzz_unzipped-U_PROCUREMENT_MasterJustificationBook_United_States_Special_Operations_Command_PB_2017.xml
----------------------
<Writing ./2-jbook-json/2017-BASE_PROCUREMENT-2017-DEFENSE_SOCOM-U_PROCUREMENT_MasterJustificationBook_United_States_Special_Operations_Command_PB_2017.zzz_unzipped-U_PROCUREMENT_MasterJustificationBook_United_States_Special_Operations_Command_PB_2017.json>
----------------------
[50/80]
FILEPATH = ./1-jbook-xml/2017-BASE_PROCUREMENT-2017-DEFENSE_TJS-U_PROCUREMENT_JustificationBook_The_Joint_Staff_PB_2017.zzz_unzipped-U_PROCUREMENT_JustificationBook_The_Joint_Staff_PB_2017.xml
FILESIZE = 36854
YEAR = 2017
JBOOK_TYPE = JustificationBook
@recordid = cd84ea0f93b41a9c498b33bca6fe0d341d78deddfb348de09c7f4f85e1d67ef6
@doctype = 2017-BASE_PROCUREMENT-JUSTIFICATIONBOOK
@filename = 2017-BASE_PROCUREMENT-2017-DEFENSE_TJS-U_PROCUREMENT_JustificationBook_The_Joint_Staff_PB_2017.zzz_unzipped-U_PROCUREMENT_JustificationBook_The_Joint_Staff_PB_2017.xml
----------------------
<Writing ./2-jbook-json/2017-BASE_PROCUREMENT-2017-DEFENSE_TJS-U_PROCUREMENT_JustificationBook_The_Joint_Staff_PB_2017.zzz_unzipped-U_PROCUREMENT_JustificationBook_The_Joint_Staff_PB_2017.json>
----------------------
[51/80]
FILEPATH = ./1-jbook-xml/2017-BASE_PROCUREMENT-2017-DEFENSE_TJS-U_PROCUREMENT_MasterJustificationBook_The_Joint_Staff_PB_2017.zzz_unzipped-U_PROCUREMENT_MasterJustificationBook_The_Joint_Staff_PB_2017.xml
FILESIZE = 50561
YEAR = 2017
JBOOK_TYPE = MasterJustificationBook
@recordid = 2b337218540aa6ed95940a2137da9c493e1198b55b915e520fdfba71aac633a6
@doctype = 2017-BASE_PROCUREMENT-MASTERJUSTIFICATIONBOOK
@filename = 2017-BASE_PROCUREMENT-2017-DEFENSE_TJS-U_PROCUREMENT_MasterJustificationBook_The_Joint_Staff_PB_2017.zzz_unzipped-U_PROCUREMENT_MasterJustificationBook_The_Joint_Staff_PB_2017.xml
----------------------
<Writing ./2-jbook-json/2017-BASE_PROCUREMENT-2017-DEFENSE_TJS-U_PROCUREMENT_MasterJustificationBook_The_Joint_Staff_PB_2017.zzz_unzipped-U_PROCUREMENT_MasterJustificationBook_The_Joint_Staff_PB_2017.json>
----------------------
[52/80]
FILEPATH = ./1-jbook-xml/2017-BASE_PROCUREMENT-2017-DEFENSE_VOL1_ALL-U_PROCUREMENT_MasterJustificationBook_Defense-Wide_PB_2017.zzz_unzipped-U_PROCUREMENT_MasterJustificationBook_Defense-Wide_PB_2017.xml
FILESIZE = 4997926
YEAR = 2017
JBOOK_TYPE = MasterJustificationBook
@recordid = 7bc543e2d927ab91270457a0568c3993d08e7199ce855c6f662fb66f6c3554a1
@doctype = 2017-BASE_PROCUREMENT-MASTERJUSTIFICATIONBOOK
@filename = 2017-BASE_PROCUREMENT-2017-DEFENSE_VOL1_ALL-U_PROCUREMENT_MasterJustificationBook_Defense-Wide_PB_2017.zzz_unzipped-U_PROCUREMENT_MasterJustificationBook_Defense-Wide_PB_2017.xml
----------------------
<Writing ./2-jbook-json/2017-BASE_PROCUREMENT-2017-DEFENSE_VOL1_ALL-U_PROCUREMENT_MasterJustificationBook_Defense-Wide_PB_2017.zzz_unzipped-U_PROCUREMENT_MasterJustificationBook_Defense-Wide_PB_2017.json>
----------------------
[53/80]
FILEPATH = ./1-jbook-xml/2017-BASE_PROCUREMENT-2017-DEFENSE_WHS-U_PROCUREMENT_JustificationBook_Washington_Headquarters_Service_PB_2017.zzz_unzipped-U_PROCUREMENT_JustificationBook_Washington_Headquarters_Service_PB_2017.xml
FILESIZE = 54755
YEAR = 2017
JBOOK_TYPE = JustificationBook
@recordid = e230b3f60d4bf88a106241d1d860665c00ccc9c960649615654c31ccda60d2d8
@doctype = 2017-BASE_PROCUREMENT-JUSTIFICATIONBOOK
@filename = 2017-BASE_PROCUREMENT-2017-DEFENSE_WHS-U_PROCUREMENT_JustificationBook_Washington_Headquarters_Service_PB_2017.zzz_unzipped-U_PROCUREMENT_JustificationBook_Washington_Headquarters_Service_PB_2017.xml
----------------------
<Writing ./2-jbook-json/2017-BASE_PROCUREMENT-2017-DEFENSE_WHS-U_PROCUREMENT_JustificationBook_Washington_Headquarters_Service_PB_2017.zzz_unzipped-U_PROCUREMENT_JustificationBook_Washington_Headquarters_Service_PB_2017.json>
----------------------
[54/80]
FILEPATH = ./1-jbook-xml/2017-BASE_PROCUREMENT-2017-DEFENSE_WHS-U_PROCUREMENT_MasterJustificationBook_Washington_Headquarters_Service_PB_2017.zzz_unzipped-U_PROCUREMENT_MasterJustificationBook_Washington_Headquarters_Service_PB_2017.xml
FILESIZE = 72879
YEAR = 2017
JBOOK_TYPE = MasterJustificationBook
@recordid = efda3c14d641f2307e508f0f523f681f85cb973cb29648efcf0170e60557356e
@doctype = 2017-BASE_PROCUREMENT-MASTERJUSTIFICATIONBOOK
@filename = 2017-BASE_PROCUREMENT-2017-DEFENSE_WHS-U_PROCUREMENT_MasterJustificationBook_Washington_Headquarters_Service_PB_2017.zzz_unzipped-U_PROCUREMENT_MasterJustificationBook_Washington_Headquarters_Service_PB_2017.xml
----------------------
<Writing ./2-jbook-json/2017-BASE_PROCUREMENT-2017-DEFENSE_WHS-U_PROCUREMENT_MasterJustificationBook_Washington_Headquarters_Service_PB_2017.zzz_unzipped-U_PROCUREMENT_MasterJustificationBook_Washington_Headquarters_Service_PB_2017.json>
----------------------
[55/80]
FILEPATH = ./1-jbook-xml/2017-BASE_PROCUREMENT-2017-NAVY_AIRCRAFT_BA1-4-U_PROCUREMENT_JustificationBook_Navy_PB_2017.zzz_unzipped-U_PROCUREMENT_JustificationBook_Navy_PB_2017.xml
FILESIZE = 1376732
YEAR = 2017
JBOOK_TYPE = JustificationBook
@recordid = f58e9e10221f747653a971eab6803aca8aba18f2d73ad34efe6a116d7b5885fc
@doctype = 2017-BASE_PROCUREMENT-JUSTIFICATIONBOOK
@filename = 2017-BASE_PROCUREMENT-2017-NAVY_AIRCRAFT_BA1-4-U_PROCUREMENT_JustificationBook_Navy_PB_2017.zzz_unzipped-U_PROCUREMENT_JustificationBook_Navy_PB_2017.xml
----------------------
<Writing ./2-jbook-json/2017-BASE_PROCUREMENT-2017-NAVY_AIRCRAFT_BA1-4-U_PROCUREMENT_JustificationBook_Navy_PB_2017.zzz_unzipped-U_PROCUREMENT_JustificationBook_Navy_PB_2017.json>
----------------------
[56/80]
FILEPATH = ./1-jbook-xml/2017-BASE_PROCUREMENT-2017-NAVY_AIRCRAFT_BA1-4-U_PROCUREMENT_MasterJustificationBook_Navy_PB_2017.zzz_unzipped-U_PROCUREMENT_MasterJustificationBook_Navy_PB_2017.xml
FILESIZE = 13762682
YEAR = 2017
JBOOK_TYPE = MasterJustificationBook
@recordid = d96635a1e13c15d5e973d8e7f3e6197263e49e42244c0bd8305d0a3c2a6297ad
@doctype = 2017-BASE_PROCUREMENT-MASTERJUSTIFICATIONBOOK
@filename = 2017-BASE_PROCUREMENT-2017-NAVY_AIRCRAFT_BA1-4-U_PROCUREMENT_MasterJustificationBook_Navy_PB_2017.zzz_unzipped-U_PROCUREMENT_MasterJustificationBook_Navy_PB_2017.xml
----------------------
<Writing ./2-jbook-json/2017-BASE_PROCUREMENT-2017-NAVY_AIRCRAFT_BA1-4-U_PROCUREMENT_MasterJustificationBook_Navy_PB_2017.zzz_unzipped-U_PROCUREMENT_MasterJustificationBook_Navy_PB_2017.json>
----------------------
[57/80]
FILEPATH = ./1-jbook-xml/2017-BASE_PROCUREMENT-2017-NAVY_AIRCRAFT_BA5-U_PROCUREMENT_JustificationBook_Navy_PB_2017.zzz_unzipped-U_PROCUREMENT_JustificationBook_Navy_PB_2017.xml
FILESIZE = 8769127
YEAR = 2017
JBOOK_TYPE = JustificationBook
@recordid = a9c4015122b1c6e8e88a5a53c6d7c63c15711dfc44bf73ee9928de9aafc7cbe1
@doctype = 2017-BASE_PROCUREMENT-JUSTIFICATIONBOOK
@filename = 2017-BASE_PROCUREMENT-2017-NAVY_AIRCRAFT_BA5-U_PROCUREMENT_JustificationBook_Navy_PB_2017.zzz_unzipped-U_PROCUREMENT_JustificationBook_Navy_PB_2017.xml
----------------------
<Writing ./2-jbook-json/2017-BASE_PROCUREMENT-2017-NAVY_AIRCRAFT_BA5-U_PROCUREMENT_JustificationBook_Navy_PB_2017.zzz_unzipped-U_PROCUREMENT_JustificationBook_Navy_PB_2017.json>
----------------------
[58/80]
FILEPATH = ./1-jbook-xml/2017-BASE_PROCUREMENT-2017-NAVY_AIRCRAFT_BA5-U_PROCUREMENT_MasterJustificationBook_Navy_PB_2017.zzz_unzipped-U_PROCUREMENT_MasterJustificationBook_Navy_PB_2017.xml
FILESIZE = 13762682
YEAR = 2017
JBOOK_TYPE = MasterJustificationBook
@recordid = d96635a1e13c15d5e973d8e7f3e6197263e49e42244c0bd8305d0a3c2a6297ad
@doctype = 2017-BASE_PROCUREMENT-MASTERJUSTIFICATIONBOOK
@filename = 2017-BASE_PROCUREMENT-2017-NAVY_AIRCRAFT_BA5-U_PROCUREMENT_MasterJustificationBook_Navy_PB_2017.zzz_unzipped-U_PROCUREMENT_MasterJustificationBook_Navy_PB_2017.xml
----------------------
