

=========================================================
[3-convert-xml-to-json]
=========================================================
<Loading and merging all jbookArrayPaths into a single list>
|MasterJustificationBook|2013|2014|2015|2016|2017|2018|2019|2020|
|JustificationBook|2013|2014|2015|2016|2017|2018|2019|2020|
<arrayPaths count = 1254>
<last updated = 2019-10-09T04:51:40+00:00>
=========================================================
----------------------
[1/57]
FILEPATH = ./1-jbook-xml/2017-BASE_RDTE-2017-AIRFORCE_V1-U_RDTE_JustificationBook_Air_Force_PB_2017.zzz_unzipped-U_RDTE_JustificationBook_Air_Force_PB_2017.xml
FILESIZE = 1241266
YEAR = 2017
JBOOK_TYPE = JustificationBook
@recordid = 856fb3f1bb78b35de11bde632b109720bc204fe602358e9b0d5ca15e3377e4b4
@doctype = 2017-BASE_RDTE-JUSTIFICATIONBOOK
@filename = 2017-BASE_RDTE-2017-AIRFORCE_V1-U_RDTE_JustificationBook_Air_Force_PB_2017.zzz_unzipped-U_RDTE_JustificationBook_Air_Force_PB_2017.xml
----------------------
<Writing ./2-jbook-json/2017-BASE_RDTE-2017-AIRFORCE_V1-U_RDTE_JustificationBook_Air_Force_PB_2017.zzz_unzipped-U_RDTE_JustificationBook_Air_Force_PB_2017.json>
----------------------
[2/57]
FILEPATH = ./1-jbook-xml/2017-BASE_RDTE-2017-AIRFORCE_V1-U_RDTE_MasterJustificationBook_Air_Force_PB_2017.zzz_unzipped-U_RDTE_MasterJustificationBook_Air_Force_PB_2017.xml
FILESIZE = 16281171
YEAR = 2017
JBOOK_TYPE = MasterJustificationBook
@recordid = bc2a7374370756fe6e02d77684616659faafdcf00a850bcfc0b865ac6f47a00e
@doctype = 2017-BASE_RDTE-MASTERJUSTIFICATIONBOOK
@filename = 2017-BASE_RDTE-2017-AIRFORCE_V1-U_RDTE_MasterJustificationBook_Air_Force_PB_2017.zzz_unzipped-U_RDTE_MasterJustificationBook_Air_Force_PB_2017.xml
----------------------
<Writing ./2-jbook-json/2017-BASE_RDTE-2017-AIRFORCE_V1-U_RDTE_MasterJustificationBook_Air_Force_PB_2017.zzz_unzipped-U_RDTE_MasterJustificationBook_Air_Force_PB_2017.json>
----------------------
[3/57]
FILEPATH = ./1-jbook-xml/2017-BASE_RDTE-2017-AIRFORCE_V2-U_RDTE_JustificationBook_Air_Force_PB_2017.zzz_unzipped-U_RDTE_JustificationBook_Air_Force_PB_2017.xml
FILESIZE = 4247299
YEAR = 2017
JBOOK_TYPE = JustificationBook
@recordid = 68518ace5146b9b91b185f1361cc9192d854d0b2a84df0cb68b978030b241bef
@doctype = 2017-BASE_RDTE-JUSTIFICATIONBOOK
@filename = 2017-BASE_RDTE-2017-AIRFORCE_V2-U_RDTE_JustificationBook_Air_Force_PB_2017.zzz_unzipped-U_RDTE_JustificationBook_Air_Force_PB_2017.xml
----------------------
<Writing ./2-jbook-json/2017-BASE_RDTE-2017-AIRFORCE_V2-U_RDTE_JustificationBook_Air_Force_PB_2017.zzz_unzipped-U_RDTE_JustificationBook_Air_Force_PB_2017.json>
----------------------
[4/57]
FILEPATH = ./1-jbook-xml/2017-BASE_RDTE-2017-AIRFORCE_V2-U_RDTE_MasterJustificationBook_Air_Force_PB_2017.zzz_unzipped-U_RDTE_MasterJustificationBook_Air_Force_PB_2017.xml
FILESIZE = 16281171
YEAR = 2017
JBOOK_TYPE = MasterJustificationBook
@recordid = bc2a7374370756fe6e02d77684616659faafdcf00a850bcfc0b865ac6f47a00e
@doctype = 2017-BASE_RDTE-MASTERJUSTIFICATIONBOOK
@filename = 2017-BASE_RDTE-2017-AIRFORCE_V2-U_RDTE_MasterJustificationBook_Air_Force_PB_2017.zzz_unzipped-U_RDTE_MasterJustificationBook_Air_Force_PB_2017.xml
----------------------
<Writing ./2-jbook-json/2017-BASE_RDTE-2017-AIRFORCE_V2-U_RDTE_MasterJustificationBook_Air_Force_PB_2017.zzz_unzipped-U_RDTE_MasterJustificationBook_Air_Force_PB_2017.json>
----------------------
[5/57]
FILEPATH = ./1-jbook-xml/2017-BASE_RDTE-2017-AIRFORCE_V3A-U_RDTE_JustificationBook_Air_Force_PB_2017.zzz_unzipped-U_RDTE_JustificationBook_Air_Force_PB_2017.xml
FILESIZE = 3773454
YEAR = 2017
JBOOK_TYPE = JustificationBook
@recordid = 315b8be93f112d75adf53e0a7c226aa486618b3945f36b66e74602b062f256b1
@doctype = 2017-BASE_RDTE-JUSTIFICATIONBOOK
@filename = 2017-BASE_RDTE-2017-AIRFORCE_V3A-U_RDTE_JustificationBook_Air_Force_PB_2017.zzz_unzipped-U_RDTE_JustificationBook_Air_Force_PB_2017.xml
----------------------
<Writing ./2-jbook-json/2017-BASE_RDTE-2017-AIRFORCE_V3A-U_RDTE_JustificationBook_Air_Force_PB_2017.zzz_unzipped-U_RDTE_JustificationBook_Air_Force_PB_2017.json>
----------------------
[6/57]
FILEPATH = ./1-jbook-xml/2017-BASE_RDTE-2017-AIRFORCE_V3A-U_RDTE_MasterJustificationBook_Air_Force_PB_2017.zzz_unzipped-U_RDTE_MasterJustificationBook_Air_Force_PB_2017.xml
FILESIZE = 16281171
YEAR = 2017
JBOOK_TYPE = MasterJustificationBook
@recordid = bc2a7374370756fe6e02d77684616659faafdcf00a850bcfc0b865ac6f47a00e
@doctype = 2017-BASE_RDTE-MASTERJUSTIFICATIONBOOK
@filename = 2017-BASE_RDTE-2017-AIRFORCE_V3A-U_RDTE_MasterJustificationBook_Air_Force_PB_2017.zzz_unzipped-U_RDTE_MasterJustificationBook_Air_Force_PB_2017.xml
----------------------
<Writing ./2-jbook-json/2017-BASE_RDTE-2017-AIRFORCE_V3A-U_RDTE_MasterJustificationBook_Air_Force_PB_2017.zzz_unzipped-U_RDTE_MasterJustificationBook_Air_Force_PB_2017.json>
----------------------
[7/57]
FILEPATH = ./1-jbook-xml/2017-BASE_RDTE-2017-AIRFORCE_V3B-U_RDTE_JustificationBook_Air_Force_PB_2017.zzz_unzipped-U_RDTE_JustificationBook_Air_Force_PB_2017.xml
FILESIZE = 3757045
YEAR = 2017
JBOOK_TYPE = JustificationBook
@recordid = 9772044ddbc07d21a567ae289e711a1c37d7242c6684b7df317529865722c972
@doctype = 2017-BASE_RDTE-JUSTIFICATIONBOOK
@filename = 2017-BASE_RDTE-2017-AIRFORCE_V3B-U_RDTE_JustificationBook_Air_Force_PB_2017.zzz_unzipped-U_RDTE_JustificationBook_Air_Force_PB_2017.xml
----------------------
