

=========================================================
[3-convert-xml-to-json]
=========================================================
<Loading and merging all jbookArrayPaths into a single list>
|MasterJustificationBook|2013|2014|2015|2016|2017|2018|2019|2020|
|JustificationBook|2013|2014|2015|2016|2017|2018|2019|2020|
<arrayPaths count = 1254>
<last updated = 2019-10-09T04:51:40+00:00>
=========================================================
----------------------
[1/154]
FILEPATH = ./1-jbook-xml/2018-AMENDED_PROCUREMENT_AND_RDTE-2018-AIRFORCE_MISSILE-U_PROCUREMENT_JustificationBook_Air_Force_PBAmended_2018.zzz_unzipped-U_PROCUREMENT_JustificationBook_Air_Force_PBAmended_2018.xml
FILESIZE = 5563
YEAR = 2018
JBOOK_TYPE = JustificationBook
@recordid = df54306aa7e16015d4e238327d3bdcaafee73938a2d1530ecd5cc2539c365e0f
@doctype = 2018-AMENDED_PROCUREMENT_AND_RDTE-JUSTIFICATIONBOOK
@filename = 2018-AMENDED_PROCUREMENT_AND_RDTE-2018-AIRFORCE_MISSILE-U_PROCUREMENT_JustificationBook_Air_Force_PBAmended_2018.zzz_unzipped-U_PROCUREMENT_JustificationBook_Air_Force_PBAmended_2018.xml
----------------------
<Writing ./2-jbook-json/2018-AMENDED_PROCUREMENT_AND_RDTE-2018-AIRFORCE_MISSILE-U_PROCUREMENT_JustificationBook_Air_Force_PBAmended_2018.zzz_unzipped-U_PROCUREMENT_JustificationBook_Air_Force_PBAmended_2018.json>
----------------------
[2/154]
FILEPATH = ./1-jbook-xml/2018-AMENDED_PROCUREMENT_AND_RDTE-2018-AIRFORCE_MISSILE-U_PROCUREMENT_MasterJustificationBook_Air_Force_PBAmended_2018.zzz_unzipped-U_PROCUREMENT_MasterJustificationBook_Air_Force_PBAmended_2018.xml
FILESIZE = 8721
YEAR = 2018
JBOOK_TYPE = MasterJustificationBook
@recordid = dd5ba26a371c7582ade2eb3b500f4f280d8e41a27dd0998da6dc2b3781391975
@doctype = 2018-AMENDED_PROCUREMENT_AND_RDTE-MASTERJUSTIFICATIONBOOK
@filename = 2018-AMENDED_PROCUREMENT_AND_RDTE-2018-AIRFORCE_MISSILE-U_PROCUREMENT_MasterJustificationBook_Air_Force_PBAmended_2018.zzz_unzipped-U_PROCUREMENT_MasterJustificationBook_Air_Force_PBAmended_2018.xml
----------------------
<Writing ./2-jbook-json/2018-AMENDED_PROCUREMENT_AND_RDTE-2018-AIRFORCE_MISSILE-U_PROCUREMENT_MasterJustificationBook_Air_Force_PBAmended_2018.zzz_unzipped-U_PROCUREMENT_MasterJustificationBook_Air_Force_PBAmended_2018.json>
----------------------
[3/154]
FILEPATH = ./1-jbook-xml/2018-AMENDED_PROCUREMENT_AND_RDTE-2018-AIRFORCE_OTHER-U_PROCUREMENT_JustificationBook_Air_Force_PBAmended_2018.zzz_unzipped-U_PROCUREMENT_JustificationBook_Air_Force_PBAmended_2018.xml
FILESIZE = 5597
YEAR = 2018
JBOOK_TYPE = JustificationBook
@recordid = aa987f4949b3901970a77430c8ccef7790534a8dad8e4fac8e1a517df22fd6e6
@doctype = 2018-AMENDED_PROCUREMENT_AND_RDTE-JUSTIFICATIONBOOK
@filename = 2018-AMENDED_PROCUREMENT_AND_RDTE-2018-AIRFORCE_OTHER-U_PROCUREMENT_JustificationBook_Air_Force_PBAmended_2018.zzz_unzipped-U_PROCUREMENT_JustificationBook_Air_Force_PBAmended_2018.xml
----------------------
<Writing ./2-jbook-json/2018-AMENDED_PROCUREMENT_AND_RDTE-2018-AIRFORCE_OTHER-U_PROCUREMENT_JustificationBook_Air_Force_PBAmended_2018.zzz_unzipped-U_PROCUREMENT_JustificationBook_Air_Force_PBAmended_2018.json>
----------------------
[4/154]
FILEPATH = ./1-jbook-xml/2018-AMENDED_PROCUREMENT_AND_RDTE-2018-AIRFORCE_OTHER-U_PROCUREMENT_MasterJustificationBook_Air_Force_PBAmended_2018.zzz_unzipped-U_PROCUREMENT_MasterJustificationBook_Air_Force_PBAmended_2018.xml
FILESIZE = 8755
YEAR = 2018
JBOOK_TYPE = MasterJustificationBook
@recordid = 6f2b7a77d0a41b81a7e1c7bb8a3c010bcff067c845567b5259b3051eb0f8f9fc
@doctype = 2018-AMENDED_PROCUREMENT_AND_RDTE-MASTERJUSTIFICATIONBOOK
@filename = 2018-AMENDED_PROCUREMENT_AND_RDTE-2018-AIRFORCE_OTHER-U_PROCUREMENT_MasterJustificationBook_Air_Force_PBAmended_2018.zzz_unzipped-U_PROCUREMENT_MasterJustificationBook_Air_Force_PBAmended_2018.xml
----------------------
<Writing ./2-jbook-json/2018-AMENDED_PROCUREMENT_AND_RDTE-2018-AIRFORCE_OTHER-U_PROCUREMENT_MasterJustificationBook_Air_Force_PBAmended_2018.zzz_unzipped-U_PROCUREMENT_MasterJustificationBook_Air_Force_PBAmended_2018.json>
----------------------
[5/154]
FILEPATH = ./1-jbook-xml/2018-AMENDED_PROCUREMENT_AND_RDTE-2018-AIRFORCE_RDTE-U_RDTE_JustificationBook_Air_Force_PBAmended_2018.zzz_unzipped-U_RDTE_JustificationBook_Air_Force_PBAmended_2018.xml
FILESIZE = 68373
YEAR = 2018
JBOOK_TYPE = JustificationBook
@recordid = 50723e39ea8fedd739523a1cefaa1449ad638cdff318cd4c0ab929a48033b1f8
@doctype = 2018-AMENDED_PROCUREMENT_AND_RDTE-JUSTIFICATIONBOOK
@filename = 2018-AMENDED_PROCUREMENT_AND_RDTE-2018-AIRFORCE_RDTE-U_RDTE_JustificationBook_Air_Force_PBAmended_2018.zzz_unzipped-U_RDTE_JustificationBook_Air_Force_PBAmended_2018.xml
----------------------
<Writing ./2-jbook-json/2018-AMENDED_PROCUREMENT_AND_RDTE-2018-AIRFORCE_RDTE-U_RDTE_JustificationBook_Air_Force_PBAmended_2018.zzz_unzipped-U_RDTE_JustificationBook_Air_Force_PBAmended_2018.json>
----------------------
[6/154]
FILEPATH = ./1-jbook-xml/2018-AMENDED_PROCUREMENT_AND_RDTE-2018-AIRFORCE_RDTE-U_RDTE_MasterJustificationBook_Air_Force_PBAmended_2018.zzz_unzipped-U_RDTE_MasterJustificationBook_Air_Force_PBAmended_2018.xml
FILESIZE = 86200
YEAR = 2018
JBOOK_TYPE = MasterJustificationBook
@recordid = edb3d43ed5077f67e85bc68792561965be2680dba9b61c2e2cc91dc91266a80c
@doctype = 2018-AMENDED_PROCUREMENT_AND_RDTE-MASTERJUSTIFICATIONBOOK
@filename = 2018-AMENDED_PROCUREMENT_AND_RDTE-2018-AIRFORCE_RDTE-U_RDTE_MasterJustificationBook_Air_Force_PBAmended_2018.zzz_unzipped-U_RDTE_MasterJustificationBook_Air_Force_PBAmended_2018.xml
----------------------
<Writing ./2-jbook-json/2018-AMENDED_PROCUREMENT_AND_RDTE-2018-AIRFORCE_RDTE-U_RDTE_MasterJustificationBook_Air_Force_PBAmended_2018.zzz_unzipped-U_RDTE_MasterJustificationBook_Air_Force_PBAmended_2018.json>
----------------------
[7/154]
FILEPATH = ./1-jbook-xml/2018-BASE_PROCUREMENT-2018-AIRFORCE_AIRCRAFT_VOL1-U_PROCUREMENT_JustificationBook_Air_Force_PB_2018.zzz_unzipped-U_PROCUREMENT_JustificationBook_Air_Force_PB_2018.xml
FILESIZE = 1444052
YEAR = 2018
JBOOK_TYPE = JustificationBook
@recordid = 22a8490371b6db6c33ee9c963f7ec38ea54b6b07c696524d19168b331baaef7a
@doctype = 2018-BASE_PROCUREMENT-JUSTIFICATIONBOOK
@filename = 2018-BASE_PROCUREMENT-2018-AIRFORCE_AIRCRAFT_VOL1-U_PROCUREMENT_JustificationBook_Air_Force_PB_2018.zzz_unzipped-U_PROCUREMENT_JustificationBook_Air_Force_PB_2018.xml
----------------------
<Writing ./2-jbook-json/2018-BASE_PROCUREMENT-2018-AIRFORCE_AIRCRAFT_VOL1-U_PROCUREMENT_JustificationBook_Air_Force_PB_2018.zzz_unzipped-U_PROCUREMENT_JustificationBook_Air_Force_PB_2018.json>
----------------------
[8/154]
FILEPATH = ./1-jbook-xml/2018-BASE_PROCUREMENT-2018-AIRFORCE_AIRCRAFT_VOL1-U_PROCUREMENT_MasterJustificationBook_Air_Force_PB_2018.zzz_unzipped-U_PROCUREMENT_MasterJustificationBook_Air_Force_PB_2018.xml
FILESIZE = 5342104
YEAR = 2018
JBOOK_TYPE = MasterJustificationBook
@recordid = 9afb19bf3f616969d2ebd413c99d439b58cb0abef3fc006b887a482a0b365bac
@doctype = 2018-BASE_PROCUREMENT-MASTERJUSTIFICATIONBOOK
@filename = 2018-BASE_PROCUREMENT-2018-AIRFORCE_AIRCRAFT_VOL1-U_PROCUREMENT_MasterJustificationBook_Air_Force_PB_2018.zzz_unzipped-U_PROCUREMENT_MasterJustificationBook_Air_Force_PB_2018.xml
----------------------
<Writing ./2-jbook-json/2018-BASE_PROCUREMENT-2018-AIRFORCE_AIRCRAFT_VOL1-U_PROCUREMENT_MasterJustificationBook_Air_Force_PB_2018.zzz_unzipped-U_PROCUREMENT_MasterJustificationBook_Air_Force_PB_2018.json>
----------------------
[9/154]
FILEPATH = ./1-jbook-xml/2018-BASE_PROCUREMENT-2018-AIRFORCE_AIRCRAFT_VOL2-U_PROCUREMENT_JustificationBook_Air_Force_PB_2018.zzz_unzipped-U_PROCUREMENT_JustificationBook_Air_Force_PB_2018.xml
FILESIZE = 2819302
YEAR = 2018
JBOOK_TYPE = JustificationBook
@recordid = 5171067bc7495fedcac03b4a48b1cb1cb1152f536c419960ccbf27abff0e328c
@doctype = 2018-BASE_PROCUREMENT-JUSTIFICATIONBOOK
@filename = 2018-BASE_PROCUREMENT-2018-AIRFORCE_AIRCRAFT_VOL2-U_PROCUREMENT_JustificationBook_Air_Force_PB_2018.zzz_unzipped-U_PROCUREMENT_JustificationBook_Air_Force_PB_2018.xml
----------------------
<Writing ./2-jbook-json/2018-BASE_PROCUREMENT-2018-AIRFORCE_AIRCRAFT_VOL2-U_PROCUREMENT_JustificationBook_Air_Force_PB_2018.zzz_unzipped-U_PROCUREMENT_JustificationBook_Air_Force_PB_2018.json>
----------------------
[10/154]
FILEPATH = ./1-jbook-xml/2018-BASE_PROCUREMENT-2018-AIRFORCE_AIRCRAFT_VOL2-U_PROCUREMENT_MasterJustificationBook_Air_Force_PB_2018.zzz_unzipped-U_PROCUREMENT_MasterJustificationBook_Air_Force_PB_2018.xml
FILESIZE = 5342104
YEAR = 2018
JBOOK_TYPE = MasterJustificationBook
@recordid = 9afb19bf3f616969d2ebd413c99d439b58cb0abef3fc006b887a482a0b365bac
@doctype = 2018-BASE_PROCUREMENT-MASTERJUSTIFICATIONBOOK
@filename = 2018-BASE_PROCUREMENT-2018-AIRFORCE_AIRCRAFT_VOL2-U_PROCUREMENT_MasterJustificationBook_Air_Force_PB_2018.zzz_unzipped-U_PROCUREMENT_MasterJustificationBook_Air_Force_PB_2018.xml
----------------------
<Writing ./2-jbook-json/2018-BASE_PROCUREMENT-2018-AIRFORCE_AIRCRAFT_VOL2-U_PROCUREMENT_MasterJustificationBook_Air_Force_PB_2018.zzz_unzipped-U_PROCUREMENT_MasterJustificationBook_Air_Force_PB_2018.json>
----------------------
[11/154]
FILEPATH = ./1-jbook-xml/2018-BASE_PROCUREMENT-2018-AIRFORCE_AMMUNITION-U_PROCUREMENT_JustificationBook_Air_Force_PB_2018.zzz_unzipped-U_PROCUREMENT_JustificationBook_Air_Force_PB_2018.xml
FILESIZE = 753102
YEAR = 2018
JBOOK_TYPE = JustificationBook
@recordid = 62467ecce8aa9f60a080dbbc33baf3ab9d53fd0ff2157f7099c8b0272dc6bf5d
@doctype = 2018-BASE_PROCUREMENT-JUSTIFICATIONBOOK
@filename = 2018-BASE_PROCUREMENT-2018-AIRFORCE_AMMUNITION-U_PROCUREMENT_JustificationBook_Air_Force_PB_2018.zzz_unzipped-U_PROCUREMENT_JustificationBook_Air_Force_PB_2018.xml
----------------------
<Writing ./2-jbook-json/2018-BASE_PROCUREMENT-2018-AIRFORCE_AMMUNITION-U_PROCUREMENT_JustificationBook_Air_Force_PB_2018.zzz_unzipped-U_PROCUREMENT_JustificationBook_Air_Force_PB_2018.json>
----------------------
[12/154]
FILEPATH = ./1-jbook-xml/2018-BASE_PROCUREMENT-2018-AIRFORCE_AMMUNITION-U_PROCUREMENT_MasterJustificationBook_Air_Force_PB_2018.zzz_unzipped-U_PROCUREMENT_MasterJustificationBook_Air_Force_PB_2018.xml
FILESIZE = 945739
YEAR = 2018
JBOOK_TYPE = MasterJustificationBook
@recordid = 9329f95578f0939773362538c512ccb283cca47cdd60129e67fdbb369ee7b874
@doctype = 2018-BASE_PROCUREMENT-MASTERJUSTIFICATIONBOOK
@filename = 2018-BASE_PROCUREMENT-2018-AIRFORCE_AMMUNITION-U_PROCUREMENT_MasterJustificationBook_Air_Force_PB_2018.zzz_unzipped-U_PROCUREMENT_MasterJustificationBook_Air_Force_PB_2018.xml
----------------------
<Writing ./2-jbook-json/2018-BASE_PROCUREMENT-2018-AIRFORCE_AMMUNITION-U_PROCUREMENT_MasterJustificationBook_Air_Force_PB_2018.zzz_unzipped-U_PROCUREMENT_MasterJustificationBook_Air_Force_PB_2018.json>
----------------------
[13/154]
FILEPATH = ./1-jbook-xml/2018-BASE_PROCUREMENT-2018-AIRFORCE_MISSILE-U_PROCUREMENT_JustificationBook_Air_Force_PB_2018.zzz_unzipped-U_PROCUREMENT_JustificationBook_Air_Force_PB_2018.xml
FILESIZE = 930595
YEAR = 2018
JBOOK_TYPE = JustificationBook
@recordid = 2e5ba368b6eeb2158c21cac0fe823f1171b0fce77999f8bdb65cdff29e65ae4b
@doctype = 2018-BASE_PROCUREMENT-JUSTIFICATIONBOOK
@filename = 2018-BASE_PROCUREMENT-2018-AIRFORCE_MISSILE-U_PROCUREMENT_JustificationBook_Air_Force_PB_2018.zzz_unzipped-U_PROCUREMENT_JustificationBook_Air_Force_PB_2018.xml
----------------------
<Writing ./2-jbook-json/2018-BASE_PROCUREMENT-2018-AIRFORCE_MISSILE-U_PROCUREMENT_JustificationBook_Air_Force_PB_2018.zzz_unzipped-U_PROCUREMENT_JustificationBook_Air_Force_PB_2018.json>
----------------------
[14/154]
FILEPATH = ./1-jbook-xml/2018-BASE_PROCUREMENT-2018-AIRFORCE_MISSILE-U_PROCUREMENT_MasterJustificationBook_Air_Force_PB_2018.zzz_unzipped-U_PROCUREMENT_MasterJustificationBook_Air_Force_PB_2018.xml
FILESIZE = 1143235
YEAR = 2018
JBOOK_TYPE = MasterJustificationBook
@recordid = 17f2b5113f19b6df90a00d340d43677daa27c7438a08a84ea953498f726fd938
@doctype = 2018-BASE_PROCUREMENT-MASTERJUSTIFICATIONBOOK
@filename = 2018-BASE_PROCUREMENT-2018-AIRFORCE_MISSILE-U_PROCUREMENT_MasterJustificationBook_Air_Force_PB_2018.zzz_unzipped-U_PROCUREMENT_MasterJustificationBook_Air_Force_PB_2018.xml
----------------------
<Writing ./2-jbook-json/2018-BASE_PROCUREMENT-2018-AIRFORCE_MISSILE-U_PROCUREMENT_MasterJustificationBook_Air_Force_PB_2018.zzz_unzipped-U_PROCUREMENT_MasterJustificationBook_Air_Force_PB_2018.json>
----------------------
[15/154]
FILEPATH = ./1-jbook-xml/2018-BASE_PROCUREMENT-2018-AIRFORCE_OTHER-U_PROCUREMENT_JustificationBook_Air_Force_PB_2018.zzz_unzipped-U_PROCUREMENT_JustificationBook_Air_Force_PB_2018.xml
FILESIZE = 2763675
YEAR = 2018
JBOOK_TYPE = JustificationBook
@recordid = 05a2d26f6f9e68574bbd94928aef3d85085dcd287dab5f2b545ee87588cfad99
@doctype = 2018-BASE_PROCUREMENT-JUSTIFICATIONBOOK
@filename = 2018-BASE_PROCUREMENT-2018-AIRFORCE_OTHER-U_PROCUREMENT_JustificationBook_Air_Force_PB_2018.zzz_unzipped-U_PROCUREMENT_JustificationBook_Air_Force_PB_2018.xml
----------------------
<Writing ./2-jbook-json/2018-BASE_PROCUREMENT-2018-AIRFORCE_OTHER-U_PROCUREMENT_JustificationBook_Air_Force_PB_2018.zzz_unzipped-U_PROCUREMENT_JustificationBook_Air_Force_PB_2018.json>
----------------------
[16/154]
FILEPATH = ./1-jbook-xml/2018-BASE_PROCUREMENT-2018-AIRFORCE_OTHER-U_PROCUREMENT_MasterJustificationBook_Air_Force_PB_2018.zzz_unzipped-U_PROCUREMENT_MasterJustificationBook_Air_Force_PB_2018.xml
FILESIZE = 3440893
YEAR = 2018
JBOOK_TYPE = MasterJustificationBook
@recordid = a287d26f2c4c963e73cbce78e7bb49d0d2178908ace420b726c59dcfb0a7a39e
@doctype = 2018-BASE_PROCUREMENT-MASTERJUSTIFICATIONBOOK
@filename = 2018-BASE_PROCUREMENT-2018-AIRFORCE_OTHER-U_PROCUREMENT_MasterJustificationBook_Air_Force_PB_2018.zzz_unzipped-U_PROCUREMENT_MasterJustificationBook_Air_Force_PB_2018.xml
----------------------
<Writing ./2-jbook-json/2018-BASE_PROCUREMENT-2018-AIRFORCE_OTHER-U_PROCUREMENT_MasterJustificationBook_Air_Force_PB_2018.zzz_unzipped-U_PROCUREMENT_MasterJustificationBook_Air_Force_PB_2018.json>
----------------------
[17/154]
FILEPATH = ./1-jbook-xml/2018-BASE_PROCUREMENT-2018-AIRFORCE_SPACE-U_PROCUREMENT_JustificationBook_Air_Force_PB_2018.zzz_unzipped-U_PROCUREMENT_JustificationBook_Air_Force_PB_2018.xml
FILESIZE = 556770
YEAR = 2018
JBOOK_TYPE = JustificationBook
@recordid = 17b7a76bad41c41fb3f25c9c5b91927c1056c8f532d09e0f183ce1a20b063091
@doctype = 2018-BASE_PROCUREMENT-JUSTIFICATIONBOOK
@filename = 2018-BASE_PROCUREMENT-2018-AIRFORCE_SPACE-U_PROCUREMENT_JustificationBook_Air_Force_PB_2018.zzz_unzipped-U_PROCUREMENT_JustificationBook_Air_Force_PB_2018.xml
----------------------
<Writing ./2-jbook-json/2018-BASE_PROCUREMENT-2018-AIRFORCE_SPACE-U_PROCUREMENT_JustificationBook_Air_Force_PB_2018.zzz_unzipped-U_PROCUREMENT_JustificationBook_Air_Force_PB_2018.json>
----------------------
[18/154]
FILEPATH = ./1-jbook-xml/2018-BASE_PROCUREMENT-2018-AIRFORCE_SPACE-U_PROCUREMENT_MasterJustificationBook_Air_Force_PB_2018.zzz_unzipped-U_PROCUREMENT_MasterJustificationBook_Air_Force_PB_2018.xml
FILESIZE = 690868
YEAR = 2018
JBOOK_TYPE = MasterJustificationBook
@recordid = fe08711101115a5e77dadd421d060e07622aefe5146cd33d2cd44a3559033105
@doctype = 2018-BASE_PROCUREMENT-MASTERJUSTIFICATIONBOOK
@filename = 2018-BASE_PROCUREMENT-2018-AIRFORCE_SPACE-U_PROCUREMENT_MasterJustificationBook_Air_Force_PB_2018.zzz_unzipped-U_PROCUREMENT_MasterJustificationBook_Air_Force_PB_2018.xml
----------------------
<Writing ./2-jbook-json/2018-BASE_PROCUREMENT-2018-AIRFORCE_SPACE-U_PROCUREMENT_MasterJustificationBook_Air_Force_PB_2018.zzz_unzipped-U_PROCUREMENT_MasterJustificationBook_Air_Force_PB_2018.json>
----------------------
[19/154]
FILEPATH = ./1-jbook-xml/2018-BASE_PROCUREMENT-2018-ARMY_AIRCRAFT-U_PROCUREMENT_JustificationBook_Army_PB_2018.zzz_unzipped-U_PROCUREMENT_JustificationBook_Army_PB_2018.xml
FILESIZE = 3185170
YEAR = 2018
JBOOK_TYPE = JustificationBook
@recordid = ab1495ba2d5922cbe318d0f3fb486a59348b48ced2218cff2a8848292e28ab16
@doctype = 2018-BASE_PROCUREMENT-JUSTIFICATIONBOOK
@filename = 2018-BASE_PROCUREMENT-2018-ARMY_AIRCRAFT-U_PROCUREMENT_JustificationBook_Army_PB_2018.zzz_unzipped-U_PROCUREMENT_JustificationBook_Army_PB_2018.xml
----------------------
<Writing ./2-jbook-json/2018-BASE_PROCUREMENT-2018-ARMY_AIRCRAFT-U_PROCUREMENT_JustificationBook_Army_PB_2018.zzz_unzipped-U_PROCUREMENT_JustificationBook_Army_PB_2018.json>
----------------------
[20/154]
FILEPATH = ./1-jbook-xml/2018-BASE_PROCUREMENT-2018-ARMY_AMMO-U_PROCUREMENT_JustificationBook_Army_PB_2018.zzz_unzipped-U_PROCUREMENT_JustificationBook_Army_PB_2018.xml
FILESIZE = 3153585
YEAR = 2018
JBOOK_TYPE = JustificationBook
@recordid = 5aee815d00f2743bc26b1fd362b1fa251ab1150ad3a4a9b16cb13a13bf67f3ad
@doctype = 2018-BASE_PROCUREMENT-JUSTIFICATIONBOOK
@filename = 2018-BASE_PROCUREMENT-2018-ARMY_AMMO-U_PROCUREMENT_JustificationBook_Army_PB_2018.zzz_unzipped-U_PROCUREMENT_JustificationBook_Army_PB_2018.xml
----------------------
<Writing ./2-jbook-json/2018-BASE_PROCUREMENT-2018-ARMY_AMMO-U_PROCUREMENT_JustificationBook_Army_PB_2018.zzz_unzipped-U_PROCUREMENT_JustificationBook_Army_PB_2018.json>
----------------------
[21/154]
FILEPATH = ./1-jbook-xml/2018-BASE_PROCUREMENT-2018-ARMY_MISSLE-U_PROCUREMENT_JustificationBook_Army_PB_2018.zzz_unzipped-U_PROCUREMENT_JustificationBook_Army_PB_2018.xml
FILESIZE = 1952978
YEAR = 2018
JBOOK_TYPE = JustificationBook
@recordid = 76f4433c5769bf170e2dc9e1aad0d96a97979f0b55e68cf6016141240c4e6ea2
@doctype = 2018-BASE_PROCUREMENT-JUSTIFICATIONBOOK
@filename = 2018-BASE_PROCUREMENT-2018-ARMY_MISSLE-U_PROCUREMENT_JustificationBook_Army_PB_2018.zzz_unzipped-U_PROCUREMENT_JustificationBook_Army_PB_2018.xml
----------------------
<Writing ./2-jbook-json/2018-BASE_PROCUREMENT-2018-ARMY_MISSLE-U_PROCUREMENT_JustificationBook_Army_PB_2018.zzz_unzipped-U_PROCUREMENT_JustificationBook_Army_PB_2018.json>
----------------------
[22/154]
FILEPATH = ./1-jbook-xml/2018-BASE_PROCUREMENT-2018-ARMY_OTHER_1-U_PROCUREMENT_JustificationBook_Army_PB_2018.zzz_unzipped-U_PROCUREMENT_JustificationBook_Army_PB_2018.xml
FILESIZE = 673875
YEAR = 2018
JBOOK_TYPE = JustificationBook
@recordid = c564122f3b814ac7f0d78062aa5623200b530c07c98b14391a5f2e9c61d6092d
@doctype = 2018-BASE_PROCUREMENT-JUSTIFICATIONBOOK
@filename = 2018-BASE_PROCUREMENT-2018-ARMY_OTHER_1-U_PROCUREMENT_JustificationBook_Army_PB_2018.zzz_unzipped-U_PROCUREMENT_JustificationBook_Army_PB_2018.xml
----------------------
<Writing ./2-jbook-json/2018-BASE_PROCUREMENT-2018-ARMY_OTHER_1-U_PROCUREMENT_JustificationBook_Army_PB_2018.zzz_unzipped-U_PROCUREMENT_JustificationBook_Army_PB_2018.json>
----------------------
[23/154]
FILEPATH = ./1-jbook-xml/2018-BASE_PROCUREMENT-2018-ARMY_OTHER_2-U_PROCUREMENT_JustificationBook_Army_PB_2018.zzz_unzipped-U_PROCUREMENT_JustificationBook_Army_PB_2018.xml
FILESIZE = 3396016
YEAR = 2018
JBOOK_TYPE = JustificationBook
@recordid = 377d93ca794817f44e4b0e8b6a4ac9da01254c9911de0ea9a8ab395d402568a9
@doctype = 2018-BASE_PROCUREMENT-JUSTIFICATIONBOOK
@filename = 2018-BASE_PROCUREMENT-2018-ARMY_OTHER_2-U_PROCUREMENT_JustificationBook_Army_PB_2018.zzz_unzipped-U_PROCUREMENT_JustificationBook_Army_PB_2018.xml
----------------------
