

=========================================================
[3-convert-xml-to-json]
=========================================================
<Loading and merging all jbookArrayPaths into a single list>
|MasterJustificationBook|2013|2014|2015|2016|2017|2018|2019|2020|
|JustificationBook|2013|2014|2015|2016|2017|2018|2019|2020|
<arrayPaths count = 1254>
<last updated = 2019-10-09T04:51:40+00:00>
=========================================================
----------------------
[1/69]
FILEPATH = ./1-jbook-xml/2018-AMENDED_PROCUREMENT_AND_RDTE-2018-AIRFORCE_MISSILE-U_PROCUREMENT_JustificationBook_Air_Force_PBAmended_2018.zzz_unzipped-U_PROCUREMENT_JustificationBook_Air_Force_PBAmended_2018.xml
FILESIZE = 5563
YEAR = 2018
JBOOK_TYPE = JustificationBook
@recordid = df54306aa7e16015d4e238327d3bdcaafee73938a2d1530ecd5cc2539c365e0f
@doctype = 2018-AMENDED_PROCUREMENT_AND_RDTE-JUSTIFICATIONBOOK
@filename = 2018-AMENDED_PROCUREMENT_AND_RDTE-2018-AIRFORCE_MISSILE-U_PROCUREMENT_JustificationBook_Air_Force_PBAmended_2018.zzz_unzipped-U_PROCUREMENT_JustificationBook_Air_Force_PBAmended_2018.xml
----------------------
<Writing ./2-jbook-json/2018-AMENDED_PROCUREMENT_AND_RDTE-2018-AIRFORCE_MISSILE-U_PROCUREMENT_JustificationBook_Air_Force_PBAmended_2018.zzz_unzipped-U_PROCUREMENT_JustificationBook_Air_Force_PBAmended_2018.json>
----------------------
[2/69]
FILEPATH = ./1-jbook-xml/2018-AMENDED_PROCUREMENT_AND_RDTE-2018-AIRFORCE_MISSILE-U_PROCUREMENT_MasterJustificationBook_Air_Force_PBAmended_2018.zzz_unzipped-U_PROCUREMENT_MasterJustificationBook_Air_Force_PBAmended_2018.xml
FILESIZE = 8721
YEAR = 2018
JBOOK_TYPE = MasterJustificationBook
@recordid = dd5ba26a371c7582ade2eb3b500f4f280d8e41a27dd0998da6dc2b3781391975
@doctype = 2018-AMENDED_PROCUREMENT_AND_RDTE-MASTERJUSTIFICATIONBOOK
@filename = 2018-AMENDED_PROCUREMENT_AND_RDTE-2018-AIRFORCE_MISSILE-U_PROCUREMENT_MasterJustificationBook_Air_Force_PBAmended_2018.zzz_unzipped-U_PROCUREMENT_MasterJustificationBook_Air_Force_PBAmended_2018.xml
----------------------
<Writing ./2-jbook-json/2018-AMENDED_PROCUREMENT_AND_RDTE-2018-AIRFORCE_MISSILE-U_PROCUREMENT_MasterJustificationBook_Air_Force_PBAmended_2018.zzz_unzipped-U_PROCUREMENT_MasterJustificationBook_Air_Force_PBAmended_2018.json>
----------------------
[3/69]
FILEPATH = ./1-jbook-xml/2018-AMENDED_PROCUREMENT_AND_RDTE-2018-AIRFORCE_OTHER-U_PROCUREMENT_JustificationBook_Air_Force_PBAmended_2018.zzz_unzipped-U_PROCUREMENT_JustificationBook_Air_Force_PBAmended_2018.xml
FILESIZE = 5597
YEAR = 2018
JBOOK_TYPE = JustificationBook
@recordid = aa987f4949b3901970a77430c8ccef7790534a8dad8e4fac8e1a517df22fd6e6
@doctype = 2018-AMENDED_PROCUREMENT_AND_RDTE-JUSTIFICATIONBOOK
@filename = 2018-AMENDED_PROCUREMENT_AND_RDTE-2018-AIRFORCE_OTHER-U_PROCUREMENT_JustificationBook_Air_Force_PBAmended_2018.zzz_unzipped-U_PROCUREMENT_JustificationBook_Air_Force_PBAmended_2018.xml
----------------------
<Writing ./2-jbook-json/2018-AMENDED_PROCUREMENT_AND_RDTE-2018-AIRFORCE_OTHER-U_PROCUREMENT_JustificationBook_Air_Force_PBAmended_2018.zzz_unzipped-U_PROCUREMENT_JustificationBook_Air_Force_PBAmended_2018.json>
----------------------
[4/69]
FILEPATH = ./1-jbook-xml/2018-AMENDED_PROCUREMENT_AND_RDTE-2018-AIRFORCE_OTHER-U_PROCUREMENT_MasterJustificationBook_Air_Force_PBAmended_2018.zzz_unzipped-U_PROCUREMENT_MasterJustificationBook_Air_Force_PBAmended_2018.xml
FILESIZE = 8755
YEAR = 2018
JBOOK_TYPE = MasterJustificationBook
@recordid = 6f2b7a77d0a41b81a7e1c7bb8a3c010bcff067c845567b5259b3051eb0f8f9fc
@doctype = 2018-AMENDED_PROCUREMENT_AND_RDTE-MASTERJUSTIFICATIONBOOK
@filename = 2018-AMENDED_PROCUREMENT_AND_RDTE-2018-AIRFORCE_OTHER-U_PROCUREMENT_MasterJustificationBook_Air_Force_PBAmended_2018.zzz_unzipped-U_PROCUREMENT_MasterJustificationBook_Air_Force_PBAmended_2018.xml
----------------------
<Writing ./2-jbook-json/2018-AMENDED_PROCUREMENT_AND_RDTE-2018-AIRFORCE_OTHER-U_PROCUREMENT_MasterJustificationBook_Air_Force_PBAmended_2018.zzz_unzipped-U_PROCUREMENT_MasterJustificationBook_Air_Force_PBAmended_2018.json>
----------------------
[5/69]
FILEPATH = ./1-jbook-xml/2018-AMENDED_PROCUREMENT_AND_RDTE-2018-AIRFORCE_RDTE-U_RDTE_JustificationBook_Air_Force_PBAmended_2018.zzz_unzipped-U_RDTE_JustificationBook_Air_Force_PBAmended_2018.xml
FILESIZE = 68373
YEAR = 2018
JBOOK_TYPE = JustificationBook
@recordid = 50723e39ea8fedd739523a1cefaa1449ad638cdff318cd4c0ab929a48033b1f8
@doctype = 2018-AMENDED_PROCUREMENT_AND_RDTE-JUSTIFICATIONBOOK
@filename = 2018-AMENDED_PROCUREMENT_AND_RDTE-2018-AIRFORCE_RDTE-U_RDTE_JustificationBook_Air_Force_PBAmended_2018.zzz_unzipped-U_RDTE_JustificationBook_Air_Force_PBAmended_2018.xml
----------------------
<Writing ./2-jbook-json/2018-AMENDED_PROCUREMENT_AND_RDTE-2018-AIRFORCE_RDTE-U_RDTE_JustificationBook_Air_Force_PBAmended_2018.zzz_unzipped-U_RDTE_JustificationBook_Air_Force_PBAmended_2018.json>
----------------------
[6/69]
FILEPATH = ./1-jbook-xml/2018-AMENDED_PROCUREMENT_AND_RDTE-2018-AIRFORCE_RDTE-U_RDTE_MasterJustificationBook_Air_Force_PBAmended_2018.zzz_unzipped-U_RDTE_MasterJustificationBook_Air_Force_PBAmended_2018.xml
FILESIZE = 86200
YEAR = 2018
JBOOK_TYPE = MasterJustificationBook
@recordid = edb3d43ed5077f67e85bc68792561965be2680dba9b61c2e2cc91dc91266a80c
@doctype = 2018-AMENDED_PROCUREMENT_AND_RDTE-MASTERJUSTIFICATIONBOOK
@filename = 2018-AMENDED_PROCUREMENT_AND_RDTE-2018-AIRFORCE_RDTE-U_RDTE_MasterJustificationBook_Air_Force_PBAmended_2018.zzz_unzipped-U_RDTE_MasterJustificationBook_Air_Force_PBAmended_2018.xml
----------------------
<Writing ./2-jbook-json/2018-AMENDED_PROCUREMENT_AND_RDTE-2018-AIRFORCE_RDTE-U_RDTE_MasterJustificationBook_Air_Force_PBAmended_2018.zzz_unzipped-U_RDTE_MasterJustificationBook_Air_Force_PBAmended_2018.json>
----------------------
[7/69]
FILEPATH = ./1-jbook-xml/2018-BASE_PROCUREMENT-2018-DEFENSE_MDA_VOL2-U_RDTE_JustificationBook_Missile_Defense_Agency_PB_2018.zzz_unzipped-U_RDTE_JustificationBook_Missile_Defense_Agency_PB_2018.xml
FILESIZE = 4910393
YEAR = 2018
JBOOK_TYPE = JustificationBook
@recordid = ecb599f298355e00e598f803f2d210c3bb32a52ac3f448eb2765e4feeff6ff48
@doctype = 2018-BASE_PROCUREMENT-JUSTIFICATIONBOOK
@filename = 2018-BASE_PROCUREMENT-2018-DEFENSE_MDA_VOL2-U_RDTE_JustificationBook_Missile_Defense_Agency_PB_2018.zzz_unzipped-U_RDTE_JustificationBook_Missile_Defense_Agency_PB_2018.xml
----------------------
<Writing ./2-jbook-json/2018-BASE_PROCUREMENT-2018-DEFENSE_MDA_VOL2-U_RDTE_JustificationBook_Missile_Defense_Agency_PB_2018.zzz_unzipped-U_RDTE_JustificationBook_Missile_Defense_Agency_PB_2018.json>
----------------------
[8/69]
FILEPATH = ./1-jbook-xml/2018-BASE_PROCUREMENT-2018-DEFENSE_MDA_VOL2-U_RDTE_MasterJustificationBook_Missile_Defense_Agency_PB_2018.zzz_unzipped-U_RDTE_MasterJustificationBook_Missile_Defense_Agency_PB_2018.xml
FILESIZE = 6160560
YEAR = 2018
JBOOK_TYPE = MasterJustificationBook
@recordid = 8c1eaf5967c59856025b07e7d6babc7dab6223a7b48c27420216b0f6cedc489b
@doctype = 2018-BASE_PROCUREMENT-MASTERJUSTIFICATIONBOOK
@filename = 2018-BASE_PROCUREMENT-2018-DEFENSE_MDA_VOL2-U_RDTE_MasterJustificationBook_Missile_Defense_Agency_PB_2018.zzz_unzipped-U_RDTE_MasterJustificationBook_Missile_Defense_Agency_PB_2018.xml
----------------------
<Writing ./2-jbook-json/2018-BASE_PROCUREMENT-2018-DEFENSE_MDA_VOL2-U_RDTE_MasterJustificationBook_Missile_Defense_Agency_PB_2018.zzz_unzipped-U_RDTE_MasterJustificationBook_Missile_Defense_Agency_PB_2018.json>
----------------------
[9/69]
FILEPATH = ./1-jbook-xml/2018-BASE_RDTE-2018-AIRFORCE_V1-U_RDTE_JustificationBook_Air_Force_PB_2018.zzz_unzipped-U_RDTE_JustificationBook_Air_Force_PB_2018.xml
FILESIZE = 1251288
YEAR = 2018
JBOOK_TYPE = JustificationBook
@recordid = 857e7c42b5cd67f362a388822cdc6c6374be2f224d8defe4fb4e7b5bd4bdcb7c
@doctype = 2018-BASE_RDTE-JUSTIFICATIONBOOK
@filename = 2018-BASE_RDTE-2018-AIRFORCE_V1-U_RDTE_JustificationBook_Air_Force_PB_2018.zzz_unzipped-U_RDTE_JustificationBook_Air_Force_PB_2018.xml
----------------------
<Writing ./2-jbook-json/2018-BASE_RDTE-2018-AIRFORCE_V1-U_RDTE_JustificationBook_Air_Force_PB_2018.zzz_unzipped-U_RDTE_JustificationBook_Air_Force_PB_2018.json>
----------------------
[10/69]
FILEPATH = ./1-jbook-xml/2018-BASE_RDTE-2018-AIRFORCE_V1-U_RDTE_MasterJustificationBook_Air_Force_PB_2018.zzz_unzipped-U_RDTE_MasterJustificationBook_Air_Force_PB_2018.xml
FILESIZE = 15395077
YEAR = 2018
JBOOK_TYPE = MasterJustificationBook
@recordid = 0defb224afb5c223c489f2e5fd1ac166cf85e87ba92779e4cbd18d392211a193
@doctype = 2018-BASE_RDTE-MASTERJUSTIFICATIONBOOK
@filename = 2018-BASE_RDTE-2018-AIRFORCE_V1-U_RDTE_MasterJustificationBook_Air_Force_PB_2018.zzz_unzipped-U_RDTE_MasterJustificationBook_Air_Force_PB_2018.xml
----------------------
<Writing ./2-jbook-json/2018-BASE_RDTE-2018-AIRFORCE_V1-U_RDTE_MasterJustificationBook_Air_Force_PB_2018.zzz_unzipped-U_RDTE_MasterJustificationBook_Air_Force_PB_2018.json>
----------------------
[11/69]
FILEPATH = ./1-jbook-xml/2018-BASE_RDTE-2018-AIRFORCE_V2-U_RDTE_JustificationBook_Air_Force_PB_2018.zzz_unzipped-U_RDTE_JustificationBook_Air_Force_PB_2018.xml
FILESIZE = 4377475
YEAR = 2018
JBOOK_TYPE = JustificationBook
@recordid = 1261ef2e4bd6ad7eb850234fd2c27215355c3bdf2034575063d2dcaac6802fbe
@doctype = 2018-BASE_RDTE-JUSTIFICATIONBOOK
@filename = 2018-BASE_RDTE-2018-AIRFORCE_V2-U_RDTE_JustificationBook_Air_Force_PB_2018.zzz_unzipped-U_RDTE_JustificationBook_Air_Force_PB_2018.xml
----------------------
<Writing ./2-jbook-json/2018-BASE_RDTE-2018-AIRFORCE_V2-U_RDTE_JustificationBook_Air_Force_PB_2018.zzz_unzipped-U_RDTE_JustificationBook_Air_Force_PB_2018.json>
----------------------
[12/69]
FILEPATH = ./1-jbook-xml/2018-BASE_RDTE-2018-AIRFORCE_V2-U_RDTE_MasterJustificationBook_Air_Force_PB_2018.zzz_unzipped-U_RDTE_MasterJustificationBook_Air_Force_PB_2018.xml
FILESIZE = 15395077
YEAR = 2018
JBOOK_TYPE = MasterJustificationBook
@recordid = 0defb224afb5c223c489f2e5fd1ac166cf85e87ba92779e4cbd18d392211a193
@doctype = 2018-BASE_RDTE-MASTERJUSTIFICATIONBOOK
@filename = 2018-BASE_RDTE-2018-AIRFORCE_V2-U_RDTE_MasterJustificationBook_Air_Force_PB_2018.zzz_unzipped-U_RDTE_MasterJustificationBook_Air_Force_PB_2018.xml
----------------------
<Writing ./2-jbook-json/2018-BASE_RDTE-2018-AIRFORCE_V2-U_RDTE_MasterJustificationBook_Air_Force_PB_2018.zzz_unzipped-U_RDTE_MasterJustificationBook_Air_Force_PB_2018.json>
----------------------
[13/69]
FILEPATH = ./1-jbook-xml/2018-BASE_RDTE-2018-AIRFORCE_V3A-U_RDTE_JustificationBook_Air_Force_PB_2018.zzz_unzipped-U_RDTE_JustificationBook_Air_Force_PB_2018.xml
FILESIZE = 3366064
YEAR = 2018
JBOOK_TYPE = JustificationBook
@recordid = fc605a17663147bd896fda7a7c3b848e314f2fff2b3386ecf937d9e1c6c14b2a
@doctype = 2018-BASE_RDTE-JUSTIFICATIONBOOK
@filename = 2018-BASE_RDTE-2018-AIRFORCE_V3A-U_RDTE_JustificationBook_Air_Force_PB_2018.zzz_unzipped-U_RDTE_JustificationBook_Air_Force_PB_2018.xml
----------------------
<Writing ./2-jbook-json/2018-BASE_RDTE-2018-AIRFORCE_V3A-U_RDTE_JustificationBook_Air_Force_PB_2018.zzz_unzipped-U_RDTE_JustificationBook_Air_Force_PB_2018.json>
----------------------
[14/69]
FILEPATH = ./1-jbook-xml/2018-BASE_RDTE-2018-AIRFORCE_V3A-U_RDTE_MasterJustificationBook_Air_Force_PB_2018.zzz_unzipped-U_RDTE_MasterJustificationBook_Air_Force_PB_2018.xml
FILESIZE = 15395077
YEAR = 2018
JBOOK_TYPE = MasterJustificationBook
@recordid = 0defb224afb5c223c489f2e5fd1ac166cf85e87ba92779e4cbd18d392211a193
@doctype = 2018-BASE_RDTE-MASTERJUSTIFICATIONBOOK
@filename = 2018-BASE_RDTE-2018-AIRFORCE_V3A-U_RDTE_MasterJustificationBook_Air_Force_PB_2018.zzz_unzipped-U_RDTE_MasterJustificationBook_Air_Force_PB_2018.xml
----------------------
<Writing ./2-jbook-json/2018-BASE_RDTE-2018-AIRFORCE_V3A-U_RDTE_MasterJustificationBook_Air_Force_PB_2018.zzz_unzipped-U_RDTE_MasterJustificationBook_Air_Force_PB_2018.json>
----------------------
[15/69]
FILEPATH = ./1-jbook-xml/2018-BASE_RDTE-2018-AIRFORCE_V3B-U_RDTE_JustificationBook_Air_Force_PB_2018.zzz_unzipped-U_RDTE_JustificationBook_Air_Force_PB_2018.xml
FILESIZE = 3406929
YEAR = 2018
JBOOK_TYPE = JustificationBook
@recordid = 4677b7373ceb5a2af4f54ac9946d42727733735517b0c06be4cbaa3f97502e4b
@doctype = 2018-BASE_RDTE-JUSTIFICATIONBOOK
@filename = 2018-BASE_RDTE-2018-AIRFORCE_V3B-U_RDTE_JustificationBook_Air_Force_PB_2018.zzz_unzipped-U_RDTE_JustificationBook_Air_Force_PB_2018.xml
----------------------
<Writing ./2-jbook-json/2018-BASE_RDTE-2018-AIRFORCE_V3B-U_RDTE_JustificationBook_Air_Force_PB_2018.zzz_unzipped-U_RDTE_JustificationBook_Air_Force_PB_2018.json>
----------------------
[16/69]
FILEPATH = ./1-jbook-xml/2018-BASE_RDTE-2018-AIRFORCE_V3B-U_RDTE_MasterJustificationBook_Air_Force_PB_2018.zzz_unzipped-U_RDTE_MasterJustificationBook_Air_Force_PB_2018.xml
FILESIZE = 15395077
YEAR = 2018
JBOOK_TYPE = MasterJustificationBook
@recordid = 0defb224afb5c223c489f2e5fd1ac166cf85e87ba92779e4cbd18d392211a193
@doctype = 2018-BASE_RDTE-MASTERJUSTIFICATIONBOOK
@filename = 2018-BASE_RDTE-2018-AIRFORCE_V3B-U_RDTE_MasterJustificationBook_Air_Force_PB_2018.zzz_unzipped-U_RDTE_MasterJustificationBook_Air_Force_PB_2018.xml
----------------------
