

=========================================================
[3-convert-xml-to-json]
=========================================================
<Loading and merging all jbookArrayPaths into a single list>
|MasterJustificationBook|2013|2014|2015|2016|2017|2018|2019|2020|
|JustificationBook|2013|2014|2015|2016|2017|2018|2019|2020|
<arrayPaths count = 1254>
<last updated = 2019-10-09T04:51:40+00:00>
=========================================================
----------------------
[1/95]
FILEPATH = ./1-jbook-xml/2018-AMENDED_PROCUREMENT_AND_RDTE-2018-AIRFORCE_MISSILE-U_PROCUREMENT_JustificationBook_Air_Force_PBAmended_2018.zzz_unzipped-U_PROCUREMENT_JustificationBook_Air_Force_PBAmended_2018.xml
FILESIZE = 5563
YEAR = 2018
JBOOK_TYPE = JustificationBook
@recordid = df54306aa7e16015d4e238327d3bdcaafee73938a2d1530ecd5cc2539c365e0f
@doctype = 2018-AMENDED_PROCUREMENT_AND_RDTE-JUSTIFICATIONBOOK
@filename = 2018-AMENDED_PROCUREMENT_AND_RDTE-2018-AIRFORCE_MISSILE-U_PROCUREMENT_JustificationBook_Air_Force_PBAmended_2018.zzz_unzipped-U_PROCUREMENT_JustificationBook_Air_Force_PBAmended_2018.xml
----------------------
<NOTICE: XML->JSON file exists - created 2019-10-11T09:00:44+00:00>
<SKIPPING XML->JSON: xml has already been converted since last jbookArrayPaths update>
----------------------
[2/95]
FILEPATH = ./1-jbook-xml/2018-AMENDED_PROCUREMENT_AND_RDTE-2018-AIRFORCE_MISSILE-U_PROCUREMENT_MasterJustificationBook_Air_Force_PBAmended_2018.zzz_unzipped-U_PROCUREMENT_MasterJustificationBook_Air_Force_PBAmended_2018.xml
FILESIZE = 8721
YEAR = 2018
JBOOK_TYPE = MasterJustificationBook
@recordid = dd5ba26a371c7582ade2eb3b500f4f280d8e41a27dd0998da6dc2b3781391975
@doctype = 2018-AMENDED_PROCUREMENT_AND_RDTE-MASTERJUSTIFICATIONBOOK
@filename = 2018-AMENDED_PROCUREMENT_AND_RDTE-2018-AIRFORCE_MISSILE-U_PROCUREMENT_MasterJustificationBook_Air_Force_PBAmended_2018.zzz_unzipped-U_PROCUREMENT_MasterJustificationBook_Air_Force_PBAmended_2018.xml
----------------------
<NOTICE: XML->JSON file exists - created 2019-10-11T09:00:44+00:00>
<SKIPPING XML->JSON: xml has already been converted since last jbookArrayPaths update>
----------------------
[3/95]
FILEPATH = ./1-jbook-xml/2018-AMENDED_PROCUREMENT_AND_RDTE-2018-AIRFORCE_OTHER-U_PROCUREMENT_JustificationBook_Air_Force_PBAmended_2018.zzz_unzipped-U_PROCUREMENT_JustificationBook_Air_Force_PBAmended_2018.xml
FILESIZE = 5597
YEAR = 2018
JBOOK_TYPE = JustificationBook
@recordid = aa987f4949b3901970a77430c8ccef7790534a8dad8e4fac8e1a517df22fd6e6
@doctype = 2018-AMENDED_PROCUREMENT_AND_RDTE-JUSTIFICATIONBOOK
@filename = 2018-AMENDED_PROCUREMENT_AND_RDTE-2018-AIRFORCE_OTHER-U_PROCUREMENT_JustificationBook_Air_Force_PBAmended_2018.zzz_unzipped-U_PROCUREMENT_JustificationBook_Air_Force_PBAmended_2018.xml
----------------------
<NOTICE: XML->JSON file exists - created 2019-10-11T09:00:44+00:00>
<SKIPPING XML->JSON: xml has already been converted since last jbookArrayPaths update>
----------------------
[4/95]
FILEPATH = ./1-jbook-xml/2018-AMENDED_PROCUREMENT_AND_RDTE-2018-AIRFORCE_OTHER-U_PROCUREMENT_MasterJustificationBook_Air_Force_PBAmended_2018.zzz_unzipped-U_PROCUREMENT_MasterJustificationBook_Air_Force_PBAmended_2018.xml
FILESIZE = 8755
YEAR = 2018
JBOOK_TYPE = MasterJustificationBook
@recordid = 6f2b7a77d0a41b81a7e1c7bb8a3c010bcff067c845567b5259b3051eb0f8f9fc
@doctype = 2018-AMENDED_PROCUREMENT_AND_RDTE-MASTERJUSTIFICATIONBOOK
@filename = 2018-AMENDED_PROCUREMENT_AND_RDTE-2018-AIRFORCE_OTHER-U_PROCUREMENT_MasterJustificationBook_Air_Force_PBAmended_2018.zzz_unzipped-U_PROCUREMENT_MasterJustificationBook_Air_Force_PBAmended_2018.xml
----------------------
<NOTICE: XML->JSON file exists - created 2019-10-11T09:00:44+00:00>
<SKIPPING XML->JSON: xml has already been converted since last jbookArrayPaths update>
----------------------
[5/95]
FILEPATH = ./1-jbook-xml/2018-AMENDED_PROCUREMENT_AND_RDTE-2018-AIRFORCE_RDTE-U_RDTE_JustificationBook_Air_Force_PBAmended_2018.zzz_unzipped-U_RDTE_JustificationBook_Air_Force_PBAmended_2018.xml
FILESIZE = 68373
YEAR = 2018
JBOOK_TYPE = JustificationBook
@recordid = 50723e39ea8fedd739523a1cefaa1449ad638cdff318cd4c0ab929a48033b1f8
@doctype = 2018-AMENDED_PROCUREMENT_AND_RDTE-JUSTIFICATIONBOOK
@filename = 2018-AMENDED_PROCUREMENT_AND_RDTE-2018-AIRFORCE_RDTE-U_RDTE_JustificationBook_Air_Force_PBAmended_2018.zzz_unzipped-U_RDTE_JustificationBook_Air_Force_PBAmended_2018.xml
----------------------
<NOTICE: XML->JSON file exists - created 2019-10-11T09:00:44+00:00>
<SKIPPING XML->JSON: xml has already been converted since last jbookArrayPaths update>
----------------------
[6/95]
FILEPATH = ./1-jbook-xml/2018-AMENDED_PROCUREMENT_AND_RDTE-2018-AIRFORCE_RDTE-U_RDTE_MasterJustificationBook_Air_Force_PBAmended_2018.zzz_unzipped-U_RDTE_MasterJustificationBook_Air_Force_PBAmended_2018.xml
FILESIZE = 86200
YEAR = 2018
JBOOK_TYPE = MasterJustificationBook
@recordid = edb3d43ed5077f67e85bc68792561965be2680dba9b61c2e2cc91dc91266a80c
@doctype = 2018-AMENDED_PROCUREMENT_AND_RDTE-MASTERJUSTIFICATIONBOOK
@filename = 2018-AMENDED_PROCUREMENT_AND_RDTE-2018-AIRFORCE_RDTE-U_RDTE_MasterJustificationBook_Air_Force_PBAmended_2018.zzz_unzipped-U_RDTE_MasterJustificationBook_Air_Force_PBAmended_2018.xml
----------------------
<NOTICE: XML->JSON file exists - created 2019-10-11T09:00:44+00:00>
<SKIPPING XML->JSON: xml has already been converted since last jbookArrayPaths update>
----------------------
[7/95]
FILEPATH = ./1-jbook-xml/2018-BASE_PROCUREMENT-2018-AIRFORCE_AIRCRAFT_VOL1-U_PROCUREMENT_JustificationBook_Air_Force_PB_2018.zzz_unzipped-U_PROCUREMENT_JustificationBook_Air_Force_PB_2018.xml
FILESIZE = 1444052
YEAR = 2018
JBOOK_TYPE = JustificationBook
@recordid = 22a8490371b6db6c33ee9c963f7ec38ea54b6b07c696524d19168b331baaef7a
@doctype = 2018-BASE_PROCUREMENT-JUSTIFICATIONBOOK
@filename = 2018-BASE_PROCUREMENT-2018-AIRFORCE_AIRCRAFT_VOL1-U_PROCUREMENT_JustificationBook_Air_Force_PB_2018.zzz_unzipped-U_PROCUREMENT_JustificationBook_Air_Force_PB_2018.xml
----------------------
<Writing ./2-jbook-json/2018-BASE_PROCUREMENT-2018-AIRFORCE_AIRCRAFT_VOL1-U_PROCUREMENT_JustificationBook_Air_Force_PB_2018.zzz_unzipped-U_PROCUREMENT_JustificationBook_Air_Force_PB_2018.json>
----------------------
[8/95]
FILEPATH = ./1-jbook-xml/2018-BASE_PROCUREMENT-2018-AIRFORCE_AIRCRAFT_VOL1-U_PROCUREMENT_MasterJustificationBook_Air_Force_PB_2018.zzz_unzipped-U_PROCUREMENT_MasterJustificationBook_Air_Force_PB_2018.xml
FILESIZE = 5342104
YEAR = 2018
JBOOK_TYPE = MasterJustificationBook
@recordid = 9afb19bf3f616969d2ebd413c99d439b58cb0abef3fc006b887a482a0b365bac
@doctype = 2018-BASE_PROCUREMENT-MASTERJUSTIFICATIONBOOK
@filename = 2018-BASE_PROCUREMENT-2018-AIRFORCE_AIRCRAFT_VOL1-U_PROCUREMENT_MasterJustificationBook_Air_Force_PB_2018.zzz_unzipped-U_PROCUREMENT_MasterJustificationBook_Air_Force_PB_2018.xml
----------------------
<Writing ./2-jbook-json/2018-BASE_PROCUREMENT-2018-AIRFORCE_AIRCRAFT_VOL1-U_PROCUREMENT_MasterJustificationBook_Air_Force_PB_2018.zzz_unzipped-U_PROCUREMENT_MasterJustificationBook_Air_Force_PB_2018.json>
----------------------
[9/95]
FILEPATH = ./1-jbook-xml/2018-BASE_PROCUREMENT-2018-AIRFORCE_AIRCRAFT_VOL2-U_PROCUREMENT_JustificationBook_Air_Force_PB_2018.zzz_unzipped-U_PROCUREMENT_JustificationBook_Air_Force_PB_2018.xml
FILESIZE = 2819302
YEAR = 2018
JBOOK_TYPE = JustificationBook
@recordid = 5171067bc7495fedcac03b4a48b1cb1cb1152f536c419960ccbf27abff0e328c
@doctype = 2018-BASE_PROCUREMENT-JUSTIFICATIONBOOK
@filename = 2018-BASE_PROCUREMENT-2018-AIRFORCE_AIRCRAFT_VOL2-U_PROCUREMENT_JustificationBook_Air_Force_PB_2018.zzz_unzipped-U_PROCUREMENT_JustificationBook_Air_Force_PB_2018.xml
----------------------
<Writing ./2-jbook-json/2018-BASE_PROCUREMENT-2018-AIRFORCE_AIRCRAFT_VOL2-U_PROCUREMENT_JustificationBook_Air_Force_PB_2018.zzz_unzipped-U_PROCUREMENT_JustificationBook_Air_Force_PB_2018.json>
----------------------
[10/95]
FILEPATH = ./1-jbook-xml/2018-BASE_PROCUREMENT-2018-AIRFORCE_AIRCRAFT_VOL2-U_PROCUREMENT_MasterJustificationBook_Air_Force_PB_2018.zzz_unzipped-U_PROCUREMENT_MasterJustificationBook_Air_Force_PB_2018.xml
FILESIZE = 5342104
YEAR = 2018
JBOOK_TYPE = MasterJustificationBook
@recordid = 9afb19bf3f616969d2ebd413c99d439b58cb0abef3fc006b887a482a0b365bac
@doctype = 2018-BASE_PROCUREMENT-MASTERJUSTIFICATIONBOOK
@filename = 2018-BASE_PROCUREMENT-2018-AIRFORCE_AIRCRAFT_VOL2-U_PROCUREMENT_MasterJustificationBook_Air_Force_PB_2018.zzz_unzipped-U_PROCUREMENT_MasterJustificationBook_Air_Force_PB_2018.xml
----------------------
<Writing ./2-jbook-json/2018-BASE_PROCUREMENT-2018-AIRFORCE_AIRCRAFT_VOL2-U_PROCUREMENT_MasterJustificationBook_Air_Force_PB_2018.zzz_unzipped-U_PROCUREMENT_MasterJustificationBook_Air_Force_PB_2018.json>
----------------------
[11/95]
FILEPATH = ./1-jbook-xml/2018-BASE_PROCUREMENT-2018-AIRFORCE_AMMUNITION-U_PROCUREMENT_JustificationBook_Air_Force_PB_2018.zzz_unzipped-U_PROCUREMENT_JustificationBook_Air_Force_PB_2018.xml
FILESIZE = 753102
YEAR = 2018
JBOOK_TYPE = JustificationBook
@recordid = 62467ecce8aa9f60a080dbbc33baf3ab9d53fd0ff2157f7099c8b0272dc6bf5d
@doctype = 2018-BASE_PROCUREMENT-JUSTIFICATIONBOOK
@filename = 2018-BASE_PROCUREMENT-2018-AIRFORCE_AMMUNITION-U_PROCUREMENT_JustificationBook_Air_Force_PB_2018.zzz_unzipped-U_PROCUREMENT_JustificationBook_Air_Force_PB_2018.xml
----------------------
<Writing ./2-jbook-json/2018-BASE_PROCUREMENT-2018-AIRFORCE_AMMUNITION-U_PROCUREMENT_JustificationBook_Air_Force_PB_2018.zzz_unzipped-U_PROCUREMENT_JustificationBook_Air_Force_PB_2018.json>
----------------------
[12/95]
FILEPATH = ./1-jbook-xml/2018-BASE_PROCUREMENT-2018-AIRFORCE_AMMUNITION-U_PROCUREMENT_MasterJustificationBook_Air_Force_PB_2018.zzz_unzipped-U_PROCUREMENT_MasterJustificationBook_Air_Force_PB_2018.xml
FILESIZE = 945739
YEAR = 2018
JBOOK_TYPE = MasterJustificationBook
@recordid = 9329f95578f0939773362538c512ccb283cca47cdd60129e67fdbb369ee7b874
@doctype = 2018-BASE_PROCUREMENT-MASTERJUSTIFICATIONBOOK
@filename = 2018-BASE_PROCUREMENT-2018-AIRFORCE_AMMUNITION-U_PROCUREMENT_MasterJustificationBook_Air_Force_PB_2018.zzz_unzipped-U_PROCUREMENT_MasterJustificationBook_Air_Force_PB_2018.xml
----------------------
<Writing ./2-jbook-json/2018-BASE_PROCUREMENT-2018-AIRFORCE_AMMUNITION-U_PROCUREMENT_MasterJustificationBook_Air_Force_PB_2018.zzz_unzipped-U_PROCUREMENT_MasterJustificationBook_Air_Force_PB_2018.json>
----------------------
[13/95]
FILEPATH = ./1-jbook-xml/2018-BASE_PROCUREMENT-2018-AIRFORCE_MISSILE-U_PROCUREMENT_JustificationBook_Air_Force_PB_2018.zzz_unzipped-U_PROCUREMENT_JustificationBook_Air_Force_PB_2018.xml
FILESIZE = 930595
YEAR = 2018
JBOOK_TYPE = JustificationBook
@recordid = 2e5ba368b6eeb2158c21cac0fe823f1171b0fce77999f8bdb65cdff29e65ae4b
@doctype = 2018-BASE_PROCUREMENT-JUSTIFICATIONBOOK
@filename = 2018-BASE_PROCUREMENT-2018-AIRFORCE_MISSILE-U_PROCUREMENT_JustificationBook_Air_Force_PB_2018.zzz_unzipped-U_PROCUREMENT_JustificationBook_Air_Force_PB_2018.xml
----------------------
<Writing ./2-jbook-json/2018-BASE_PROCUREMENT-2018-AIRFORCE_MISSILE-U_PROCUREMENT_JustificationBook_Air_Force_PB_2018.zzz_unzipped-U_PROCUREMENT_JustificationBook_Air_Force_PB_2018.json>
----------------------
[14/95]
FILEPATH = ./1-jbook-xml/2018-BASE_PROCUREMENT-2018-AIRFORCE_MISSILE-U_PROCUREMENT_MasterJustificationBook_Air_Force_PB_2018.zzz_unzipped-U_PROCUREMENT_MasterJustificationBook_Air_Force_PB_2018.xml
FILESIZE = 1143235
YEAR = 2018
JBOOK_TYPE = MasterJustificationBook
@recordid = 17f2b5113f19b6df90a00d340d43677daa27c7438a08a84ea953498f726fd938
@doctype = 2018-BASE_PROCUREMENT-MASTERJUSTIFICATIONBOOK
@filename = 2018-BASE_PROCUREMENT-2018-AIRFORCE_MISSILE-U_PROCUREMENT_MasterJustificationBook_Air_Force_PB_2018.zzz_unzipped-U_PROCUREMENT_MasterJustificationBook_Air_Force_PB_2018.xml
----------------------
<Writing ./2-jbook-json/2018-BASE_PROCUREMENT-2018-AIRFORCE_MISSILE-U_PROCUREMENT_MasterJustificationBook_Air_Force_PB_2018.zzz_unzipped-U_PROCUREMENT_MasterJustificationBook_Air_Force_PB_2018.json>
----------------------
[15/95]
FILEPATH = ./1-jbook-xml/2018-BASE_PROCUREMENT-2018-AIRFORCE_OTHER-U_PROCUREMENT_JustificationBook_Air_Force_PB_2018.zzz_unzipped-U_PROCUREMENT_JustificationBook_Air_Force_PB_2018.xml
FILESIZE = 2763675
YEAR = 2018
JBOOK_TYPE = JustificationBook
@recordid = 05a2d26f6f9e68574bbd94928aef3d85085dcd287dab5f2b545ee87588cfad99
@doctype = 2018-BASE_PROCUREMENT-JUSTIFICATIONBOOK
@filename = 2018-BASE_PROCUREMENT-2018-AIRFORCE_OTHER-U_PROCUREMENT_JustificationBook_Air_Force_PB_2018.zzz_unzipped-U_PROCUREMENT_JustificationBook_Air_Force_PB_2018.xml
----------------------
<Writing ./2-jbook-json/2018-BASE_PROCUREMENT-2018-AIRFORCE_OTHER-U_PROCUREMENT_JustificationBook_Air_Force_PB_2018.zzz_unzipped-U_PROCUREMENT_JustificationBook_Air_Force_PB_2018.json>
----------------------
[16/95]
FILEPATH = ./1-jbook-xml/2018-BASE_PROCUREMENT-2018-AIRFORCE_OTHER-U_PROCUREMENT_MasterJustificationBook_Air_Force_PB_2018.zzz_unzipped-U_PROCUREMENT_MasterJustificationBook_Air_Force_PB_2018.xml
FILESIZE = 3440893
YEAR = 2018
JBOOK_TYPE = MasterJustificationBook
@recordid = a287d26f2c4c963e73cbce78e7bb49d0d2178908ace420b726c59dcfb0a7a39e
@doctype = 2018-BASE_PROCUREMENT-MASTERJUSTIFICATIONBOOK
@filename = 2018-BASE_PROCUREMENT-2018-AIRFORCE_OTHER-U_PROCUREMENT_MasterJustificationBook_Air_Force_PB_2018.zzz_unzipped-U_PROCUREMENT_MasterJustificationBook_Air_Force_PB_2018.xml
----------------------
<Writing ./2-jbook-json/2018-BASE_PROCUREMENT-2018-AIRFORCE_OTHER-U_PROCUREMENT_MasterJustificationBook_Air_Force_PB_2018.zzz_unzipped-U_PROCUREMENT_MasterJustificationBook_Air_Force_PB_2018.json>
----------------------
[17/95]
FILEPATH = ./1-jbook-xml/2018-BASE_PROCUREMENT-2018-AIRFORCE_SPACE-U_PROCUREMENT_JustificationBook_Air_Force_PB_2018.zzz_unzipped-U_PROCUREMENT_JustificationBook_Air_Force_PB_2018.xml
FILESIZE = 556770
YEAR = 2018
JBOOK_TYPE = JustificationBook
@recordid = 17b7a76bad41c41fb3f25c9c5b91927c1056c8f532d09e0f183ce1a20b063091
@doctype = 2018-BASE_PROCUREMENT-JUSTIFICATIONBOOK
@filename = 2018-BASE_PROCUREMENT-2018-AIRFORCE_SPACE-U_PROCUREMENT_JustificationBook_Air_Force_PB_2018.zzz_unzipped-U_PROCUREMENT_JustificationBook_Air_Force_PB_2018.xml
----------------------
<Writing ./2-jbook-json/2018-BASE_PROCUREMENT-2018-AIRFORCE_SPACE-U_PROCUREMENT_JustificationBook_Air_Force_PB_2018.zzz_unzipped-U_PROCUREMENT_JustificationBook_Air_Force_PB_2018.json>
----------------------
[18/95]
FILEPATH = ./1-jbook-xml/2018-BASE_PROCUREMENT-2018-AIRFORCE_SPACE-U_PROCUREMENT_MasterJustificationBook_Air_Force_PB_2018.zzz_unzipped-U_PROCUREMENT_MasterJustificationBook_Air_Force_PB_2018.xml
FILESIZE = 690868
YEAR = 2018
JBOOK_TYPE = MasterJustificationBook
@recordid = fe08711101115a5e77dadd421d060e07622aefe5146cd33d2cd44a3559033105
@doctype = 2018-BASE_PROCUREMENT-MASTERJUSTIFICATIONBOOK
@filename = 2018-BASE_PROCUREMENT-2018-AIRFORCE_SPACE-U_PROCUREMENT_MasterJustificationBook_Air_Force_PB_2018.zzz_unzipped-U_PROCUREMENT_MasterJustificationBook_Air_Force_PB_2018.xml
----------------------
<Writing ./2-jbook-json/2018-BASE_PROCUREMENT-2018-AIRFORCE_SPACE-U_PROCUREMENT_MasterJustificationBook_Air_Force_PB_2018.zzz_unzipped-U_PROCUREMENT_MasterJustificationBook_Air_Force_PB_2018.json>
----------------------
[19/95]
FILEPATH = ./1-jbook-xml/2018-BASE_PROCUREMENT-2018-ARMY_AIRCRAFT-U_PROCUREMENT_JustificationBook_Army_PB_2018.zzz_unzipped-U_PROCUREMENT_JustificationBook_Army_PB_2018.xml
FILESIZE = 3185170
YEAR = 2018
JBOOK_TYPE = JustificationBook
@recordid = ab1495ba2d5922cbe318d0f3fb486a59348b48ced2218cff2a8848292e28ab16
@doctype = 2018-BASE_PROCUREMENT-JUSTIFICATIONBOOK
@filename = 2018-BASE_PROCUREMENT-2018-ARMY_AIRCRAFT-U_PROCUREMENT_JustificationBook_Army_PB_2018.zzz_unzipped-U_PROCUREMENT_JustificationBook_Army_PB_2018.xml
----------------------
<Writing ./2-jbook-json/2018-BASE_PROCUREMENT-2018-ARMY_AIRCRAFT-U_PROCUREMENT_JustificationBook_Army_PB_2018.zzz_unzipped-U_PROCUREMENT_JustificationBook_Army_PB_2018.json>
----------------------
[20/95]
FILEPATH = ./1-jbook-xml/2018-BASE_PROCUREMENT-2018-ARMY_AMMO-U_PROCUREMENT_JustificationBook_Army_PB_2018.zzz_unzipped-U_PROCUREMENT_JustificationBook_Army_PB_2018.xml
FILESIZE = 3153585
YEAR = 2018
JBOOK_TYPE = JustificationBook
@recordid = 5aee815d00f2743bc26b1fd362b1fa251ab1150ad3a4a9b16cb13a13bf67f3ad
@doctype = 2018-BASE_PROCUREMENT-JUSTIFICATIONBOOK
@filename = 2018-BASE_PROCUREMENT-2018-ARMY_AMMO-U_PROCUREMENT_JustificationBook_Army_PB_2018.zzz_unzipped-U_PROCUREMENT_JustificationBook_Army_PB_2018.xml
----------------------
<Writing ./2-jbook-json/2018-BASE_PROCUREMENT-2018-ARMY_AMMO-U_PROCUREMENT_JustificationBook_Army_PB_2018.zzz_unzipped-U_PROCUREMENT_JustificationBook_Army_PB_2018.json>
----------------------
[21/95]
FILEPATH = ./1-jbook-xml/2018-BASE_PROCUREMENT-2018-ARMY_MISSLE-U_PROCUREMENT_JustificationBook_Army_PB_2018.zzz_unzipped-U_PROCUREMENT_JustificationBook_Army_PB_2018.xml
FILESIZE = 1952978
YEAR = 2018
JBOOK_TYPE = JustificationBook
@recordid = 76f4433c5769bf170e2dc9e1aad0d96a97979f0b55e68cf6016141240c4e6ea2
@doctype = 2018-BASE_PROCUREMENT-JUSTIFICATIONBOOK
@filename = 2018-BASE_PROCUREMENT-2018-ARMY_MISSLE-U_PROCUREMENT_JustificationBook_Army_PB_2018.zzz_unzipped-U_PROCUREMENT_JustificationBook_Army_PB_2018.xml
----------------------
<Writing ./2-jbook-json/2018-BASE_PROCUREMENT-2018-ARMY_MISSLE-U_PROCUREMENT_JustificationBook_Army_PB_2018.zzz_unzipped-U_PROCUREMENT_JustificationBook_Army_PB_2018.json>
----------------------
[22/95]
FILEPATH = ./1-jbook-xml/2018-BASE_PROCUREMENT-2018-ARMY_OTHER_1-U_PROCUREMENT_JustificationBook_Army_PB_2018.zzz_unzipped-U_PROCUREMENT_JustificationBook_Army_PB_2018.xml
FILESIZE = 673875
YEAR = 2018
JBOOK_TYPE = JustificationBook
@recordid = c564122f3b814ac7f0d78062aa5623200b530c07c98b14391a5f2e9c61d6092d
@doctype = 2018-BASE_PROCUREMENT-JUSTIFICATIONBOOK
@filename = 2018-BASE_PROCUREMENT-2018-ARMY_OTHER_1-U_PROCUREMENT_JustificationBook_Army_PB_2018.zzz_unzipped-U_PROCUREMENT_JustificationBook_Army_PB_2018.xml
----------------------
<Writing ./2-jbook-json/2018-BASE_PROCUREMENT-2018-ARMY_OTHER_1-U_PROCUREMENT_JustificationBook_Army_PB_2018.zzz_unzipped-U_PROCUREMENT_JustificationBook_Army_PB_2018.json>
----------------------
[23/95]
FILEPATH = ./1-jbook-xml/2018-BASE_PROCUREMENT-2018-ARMY_OTHER_2-U_PROCUREMENT_JustificationBook_Army_PB_2018.zzz_unzipped-U_PROCUREMENT_JustificationBook_Army_PB_2018.xml
FILESIZE = 3396016
YEAR = 2018
JBOOK_TYPE = JustificationBook
@recordid = 377d93ca794817f44e4b0e8b6a4ac9da01254c9911de0ea9a8ab395d402568a9
@doctype = 2018-BASE_PROCUREMENT-JUSTIFICATIONBOOK
@filename = 2018-BASE_PROCUREMENT-2018-ARMY_OTHER_2-U_PROCUREMENT_JustificationBook_Army_PB_2018.zzz_unzipped-U_PROCUREMENT_JustificationBook_Army_PB_2018.xml
----------------------
<Writing ./2-jbook-json/2018-BASE_PROCUREMENT-2018-ARMY_OTHER_2-U_PROCUREMENT_JustificationBook_Army_PB_2018.zzz_unzipped-U_PROCUREMENT_JustificationBook_Army_PB_2018.json>
----------------------
[24/95]
FILEPATH = ./1-jbook-xml/2018-BASE_PROCUREMENT-2018-ARMY_OTHER_3-U_PROCUREMENT_JustificationBook_Army_PB_2018.zzz_unzipped-U_PROCUREMENT_JustificationBook_Army_PB_2018.xml
FILESIZE = 2558830
YEAR = 2018
JBOOK_TYPE = JustificationBook
@recordid = 47aba4e61a9576ce00f42879503931d6f46619e32b635c55302b3bc83156cbe1
@doctype = 2018-BASE_PROCUREMENT-JUSTIFICATIONBOOK
@filename = 2018-BASE_PROCUREMENT-2018-ARMY_OTHER_3-U_PROCUREMENT_JustificationBook_Army_PB_2018.zzz_unzipped-U_PROCUREMENT_JustificationBook_Army_PB_2018.xml
----------------------
<Writing ./2-jbook-json/2018-BASE_PROCUREMENT-2018-ARMY_OTHER_3-U_PROCUREMENT_JustificationBook_Army_PB_2018.zzz_unzipped-U_PROCUREMENT_JustificationBook_Army_PB_2018.json>
----------------------
[25/95]
FILEPATH = ./1-jbook-xml/2018-BASE_PROCUREMENT-2018-ARMY_OTHER_4-U_PROCUREMENT_JustificationBook_Army_PB_2018.zzz_unzipped-U_PROCUREMENT_JustificationBook_Army_PB_2018.xml
FILESIZE = 35749
YEAR = 2018
JBOOK_TYPE = JustificationBook
@recordid = 0ed666278cea9f4c9b0364299f86af08f5c3ae6fdd334ec33c500c3969a2b099
@doctype = 2018-BASE_PROCUREMENT-JUSTIFICATIONBOOK
@filename = 2018-BASE_PROCUREMENT-2018-ARMY_OTHER_4-U_PROCUREMENT_JustificationBook_Army_PB_2018.zzz_unzipped-U_PROCUREMENT_JustificationBook_Army_PB_2018.xml
----------------------
<Writing ./2-jbook-json/2018-BASE_PROCUREMENT-2018-ARMY_OTHER_4-U_PROCUREMENT_JustificationBook_Army_PB_2018.zzz_unzipped-U_PROCUREMENT_JustificationBook_Army_PB_2018.json>
----------------------
[26/95]
FILEPATH = ./1-jbook-xml/2018-BASE_PROCUREMENT-2018-ARMY_WTCV-U_PROCUREMENT_JustificationBook_Army_PB_2018.zzz_unzipped-U_PROCUREMENT_JustificationBook_Army_PB_2018.xml
FILESIZE = 1688645
YEAR = 2018
JBOOK_TYPE = JustificationBook
@recordid = 97766fb5efc36974a03ffece59c3d5581ef4425fe875bd1f1fb7d73a21f355ae
@doctype = 2018-BASE_PROCUREMENT-JUSTIFICATIONBOOK
@filename = 2018-BASE_PROCUREMENT-2018-ARMY_WTCV-U_PROCUREMENT_JustificationBook_Army_PB_2018.zzz_unzipped-U_PROCUREMENT_JustificationBook_Army_PB_2018.xml
----------------------
<Writing ./2-jbook-json/2018-BASE_PROCUREMENT-2018-ARMY_WTCV-U_PROCUREMENT_JustificationBook_Army_PB_2018.zzz_unzipped-U_PROCUREMENT_JustificationBook_Army_PB_2018.json>
----------------------
[27/95]
FILEPATH = ./1-jbook-xml/2018-BASE_PROCUREMENT-2018-DEFENSE_CBDP-U_PROCUREMENT_JustificationBook_Chemical_and_Biological_Defense_Program_PB_2018.zzz_unzipped-U_PROCUREMENT_JustificationBook_Chemical_and_Biological_Defense_Program_PB_2018.xml
FILESIZE = 674078
YEAR = 2018
JBOOK_TYPE = JustificationBook
@recordid = 785ebbd1bd5b604f00f0354e95c41b24f3b0154ce31a8b1a0055818c7cc01053
@doctype = 2018-BASE_PROCUREMENT-JUSTIFICATIONBOOK
@filename = 2018-BASE_PROCUREMENT-2018-DEFENSE_CBDP-U_PROCUREMENT_JustificationBook_Chemical_and_Biological_Defense_Program_PB_2018.zzz_unzipped-U_PROCUREMENT_JustificationBook_Chemical_and_Biological_Defense_Program_PB_2018.xml
----------------------
<Writing ./2-jbook-json/2018-BASE_PROCUREMENT-2018-DEFENSE_CBDP-U_PROCUREMENT_JustificationBook_Chemical_and_Biological_Defense_Program_PB_2018.zzz_unzipped-U_PROCUREMENT_JustificationBook_Chemical_and_Biological_Defense_Program_PB_2018.json>
----------------------
[28/95]
FILEPATH = ./1-jbook-xml/2018-BASE_PROCUREMENT-2018-DEFENSE_CBDP-U_PROCUREMENT_MasterJustificationBook_Chemical_and_Biological_Defense_Program_PB_2018.zzz_unzipped-U_PROCUREMENT_MasterJustificationBook_Chemical_and_Biological_Defense_Program_PB_2018.xml
FILESIZE = 831698
YEAR = 2018
JBOOK_TYPE = MasterJustificationBook
@recordid = a607c6e576e92f56302d0cd17e62ee99cabd1c62d9ecb111c5e1b68cd7c823b4
@doctype = 2018-BASE_PROCUREMENT-MASTERJUSTIFICATIONBOOK
@filename = 2018-BASE_PROCUREMENT-2018-DEFENSE_CBDP-U_PROCUREMENT_MasterJustificationBook_Chemical_and_Biological_Defense_Program_PB_2018.zzz_unzipped-U_PROCUREMENT_MasterJustificationBook_Chemical_and_Biological_Defense_Program_PB_2018.xml
----------------------
<Writing ./2-jbook-json/2018-BASE_PROCUREMENT-2018-DEFENSE_CBDP-U_PROCUREMENT_MasterJustificationBook_Chemical_and_Biological_Defense_Program_PB_2018.zzz_unzipped-U_PROCUREMENT_MasterJustificationBook_Chemical_and_Biological_Defense_Program_PB_2018.json>
----------------------
[29/95]
FILEPATH = ./1-jbook-xml/2018-BASE_PROCUREMENT-2018-DEFENSE_DCAA-U_PROCUREMENT_JustificationBook_Defense_Contract_Audit_Agency_PB_2018.zzz_unzipped-U_PROCUREMENT_JustificationBook_Defense_Contract_Audit_Agency_PB_2018.xml
FILESIZE = 9491
YEAR = 2018
JBOOK_TYPE = JustificationBook
@recordid = b8025768ee326bca5fe87be89497170f9825aff3a848b664b9acf88f83d6ebde
@doctype = 2018-BASE_PROCUREMENT-JUSTIFICATIONBOOK
@filename = 2018-BASE_PROCUREMENT-2018-DEFENSE_DCAA-U_PROCUREMENT_JustificationBook_Defense_Contract_Audit_Agency_PB_2018.zzz_unzipped-U_PROCUREMENT_JustificationBook_Defense_Contract_Audit_Agency_PB_2018.xml
----------------------
<Writing ./2-jbook-json/2018-BASE_PROCUREMENT-2018-DEFENSE_DCAA-U_PROCUREMENT_JustificationBook_Defense_Contract_Audit_Agency_PB_2018.zzz_unzipped-U_PROCUREMENT_JustificationBook_Defense_Contract_Audit_Agency_PB_2018.json>
----------------------
[30/95]
FILEPATH = ./1-jbook-xml/2018-BASE_PROCUREMENT-2018-DEFENSE_DCAA-U_PROCUREMENT_MasterJustificationBook_Defense_Contract_Audit_Agency_PB_2018.zzz_unzipped-U_PROCUREMENT_MasterJustificationBook_Defense_Contract_Audit_Agency_PB_2018.xml
FILESIZE = 15595
YEAR = 2018
JBOOK_TYPE = MasterJustificationBook
@recordid = 3ac6a27079629d8a596550e863c773409b525331e8b701bc557a053d74b53330
@doctype = 2018-BASE_PROCUREMENT-MASTERJUSTIFICATIONBOOK
@filename = 2018-BASE_PROCUREMENT-2018-DEFENSE_DCAA-U_PROCUREMENT_MasterJustificationBook_Defense_Contract_Audit_Agency_PB_2018.zzz_unzipped-U_PROCUREMENT_MasterJustificationBook_Defense_Contract_Audit_Agency_PB_2018.xml
----------------------
<Writing ./2-jbook-json/2018-BASE_PROCUREMENT-2018-DEFENSE_DCAA-U_PROCUREMENT_MasterJustificationBook_Defense_Contract_Audit_Agency_PB_2018.zzz_unzipped-U_PROCUREMENT_MasterJustificationBook_Defense_Contract_Audit_Agency_PB_2018.json>
----------------------
[31/95]
FILEPATH = ./1-jbook-xml/2018-BASE_PROCUREMENT-2018-DEFENSE_DCMA-U_PROCUREMENT_JustificationBook_Defense_Contract_Management_Agency_PB_2018.zzz_unzipped-U_PROCUREMENT_JustificationBook_Defense_Contract_Management_Agency_PB_2018.xml
FILESIZE = 8579
YEAR = 2018
JBOOK_TYPE = JustificationBook
@recordid = 5f486ef501c42e60da0334e9547337533a0960028f4031e376d11995df528026
@doctype = 2018-BASE_PROCUREMENT-JUSTIFICATIONBOOK
@filename = 2018-BASE_PROCUREMENT-2018-DEFENSE_DCMA-U_PROCUREMENT_JustificationBook_Defense_Contract_Management_Agency_PB_2018.zzz_unzipped-U_PROCUREMENT_JustificationBook_Defense_Contract_Management_Agency_PB_2018.xml
----------------------
<Writing ./2-jbook-json/2018-BASE_PROCUREMENT-2018-DEFENSE_DCMA-U_PROCUREMENT_JustificationBook_Defense_Contract_Management_Agency_PB_2018.zzz_unzipped-U_PROCUREMENT_JustificationBook_Defense_Contract_Management_Agency_PB_2018.json>
----------------------
[32/95]
FILEPATH = ./1-jbook-xml/2018-BASE_PROCUREMENT-2018-DEFENSE_DCMA-U_PROCUREMENT_MasterJustificationBook_Defense_Contract_Management_Agency_PB_2018.zzz_unzipped-U_PROCUREMENT_MasterJustificationBook_Defense_Contract_Management_Agency_PB_2018.xml
FILESIZE = 14684
YEAR = 2018
JBOOK_TYPE = MasterJustificationBook
@recordid = 68637b329178e947e12f813ed17ff3183fdbb87374b706aa14da4d926623bfeb
@doctype = 2018-BASE_PROCUREMENT-MASTERJUSTIFICATIONBOOK
@filename = 2018-BASE_PROCUREMENT-2018-DEFENSE_DCMA-U_PROCUREMENT_MasterJustificationBook_Defense_Contract_Management_Agency_PB_2018.zzz_unzipped-U_PROCUREMENT_MasterJustificationBook_Defense_Contract_Management_Agency_PB_2018.xml
----------------------
<Writing ./2-jbook-json/2018-BASE_PROCUREMENT-2018-DEFENSE_DCMA-U_PROCUREMENT_MasterJustificationBook_Defense_Contract_Management_Agency_PB_2018.zzz_unzipped-U_PROCUREMENT_MasterJustificationBook_Defense_Contract_Management_Agency_PB_2018.json>
----------------------
[33/95]
FILEPATH = ./1-jbook-xml/2018-BASE_PROCUREMENT-2018-DEFENSE_DHRA-U_PROCUREMENT_JustificationBook_DoD_Human_Resources_Activity_PB_2018.zzz_unzipped-U_PROCUREMENT_JustificationBook_DoD_Human_Resources_Activity_PB_2018.xml
FILESIZE = 18203
YEAR = 2018
JBOOK_TYPE = JustificationBook
@recordid = 9816e0e9a26a4cff690e9ce4ad5f05875e9acfb3d3079e81896e2166d2c154b5
@doctype = 2018-BASE_PROCUREMENT-JUSTIFICATIONBOOK
@filename = 2018-BASE_PROCUREMENT-2018-DEFENSE_DHRA-U_PROCUREMENT_JustificationBook_DoD_Human_Resources_Activity_PB_2018.zzz_unzipped-U_PROCUREMENT_JustificationBook_DoD_Human_Resources_Activity_PB_2018.xml
----------------------
<Writing ./2-jbook-json/2018-BASE_PROCUREMENT-2018-DEFENSE_DHRA-U_PROCUREMENT_JustificationBook_DoD_Human_Resources_Activity_PB_2018.zzz_unzipped-U_PROCUREMENT_JustificationBook_DoD_Human_Resources_Activity_PB_2018.json>
----------------------
[34/95]
FILEPATH = ./1-jbook-xml/2018-BASE_PROCUREMENT-2018-DEFENSE_DHRA-U_PROCUREMENT_MasterJustificationBook_DoD_Human_Resources_Activity_PB_2018.zzz_unzipped-U_PROCUREMENT_MasterJustificationBook_DoD_Human_Resources_Activity_PB_2018.xml
FILESIZE = 24365
YEAR = 2018
JBOOK_TYPE = MasterJustificationBook
@recordid = f4e28e266d84a29204fcf73c3dce97ae84ce21616a0f7448d1186b56ee1c5955
@doctype = 2018-BASE_PROCUREMENT-MASTERJUSTIFICATIONBOOK
@filename = 2018-BASE_PROCUREMENT-2018-DEFENSE_DHRA-U_PROCUREMENT_MasterJustificationBook_DoD_Human_Resources_Activity_PB_2018.zzz_unzipped-U_PROCUREMENT_MasterJustificationBook_DoD_Human_Resources_Activity_PB_2018.xml
----------------------
<Writing ./2-jbook-json/2018-BASE_PROCUREMENT-2018-DEFENSE_DHRA-U_PROCUREMENT_MasterJustificationBook_DoD_Human_Resources_Activity_PB_2018.zzz_unzipped-U_PROCUREMENT_MasterJustificationBook_DoD_Human_Resources_Activity_PB_2018.json>
----------------------
[35/95]
FILEPATH = ./1-jbook-xml/2018-BASE_PROCUREMENT-2018-DEFENSE_DISA-U_PROCUREMENT_JustificationBook_Defense_Information_Systems_Agency_PB_2018.zzz_unzipped-U_PROCUREMENT_JustificationBook_Defense_Information_Systems_Agency_PB_2018.xml
FILESIZE = 652002
YEAR = 2018
JBOOK_TYPE = JustificationBook
@recordid = a42b2f9d8655cbede486cb1d0eacf561ba653cffdf998e4e13e0848d0815dca8
@doctype = 2018-BASE_PROCUREMENT-JUSTIFICATIONBOOK
@filename = 2018-BASE_PROCUREMENT-2018-DEFENSE_DISA-U_PROCUREMENT_JustificationBook_Defense_Information_Systems_Agency_PB_2018.zzz_unzipped-U_PROCUREMENT_JustificationBook_Defense_Information_Systems_Agency_PB_2018.xml
----------------------
<Writing ./2-jbook-json/2018-BASE_PROCUREMENT-2018-DEFENSE_DISA-U_PROCUREMENT_JustificationBook_Defense_Information_Systems_Agency_PB_2018.zzz_unzipped-U_PROCUREMENT_JustificationBook_Defense_Information_Systems_Agency_PB_2018.json>
----------------------
[36/95]
FILEPATH = ./1-jbook-xml/2018-BASE_PROCUREMENT-2018-DEFENSE_DISA-U_PROCUREMENT_MasterJustificationBook_Defense_Information_Systems_Agency_PB_2018.zzz_unzipped-U_PROCUREMENT_MasterJustificationBook_Defense_Information_Systems_Agency_PB_2018.xml
FILESIZE = 799627
YEAR = 2018
JBOOK_TYPE = MasterJustificationBook
@recordid = fd2fb4d96a2a4a2aecb914ff78251703800ba8f4129d873573c3e059ba1dc869
@doctype = 2018-BASE_PROCUREMENT-MASTERJUSTIFICATIONBOOK
@filename = 2018-BASE_PROCUREMENT-2018-DEFENSE_DISA-U_PROCUREMENT_MasterJustificationBook_Defense_Information_Systems_Agency_PB_2018.zzz_unzipped-U_PROCUREMENT_MasterJustificationBook_Defense_Information_Systems_Agency_PB_2018.xml
----------------------
<Writing ./2-jbook-json/2018-BASE_PROCUREMENT-2018-DEFENSE_DISA-U_PROCUREMENT_MasterJustificationBook_Defense_Information_Systems_Agency_PB_2018.zzz_unzipped-U_PROCUREMENT_MasterJustificationBook_Defense_Information_Systems_Agency_PB_2018.json>
----------------------
[37/95]
FILEPATH = ./1-jbook-xml/2018-BASE_PROCUREMENT-2018-DEFENSE_DLA-U_PROCUREMENT_JustificationBook_Defense_Logistics_Agency_PB_2018.zzz_unzipped-U_PROCUREMENT_JustificationBook_Defense_Logistics_Agency_PB_2018.xml
FILESIZE = 8753
YEAR = 2018
JBOOK_TYPE = JustificationBook
@recordid = 076e0055faab7f17c1b028a7f119aff15957f28974e8f49a50922eee5ec93726
@doctype = 2018-BASE_PROCUREMENT-JUSTIFICATIONBOOK
@filename = 2018-BASE_PROCUREMENT-2018-DEFENSE_DLA-U_PROCUREMENT_JustificationBook_Defense_Logistics_Agency_PB_2018.zzz_unzipped-U_PROCUREMENT_JustificationBook_Defense_Logistics_Agency_PB_2018.xml
----------------------
<Writing ./2-jbook-json/2018-BASE_PROCUREMENT-2018-DEFENSE_DLA-U_PROCUREMENT_JustificationBook_Defense_Logistics_Agency_PB_2018.zzz_unzipped-U_PROCUREMENT_JustificationBook_Defense_Logistics_Agency_PB_2018.json>
----------------------
[38/95]
FILEPATH = ./1-jbook-xml/2018-BASE_PROCUREMENT-2018-DEFENSE_DLA-U_PROCUREMENT_MasterJustificationBook_Defense_Logistics_Agency_PB_2018.zzz_unzipped-U_PROCUREMENT_MasterJustificationBook_Defense_Logistics_Agency_PB_2018.xml
FILESIZE = 15319
YEAR = 2018
JBOOK_TYPE = MasterJustificationBook
@recordid = 731229fa470299fb644394b6d49ff7c9ce4ca741b1596414d1b40d7167bb5b32
@doctype = 2018-BASE_PROCUREMENT-MASTERJUSTIFICATIONBOOK
@filename = 2018-BASE_PROCUREMENT-2018-DEFENSE_DLA-U_PROCUREMENT_MasterJustificationBook_Defense_Logistics_Agency_PB_2018.zzz_unzipped-U_PROCUREMENT_MasterJustificationBook_Defense_Logistics_Agency_PB_2018.xml
----------------------
<Writing ./2-jbook-json/2018-BASE_PROCUREMENT-2018-DEFENSE_DLA-U_PROCUREMENT_MasterJustificationBook_Defense_Logistics_Agency_PB_2018.zzz_unzipped-U_PROCUREMENT_MasterJustificationBook_Defense_Logistics_Agency_PB_2018.json>
----------------------
[39/95]
FILEPATH = ./1-jbook-xml/2018-BASE_PROCUREMENT-2018-DEFENSE_DMACT-U_PROCUREMENT_JustificationBook_Defense_Media_Activity_PB_2018.zzz_unzipped-U_PROCUREMENT_JustificationBook_Defense_Media_Activity_PB_2018.xml
FILESIZE = 5846
YEAR = 2018
JBOOK_TYPE = JustificationBook
@recordid = 3bb9079fbb6693ca9bb0ba47b511663959348b6ce7d2e3852f448826c951acdb
@doctype = 2018-BASE_PROCUREMENT-JUSTIFICATIONBOOK
@filename = 2018-BASE_PROCUREMENT-2018-DEFENSE_DMACT-U_PROCUREMENT_JustificationBook_Defense_Media_Activity_PB_2018.zzz_unzipped-U_PROCUREMENT_JustificationBook_Defense_Media_Activity_PB_2018.xml
----------------------
<Writing ./2-jbook-json/2018-BASE_PROCUREMENT-2018-DEFENSE_DMACT-U_PROCUREMENT_JustificationBook_Defense_Media_Activity_PB_2018.zzz_unzipped-U_PROCUREMENT_JustificationBook_Defense_Media_Activity_PB_2018.json>
----------------------
[40/95]
FILEPATH = ./1-jbook-xml/2018-BASE_PROCUREMENT-2018-DEFENSE_DMACT-U_PROCUREMENT_MasterJustificationBook_Defense_Media_Activity_PB_2018.zzz_unzipped-U_PROCUREMENT_MasterJustificationBook_Defense_Media_Activity_PB_2018.xml
FILESIZE = 11947
YEAR = 2018
JBOOK_TYPE = MasterJustificationBook
@recordid = bee2acc44ffcedb57eb1cea65ed774e1ed6463ebf81287253facf4e666b7df4b
@doctype = 2018-BASE_PROCUREMENT-MASTERJUSTIFICATIONBOOK
@filename = 2018-BASE_PROCUREMENT-2018-DEFENSE_DMACT-U_PROCUREMENT_MasterJustificationBook_Defense_Media_Activity_PB_2018.zzz_unzipped-U_PROCUREMENT_MasterJustificationBook_Defense_Media_Activity_PB_2018.xml
----------------------
<Writing ./2-jbook-json/2018-BASE_PROCUREMENT-2018-DEFENSE_DMACT-U_PROCUREMENT_MasterJustificationBook_Defense_Media_Activity_PB_2018.zzz_unzipped-U_PROCUREMENT_MasterJustificationBook_Defense_Media_Activity_PB_2018.json>
----------------------
[41/95]
FILEPATH = ./1-jbook-xml/2018-BASE_PROCUREMENT-2018-DEFENSE_DODEA-U_PROCUREMENT_JustificationBook_Department_of_Defense_Education_Activity_PB_2018.zzz_unzipped-U_PROCUREMENT_JustificationBook_Department_of_Defense_Education_Activity_PB_2018.xml
FILESIZE = 7183
YEAR = 2018
JBOOK_TYPE = JustificationBook
@recordid = 6aeaea9c063fff03278007d8fd17f372a78675ab02e06a17082e0c4c10e7700b
@doctype = 2018-BASE_PROCUREMENT-JUSTIFICATIONBOOK
@filename = 2018-BASE_PROCUREMENT-2018-DEFENSE_DODEA-U_PROCUREMENT_JustificationBook_Department_of_Defense_Education_Activity_PB_2018.zzz_unzipped-U_PROCUREMENT_JustificationBook_Department_of_Defense_Education_Activity_PB_2018.xml
----------------------
<Writing ./2-jbook-json/2018-BASE_PROCUREMENT-2018-DEFENSE_DODEA-U_PROCUREMENT_JustificationBook_Department_of_Defense_Education_Activity_PB_2018.zzz_unzipped-U_PROCUREMENT_JustificationBook_Department_of_Defense_Education_Activity_PB_2018.json>
----------------------
[42/95]
FILEPATH = ./1-jbook-xml/2018-BASE_PROCUREMENT-2018-DEFENSE_DODEA-U_PROCUREMENT_MasterJustificationBook_Department_of_Defense_Education_Activity_PB_2018.zzz_unzipped-U_PROCUREMENT_MasterJustificationBook_Department_of_Defense_Education_Activity_PB_2018.xml
FILESIZE = 13298
YEAR = 2018
JBOOK_TYPE = MasterJustificationBook
@recordid = 9d50e072baf3dc1337f01f03c2d8fce3867b76fde4473ff67d6271180bb8f810
@doctype = 2018-BASE_PROCUREMENT-MASTERJUSTIFICATIONBOOK
@filename = 2018-BASE_PROCUREMENT-2018-DEFENSE_DODEA-U_PROCUREMENT_MasterJustificationBook_Department_of_Defense_Education_Activity_PB_2018.zzz_unzipped-U_PROCUREMENT_MasterJustificationBook_Department_of_Defense_Education_Activity_PB_2018.xml
----------------------
<Writing ./2-jbook-json/2018-BASE_PROCUREMENT-2018-DEFENSE_DODEA-U_PROCUREMENT_MasterJustificationBook_Department_of_Defense_Education_Activity_PB_2018.zzz_unzipped-U_PROCUREMENT_MasterJustificationBook_Department_of_Defense_Education_Activity_PB_2018.json>
----------------------
[43/95]
FILEPATH = ./1-jbook-xml/2018-BASE_PROCUREMENT-2018-DEFENSE_DPAA-U_PROCUREMENT_JustificationBook_Defense_POW_MIA_Accounting_Agency_PB_2018.zzz_unzipped-U_PROCUREMENT_JustificationBook_Defense_POW_MIA_Accounting_Agency_PB_2018.xml
FILESIZE = 5315
YEAR = 2018
JBOOK_TYPE = JustificationBook
@recordid = 9e8622ee026b9472f2770020524031a53eeeb9f085ed77eb305cb8263bed9c52
@doctype = 2018-BASE_PROCUREMENT-JUSTIFICATIONBOOK
@filename = 2018-BASE_PROCUREMENT-2018-DEFENSE_DPAA-U_PROCUREMENT_JustificationBook_Defense_POW_MIA_Accounting_Agency_PB_2018.zzz_unzipped-U_PROCUREMENT_JustificationBook_Defense_POW_MIA_Accounting_Agency_PB_2018.xml
----------------------
<Writing ./2-jbook-json/2018-BASE_PROCUREMENT-2018-DEFENSE_DPAA-U_PROCUREMENT_JustificationBook_Defense_POW_MIA_Accounting_Agency_PB_2018.zzz_unzipped-U_PROCUREMENT_JustificationBook_Defense_POW_MIA_Accounting_Agency_PB_2018.json>
----------------------
[44/95]
FILEPATH = ./1-jbook-xml/2018-BASE_PROCUREMENT-2018-DEFENSE_DPAA-U_PROCUREMENT_MasterJustificationBook_Defense_POW_MIA_Accounting_Agency_PB_2018.zzz_unzipped-U_PROCUREMENT_MasterJustificationBook_Defense_POW_MIA_Accounting_Agency_PB_2018.xml
FILESIZE = 11130
YEAR = 2018
JBOOK_TYPE = MasterJustificationBook
@recordid = 6cde053099cc86cb89bcfc3420f1c07e4261cf9e91656118a2b59bfe0f04ad29
@doctype = 2018-BASE_PROCUREMENT-MASTERJUSTIFICATIONBOOK
@filename = 2018-BASE_PROCUREMENT-2018-DEFENSE_DPAA-U_PROCUREMENT_MasterJustificationBook_Defense_POW_MIA_Accounting_Agency_PB_2018.zzz_unzipped-U_PROCUREMENT_MasterJustificationBook_Defense_POW_MIA_Accounting_Agency_PB_2018.xml
----------------------
<Writing ./2-jbook-json/2018-BASE_PROCUREMENT-2018-DEFENSE_DPAA-U_PROCUREMENT_MasterJustificationBook_Defense_POW_MIA_Accounting_Agency_PB_2018.zzz_unzipped-U_PROCUREMENT_MasterJustificationBook_Defense_POW_MIA_Accounting_Agency_PB_2018.json>
----------------------
[45/95]
FILEPATH = ./1-jbook-xml/2018-BASE_PROCUREMENT-2018-DEFENSE_DPAP-U_PROCUREMENT_JustificationBook_Office_of_the_Secretary_Of_Defense_PB_2018.zzz_unzipped-U_PROCUREMENT_JustificationBook_Office_of_the_Secretary_Of_Defense_PB_2018.xml
FILESIZE = 45471
YEAR = 2018
JBOOK_TYPE = JustificationBook
@recordid = 0819718e2e2de09b8504091f79ef6bba6f20e2f58b0b573388b20ea211df5438
@doctype = 2018-BASE_PROCUREMENT-JUSTIFICATIONBOOK
@filename = 2018-BASE_PROCUREMENT-2018-DEFENSE_DPAP-U_PROCUREMENT_JustificationBook_Office_of_the_Secretary_Of_Defense_PB_2018.zzz_unzipped-U_PROCUREMENT_JustificationBook_Office_of_the_Secretary_Of_Defense_PB_2018.xml
----------------------
<Writing ./2-jbook-json/2018-BASE_PROCUREMENT-2018-DEFENSE_DPAP-U_PROCUREMENT_JustificationBook_Office_of_the_Secretary_Of_Defense_PB_2018.zzz_unzipped-U_PROCUREMENT_JustificationBook_Office_of_the_Secretary_Of_Defense_PB_2018.json>
----------------------
[46/95]
FILEPATH = ./1-jbook-xml/2018-BASE_PROCUREMENT-2018-DEFENSE_DPAP-U_PROCUREMENT_MasterJustificationBook_Office_of_the_Secretary_Of_Defense_PB_2018.zzz_unzipped-U_PROCUREMENT_MasterJustificationBook_Office_of_the_Secretary_Of_Defense_PB_2018.xml
FILESIZE = 56998
YEAR = 2018
JBOOK_TYPE = MasterJustificationBook
@recordid = 62c81d2e22ab4d19a9f9e34136c8552d449018bb9cba80b076a96884fa70d7db
@doctype = 2018-BASE_PROCUREMENT-MASTERJUSTIFICATIONBOOK
@filename = 2018-BASE_PROCUREMENT-2018-DEFENSE_DPAP-U_PROCUREMENT_MasterJustificationBook_Office_of_the_Secretary_Of_Defense_PB_2018.zzz_unzipped-U_PROCUREMENT_MasterJustificationBook_Office_of_the_Secretary_Of_Defense_PB_2018.xml
----------------------
<Writing ./2-jbook-json/2018-BASE_PROCUREMENT-2018-DEFENSE_DPAP-U_PROCUREMENT_MasterJustificationBook_Office_of_the_Secretary_Of_Defense_PB_2018.zzz_unzipped-U_PROCUREMENT_MasterJustificationBook_Office_of_the_Secretary_Of_Defense_PB_2018.json>
----------------------
[47/95]
FILEPATH = ./1-jbook-xml/2018-BASE_PROCUREMENT-2018-DEFENSE_DSS-U_PROCUREMENT_JustificationBook_Defense_Security_Service_PB_2018.zzz_unzipped-U_PROCUREMENT_JustificationBook_Defense_Security_Service_PB_2018.xml
FILESIZE = 8588
YEAR = 2018
JBOOK_TYPE = JustificationBook
@recordid = 5faf6c539bd9f9ed9c09e83cd0d564c22771f6abe8d22ff66cac68c7569200f7
@doctype = 2018-BASE_PROCUREMENT-JUSTIFICATIONBOOK
@filename = 2018-BASE_PROCUREMENT-2018-DEFENSE_DSS-U_PROCUREMENT_JustificationBook_Defense_Security_Service_PB_2018.zzz_unzipped-U_PROCUREMENT_JustificationBook_Defense_Security_Service_PB_2018.xml
----------------------
<Writing ./2-jbook-json/2018-BASE_PROCUREMENT-2018-DEFENSE_DSS-U_PROCUREMENT_JustificationBook_Defense_Security_Service_PB_2018.zzz_unzipped-U_PROCUREMENT_JustificationBook_Defense_Security_Service_PB_2018.json>
----------------------
[48/95]
FILEPATH = ./1-jbook-xml/2018-BASE_PROCUREMENT-2018-DEFENSE_DSS-U_PROCUREMENT_MasterJustificationBook_Defense_Security_Service_PB_2018.zzz_unzipped-U_PROCUREMENT_MasterJustificationBook_Defense_Security_Service_PB_2018.xml
FILESIZE = 14655
YEAR = 2018
JBOOK_TYPE = MasterJustificationBook
@recordid = 4611378043343ef61a5e4a8707675f90c16b4236f0c69ea77ac7becbd29ce471
@doctype = 2018-BASE_PROCUREMENT-MASTERJUSTIFICATIONBOOK
@filename = 2018-BASE_PROCUREMENT-2018-DEFENSE_DSS-U_PROCUREMENT_MasterJustificationBook_Defense_Security_Service_PB_2018.zzz_unzipped-U_PROCUREMENT_MasterJustificationBook_Defense_Security_Service_PB_2018.xml
----------------------
<Writing ./2-jbook-json/2018-BASE_PROCUREMENT-2018-DEFENSE_DSS-U_PROCUREMENT_MasterJustificationBook_Defense_Security_Service_PB_2018.zzz_unzipped-U_PROCUREMENT_MasterJustificationBook_Defense_Security_Service_PB_2018.json>
----------------------
[49/95]
FILEPATH = ./1-jbook-xml/2018-BASE_PROCUREMENT-2018-DEFENSE_DTRA-U_PROCUREMENT_JustificationBook_Defense_Threat_Reduction_Agency_PB_2018.zzz_unzipped-U_PROCUREMENT_JustificationBook_Defense_Threat_Reduction_Agency_PB_2018.xml
FILESIZE = 13565
YEAR = 2018
JBOOK_TYPE = JustificationBook
@recordid = f4c4b1b58b18b9c37dc4c23da78ef9e2132cb2fa04521f6b52f0e0605dd1d2a4
@doctype = 2018-BASE_PROCUREMENT-JUSTIFICATIONBOOK
@filename = 2018-BASE_PROCUREMENT-2018-DEFENSE_DTRA-U_PROCUREMENT_JustificationBook_Defense_Threat_Reduction_Agency_PB_2018.zzz_unzipped-U_PROCUREMENT_JustificationBook_Defense_Threat_Reduction_Agency_PB_2018.xml
----------------------
<Writing ./2-jbook-json/2018-BASE_PROCUREMENT-2018-DEFENSE_DTRA-U_PROCUREMENT_JustificationBook_Defense_Threat_Reduction_Agency_PB_2018.zzz_unzipped-U_PROCUREMENT_JustificationBook_Defense_Threat_Reduction_Agency_PB_2018.json>
----------------------
[50/95]
FILEPATH = ./1-jbook-xml/2018-BASE_PROCUREMENT-2018-DEFENSE_DTRA-U_PROCUREMENT_MasterJustificationBook_Defense_Threat_Reduction_Agency_PB_2018.zzz_unzipped-U_PROCUREMENT_MasterJustificationBook_Defense_Threat_Reduction_Agency_PB_2018.xml
FILESIZE = 21133
YEAR = 2018
JBOOK_TYPE = MasterJustificationBook
@recordid = 096c1483006bda142416187e5d3c2873f7a4d7a227a00334f3efcc942962cf18
@doctype = 2018-BASE_PROCUREMENT-MASTERJUSTIFICATIONBOOK
@filename = 2018-BASE_PROCUREMENT-2018-DEFENSE_DTRA-U_PROCUREMENT_MasterJustificationBook_Defense_Threat_Reduction_Agency_PB_2018.zzz_unzipped-U_PROCUREMENT_MasterJustificationBook_Defense_Threat_Reduction_Agency_PB_2018.xml
----------------------
<Writing ./2-jbook-json/2018-BASE_PROCUREMENT-2018-DEFENSE_DTRA-U_PROCUREMENT_MasterJustificationBook_Defense_Threat_Reduction_Agency_PB_2018.zzz_unzipped-U_PROCUREMENT_MasterJustificationBook_Defense_Threat_Reduction_Agency_PB_2018.json>
----------------------
[51/95]
FILEPATH = ./1-jbook-xml/2018-BASE_PROCUREMENT-2018-DEFENSE_JIDO-U_PROCUREMENT_JustificationBook_Defense_Threat_Reduction_Agency_PB_2018.zzz_unzipped-U_PROCUREMENT_JustificationBook_Defense_Threat_Reduction_Agency_PB_2018.xml
FILESIZE = 27812
YEAR = 2018
JBOOK_TYPE = JustificationBook
@recordid = abb963a9decf73cff79ae60ec26b7b4ffda01b87ac3030bb1774820cbbc3f03d
@doctype = 2018-BASE_PROCUREMENT-JUSTIFICATIONBOOK
@filename = 2018-BASE_PROCUREMENT-2018-DEFENSE_JIDO-U_PROCUREMENT_JustificationBook_Defense_Threat_Reduction_Agency_PB_2018.zzz_unzipped-U_PROCUREMENT_JustificationBook_Defense_Threat_Reduction_Agency_PB_2018.xml
----------------------
<Writing ./2-jbook-json/2018-BASE_PROCUREMENT-2018-DEFENSE_JIDO-U_PROCUREMENT_JustificationBook_Defense_Threat_Reduction_Agency_PB_2018.zzz_unzipped-U_PROCUREMENT_JustificationBook_Defense_Threat_Reduction_Agency_PB_2018.json>
----------------------
[52/95]
FILEPATH = ./1-jbook-xml/2018-BASE_PROCUREMENT-2018-DEFENSE_JIDO-U_PROCUREMENT_MasterJustificationBook_Defense_Threat_Reduction_Agency_PB_2018.zzz_unzipped-U_PROCUREMENT_MasterJustificationBook_Defense_Threat_Reduction_Agency_PB_2018.xml
FILESIZE = 35871
YEAR = 2018
JBOOK_TYPE = MasterJustificationBook
@recordid = 044548ed97dca45cdca9ffd8f5f4c788b0f33aa3348957c689f676152590c26a
@doctype = 2018-BASE_PROCUREMENT-MASTERJUSTIFICATIONBOOK
@filename = 2018-BASE_PROCUREMENT-2018-DEFENSE_JIDO-U_PROCUREMENT_MasterJustificationBook_Defense_Threat_Reduction_Agency_PB_2018.zzz_unzipped-U_PROCUREMENT_MasterJustificationBook_Defense_Threat_Reduction_Agency_PB_2018.xml
----------------------
<Writing ./2-jbook-json/2018-BASE_PROCUREMENT-2018-DEFENSE_JIDO-U_PROCUREMENT_MasterJustificationBook_Defense_Threat_Reduction_Agency_PB_2018.zzz_unzipped-U_PROCUREMENT_MasterJustificationBook_Defense_Threat_Reduction_Agency_PB_2018.json>
----------------------
[53/95]
FILEPATH = ./1-jbook-xml/2018-BASE_PROCUREMENT-2018-DEFENSE_JUONF-U_PROCUREMENT_JustificationBook_Joint_Urgent_Operational_Needs_Fund_PB_2018.zzz_unzipped-U_PROCUREMENT_JustificationBook_Joint_Urgent_Operational_Needs_Fund_PB_2018.xml
FILESIZE = 7818
YEAR = 2018
JBOOK_TYPE = JustificationBook
@recordid = e9d9860062556a06c91da1d3b97402571d2221c268f1abba3a57075fb447e518
@doctype = 2018-BASE_PROCUREMENT-JUSTIFICATIONBOOK
@filename = 2018-BASE_PROCUREMENT-2018-DEFENSE_JUONF-U_PROCUREMENT_JustificationBook_Joint_Urgent_Operational_Needs_Fund_PB_2018.zzz_unzipped-U_PROCUREMENT_JustificationBook_Joint_Urgent_Operational_Needs_Fund_PB_2018.xml
----------------------
<Writing ./2-jbook-json/2018-BASE_PROCUREMENT-2018-DEFENSE_JUONF-U_PROCUREMENT_JustificationBook_Joint_Urgent_Operational_Needs_Fund_PB_2018.zzz_unzipped-U_PROCUREMENT_JustificationBook_Joint_Urgent_Operational_Needs_Fund_PB_2018.json>
----------------------
[54/95]
FILEPATH = ./1-jbook-xml/2018-BASE_PROCUREMENT-2018-DEFENSE_JUONF-U_PROCUREMENT_MasterJustificationBook_Joint_Urgent_Operational_Needs_Fund_PB_2018.zzz_unzipped-U_PROCUREMENT_MasterJustificationBook_Joint_Urgent_Operational_Needs_Fund_PB_2018.xml
FILESIZE = 13925
YEAR = 2018
JBOOK_TYPE = MasterJustificationBook
@recordid = b1aa1e6f10921bdb4682cd8ac69b7b44a7219c7d3a5a9d661d0f59587f79c93d
@doctype = 2018-BASE_PROCUREMENT-MASTERJUSTIFICATIONBOOK
@filename = 2018-BASE_PROCUREMENT-2018-DEFENSE_JUONF-U_PROCUREMENT_MasterJustificationBook_Joint_Urgent_Operational_Needs_Fund_PB_2018.zzz_unzipped-U_PROCUREMENT_MasterJustificationBook_Joint_Urgent_Operational_Needs_Fund_PB_2018.xml
----------------------
<Writing ./2-jbook-json/2018-BASE_PROCUREMENT-2018-DEFENSE_JUONF-U_PROCUREMENT_MasterJustificationBook_Joint_Urgent_Operational_Needs_Fund_PB_2018.zzz_unzipped-U_PROCUREMENT_MasterJustificationBook_Joint_Urgent_Operational_Needs_Fund_PB_2018.json>
----------------------
[55/95]
FILEPATH = ./1-jbook-xml/2018-BASE_PROCUREMENT-2018-DEFENSE_MDA_VOL2-U_PROCUREMENT_JustificationBook_Missile_Defense_Agency_PB_2018.zzz_unzipped-U_PROCUREMENT_JustificationBook_Missile_Defense_Agency_PB_2018.xml
FILESIZE = 439621
YEAR = 2018
JBOOK_TYPE = JustificationBook
@recordid = 547b130ea63e2c4226969201d3dcddddb568f9cb8c5e4a515197652f20e40b1d
@doctype = 2018-BASE_PROCUREMENT-JUSTIFICATIONBOOK
@filename = 2018-BASE_PROCUREMENT-2018-DEFENSE_MDA_VOL2-U_PROCUREMENT_JustificationBook_Missile_Defense_Agency_PB_2018.zzz_unzipped-U_PROCUREMENT_JustificationBook_Missile_Defense_Agency_PB_2018.xml
----------------------
<Writing ./2-jbook-json/2018-BASE_PROCUREMENT-2018-DEFENSE_MDA_VOL2-U_PROCUREMENT_JustificationBook_Missile_Defense_Agency_PB_2018.zzz_unzipped-U_PROCUREMENT_JustificationBook_Missile_Defense_Agency_PB_2018.json>
----------------------
[56/95]
FILEPATH = ./1-jbook-xml/2018-BASE_PROCUREMENT-2018-DEFENSE_MDA_VOL2-U_PROCUREMENT_MasterJustificationBook_Missile_Defense_Agency_PB_2018.zzz_unzipped-U_PROCUREMENT_MasterJustificationBook_Missile_Defense_Agency_PB_2018.xml
FILESIZE = 544569
YEAR = 2018
JBOOK_TYPE = MasterJustificationBook
@recordid = 485ad14938aaf0b150c25916a30d54a96fe71ab16ed92b8c1890e9f1adcdaf01
@doctype = 2018-BASE_PROCUREMENT-MASTERJUSTIFICATIONBOOK
@filename = 2018-BASE_PROCUREMENT-2018-DEFENSE_MDA_VOL2-U_PROCUREMENT_MasterJustificationBook_Missile_Defense_Agency_PB_2018.zzz_unzipped-U_PROCUREMENT_MasterJustificationBook_Missile_Defense_Agency_PB_2018.xml
----------------------
<Writing ./2-jbook-json/2018-BASE_PROCUREMENT-2018-DEFENSE_MDA_VOL2-U_PROCUREMENT_MasterJustificationBook_Missile_Defense_Agency_PB_2018.zzz_unzipped-U_PROCUREMENT_MasterJustificationBook_Missile_Defense_Agency_PB_2018.json>
----------------------
[57/95]
FILEPATH = ./1-jbook-xml/2018-BASE_PROCUREMENT-2018-DEFENSE_MDA_VOL2-U_RDTE_JustificationBook_Missile_Defense_Agency_PB_2018.zzz_unzipped-U_RDTE_JustificationBook_Missile_Defense_Agency_PB_2018.xml
FILESIZE = 4910393
YEAR = 2018
JBOOK_TYPE = JustificationBook
@recordid = ecb599f298355e00e598f803f2d210c3bb32a52ac3f448eb2765e4feeff6ff48
@doctype = 2018-BASE_PROCUREMENT-JUSTIFICATIONBOOK
@filename = 2018-BASE_PROCUREMENT-2018-DEFENSE_MDA_VOL2-U_RDTE_JustificationBook_Missile_Defense_Agency_PB_2018.zzz_unzipped-U_RDTE_JustificationBook_Missile_Defense_Agency_PB_2018.xml
----------------------
<NOTICE: XML->JSON file exists - created 2019-10-11T09:07:41+00:00>
<SKIPPING XML->JSON: xml has already been converted since last jbookArrayPaths update>
----------------------
[58/95]
FILEPATH = ./1-jbook-xml/2018-BASE_PROCUREMENT-2018-DEFENSE_MDA_VOL2-U_RDTE_MasterJustificationBook_Missile_Defense_Agency_PB_2018.zzz_unzipped-U_RDTE_MasterJustificationBook_Missile_Defense_Agency_PB_2018.xml
FILESIZE = 6160560
YEAR = 2018
JBOOK_TYPE = MasterJustificationBook
@recordid = 8c1eaf5967c59856025b07e7d6babc7dab6223a7b48c27420216b0f6cedc489b
@doctype = 2018-BASE_PROCUREMENT-MASTERJUSTIFICATIONBOOK
@filename = 2018-BASE_PROCUREMENT-2018-DEFENSE_MDA_VOL2-U_RDTE_MasterJustificationBook_Missile_Defense_Agency_PB_2018.zzz_unzipped-U_RDTE_MasterJustificationBook_Missile_Defense_Agency_PB_2018.xml
----------------------
<NOTICE: XML->JSON file exists - created 2019-10-11T09:17:16+00:00>
<SKIPPING XML->JSON: xml has already been converted since last jbookArrayPaths update>
----------------------
[59/95]
FILEPATH = ./1-jbook-xml/2018-BASE_PROCUREMENT-2018-DEFENSE_OSD-U_PROCUREMENT_JustificationBook_Office_of_the_Secretary_Of_Defense_PB_2018.zzz_unzipped-U_PROCUREMENT_JustificationBook_Office_of_the_Secretary_Of_Defense_PB_2018.xml
FILESIZE = 131344
YEAR = 2018
JBOOK_TYPE = JustificationBook
@recordid = 23be6f8b5929a4466420cfe649ddb0cdee1342d754f579cb44fd00f0267fb552
@doctype = 2018-BASE_PROCUREMENT-JUSTIFICATIONBOOK
@filename = 2018-BASE_PROCUREMENT-2018-DEFENSE_OSD-U_PROCUREMENT_JustificationBook_Office_of_the_Secretary_Of_Defense_PB_2018.zzz_unzipped-U_PROCUREMENT_JustificationBook_Office_of_the_Secretary_Of_Defense_PB_2018.xml
----------------------
<Writing ./2-jbook-json/2018-BASE_PROCUREMENT-2018-DEFENSE_OSD-U_PROCUREMENT_JustificationBook_Office_of_the_Secretary_Of_Defense_PB_2018.zzz_unzipped-U_PROCUREMENT_JustificationBook_Office_of_the_Secretary_Of_Defense_PB_2018.json>
----------------------
[60/95]
FILEPATH = ./1-jbook-xml/2018-BASE_PROCUREMENT-2018-DEFENSE_OSD-U_PROCUREMENT_MasterJustificationBook_Office_of_the_Secretary_Of_Defense_PB_2018.zzz_unzipped-U_PROCUREMENT_MasterJustificationBook_Office_of_the_Secretary_Of_Defense_PB_2018.xml
FILESIZE = 167707
YEAR = 2018
JBOOK_TYPE = MasterJustificationBook
@recordid = b007287e25bd1481695beade5e4ec8f25d48e7f367b9ec5fc765e73fff14a6db
@doctype = 2018-BASE_PROCUREMENT-MASTERJUSTIFICATIONBOOK
@filename = 2018-BASE_PROCUREMENT-2018-DEFENSE_OSD-U_PROCUREMENT_MasterJustificationBook_Office_of_the_Secretary_Of_Defense_PB_2018.zzz_unzipped-U_PROCUREMENT_MasterJustificationBook_Office_of_the_Secretary_Of_Defense_PB_2018.xml
----------------------
<Writing ./2-jbook-json/2018-BASE_PROCUREMENT-2018-DEFENSE_OSD-U_PROCUREMENT_MasterJustificationBook_Office_of_the_Secretary_Of_Defense_PB_2018.zzz_unzipped-U_PROCUREMENT_MasterJustificationBook_Office_of_the_Secretary_Of_Defense_PB_2018.json>
----------------------
[61/95]
FILEPATH = ./1-jbook-xml/2018-BASE_PROCUREMENT-2018-DEFENSE_SOCOM-U_PROCUREMENT_JustificationBook_United_States_Special_Operations_Command_PB_2018.zzz_unzipped-U_PROCUREMENT_JustificationBook_United_States_Special_Operations_Command_PB_2018.xml
FILESIZE = 1006354
YEAR = 2018
JBOOK_TYPE = JustificationBook
@recordid = e923ed6df0e3b8d694f9cf4e081a77660f79980aaa779a7177d60f27472dca34
@doctype = 2018-BASE_PROCUREMENT-JUSTIFICATIONBOOK
@filename = 2018-BASE_PROCUREMENT-2018-DEFENSE_SOCOM-U_PROCUREMENT_JustificationBook_United_States_Special_Operations_Command_PB_2018.zzz_unzipped-U_PROCUREMENT_JustificationBook_United_States_Special_Operations_Command_PB_2018.xml
----------------------
<Writing ./2-jbook-json/2018-BASE_PROCUREMENT-2018-DEFENSE_SOCOM-U_PROCUREMENT_JustificationBook_United_States_Special_Operations_Command_PB_2018.zzz_unzipped-U_PROCUREMENT_JustificationBook_United_States_Special_Operations_Command_PB_2018.json>
----------------------
[62/95]
FILEPATH = ./1-jbook-xml/2018-BASE_PROCUREMENT-2018-DEFENSE_SOCOM-U_PROCUREMENT_MasterJustificationBook_United_States_Special_Operations_Command_PB_2018.zzz_unzipped-U_PROCUREMENT_MasterJustificationBook_United_States_Special_Operations_Command_PB_2018.xml
FILESIZE = 1274163
YEAR = 2018
JBOOK_TYPE = MasterJustificationBook
@recordid = 9ca15228bb661207c5ee068732010e936a72a3c07d92d7eb16d5f122450f6a56
@doctype = 2018-BASE_PROCUREMENT-MASTERJUSTIFICATIONBOOK
@filename = 2018-BASE_PROCUREMENT-2018-DEFENSE_SOCOM-U_PROCUREMENT_MasterJustificationBook_United_States_Special_Operations_Command_PB_2018.zzz_unzipped-U_PROCUREMENT_MasterJustificationBook_United_States_Special_Operations_Command_PB_2018.xml
----------------------
<Writing ./2-jbook-json/2018-BASE_PROCUREMENT-2018-DEFENSE_SOCOM-U_PROCUREMENT_MasterJustificationBook_United_States_Special_Operations_Command_PB_2018.zzz_unzipped-U_PROCUREMENT_MasterJustificationBook_United_States_Special_Operations_Command_PB_2018.json>
----------------------
[63/95]
FILEPATH = ./1-jbook-xml/2018-BASE_PROCUREMENT-2018-DEFENSE_TJS-U_PROCUREMENT_JustificationBook_The_Joint_Staff_PB_2018.zzz_unzipped-U_PROCUREMENT_JustificationBook_The_Joint_Staff_PB_2018.xml
FILESIZE = 32042
YEAR = 2018
JBOOK_TYPE = JustificationBook
@recordid = b31daedc89ff84ee6b3a7664bc9e4bcdb82b0287f224adda5075ca4816ad406e
@doctype = 2018-BASE_PROCUREMENT-JUSTIFICATIONBOOK
@filename = 2018-BASE_PROCUREMENT-2018-DEFENSE_TJS-U_PROCUREMENT_JustificationBook_The_Joint_Staff_PB_2018.zzz_unzipped-U_PROCUREMENT_JustificationBook_The_Joint_Staff_PB_2018.xml
----------------------
<Writing ./2-jbook-json/2018-BASE_PROCUREMENT-2018-DEFENSE_TJS-U_PROCUREMENT_JustificationBook_The_Joint_Staff_PB_2018.zzz_unzipped-U_PROCUREMENT_JustificationBook_The_Joint_Staff_PB_2018.json>
----------------------
[64/95]
FILEPATH = ./1-jbook-xml/2018-BASE_PROCUREMENT-2018-DEFENSE_TJS-U_PROCUREMENT_MasterJustificationBook_The_Joint_Staff_PB_2018.zzz_unzipped-U_PROCUREMENT_MasterJustificationBook_The_Joint_Staff_PB_2018.xml
FILESIZE = 39323
YEAR = 2018
JBOOK_TYPE = MasterJustificationBook
@recordid = e8ae7aa29942ff2183faddcc8aa60885b0218219a896d8e2dbe802252d62b545
@doctype = 2018-BASE_PROCUREMENT-MASTERJUSTIFICATIONBOOK
@filename = 2018-BASE_PROCUREMENT-2018-DEFENSE_TJS-U_PROCUREMENT_MasterJustificationBook_The_Joint_Staff_PB_2018.zzz_unzipped-U_PROCUREMENT_MasterJustificationBook_The_Joint_Staff_PB_2018.xml
----------------------
<Writing ./2-jbook-json/2018-BASE_PROCUREMENT-2018-DEFENSE_TJS-U_PROCUREMENT_MasterJustificationBook_The_Joint_Staff_PB_2018.zzz_unzipped-U_PROCUREMENT_MasterJustificationBook_The_Joint_Staff_PB_2018.json>
----------------------
[65/95]
FILEPATH = ./1-jbook-xml/2018-BASE_PROCUREMENT-2018-DEFENSE_VOL1_ALL-U_PROCUREMENT_MasterJustificationBook_Defense-Wide_PB_2018.zzz_unzipped-U_PROCUREMENT_MasterJustificationBook_Defense-Wide_PB_2018.xml
FILESIZE = 3304540
YEAR = 2018
JBOOK_TYPE = MasterJustificationBook
@recordid = f493bd49acb663123319abf9e9622e7af0a48001ec2f966bf479cfd2f59006dd
@doctype = 2018-BASE_PROCUREMENT-MASTERJUSTIFICATIONBOOK
@filename = 2018-BASE_PROCUREMENT-2018-DEFENSE_VOL1_ALL-U_PROCUREMENT_MasterJustificationBook_Defense-Wide_PB_2018.zzz_unzipped-U_PROCUREMENT_MasterJustificationBook_Defense-Wide_PB_2018.xml
----------------------
<Writing ./2-jbook-json/2018-BASE_PROCUREMENT-2018-DEFENSE_VOL1_ALL-U_PROCUREMENT_MasterJustificationBook_Defense-Wide_PB_2018.zzz_unzipped-U_PROCUREMENT_MasterJustificationBook_Defense-Wide_PB_2018.json>
----------------------
[66/95]
FILEPATH = ./1-jbook-xml/2018-BASE_PROCUREMENT-2018-DEFENSE_WHS-U_PROCUREMENT_JustificationBook_Washington_Headquarters_Service_PB_2018.zzz_unzipped-U_PROCUREMENT_JustificationBook_Washington_Headquarters_Service_PB_2018.xml
FILESIZE = 10056
YEAR = 2018
JBOOK_TYPE = JustificationBook
@recordid = e853ad2a7f2279ef7e034b1ceea77e383654b3270e3beb4340ad4e240297781d
@doctype = 2018-BASE_PROCUREMENT-JUSTIFICATIONBOOK
@filename = 2018-BASE_PROCUREMENT-2018-DEFENSE_WHS-U_PROCUREMENT_JustificationBook_Washington_Headquarters_Service_PB_2018.zzz_unzipped-U_PROCUREMENT_JustificationBook_Washington_Headquarters_Service_PB_2018.xml
----------------------
<Writing ./2-jbook-json/2018-BASE_PROCUREMENT-2018-DEFENSE_WHS-U_PROCUREMENT_JustificationBook_Washington_Headquarters_Service_PB_2018.zzz_unzipped-U_PROCUREMENT_JustificationBook_Washington_Headquarters_Service_PB_2018.json>
----------------------
[67/95]
FILEPATH = ./1-jbook-xml/2018-BASE_PROCUREMENT-2018-DEFENSE_WHS-U_PROCUREMENT_MasterJustificationBook_Washington_Headquarters_Service_PB_2018.zzz_unzipped-U_PROCUREMENT_MasterJustificationBook_Washington_Headquarters_Service_PB_2018.xml
FILESIZE = 16156
YEAR = 2018
JBOOK_TYPE = MasterJustificationBook
@recordid = 1e58e1aac9cccfe96a1fbb6e68367e64b94da930c1745a594da40b8cc98223cb
@doctype = 2018-BASE_PROCUREMENT-MASTERJUSTIFICATIONBOOK
@filename = 2018-BASE_PROCUREMENT-2018-DEFENSE_WHS-U_PROCUREMENT_MasterJustificationBook_Washington_Headquarters_Service_PB_2018.zzz_unzipped-U_PROCUREMENT_MasterJustificationBook_Washington_Headquarters_Service_PB_2018.xml
----------------------
<Writing ./2-jbook-json/2018-BASE_PROCUREMENT-2018-DEFENSE_WHS-U_PROCUREMENT_MasterJustificationBook_Washington_Headquarters_Service_PB_2018.zzz_unzipped-U_PROCUREMENT_MasterJustificationBook_Washington_Headquarters_Service_PB_2018.json>
----------------------
[68/95]
FILEPATH = ./1-jbook-xml/2018-BASE_PROCUREMENT-2018-NAVY_AIRCRAFT_BA1-4-U_PROCUREMENT_JustificationBook_Navy_PB_2018.zzz_unzipped-U_PROCUREMENT_JustificationBook_Navy_PB_2018.xml
FILESIZE = 952195
YEAR = 2018
JBOOK_TYPE = JustificationBook
@recordid = 2e24851af37d7c6db66e6004c51df59d7cf37d54e30c3a1b7eb416e71ff7237d
@doctype = 2018-BASE_PROCUREMENT-JUSTIFICATIONBOOK
@filename = 2018-BASE_PROCUREMENT-2018-NAVY_AIRCRAFT_BA1-4-U_PROCUREMENT_JustificationBook_Navy_PB_2018.zzz_unzipped-U_PROCUREMENT_JustificationBook_Navy_PB_2018.xml
----------------------
<Writing ./2-jbook-json/2018-BASE_PROCUREMENT-2018-NAVY_AIRCRAFT_BA1-4-U_PROCUREMENT_JustificationBook_Navy_PB_2018.zzz_unzipped-U_PROCUREMENT_JustificationBook_Navy_PB_2018.json>
----------------------
[69/95]
FILEPATH = ./1-jbook-xml/2018-BASE_PROCUREMENT-2018-NAVY_AIRCRAFT_BA1-4-U_PROCUREMENT_MasterJustificationBook_Navy_PB_2018.zzz_unzipped-U_PROCUREMENT_MasterJustificationBook_Navy_PB_2018.xml
FILESIZE = 7909931
YEAR = 2018
JBOOK_TYPE = MasterJustificationBook
@recordid = 5ea2f438963948473b8daff67b53c95cecd8858bfe37150609ec53575abaa4df
@doctype = 2018-BASE_PROCUREMENT-MASTERJUSTIFICATIONBOOK
@filename = 2018-BASE_PROCUREMENT-2018-NAVY_AIRCRAFT_BA1-4-U_PROCUREMENT_MasterJustificationBook_Navy_PB_2018.zzz_unzipped-U_PROCUREMENT_MasterJustificationBook_Navy_PB_2018.xml
----------------------
<Writing ./2-jbook-json/2018-BASE_PROCUREMENT-2018-NAVY_AIRCRAFT_BA1-4-U_PROCUREMENT_MasterJustificationBook_Navy_PB_2018.zzz_unzipped-U_PROCUREMENT_MasterJustificationBook_Navy_PB_2018.json>
----------------------
[70/95]
FILEPATH = ./1-jbook-xml/2018-BASE_PROCUREMENT-2018-NAVY_AIRCRAFT_BA5-U_PROCUREMENT_JustificationBook_Navy_PB_2018.zzz_unzipped-U_PROCUREMENT_JustificationBook_Navy_PB_2018.xml
FILESIZE = 4903108
YEAR = 2018
JBOOK_TYPE = JustificationBook
@recordid = 6b84660a3afdd74523a47761c6796f2d03f3a1cbff431f1e49e2e63a45440bda
@doctype = 2018-BASE_PROCUREMENT-JUSTIFICATIONBOOK
@filename = 2018-BASE_PROCUREMENT-2018-NAVY_AIRCRAFT_BA5-U_PROCUREMENT_JustificationBook_Navy_PB_2018.zzz_unzipped-U_PROCUREMENT_JustificationBook_Navy_PB_2018.xml
----------------------
<Writing ./2-jbook-json/2018-BASE_PROCUREMENT-2018-NAVY_AIRCRAFT_BA5-U_PROCUREMENT_JustificationBook_Navy_PB_2018.zzz_unzipped-U_PROCUREMENT_JustificationBook_Navy_PB_2018.json>
----------------------
[71/95]
FILEPATH = ./1-jbook-xml/2018-BASE_PROCUREMENT-2018-NAVY_AIRCRAFT_BA5-U_PROCUREMENT_MasterJustificationBook_Navy_PB_2018.zzz_unzipped-U_PROCUREMENT_MasterJustificationBook_Navy_PB_2018.xml
FILESIZE = 7909931
YEAR = 2018
JBOOK_TYPE = MasterJustificationBook
@recordid = 5ea2f438963948473b8daff67b53c95cecd8858bfe37150609ec53575abaa4df
@doctype = 2018-BASE_PROCUREMENT-MASTERJUSTIFICATIONBOOK
@filename = 2018-BASE_PROCUREMENT-2018-NAVY_AIRCRAFT_BA5-U_PROCUREMENT_MasterJustificationBook_Navy_PB_2018.zzz_unzipped-U_PROCUREMENT_MasterJustificationBook_Navy_PB_2018.xml
----------------------
<Writing ./2-jbook-json/2018-BASE_PROCUREMENT-2018-NAVY_AIRCRAFT_BA5-U_PROCUREMENT_MasterJustificationBook_Navy_PB_2018.zzz_unzipped-U_PROCUREMENT_MasterJustificationBook_Navy_PB_2018.json>
----------------------
[72/95]
FILEPATH = ./1-jbook-xml/2018-BASE_PROCUREMENT-2018-NAVY_AIRCRAFT_BA6-U_PROCUREMENT_JustificationBook_Navy_PB_2018.zzz_unzipped-U_PROCUREMENT_JustificationBook_Navy_PB_2018.xml
FILESIZE = 40658
YEAR = 2018
JBOOK_TYPE = JustificationBook
@recordid = 3434574376acb72c84f871607ce1d442d7da657a1b2d25f52048ea2a58e709f5
@doctype = 2018-BASE_PROCUREMENT-JUSTIFICATIONBOOK
@filename = 2018-BASE_PROCUREMENT-2018-NAVY_AIRCRAFT_BA6-U_PROCUREMENT_JustificationBook_Navy_PB_2018.zzz_unzipped-U_PROCUREMENT_JustificationBook_Navy_PB_2018.xml
----------------------
<Writing ./2-jbook-json/2018-BASE_PROCUREMENT-2018-NAVY_AIRCRAFT_BA6-U_PROCUREMENT_JustificationBook_Navy_PB_2018.zzz_unzipped-U_PROCUREMENT_JustificationBook_Navy_PB_2018.json>
----------------------
[73/95]
FILEPATH = ./1-jbook-xml/2018-BASE_PROCUREMENT-2018-NAVY_AIRCRAFT_BA6-U_PROCUREMENT_MasterJustificationBook_Navy_PB_2018.zzz_unzipped-U_PROCUREMENT_MasterJustificationBook_Navy_PB_2018.xml
FILESIZE = 7909931
YEAR = 2018
JBOOK_TYPE = MasterJustificationBook
@recordid = 5ea2f438963948473b8daff67b53c95cecd8858bfe37150609ec53575abaa4df
@doctype = 2018-BASE_PROCUREMENT-MASTERJUSTIFICATIONBOOK
@filename = 2018-BASE_PROCUREMENT-2018-NAVY_AIRCRAFT_BA6-U_PROCUREMENT_MasterJustificationBook_Navy_PB_2018.zzz_unzipped-U_PROCUREMENT_MasterJustificationBook_Navy_PB_2018.xml
----------------------
<Writing ./2-jbook-json/2018-BASE_PROCUREMENT-2018-NAVY_AIRCRAFT_BA6-U_PROCUREMENT_MasterJustificationBook_Navy_PB_2018.zzz_unzipped-U_PROCUREMENT_MasterJustificationBook_Navy_PB_2018.json>
----------------------
[74/95]
FILEPATH = ./1-jbook-xml/2018-BASE_PROCUREMENT-2018-NAVY_AIRCRAFT_BA67-U_PROCUREMENT_JustificationBook_Navy_PB_2018.zzz_unzipped-U_PROCUREMENT_JustificationBook_Navy_PB_2018.xml
FILESIZE = 452303
YEAR = 2018
JBOOK_TYPE = JustificationBook
@recordid = 033c1ca5810e1318d18640388e1a9cf2858b5d6222bda4f8456c594c32c855e3
@doctype = 2018-BASE_PROCUREMENT-JUSTIFICATIONBOOK
@filename = 2018-BASE_PROCUREMENT-2018-NAVY_AIRCRAFT_BA67-U_PROCUREMENT_JustificationBook_Navy_PB_2018.zzz_unzipped-U_PROCUREMENT_JustificationBook_Navy_PB_2018.xml
----------------------
<Writing ./2-jbook-json/2018-BASE_PROCUREMENT-2018-NAVY_AIRCRAFT_BA67-U_PROCUREMENT_JustificationBook_Navy_PB_2018.zzz_unzipped-U_PROCUREMENT_JustificationBook_Navy_PB_2018.json>
----------------------
[75/95]
FILEPATH = ./1-jbook-xml/2018-BASE_PROCUREMENT-2018-NAVY_AIRCRAFT_BA67-U_PROCUREMENT_MasterJustificationBook_Navy_PB_2018.zzz_unzipped-U_PROCUREMENT_MasterJustificationBook_Navy_PB_2018.xml
FILESIZE = 7909931
YEAR = 2018
JBOOK_TYPE = MasterJustificationBook
@recordid = 5ea2f438963948473b8daff67b53c95cecd8858bfe37150609ec53575abaa4df
@doctype = 2018-BASE_PROCUREMENT-MASTERJUSTIFICATIONBOOK
@filename = 2018-BASE_PROCUREMENT-2018-NAVY_AIRCRAFT_BA67-U_PROCUREMENT_MasterJustificationBook_Navy_PB_2018.zzz_unzipped-U_PROCUREMENT_MasterJustificationBook_Navy_PB_2018.xml
----------------------
<Writing ./2-jbook-json/2018-BASE_PROCUREMENT-2018-NAVY_AIRCRAFT_BA67-U_PROCUREMENT_MasterJustificationBook_Navy_PB_2018.zzz_unzipped-U_PROCUREMENT_MasterJustificationBook_Navy_PB_2018.json>
----------------------
[76/95]
FILEPATH = ./1-jbook-xml/2018-BASE_PROCUREMENT-2018-NAVY_AMMUNITION_VOL-U_PROCUREMENT_JustificationBook_Navy_PB_2018.zzz_unzipped-U_PROCUREMENT_JustificationBook_Navy_PB_2018.xml
FILESIZE = 1578132
YEAR = 2018
JBOOK_TYPE = JustificationBook
@recordid = bb34469c279045fd55682640826a877bef9d55f96e3a744f15f33fd4a3411a15
@doctype = 2018-BASE_PROCUREMENT-JUSTIFICATIONBOOK
@filename = 2018-BASE_PROCUREMENT-2018-NAVY_AMMUNITION_VOL-U_PROCUREMENT_JustificationBook_Navy_PB_2018.zzz_unzipped-U_PROCUREMENT_JustificationBook_Navy_PB_2018.xml
----------------------
<Writing ./2-jbook-json/2018-BASE_PROCUREMENT-2018-NAVY_AMMUNITION_VOL-U_PROCUREMENT_JustificationBook_Navy_PB_2018.zzz_unzipped-U_PROCUREMENT_JustificationBook_Navy_PB_2018.json>
----------------------
[77/95]
FILEPATH = ./1-jbook-xml/2018-BASE_PROCUREMENT-2018-NAVY_AMMUNITION_VOL-U_PROCUREMENT_MasterJustificationBook_Navy_PB_2018.zzz_unzipped-U_PROCUREMENT_MasterJustificationBook_Navy_PB_2018.xml
FILESIZE = 1955983
YEAR = 2018
JBOOK_TYPE = MasterJustificationBook
@recordid = d78b9c8cf7a6c366512dbac3b4f78efbc91769d3e11fa4074d8357c69ca132e0
@doctype = 2018-BASE_PROCUREMENT-MASTERJUSTIFICATIONBOOK
@filename = 2018-BASE_PROCUREMENT-2018-NAVY_AMMUNITION_VOL-U_PROCUREMENT_MasterJustificationBook_Navy_PB_2018.zzz_unzipped-U_PROCUREMENT_MasterJustificationBook_Navy_PB_2018.xml
----------------------
<Writing ./2-jbook-json/2018-BASE_PROCUREMENT-2018-NAVY_AMMUNITION_VOL-U_PROCUREMENT_MasterJustificationBook_Navy_PB_2018.zzz_unzipped-U_PROCUREMENT_MasterJustificationBook_Navy_PB_2018.json>
----------------------
[78/95]
FILEPATH = ./1-jbook-xml/2018-BASE_PROCUREMENT-2018-NAVY_MARINECORPS-U_PROCUREMENT_JustificationBook_Navy_PB_2018.zzz_unzipped-U_PROCUREMENT_JustificationBook_Navy_PB_2018.xml
FILESIZE = 1643902
YEAR = 2018
JBOOK_TYPE = JustificationBook
@recordid = 17739c5c620c15f539dc8999b4e6e3d77ad81ce51089eece75bc6066efab4ac2
@doctype = 2018-BASE_PROCUREMENT-JUSTIFICATIONBOOK
@filename = 2018-BASE_PROCUREMENT-2018-NAVY_MARINECORPS-U_PROCUREMENT_JustificationBook_Navy_PB_2018.zzz_unzipped-U_PROCUREMENT_JustificationBook_Navy_PB_2018.xml
----------------------
<Writing ./2-jbook-json/2018-BASE_PROCUREMENT-2018-NAVY_MARINECORPS-U_PROCUREMENT_JustificationBook_Navy_PB_2018.zzz_unzipped-U_PROCUREMENT_JustificationBook_Navy_PB_2018.json>
----------------------
[79/95]
FILEPATH = ./1-jbook-xml/2018-BASE_PROCUREMENT-2018-NAVY_MARINECORPS-U_PROCUREMENT_MasterJustificationBook_Navy_PB_2018.zzz_unzipped-U_PROCUREMENT_MasterJustificationBook_Navy_PB_2018.xml
FILESIZE = 2018294
YEAR = 2018
JBOOK_TYPE = MasterJustificationBook
@recordid = 6b2000f9111b6178e144100c1843f0feab54d2ff64037d5a22d994b135e5a122
@doctype = 2018-BASE_PROCUREMENT-MASTERJUSTIFICATIONBOOK
@filename = 2018-BASE_PROCUREMENT-2018-NAVY_MARINECORPS-U_PROCUREMENT_MasterJustificationBook_Navy_PB_2018.zzz_unzipped-U_PROCUREMENT_MasterJustificationBook_Navy_PB_2018.xml
----------------------
<Writing ./2-jbook-json/2018-BASE_PROCUREMENT-2018-NAVY_MARINECORPS-U_PROCUREMENT_MasterJustificationBook_Navy_PB_2018.zzz_unzipped-U_PROCUREMENT_MasterJustificationBook_Navy_PB_2018.json>
----------------------
[80/95]
FILEPATH = ./1-jbook-xml/2018-BASE_PROCUREMENT-2018-NAVY_OTHER_BA1-U_PROCUREMENT_JustificationBook_Navy_PB_2018.zzz_unzipped-U_PROCUREMENT_JustificationBook_Navy_PB_2018.xml
FILESIZE = 2259319
YEAR = 2018
JBOOK_TYPE = JustificationBook
@recordid = d28d83334f9383e77611ff4064e40d00fd933e9ab87acc3419c09665f6cb2c63
@doctype = 2018-BASE_PROCUREMENT-JUSTIFICATIONBOOK
@filename = 2018-BASE_PROCUREMENT-2018-NAVY_OTHER_BA1-U_PROCUREMENT_JustificationBook_Navy_PB_2018.zzz_unzipped-U_PROCUREMENT_JustificationBook_Navy_PB_2018.xml
----------------------
<Writing ./2-jbook-json/2018-BASE_PROCUREMENT-2018-NAVY_OTHER_BA1-U_PROCUREMENT_JustificationBook_Navy_PB_2018.zzz_unzipped-U_PROCUREMENT_JustificationBook_Navy_PB_2018.json>
----------------------
[81/95]
FILEPATH = ./1-jbook-xml/2018-BASE_PROCUREMENT-2018-NAVY_OTHER_BA1-U_PROCUREMENT_MasterJustificationBook_Navy_PB_2018.zzz_unzipped-U_PROCUREMENT_MasterJustificationBook_Navy_PB_2018.xml
FILESIZE = 9426089
YEAR = 2018
JBOOK_TYPE = MasterJustificationBook
@recordid = fbb9e5b0d8825640b2319ff9ab04f7c60ae64a392562e3c4839b2d7fbd733f74
@doctype = 2018-BASE_PROCUREMENT-MASTERJUSTIFICATIONBOOK
@filename = 2018-BASE_PROCUREMENT-2018-NAVY_OTHER_BA1-U_PROCUREMENT_MasterJustificationBook_Navy_PB_2018.zzz_unzipped-U_PROCUREMENT_MasterJustificationBook_Navy_PB_2018.xml
----------------------
<Writing ./2-jbook-json/2018-BASE_PROCUREMENT-2018-NAVY_OTHER_BA1-U_PROCUREMENT_MasterJustificationBook_Navy_PB_2018.zzz_unzipped-U_PROCUREMENT_MasterJustificationBook_Navy_PB_2018.json>
----------------------
[82/95]
FILEPATH = ./1-jbook-xml/2018-BASE_PROCUREMENT-2018-NAVY_OTHER_BA2-U_PROCUREMENT_JustificationBook_Navy_PB_2018.zzz_unzipped-U_PROCUREMENT_JustificationBook_Navy_PB_2018.xml
FILESIZE = 3053825
YEAR = 2018
JBOOK_TYPE = JustificationBook
@recordid = 86dcb7cde9c6096ba835dc0bb88e12bdad2d586c6c58ccdff71f0e33da4e3769
@doctype = 2018-BASE_PROCUREMENT-JUSTIFICATIONBOOK
@filename = 2018-BASE_PROCUREMENT-2018-NAVY_OTHER_BA2-U_PROCUREMENT_JustificationBook_Navy_PB_2018.zzz_unzipped-U_PROCUREMENT_JustificationBook_Navy_PB_2018.xml
----------------------
<Writing ./2-jbook-json/2018-BASE_PROCUREMENT-2018-NAVY_OTHER_BA2-U_PROCUREMENT_JustificationBook_Navy_PB_2018.zzz_unzipped-U_PROCUREMENT_JustificationBook_Navy_PB_2018.json>
----------------------
[83/95]
FILEPATH = ./1-jbook-xml/2018-BASE_PROCUREMENT-2018-NAVY_OTHER_BA2-U_PROCUREMENT_MasterJustificationBook_Navy_PB_2018.zzz_unzipped-U_PROCUREMENT_MasterJustificationBook_Navy_PB_2018.xml
FILESIZE = 9426089
YEAR = 2018
JBOOK_TYPE = MasterJustificationBook
@recordid = fbb9e5b0d8825640b2319ff9ab04f7c60ae64a392562e3c4839b2d7fbd733f74
@doctype = 2018-BASE_PROCUREMENT-MASTERJUSTIFICATIONBOOK
@filename = 2018-BASE_PROCUREMENT-2018-NAVY_OTHER_BA2-U_PROCUREMENT_MasterJustificationBook_Navy_PB_2018.zzz_unzipped-U_PROCUREMENT_MasterJustificationBook_Navy_PB_2018.xml
----------------------
<Writing ./2-jbook-json/2018-BASE_PROCUREMENT-2018-NAVY_OTHER_BA2-U_PROCUREMENT_MasterJustificationBook_Navy_PB_2018.zzz_unzipped-U_PROCUREMENT_MasterJustificationBook_Navy_PB_2018.json>
----------------------
[84/95]
FILEPATH = ./1-jbook-xml/2018-BASE_PROCUREMENT-2018-NAVY_OTHER_BA3-U_PROCUREMENT_JustificationBook_Navy_PB_2018.zzz_unzipped-U_PROCUREMENT_JustificationBook_Navy_PB_2018.xml
FILESIZE = 775430
YEAR = 2018
JBOOK_TYPE = JustificationBook
@recordid = f7e277aa12b627953e758c41f37bcf1980ad1e73198006765c5f5c03219fbd13
@doctype = 2018-BASE_PROCUREMENT-JUSTIFICATIONBOOK
@filename = 2018-BASE_PROCUREMENT-2018-NAVY_OTHER_BA3-U_PROCUREMENT_JustificationBook_Navy_PB_2018.zzz_unzipped-U_PROCUREMENT_JustificationBook_Navy_PB_2018.xml
----------------------
<Writing ./2-jbook-json/2018-BASE_PROCUREMENT-2018-NAVY_OTHER_BA3-U_PROCUREMENT_JustificationBook_Navy_PB_2018.zzz_unzipped-U_PROCUREMENT_JustificationBook_Navy_PB_2018.json>
----------------------
[85/95]
FILEPATH = ./1-jbook-xml/2018-BASE_PROCUREMENT-2018-NAVY_OTHER_BA3-U_PROCUREMENT_MasterJustificationBook_Navy_PB_2018.zzz_unzipped-U_PROCUREMENT_MasterJustificationBook_Navy_PB_2018.xml
FILESIZE = 9426089
YEAR = 2018
JBOOK_TYPE = MasterJustificationBook
@recordid = fbb9e5b0d8825640b2319ff9ab04f7c60ae64a392562e3c4839b2d7fbd733f74
@doctype = 2018-BASE_PROCUREMENT-MASTERJUSTIFICATIONBOOK
@filename = 2018-BASE_PROCUREMENT-2018-NAVY_OTHER_BA3-U_PROCUREMENT_MasterJustificationBook_Navy_PB_2018.zzz_unzipped-U_PROCUREMENT_MasterJustificationBook_Navy_PB_2018.xml
----------------------
<Writing ./2-jbook-json/2018-BASE_PROCUREMENT-2018-NAVY_OTHER_BA3-U_PROCUREMENT_MasterJustificationBook_Navy_PB_2018.zzz_unzipped-U_PROCUREMENT_MasterJustificationBook_Navy_PB_2018.json>
----------------------
[86/95]
FILEPATH = ./1-jbook-xml/2018-BASE_PROCUREMENT-2018-NAVY_OTHER_BA4-U_PROCUREMENT_JustificationBook_Navy_PB_2018.zzz_unzipped-U_PROCUREMENT_JustificationBook_Navy_PB_2018.xml
FILESIZE = 746945
YEAR = 2018
JBOOK_TYPE = JustificationBook
@recordid = 6b53c8f045be93dd3ad7b5e13482383470ea09a0fce1d7da5c2e5d5ad429a264
@doctype = 2018-BASE_PROCUREMENT-JUSTIFICATIONBOOK
@filename = 2018-BASE_PROCUREMENT-2018-NAVY_OTHER_BA4-U_PROCUREMENT_JustificationBook_Navy_PB_2018.zzz_unzipped-U_PROCUREMENT_JustificationBook_Navy_PB_2018.xml
----------------------
<Writing ./2-jbook-json/2018-BASE_PROCUREMENT-2018-NAVY_OTHER_BA4-U_PROCUREMENT_JustificationBook_Navy_PB_2018.zzz_unzipped-U_PROCUREMENT_JustificationBook_Navy_PB_2018.json>
----------------------
[87/95]
FILEPATH = ./1-jbook-xml/2018-BASE_PROCUREMENT-2018-NAVY_OTHER_BA4-U_PROCUREMENT_MasterJustificationBook_Navy_PB_2018.zzz_unzipped-U_PROCUREMENT_MasterJustificationBook_Navy_PB_2018.xml
FILESIZE = 9426089
YEAR = 2018
JBOOK_TYPE = MasterJustificationBook
@recordid = fbb9e5b0d8825640b2319ff9ab04f7c60ae64a392562e3c4839b2d7fbd733f74
@doctype = 2018-BASE_PROCUREMENT-MASTERJUSTIFICATIONBOOK
@filename = 2018-BASE_PROCUREMENT-2018-NAVY_OTHER_BA4-U_PROCUREMENT_MasterJustificationBook_Navy_PB_2018.zzz_unzipped-U_PROCUREMENT_MasterJustificationBook_Navy_PB_2018.xml
----------------------
<Writing ./2-jbook-json/2018-BASE_PROCUREMENT-2018-NAVY_OTHER_BA4-U_PROCUREMENT_MasterJustificationBook_Navy_PB_2018.zzz_unzipped-U_PROCUREMENT_MasterJustificationBook_Navy_PB_2018.json>
----------------------
[88/95]
FILEPATH = ./1-jbook-xml/2018-BASE_PROCUREMENT-2018-NAVY_OTHER_BA5-8-U_PROCUREMENT_JustificationBook_Navy_PB_2018.zzz_unzipped-U_PROCUREMENT_JustificationBook_Navy_PB_2018.xml
FILESIZE = 860221
YEAR = 2018
JBOOK_TYPE = JustificationBook
@recordid = 2113ab7837a90c0a8084ef1f29db50f97653b77e7897f2c73846efef066a8cd8
@doctype = 2018-BASE_PROCUREMENT-JUSTIFICATIONBOOK
@filename = 2018-BASE_PROCUREMENT-2018-NAVY_OTHER_BA5-8-U_PROCUREMENT_JustificationBook_Navy_PB_2018.zzz_unzipped-U_PROCUREMENT_JustificationBook_Navy_PB_2018.xml
----------------------
<Writing ./2-jbook-json/2018-BASE_PROCUREMENT-2018-NAVY_OTHER_BA5-8-U_PROCUREMENT_JustificationBook_Navy_PB_2018.zzz_unzipped-U_PROCUREMENT_JustificationBook_Navy_PB_2018.json>
----------------------
[89/95]
FILEPATH = ./1-jbook-xml/2018-BASE_PROCUREMENT-2018-NAVY_OTHER_BA5-8-U_PROCUREMENT_MasterJustificationBook_Navy_PB_2018.zzz_unzipped-U_PROCUREMENT_MasterJustificationBook_Navy_PB_2018.xml
FILESIZE = 9426089
YEAR = 2018
JBOOK_TYPE = MasterJustificationBook
@recordid = fbb9e5b0d8825640b2319ff9ab04f7c60ae64a392562e3c4839b2d7fbd733f74
@doctype = 2018-BASE_PROCUREMENT-MASTERJUSTIFICATIONBOOK
@filename = 2018-BASE_PROCUREMENT-2018-NAVY_OTHER_BA5-8-U_PROCUREMENT_MasterJustificationBook_Navy_PB_2018.zzz_unzipped-U_PROCUREMENT_MasterJustificationBook_Navy_PB_2018.xml
----------------------
