

=========================================================
[3-convert-xml-to-json]
=========================================================
<Loading and merging all jbookArrayPaths into a single list>
|MasterJustificationBook|2013|2014|2015|2016|2017|2018|2019|2020|
|JustificationBook|2013|2014|2015|2016|2017|2018|2019|2020|
<arrayPaths count = 1254>
<last updated = 2019-10-09T04:51:40+00:00>
=========================================================
----------------------
[1/63]
FILEPATH = ./1-jbook-xml/2019-BASE_RDTE-2019-AIRFORCE_V1-U_RDTE_JustificationBook_Air_Force_PB_2019.zzz_unzipped-U_RDTE_JustificationBook_Air_Force_PB_2019.xml
FILESIZE = 1379935
YEAR = 2019
JBOOK_TYPE = JustificationBook
@recordid = ff3ce798fd66c1fdf15074778cc17eeee0864d783490f920850ed1e15fcb218d
@doctype = 2019-BASE_RDTE-JUSTIFICATIONBOOK
@filename = 2019-BASE_RDTE-2019-AIRFORCE_V1-U_RDTE_JustificationBook_Air_Force_PB_2019.zzz_unzipped-U_RDTE_JustificationBook_Air_Force_PB_2019.xml
----------------------
<Writing ./2-jbook-json/2019-BASE_RDTE-2019-AIRFORCE_V1-U_RDTE_JustificationBook_Air_Force_PB_2019.zzz_unzipped-U_RDTE_JustificationBook_Air_Force_PB_2019.json>
----------------------
[2/63]
FILEPATH = ./1-jbook-xml/2019-BASE_RDTE-2019-AIRFORCE_V1-U_RDTE_MasterJustificationBook_Air_Force_PB_2019.zzz_unzipped-U_RDTE_MasterJustificationBook_Air_Force_PB_2019.xml
FILESIZE = 17375681
YEAR = 2019
JBOOK_TYPE = MasterJustificationBook
@recordid = 97d6524a8b4365a02b2dbc77b2fa917b042c190b20c34763a88a2f8d6691cc2d
@doctype = 2019-BASE_RDTE-MASTERJUSTIFICATIONBOOK
@filename = 2019-BASE_RDTE-2019-AIRFORCE_V1-U_RDTE_MasterJustificationBook_Air_Force_PB_2019.zzz_unzipped-U_RDTE_MasterJustificationBook_Air_Force_PB_2019.xml
----------------------
<Writing ./2-jbook-json/2019-BASE_RDTE-2019-AIRFORCE_V1-U_RDTE_MasterJustificationBook_Air_Force_PB_2019.zzz_unzipped-U_RDTE_MasterJustificationBook_Air_Force_PB_2019.json>
----------------------
[3/63]
FILEPATH = ./1-jbook-xml/2019-BASE_RDTE-2019-AIRFORCE_V2-U_RDTE_JustificationBook_Air_Force_PB_2019.zzz_unzipped-U_RDTE_JustificationBook_Air_Force_PB_2019.xml
FILESIZE = 5111939
YEAR = 2019
JBOOK_TYPE = JustificationBook
@recordid = 7e38dcb7d95e6ad5b5ae23f5140ba0634f1cff3faad2a33c03af53ee73fd7a05
@doctype = 2019-BASE_RDTE-JUSTIFICATIONBOOK
@filename = 2019-BASE_RDTE-2019-AIRFORCE_V2-U_RDTE_JustificationBook_Air_Force_PB_2019.zzz_unzipped-U_RDTE_JustificationBook_Air_Force_PB_2019.xml
----------------------
<Writing ./2-jbook-json/2019-BASE_RDTE-2019-AIRFORCE_V2-U_RDTE_JustificationBook_Air_Force_PB_2019.zzz_unzipped-U_RDTE_JustificationBook_Air_Force_PB_2019.json>
----------------------
[4/63]
FILEPATH = ./1-jbook-xml/2019-BASE_RDTE-2019-AIRFORCE_V2-U_RDTE_MasterJustificationBook_Air_Force_PB_2019.zzz_unzipped-U_RDTE_MasterJustificationBook_Air_Force_PB_2019.xml
FILESIZE = 17375498
YEAR = 2019
JBOOK_TYPE = MasterJustificationBook
@recordid = c3a203aa28182b60f61dc370dc004d262f4542c92e834cf238859eb5ffc78d51
@doctype = 2019-BASE_RDTE-MASTERJUSTIFICATIONBOOK
@filename = 2019-BASE_RDTE-2019-AIRFORCE_V2-U_RDTE_MasterJustificationBook_Air_Force_PB_2019.zzz_unzipped-U_RDTE_MasterJustificationBook_Air_Force_PB_2019.xml
----------------------
<Writing ./2-jbook-json/2019-BASE_RDTE-2019-AIRFORCE_V2-U_RDTE_MasterJustificationBook_Air_Force_PB_2019.zzz_unzipped-U_RDTE_MasterJustificationBook_Air_Force_PB_2019.json>
----------------------
[5/63]
FILEPATH = ./1-jbook-xml/2019-BASE_RDTE-2019-AIRFORCE_V3A-U_RDTE_JustificationBook_Air_Force_PB_2019.zzz_unzipped-U_RDTE_JustificationBook_Air_Force_PB_2019.xml
FILESIZE = 3567931
YEAR = 2019
JBOOK_TYPE = JustificationBook
@recordid = ac00556a12f3b6588fa6ae9bdf950104dda1136e38b7a8219b4fa2577d8e82e2
@doctype = 2019-BASE_RDTE-JUSTIFICATIONBOOK
@filename = 2019-BASE_RDTE-2019-AIRFORCE_V3A-U_RDTE_JustificationBook_Air_Force_PB_2019.zzz_unzipped-U_RDTE_JustificationBook_Air_Force_PB_2019.xml
----------------------
<Writing ./2-jbook-json/2019-BASE_RDTE-2019-AIRFORCE_V3A-U_RDTE_JustificationBook_Air_Force_PB_2019.zzz_unzipped-U_RDTE_JustificationBook_Air_Force_PB_2019.json>
----------------------
[6/63]
FILEPATH = ./1-jbook-xml/2019-BASE_RDTE-2019-AIRFORCE_V3A-U_RDTE_MasterJustificationBook_Air_Force_PB_2019.zzz_unzipped-U_RDTE_MasterJustificationBook_Air_Force_PB_2019.xml
FILESIZE = 17375681
YEAR = 2019
JBOOK_TYPE = MasterJustificationBook
@recordid = 97d6524a8b4365a02b2dbc77b2fa917b042c190b20c34763a88a2f8d6691cc2d
@doctype = 2019-BASE_RDTE-MASTERJUSTIFICATIONBOOK
@filename = 2019-BASE_RDTE-2019-AIRFORCE_V3A-U_RDTE_MasterJustificationBook_Air_Force_PB_2019.zzz_unzipped-U_RDTE_MasterJustificationBook_Air_Force_PB_2019.xml
----------------------
