

=========================================================
[3-convert-xml-to-json]
=========================================================
<Loading and merging all jbookArrayPaths into a single list>
|MasterJustificationBook|2013|2014|2015|2016|2017|2018|2019|2020|
|JustificationBook|2013|2014|2015|2016|2017|2018|2019|2020|
<arrayPaths count = 1254>
<last updated = 2019-10-09T04:51:40+00:00>
=========================================================
----------------------
[1/80]
FILEPATH = ./1-jbook-xml/2019-BASE_PROCUREMENT-2019-AIRFORCE_AIRCRAFT_VOL1-U_PROCUREMENT_JustificationBook_Air_Force_PB_2019.zzz_unzipped-U_PROCUREMENT_JustificationBook_Air_Force_PB_2019.xml
FILESIZE = 1714058
YEAR = 2019
JBOOK_TYPE = JustificationBook
@recordid = 0def6600310b124f6afd6c61bf70eb7915b88ea3b5def6a6875b1e1e129b528c
@doctype = 2019-BASE_PROCUREMENT-JUSTIFICATIONBOOK
@filename = 2019-BASE_PROCUREMENT-2019-AIRFORCE_AIRCRAFT_VOL1-U_PROCUREMENT_JustificationBook_Air_Force_PB_2019.zzz_unzipped-U_PROCUREMENT_JustificationBook_Air_Force_PB_2019.xml
----------------------
<Writing ./2-jbook-json/2019-BASE_PROCUREMENT-2019-AIRFORCE_AIRCRAFT_VOL1-U_PROCUREMENT_JustificationBook_Air_Force_PB_2019.zzz_unzipped-U_PROCUREMENT_JustificationBook_Air_Force_PB_2019.json>
----------------------
[2/80]
FILEPATH = ./1-jbook-xml/2019-BASE_PROCUREMENT-2019-AIRFORCE_AIRCRAFT_VOL1-U_PROCUREMENT_MasterJustificationBook_Air_Force_PB_2019.zzz_unzipped-U_PROCUREMENT_MasterJustificationBook_Air_Force_PB_2019.xml
FILESIZE = 9316285
YEAR = 2019
JBOOK_TYPE = MasterJustificationBook
@recordid = ecc0c394f0c845de11e1000cd93b58739b941ef09277342649d24c19da1aaf0e
@doctype = 2019-BASE_PROCUREMENT-MASTERJUSTIFICATIONBOOK
@filename = 2019-BASE_PROCUREMENT-2019-AIRFORCE_AIRCRAFT_VOL1-U_PROCUREMENT_MasterJustificationBook_Air_Force_PB_2019.zzz_unzipped-U_PROCUREMENT_MasterJustificationBook_Air_Force_PB_2019.xml
----------------------
<Writing ./2-jbook-json/2019-BASE_PROCUREMENT-2019-AIRFORCE_AIRCRAFT_VOL1-U_PROCUREMENT_MasterJustificationBook_Air_Force_PB_2019.zzz_unzipped-U_PROCUREMENT_MasterJustificationBook_Air_Force_PB_2019.json>
----------------------
[3/80]
FILEPATH = ./1-jbook-xml/2019-BASE_PROCUREMENT-2019-AIRFORCE_AIRCRAFT_VOL2-U_PROCUREMENT_JustificationBook_Air_Force_PB_2019.zzz_unzipped-U_PROCUREMENT_JustificationBook_Air_Force_PB_2019.xml
FILESIZE = 5723308
YEAR = 2019
JBOOK_TYPE = JustificationBook
@recordid = 1696c36ac6b4944a3159d895df55e9d0f6c525e92e9770dd51a99ea615fd35e1
@doctype = 2019-BASE_PROCUREMENT-JUSTIFICATIONBOOK
@filename = 2019-BASE_PROCUREMENT-2019-AIRFORCE_AIRCRAFT_VOL2-U_PROCUREMENT_JustificationBook_Air_Force_PB_2019.zzz_unzipped-U_PROCUREMENT_JustificationBook_Air_Force_PB_2019.xml
----------------------
<Writing ./2-jbook-json/2019-BASE_PROCUREMENT-2019-AIRFORCE_AIRCRAFT_VOL2-U_PROCUREMENT_JustificationBook_Air_Force_PB_2019.zzz_unzipped-U_PROCUREMENT_JustificationBook_Air_Force_PB_2019.json>
----------------------
[4/80]
FILEPATH = ./1-jbook-xml/2019-BASE_PROCUREMENT-2019-AIRFORCE_AIRCRAFT_VOL2-U_PROCUREMENT_MasterJustificationBook_Air_Force_PB_2019.zzz_unzipped-U_PROCUREMENT_MasterJustificationBook_Air_Force_PB_2019.xml
FILESIZE = 9316285
YEAR = 2019
JBOOK_TYPE = MasterJustificationBook
@recordid = ecc0c394f0c845de11e1000cd93b58739b941ef09277342649d24c19da1aaf0e
@doctype = 2019-BASE_PROCUREMENT-MASTERJUSTIFICATIONBOOK
@filename = 2019-BASE_PROCUREMENT-2019-AIRFORCE_AIRCRAFT_VOL2-U_PROCUREMENT_MasterJustificationBook_Air_Force_PB_2019.zzz_unzipped-U_PROCUREMENT_MasterJustificationBook_Air_Force_PB_2019.xml
----------------------
<Writing ./2-jbook-json/2019-BASE_PROCUREMENT-2019-AIRFORCE_AIRCRAFT_VOL2-U_PROCUREMENT_MasterJustificationBook_Air_Force_PB_2019.zzz_unzipped-U_PROCUREMENT_MasterJustificationBook_Air_Force_PB_2019.json>
----------------------
[5/80]
FILEPATH = ./1-jbook-xml/2019-BASE_PROCUREMENT-2019-AIRFORCE_AMMUNITION-U_PROCUREMENT_JustificationBook_Air_Force_PB_2019.zzz_unzipped-U_PROCUREMENT_JustificationBook_Air_Force_PB_2019.xml
FILESIZE = 865052
YEAR = 2019
JBOOK_TYPE = JustificationBook
@recordid = 37945273201380f9e08bb2d369b5ceee3139c3af694a68d84c3d9d120bdef598
@doctype = 2019-BASE_PROCUREMENT-JUSTIFICATIONBOOK
@filename = 2019-BASE_PROCUREMENT-2019-AIRFORCE_AMMUNITION-U_PROCUREMENT_JustificationBook_Air_Force_PB_2019.zzz_unzipped-U_PROCUREMENT_JustificationBook_Air_Force_PB_2019.xml
----------------------
<Writing ./2-jbook-json/2019-BASE_PROCUREMENT-2019-AIRFORCE_AMMUNITION-U_PROCUREMENT_JustificationBook_Air_Force_PB_2019.zzz_unzipped-U_PROCUREMENT_JustificationBook_Air_Force_PB_2019.json>
----------------------
[6/80]
FILEPATH = ./1-jbook-xml/2019-BASE_PROCUREMENT-2019-AIRFORCE_AMMUNITION-U_PROCUREMENT_MasterJustificationBook_Air_Force_PB_2019.zzz_unzipped-U_PROCUREMENT_MasterJustificationBook_Air_Force_PB_2019.xml
FILESIZE = 1083272
YEAR = 2019
JBOOK_TYPE = MasterJustificationBook
@recordid = 74630c00b3e82330d2e3570889ad5015b18ef82f8aa6f3ef74b97723113c0e3d
@doctype = 2019-BASE_PROCUREMENT-MASTERJUSTIFICATIONBOOK
@filename = 2019-BASE_PROCUREMENT-2019-AIRFORCE_AMMUNITION-U_PROCUREMENT_MasterJustificationBook_Air_Force_PB_2019.zzz_unzipped-U_PROCUREMENT_MasterJustificationBook_Air_Force_PB_2019.xml
----------------------
<Writing ./2-jbook-json/2019-BASE_PROCUREMENT-2019-AIRFORCE_AMMUNITION-U_PROCUREMENT_MasterJustificationBook_Air_Force_PB_2019.zzz_unzipped-U_PROCUREMENT_MasterJustificationBook_Air_Force_PB_2019.json>
----------------------
[7/80]
FILEPATH = ./1-jbook-xml/2019-BASE_PROCUREMENT-2019-AIRFORCE_MISSILE-U_PROCUREMENT_JustificationBook_Air_Force_PB_2019.zzz_unzipped-U_PROCUREMENT_JustificationBook_Air_Force_PB_2019.xml
FILESIZE = 1390666
YEAR = 2019
JBOOK_TYPE = JustificationBook
@recordid = c21776e5e37e0123d7d7e25f3531f1f58b098f6ecc38af0150cecb46754e2513
@doctype = 2019-BASE_PROCUREMENT-JUSTIFICATIONBOOK
@filename = 2019-BASE_PROCUREMENT-2019-AIRFORCE_MISSILE-U_PROCUREMENT_JustificationBook_Air_Force_PB_2019.zzz_unzipped-U_PROCUREMENT_JustificationBook_Air_Force_PB_2019.xml
----------------------
<Writing ./2-jbook-json/2019-BASE_PROCUREMENT-2019-AIRFORCE_MISSILE-U_PROCUREMENT_JustificationBook_Air_Force_PB_2019.zzz_unzipped-U_PROCUREMENT_JustificationBook_Air_Force_PB_2019.json>
----------------------
[8/80]
FILEPATH = ./1-jbook-xml/2019-BASE_PROCUREMENT-2019-AIRFORCE_MISSILE-U_PROCUREMENT_MasterJustificationBook_Air_Force_PB_2019.zzz_unzipped-U_PROCUREMENT_MasterJustificationBook_Air_Force_PB_2019.xml
FILESIZE = 1711569
YEAR = 2019
JBOOK_TYPE = MasterJustificationBook
@recordid = 14f36817ef4677ce7ca7f07983c4b296625cbe971ca84c5f46c84ca9a94acc3e
@doctype = 2019-BASE_PROCUREMENT-MASTERJUSTIFICATIONBOOK
@filename = 2019-BASE_PROCUREMENT-2019-AIRFORCE_MISSILE-U_PROCUREMENT_MasterJustificationBook_Air_Force_PB_2019.zzz_unzipped-U_PROCUREMENT_MasterJustificationBook_Air_Force_PB_2019.xml
----------------------
<Writing ./2-jbook-json/2019-BASE_PROCUREMENT-2019-AIRFORCE_MISSILE-U_PROCUREMENT_MasterJustificationBook_Air_Force_PB_2019.zzz_unzipped-U_PROCUREMENT_MasterJustificationBook_Air_Force_PB_2019.json>
----------------------
[9/80]
FILEPATH = ./1-jbook-xml/2019-BASE_PROCUREMENT-2019-AIRFORCE_OTHER-U_PROCUREMENT_JustificationBook_Air_Force_PB_2019.zzz_unzipped-U_PROCUREMENT_JustificationBook_Air_Force_PB_2019.xml
FILESIZE = 3602250
YEAR = 2019
JBOOK_TYPE = JustificationBook
@recordid = 4c925f887ad96de8d364386e9c32b045b235f207ccc8113ddaf5e293802dc9ad
@doctype = 2019-BASE_PROCUREMENT-JUSTIFICATIONBOOK
@filename = 2019-BASE_PROCUREMENT-2019-AIRFORCE_OTHER-U_PROCUREMENT_JustificationBook_Air_Force_PB_2019.zzz_unzipped-U_PROCUREMENT_JustificationBook_Air_Force_PB_2019.xml
----------------------
<Writing ./2-jbook-json/2019-BASE_PROCUREMENT-2019-AIRFORCE_OTHER-U_PROCUREMENT_JustificationBook_Air_Force_PB_2019.zzz_unzipped-U_PROCUREMENT_JustificationBook_Air_Force_PB_2019.json>
----------------------
[10/80]
FILEPATH = ./1-jbook-xml/2019-BASE_PROCUREMENT-2019-AIRFORCE_OTHER-U_PROCUREMENT_MasterJustificationBook_Air_Force_PB_2019.zzz_unzipped-U_PROCUREMENT_MasterJustificationBook_Air_Force_PB_2019.xml
FILESIZE = 4474211
YEAR = 2019
JBOOK_TYPE = MasterJustificationBook
@recordid = 50c065cb676b2126b08f45ed29b7153ffac5ac42bfb6fc871eb3047d88091b60
@doctype = 2019-BASE_PROCUREMENT-MASTERJUSTIFICATIONBOOK
@filename = 2019-BASE_PROCUREMENT-2019-AIRFORCE_OTHER-U_PROCUREMENT_MasterJustificationBook_Air_Force_PB_2019.zzz_unzipped-U_PROCUREMENT_MasterJustificationBook_Air_Force_PB_2019.xml
----------------------
<Writing ./2-jbook-json/2019-BASE_PROCUREMENT-2019-AIRFORCE_OTHER-U_PROCUREMENT_MasterJustificationBook_Air_Force_PB_2019.zzz_unzipped-U_PROCUREMENT_MasterJustificationBook_Air_Force_PB_2019.json>
----------------------
[11/80]
FILEPATH = ./1-jbook-xml/2019-BASE_PROCUREMENT-2019-AIRFORCE_SPACE-U_PROCUREMENT_JustificationBook_Air_Force_PB_2019.zzz_unzipped-U_PROCUREMENT_JustificationBook_Air_Force_PB_2019.xml
FILESIZE = 666170
YEAR = 2019
JBOOK_TYPE = JustificationBook
@recordid = dcbef60cc3dbd2bc8549ff5f18605de9cf2f367dfb6232a596556a0afea0253e
@doctype = 2019-BASE_PROCUREMENT-JUSTIFICATIONBOOK
@filename = 2019-BASE_PROCUREMENT-2019-AIRFORCE_SPACE-U_PROCUREMENT_JustificationBook_Air_Force_PB_2019.zzz_unzipped-U_PROCUREMENT_JustificationBook_Air_Force_PB_2019.xml
----------------------
<Writing ./2-jbook-json/2019-BASE_PROCUREMENT-2019-AIRFORCE_SPACE-U_PROCUREMENT_JustificationBook_Air_Force_PB_2019.zzz_unzipped-U_PROCUREMENT_JustificationBook_Air_Force_PB_2019.json>
----------------------
[12/80]
FILEPATH = ./1-jbook-xml/2019-BASE_PROCUREMENT-2019-AIRFORCE_SPACE-U_PROCUREMENT_MasterJustificationBook_Air_Force_PB_2019.zzz_unzipped-U_PROCUREMENT_MasterJustificationBook_Air_Force_PB_2019.xml
FILESIZE = 821291
YEAR = 2019
JBOOK_TYPE = MasterJustificationBook
@recordid = 194bf0e784fbad25361faa9b2e969294b91d9c7ed6d7d509423526ba60f6b124
@doctype = 2019-BASE_PROCUREMENT-MASTERJUSTIFICATIONBOOK
@filename = 2019-BASE_PROCUREMENT-2019-AIRFORCE_SPACE-U_PROCUREMENT_MasterJustificationBook_Air_Force_PB_2019.zzz_unzipped-U_PROCUREMENT_MasterJustificationBook_Air_Force_PB_2019.xml
----------------------
<Writing ./2-jbook-json/2019-BASE_PROCUREMENT-2019-AIRFORCE_SPACE-U_PROCUREMENT_MasterJustificationBook_Air_Force_PB_2019.zzz_unzipped-U_PROCUREMENT_MasterJustificationBook_Air_Force_PB_2019.json>
----------------------
[13/80]
FILEPATH = ./1-jbook-xml/2019-BASE_PROCUREMENT-2019-ARMY_AIRCRAFT-U_PROCUREMENT_JustificationBook_Army_PB_2019.zzz_unzipped-U_PROCUREMENT_JustificationBook_Army_PB_2019.xml
FILESIZE = 3169522
YEAR = 2019
JBOOK_TYPE = JustificationBook
@recordid = 5e56620f5179b66e623b37c19bff4ad39efbbdde13108ff21bc41034d3c03718
@doctype = 2019-BASE_PROCUREMENT-JUSTIFICATIONBOOK
@filename = 2019-BASE_PROCUREMENT-2019-ARMY_AIRCRAFT-U_PROCUREMENT_JustificationBook_Army_PB_2019.zzz_unzipped-U_PROCUREMENT_JustificationBook_Army_PB_2019.xml
----------------------
<Writing ./2-jbook-json/2019-BASE_PROCUREMENT-2019-ARMY_AIRCRAFT-U_PROCUREMENT_JustificationBook_Army_PB_2019.zzz_unzipped-U_PROCUREMENT_JustificationBook_Army_PB_2019.json>
----------------------
[14/80]
FILEPATH = ./1-jbook-xml/2019-BASE_PROCUREMENT-2019-ARMY_AMMO-U_PROCUREMENT_JustificationBook_Army_PB_2019.zzz_unzipped-U_PROCUREMENT_JustificationBook_Army_PB_2019.xml
FILESIZE = 3920794
YEAR = 2019
JBOOK_TYPE = JustificationBook
@recordid = 00ca9722df1740bd667aa361069f939630352133d695a82abcda86c66d874078
@doctype = 2019-BASE_PROCUREMENT-JUSTIFICATIONBOOK
@filename = 2019-BASE_PROCUREMENT-2019-ARMY_AMMO-U_PROCUREMENT_JustificationBook_Army_PB_2019.zzz_unzipped-U_PROCUREMENT_JustificationBook_Army_PB_2019.xml
----------------------
<Writing ./2-jbook-json/2019-BASE_PROCUREMENT-2019-ARMY_AMMO-U_PROCUREMENT_JustificationBook_Army_PB_2019.zzz_unzipped-U_PROCUREMENT_JustificationBook_Army_PB_2019.json>
----------------------
[15/80]
FILEPATH = ./1-jbook-xml/2019-BASE_PROCUREMENT-2019-ARMY_MISSLE-U_PROCUREMENT_JustificationBook_Army_PB_2019.zzz_unzipped-U_PROCUREMENT_JustificationBook_Army_PB_2019.xml
FILESIZE = 1870947
YEAR = 2019
JBOOK_TYPE = JustificationBook
@recordid = 324f473e082197941f517fd455973ab30a5f826f8fa234537caed355b65a014b
@doctype = 2019-BASE_PROCUREMENT-JUSTIFICATIONBOOK
@filename = 2019-BASE_PROCUREMENT-2019-ARMY_MISSLE-U_PROCUREMENT_JustificationBook_Army_PB_2019.zzz_unzipped-U_PROCUREMENT_JustificationBook_Army_PB_2019.xml
----------------------
<Writing ./2-jbook-json/2019-BASE_PROCUREMENT-2019-ARMY_MISSLE-U_PROCUREMENT_JustificationBook_Army_PB_2019.zzz_unzipped-U_PROCUREMENT_JustificationBook_Army_PB_2019.json>
----------------------
[16/80]
FILEPATH = ./1-jbook-xml/2019-BASE_PROCUREMENT-2019-ARMY_OTHER_1-U_PROCUREMENT_JustificationBook_Army_PB_2019.zzz_unzipped-U_PROCUREMENT_JustificationBook_Army_PB_2019.xml
FILESIZE = 1372818
YEAR = 2019
JBOOK_TYPE = JustificationBook
@recordid = 7484c5d91c60b231ab3555cb024aa71c7547379961419554f6c301c46031c5c4
@doctype = 2019-BASE_PROCUREMENT-JUSTIFICATIONBOOK
@filename = 2019-BASE_PROCUREMENT-2019-ARMY_OTHER_1-U_PROCUREMENT_JustificationBook_Army_PB_2019.zzz_unzipped-U_PROCUREMENT_JustificationBook_Army_PB_2019.xml
----------------------
<Writing ./2-jbook-json/2019-BASE_PROCUREMENT-2019-ARMY_OTHER_1-U_PROCUREMENT_JustificationBook_Army_PB_2019.zzz_unzipped-U_PROCUREMENT_JustificationBook_Army_PB_2019.json>
----------------------
[17/80]
FILEPATH = ./1-jbook-xml/2019-BASE_PROCUREMENT-2019-ARMY_OTHER_2-U_PROCUREMENT_JustificationBook_Army_PB_2019.zzz_unzipped-U_PROCUREMENT_JustificationBook_Army_PB_2019.xml
FILESIZE = 4184238
YEAR = 2019
JBOOK_TYPE = JustificationBook
@recordid = 1dc0c0b8d83e6cb110fcbdda44f3ea773b4315214f31d33eeee737793ec0f49c
@doctype = 2019-BASE_PROCUREMENT-JUSTIFICATIONBOOK
@filename = 2019-BASE_PROCUREMENT-2019-ARMY_OTHER_2-U_PROCUREMENT_JustificationBook_Army_PB_2019.zzz_unzipped-U_PROCUREMENT_JustificationBook_Army_PB_2019.xml
----------------------
<Writing ./2-jbook-json/2019-BASE_PROCUREMENT-2019-ARMY_OTHER_2-U_PROCUREMENT_JustificationBook_Army_PB_2019.zzz_unzipped-U_PROCUREMENT_JustificationBook_Army_PB_2019.json>
----------------------
[18/80]
FILEPATH = ./1-jbook-xml/2019-BASE_PROCUREMENT-2019-ARMY_OTHER_3-4-U_PROCUREMENT_JustificationBook_Army_PB_2019.zzz_unzipped-U_PROCUREMENT_JustificationBook_Army_PB_2019.xml
FILESIZE = 4500417
YEAR = 2019
JBOOK_TYPE = JustificationBook
@recordid = 35554271f0a91fa230708ec88be83fdfc05656e3b3ff8a2ef16bf19acde9d154
@doctype = 2019-BASE_PROCUREMENT-JUSTIFICATIONBOOK
@filename = 2019-BASE_PROCUREMENT-2019-ARMY_OTHER_3-4-U_PROCUREMENT_JustificationBook_Army_PB_2019.zzz_unzipped-U_PROCUREMENT_JustificationBook_Army_PB_2019.xml
----------------------
<Writing ./2-jbook-json/2019-BASE_PROCUREMENT-2019-ARMY_OTHER_3-4-U_PROCUREMENT_JustificationBook_Army_PB_2019.zzz_unzipped-U_PROCUREMENT_JustificationBook_Army_PB_2019.json>
----------------------
[19/80]
FILEPATH = ./1-jbook-xml/2019-BASE_PROCUREMENT-2019-ARMY_WTCV-U_PROCUREMENT_JustificationBook_Army_PB_2019.zzz_unzipped-U_PROCUREMENT_JustificationBook_Army_PB_2019.xml
FILESIZE = 2341690
YEAR = 2019
JBOOK_TYPE = JustificationBook
@recordid = 2550f415b55a06faef403a76362186a6484492ff542013aca57550e9e5a3a620
@doctype = 2019-BASE_PROCUREMENT-JUSTIFICATIONBOOK
@filename = 2019-BASE_PROCUREMENT-2019-ARMY_WTCV-U_PROCUREMENT_JustificationBook_Army_PB_2019.zzz_unzipped-U_PROCUREMENT_JustificationBook_Army_PB_2019.xml
----------------------
<Writing ./2-jbook-json/2019-BASE_PROCUREMENT-2019-ARMY_WTCV-U_PROCUREMENT_JustificationBook_Army_PB_2019.zzz_unzipped-U_PROCUREMENT_JustificationBook_Army_PB_2019.json>
----------------------
[20/80]
FILEPATH = ./1-jbook-xml/2019-BASE_PROCUREMENT-2019-DEFENSE_CBDP-U_PROCUREMENT_JustificationBook_Chemical_and_Biological_Defense_Program_PB_2019.zzz_unzipped-U_PROCUREMENT_JustificationBook_Chemical_and_Biological_Defense_Program_PB_2019.xml
FILESIZE = 842843
YEAR = 2019
JBOOK_TYPE = JustificationBook
@recordid = 95b13ea33287e1445da3a081e0d06d5b809a52dffebab295c9070cc3616570c9
@doctype = 2019-BASE_PROCUREMENT-JUSTIFICATIONBOOK
@filename = 2019-BASE_PROCUREMENT-2019-DEFENSE_CBDP-U_PROCUREMENT_JustificationBook_Chemical_and_Biological_Defense_Program_PB_2019.zzz_unzipped-U_PROCUREMENT_JustificationBook_Chemical_and_Biological_Defense_Program_PB_2019.xml
----------------------
<Writing ./2-jbook-json/2019-BASE_PROCUREMENT-2019-DEFENSE_CBDP-U_PROCUREMENT_JustificationBook_Chemical_and_Biological_Defense_Program_PB_2019.zzz_unzipped-U_PROCUREMENT_JustificationBook_Chemical_and_Biological_Defense_Program_PB_2019.json>
----------------------
[21/80]
FILEPATH = ./1-jbook-xml/2019-BASE_PROCUREMENT-2019-DEFENSE_CBDP-U_PROCUREMENT_MasterJustificationBook_Chemical_and_Biological_Defense_Program_PB_2019.zzz_unzipped-U_PROCUREMENT_MasterJustificationBook_Chemical_and_Biological_Defense_Program_PB_2019.xml
FILESIZE = 1034613
YEAR = 2019
JBOOK_TYPE = MasterJustificationBook
@recordid = dfab545e6c7b9343d01b7e78e209bc35c248ddb18645bf7e1eefded5f71a9e17
@doctype = 2019-BASE_PROCUREMENT-MASTERJUSTIFICATIONBOOK
@filename = 2019-BASE_PROCUREMENT-2019-DEFENSE_CBDP-U_PROCUREMENT_MasterJustificationBook_Chemical_and_Biological_Defense_Program_PB_2019.zzz_unzipped-U_PROCUREMENT_MasterJustificationBook_Chemical_and_Biological_Defense_Program_PB_2019.xml
----------------------
<Writing ./2-jbook-json/2019-BASE_PROCUREMENT-2019-DEFENSE_CBDP-U_PROCUREMENT_MasterJustificationBook_Chemical_and_Biological_Defense_Program_PB_2019.zzz_unzipped-U_PROCUREMENT_MasterJustificationBook_Chemical_and_Biological_Defense_Program_PB_2019.json>
----------------------
[22/80]
FILEPATH = ./1-jbook-xml/2019-BASE_PROCUREMENT-2019-DEFENSE_DCAA-U_PROCUREMENT_JustificationBook_Defense_Contract_Audit_Agency_PB_2019.zzz_unzipped-U_PROCUREMENT_JustificationBook_Defense_Contract_Audit_Agency_PB_2019.xml
FILESIZE = 9110
YEAR = 2019
JBOOK_TYPE = JustificationBook
@recordid = 6ce5c67081f251da43a6974ab20678b8aa6d1348fdbfde3c72731e78ea3d3009
@doctype = 2019-BASE_PROCUREMENT-JUSTIFICATIONBOOK
@filename = 2019-BASE_PROCUREMENT-2019-DEFENSE_DCAA-U_PROCUREMENT_JustificationBook_Defense_Contract_Audit_Agency_PB_2019.zzz_unzipped-U_PROCUREMENT_JustificationBook_Defense_Contract_Audit_Agency_PB_2019.xml
----------------------
<Writing ./2-jbook-json/2019-BASE_PROCUREMENT-2019-DEFENSE_DCAA-U_PROCUREMENT_JustificationBook_Defense_Contract_Audit_Agency_PB_2019.zzz_unzipped-U_PROCUREMENT_JustificationBook_Defense_Contract_Audit_Agency_PB_2019.json>
----------------------
[23/80]
FILEPATH = ./1-jbook-xml/2019-BASE_PROCUREMENT-2019-DEFENSE_DCAA-U_PROCUREMENT_MasterJustificationBook_Defense_Contract_Audit_Agency_PB_2019.zzz_unzipped-U_PROCUREMENT_MasterJustificationBook_Defense_Contract_Audit_Agency_PB_2019.xml
FILESIZE = 15570
YEAR = 2019
JBOOK_TYPE = MasterJustificationBook
@recordid = 0c5da1073bb9ac0fa98bf5772d964789be00be2bcc40d9125617273c90780219
@doctype = 2019-BASE_PROCUREMENT-MASTERJUSTIFICATIONBOOK
@filename = 2019-BASE_PROCUREMENT-2019-DEFENSE_DCAA-U_PROCUREMENT_MasterJustificationBook_Defense_Contract_Audit_Agency_PB_2019.zzz_unzipped-U_PROCUREMENT_MasterJustificationBook_Defense_Contract_Audit_Agency_PB_2019.xml
----------------------
<Writing ./2-jbook-json/2019-BASE_PROCUREMENT-2019-DEFENSE_DCAA-U_PROCUREMENT_MasterJustificationBook_Defense_Contract_Audit_Agency_PB_2019.zzz_unzipped-U_PROCUREMENT_MasterJustificationBook_Defense_Contract_Audit_Agency_PB_2019.json>
----------------------
[24/80]
FILEPATH = ./1-jbook-xml/2019-BASE_PROCUREMENT-2019-DEFENSE_DCMA-U_PROCUREMENT_JustificationBook_Defense_Contract_Management_Agency_PB_2019.zzz_unzipped-U_PROCUREMENT_JustificationBook_Defense_Contract_Management_Agency_PB_2019.xml
FILESIZE = 8562
YEAR = 2019
JBOOK_TYPE = JustificationBook
@recordid = b079771601b4a06c2a58513b512f03dfd258cd8e37727cd90da13dbffe82972a
@doctype = 2019-BASE_PROCUREMENT-JUSTIFICATIONBOOK
@filename = 2019-BASE_PROCUREMENT-2019-DEFENSE_DCMA-U_PROCUREMENT_JustificationBook_Defense_Contract_Management_Agency_PB_2019.zzz_unzipped-U_PROCUREMENT_JustificationBook_Defense_Contract_Management_Agency_PB_2019.xml
----------------------
<Writing ./2-jbook-json/2019-BASE_PROCUREMENT-2019-DEFENSE_DCMA-U_PROCUREMENT_JustificationBook_Defense_Contract_Management_Agency_PB_2019.zzz_unzipped-U_PROCUREMENT_JustificationBook_Defense_Contract_Management_Agency_PB_2019.json>
----------------------
[25/80]
FILEPATH = ./1-jbook-xml/2019-BASE_PROCUREMENT-2019-DEFENSE_DCMA-U_PROCUREMENT_MasterJustificationBook_Defense_Contract_Management_Agency_PB_2019.zzz_unzipped-U_PROCUREMENT_MasterJustificationBook_Defense_Contract_Management_Agency_PB_2019.xml
FILESIZE = 15036
YEAR = 2019
JBOOK_TYPE = MasterJustificationBook
@recordid = f6670d4c0276a3399db6b15d55225b9b7107e4a1b18205be41ca2f898347892f
@doctype = 2019-BASE_PROCUREMENT-MASTERJUSTIFICATIONBOOK
@filename = 2019-BASE_PROCUREMENT-2019-DEFENSE_DCMA-U_PROCUREMENT_MasterJustificationBook_Defense_Contract_Management_Agency_PB_2019.zzz_unzipped-U_PROCUREMENT_MasterJustificationBook_Defense_Contract_Management_Agency_PB_2019.xml
----------------------
<Writing ./2-jbook-json/2019-BASE_PROCUREMENT-2019-DEFENSE_DCMA-U_PROCUREMENT_MasterJustificationBook_Defense_Contract_Management_Agency_PB_2019.zzz_unzipped-U_PROCUREMENT_MasterJustificationBook_Defense_Contract_Management_Agency_PB_2019.json>
----------------------
[26/80]
FILEPATH = ./1-jbook-xml/2019-BASE_PROCUREMENT-2019-DEFENSE_DHRA-U_PROCUREMENT_JustificationBook_DoD_Human_Resources_Activity_PB_2019.zzz_unzipped-U_PROCUREMENT_JustificationBook_DoD_Human_Resources_Activity_PB_2019.xml
FILESIZE = 31132
YEAR = 2019
JBOOK_TYPE = JustificationBook
@recordid = fd7fc068716dc1f4d8353d5104115b4aa283c9bc283f578fe92f5fc1d6dea50c
@doctype = 2019-BASE_PROCUREMENT-JUSTIFICATIONBOOK
@filename = 2019-BASE_PROCUREMENT-2019-DEFENSE_DHRA-U_PROCUREMENT_JustificationBook_DoD_Human_Resources_Activity_PB_2019.zzz_unzipped-U_PROCUREMENT_JustificationBook_DoD_Human_Resources_Activity_PB_2019.xml
----------------------
<Writing ./2-jbook-json/2019-BASE_PROCUREMENT-2019-DEFENSE_DHRA-U_PROCUREMENT_JustificationBook_DoD_Human_Resources_Activity_PB_2019.zzz_unzipped-U_PROCUREMENT_JustificationBook_DoD_Human_Resources_Activity_PB_2019.json>
----------------------
[27/80]
FILEPATH = ./1-jbook-xml/2019-BASE_PROCUREMENT-2019-DEFENSE_DHRA-U_PROCUREMENT_MasterJustificationBook_DoD_Human_Resources_Activity_PB_2019.zzz_unzipped-U_PROCUREMENT_MasterJustificationBook_DoD_Human_Resources_Activity_PB_2019.xml
FILESIZE = 41875
YEAR = 2019
JBOOK_TYPE = MasterJustificationBook
@recordid = 50a336d262252c44bd8304b7723a22a14c932a324ef908dfe3a1c594c75f993e
@doctype = 2019-BASE_PROCUREMENT-MASTERJUSTIFICATIONBOOK
@filename = 2019-BASE_PROCUREMENT-2019-DEFENSE_DHRA-U_PROCUREMENT_MasterJustificationBook_DoD_Human_Resources_Activity_PB_2019.zzz_unzipped-U_PROCUREMENT_MasterJustificationBook_DoD_Human_Resources_Activity_PB_2019.xml
----------------------
<Writing ./2-jbook-json/2019-BASE_PROCUREMENT-2019-DEFENSE_DHRA-U_PROCUREMENT_MasterJustificationBook_DoD_Human_Resources_Activity_PB_2019.zzz_unzipped-U_PROCUREMENT_MasterJustificationBook_DoD_Human_Resources_Activity_PB_2019.json>
----------------------
[28/80]
FILEPATH = ./1-jbook-xml/2019-BASE_PROCUREMENT-2019-DEFENSE_DISA-U_PROCUREMENT_JustificationBook_Defense_Information_Systems_Agency_PB_2019.zzz_unzipped-U_PROCUREMENT_JustificationBook_Defense_Information_Systems_Agency_PB_2019.xml
FILESIZE = 699144
YEAR = 2019
JBOOK_TYPE = JustificationBook
@recordid = 908fafdf4286d3a3e1a87247fd8d2fe42970cc86a5db56400b3977f4ab1e8f62
@doctype = 2019-BASE_PROCUREMENT-JUSTIFICATIONBOOK
@filename = 2019-BASE_PROCUREMENT-2019-DEFENSE_DISA-U_PROCUREMENT_JustificationBook_Defense_Information_Systems_Agency_PB_2019.zzz_unzipped-U_PROCUREMENT_JustificationBook_Defense_Information_Systems_Agency_PB_2019.xml
----------------------
<Writing ./2-jbook-json/2019-BASE_PROCUREMENT-2019-DEFENSE_DISA-U_PROCUREMENT_JustificationBook_Defense_Information_Systems_Agency_PB_2019.zzz_unzipped-U_PROCUREMENT_JustificationBook_Defense_Information_Systems_Agency_PB_2019.json>
----------------------
[29/80]
FILEPATH = ./1-jbook-xml/2019-BASE_PROCUREMENT-2019-DEFENSE_DISA-U_PROCUREMENT_MasterJustificationBook_Defense_Information_Systems_Agency_PB_2019.zzz_unzipped-U_PROCUREMENT_MasterJustificationBook_Defense_Information_Systems_Agency_PB_2019.xml
FILESIZE = 855178
YEAR = 2019
JBOOK_TYPE = MasterJustificationBook
@recordid = 38060d091a9b8665e6347c1f0bd4894d7967c3f8a009ab3ca8ca19831a20dbdf
@doctype = 2019-BASE_PROCUREMENT-MASTERJUSTIFICATIONBOOK
@filename = 2019-BASE_PROCUREMENT-2019-DEFENSE_DISA-U_PROCUREMENT_MasterJustificationBook_Defense_Information_Systems_Agency_PB_2019.zzz_unzipped-U_PROCUREMENT_MasterJustificationBook_Defense_Information_Systems_Agency_PB_2019.xml
----------------------
<Writing ./2-jbook-json/2019-BASE_PROCUREMENT-2019-DEFENSE_DISA-U_PROCUREMENT_MasterJustificationBook_Defense_Information_Systems_Agency_PB_2019.zzz_unzipped-U_PROCUREMENT_MasterJustificationBook_Defense_Information_Systems_Agency_PB_2019.json>
----------------------
[30/80]
FILEPATH = ./1-jbook-xml/2019-BASE_PROCUREMENT-2019-DEFENSE_DLA-U_PROCUREMENT_JustificationBook_Defense_Logistics_Agency_PB_2019.zzz_unzipped-U_PROCUREMENT_JustificationBook_Defense_Logistics_Agency_PB_2019.xml
FILESIZE = 15871
YEAR = 2019
JBOOK_TYPE = JustificationBook
@recordid = 1c0eae7736d510d78e1129b8471919fdafa60bd34525db3cdde7e2c33fd09bd9
@doctype = 2019-BASE_PROCUREMENT-JUSTIFICATIONBOOK
@filename = 2019-BASE_PROCUREMENT-2019-DEFENSE_DLA-U_PROCUREMENT_JustificationBook_Defense_Logistics_Agency_PB_2019.zzz_unzipped-U_PROCUREMENT_JustificationBook_Defense_Logistics_Agency_PB_2019.xml
----------------------
<Writing ./2-jbook-json/2019-BASE_PROCUREMENT-2019-DEFENSE_DLA-U_PROCUREMENT_JustificationBook_Defense_Logistics_Agency_PB_2019.zzz_unzipped-U_PROCUREMENT_JustificationBook_Defense_Logistics_Agency_PB_2019.json>
----------------------
[31/80]
FILEPATH = ./1-jbook-xml/2019-BASE_PROCUREMENT-2019-DEFENSE_DLA-U_PROCUREMENT_MasterJustificationBook_Defense_Logistics_Agency_PB_2019.zzz_unzipped-U_PROCUREMENT_MasterJustificationBook_Defense_Logistics_Agency_PB_2019.xml
FILESIZE = 25024
YEAR = 2019
JBOOK_TYPE = MasterJustificationBook
@recordid = 6b448dbe56349b6bf118bea7928cbe37c8019fe413a63dbf7bea77b3ab8edaa2
@doctype = 2019-BASE_PROCUREMENT-MASTERJUSTIFICATIONBOOK
@filename = 2019-BASE_PROCUREMENT-2019-DEFENSE_DLA-U_PROCUREMENT_MasterJustificationBook_Defense_Logistics_Agency_PB_2019.zzz_unzipped-U_PROCUREMENT_MasterJustificationBook_Defense_Logistics_Agency_PB_2019.xml
----------------------
<Writing ./2-jbook-json/2019-BASE_PROCUREMENT-2019-DEFENSE_DLA-U_PROCUREMENT_MasterJustificationBook_Defense_Logistics_Agency_PB_2019.zzz_unzipped-U_PROCUREMENT_MasterJustificationBook_Defense_Logistics_Agency_PB_2019.json>
----------------------
[32/80]
FILEPATH = ./1-jbook-xml/2019-BASE_PROCUREMENT-2019-DEFENSE_DMACT-U_PROCUREMENT_JustificationBook_Defense_Media_Activity_PB_2019.zzz_unzipped-U_PROCUREMENT_JustificationBook_Defense_Media_Activity_PB_2019.xml
FILESIZE = 12669
YEAR = 2019
JBOOK_TYPE = JustificationBook
@recordid = aa1faf2889a57af5ed1240d96e6321e7bc36df6e297660a0732ce0ffcd59df04
@doctype = 2019-BASE_PROCUREMENT-JUSTIFICATIONBOOK
@filename = 2019-BASE_PROCUREMENT-2019-DEFENSE_DMACT-U_PROCUREMENT_JustificationBook_Defense_Media_Activity_PB_2019.zzz_unzipped-U_PROCUREMENT_JustificationBook_Defense_Media_Activity_PB_2019.xml
----------------------
<Writing ./2-jbook-json/2019-BASE_PROCUREMENT-2019-DEFENSE_DMACT-U_PROCUREMENT_JustificationBook_Defense_Media_Activity_PB_2019.zzz_unzipped-U_PROCUREMENT_JustificationBook_Defense_Media_Activity_PB_2019.json>
----------------------
[33/80]
FILEPATH = ./1-jbook-xml/2019-BASE_PROCUREMENT-2019-DEFENSE_DMACT-U_PROCUREMENT_MasterJustificationBook_Defense_Media_Activity_PB_2019.zzz_unzipped-U_PROCUREMENT_MasterJustificationBook_Defense_Media_Activity_PB_2019.xml
FILESIZE = 21172
YEAR = 2019
JBOOK_TYPE = MasterJustificationBook
@recordid = 1b1eb4234be7ee4ab5bc83ec1794216103b21536408c5a1a4061ff528a20fc00
@doctype = 2019-BASE_PROCUREMENT-MASTERJUSTIFICATIONBOOK
@filename = 2019-BASE_PROCUREMENT-2019-DEFENSE_DMACT-U_PROCUREMENT_MasterJustificationBook_Defense_Media_Activity_PB_2019.zzz_unzipped-U_PROCUREMENT_MasterJustificationBook_Defense_Media_Activity_PB_2019.xml
----------------------
<Writing ./2-jbook-json/2019-BASE_PROCUREMENT-2019-DEFENSE_DMACT-U_PROCUREMENT_MasterJustificationBook_Defense_Media_Activity_PB_2019.zzz_unzipped-U_PROCUREMENT_MasterJustificationBook_Defense_Media_Activity_PB_2019.json>
----------------------
[34/80]
FILEPATH = ./1-jbook-xml/2019-BASE_PROCUREMENT-2019-DEFENSE_DODEA-U_PROCUREMENT_JustificationBook_Department_of_Defense_Education_Activity_PB_2019.zzz_unzipped-U_PROCUREMENT_JustificationBook_Department_of_Defense_Education_Activity_PB_2019.xml
FILESIZE = 7138
YEAR = 2019
JBOOK_TYPE = JustificationBook
@recordid = e0c416e2a1e93599ec8dd4f6563ddc8d988dc7fece1c770bb71b6f663c8b589f
@doctype = 2019-BASE_PROCUREMENT-JUSTIFICATIONBOOK
@filename = 2019-BASE_PROCUREMENT-2019-DEFENSE_DODEA-U_PROCUREMENT_JustificationBook_Department_of_Defense_Education_Activity_PB_2019.zzz_unzipped-U_PROCUREMENT_JustificationBook_Department_of_Defense_Education_Activity_PB_2019.xml
----------------------
<Writing ./2-jbook-json/2019-BASE_PROCUREMENT-2019-DEFENSE_DODEA-U_PROCUREMENT_JustificationBook_Department_of_Defense_Education_Activity_PB_2019.zzz_unzipped-U_PROCUREMENT_JustificationBook_Department_of_Defense_Education_Activity_PB_2019.json>
----------------------
[35/80]
FILEPATH = ./1-jbook-xml/2019-BASE_PROCUREMENT-2019-DEFENSE_DODEA-U_PROCUREMENT_MasterJustificationBook_Department_of_Defense_Education_Activity_PB_2019.zzz_unzipped-U_PROCUREMENT_MasterJustificationBook_Department_of_Defense_Education_Activity_PB_2019.xml
FILESIZE = 13643
YEAR = 2019
JBOOK_TYPE = MasterJustificationBook
@recordid = 27953b8b9f612abb1a80a409ffa4ec4aa785a0a68985299f00b4a8c0a0ba52a3
@doctype = 2019-BASE_PROCUREMENT-MASTERJUSTIFICATIONBOOK
@filename = 2019-BASE_PROCUREMENT-2019-DEFENSE_DODEA-U_PROCUREMENT_MasterJustificationBook_Department_of_Defense_Education_Activity_PB_2019.zzz_unzipped-U_PROCUREMENT_MasterJustificationBook_Department_of_Defense_Education_Activity_PB_2019.xml
----------------------
<Writing ./2-jbook-json/2019-BASE_PROCUREMENT-2019-DEFENSE_DODEA-U_PROCUREMENT_MasterJustificationBook_Department_of_Defense_Education_Activity_PB_2019.zzz_unzipped-U_PROCUREMENT_MasterJustificationBook_Department_of_Defense_Education_Activity_PB_2019.json>
----------------------
[36/80]
FILEPATH = ./1-jbook-xml/2019-BASE_PROCUREMENT-2019-DEFENSE_DPAP-U_PROCUREMENT_JustificationBook_Office_of_the_Secretary_Of_Defense_PB_2019.zzz_unzipped-U_PROCUREMENT_JustificationBook_Office_of_the_Secretary_Of_Defense_PB_2019.xml
FILESIZE = 45380
YEAR = 2019
JBOOK_TYPE = JustificationBook
@recordid = 729c308430c7a8f6d02e46be61996a9a69c609d255b2308e98e8b2d6217dfcaa
@doctype = 2019-BASE_PROCUREMENT-JUSTIFICATIONBOOK
@filename = 2019-BASE_PROCUREMENT-2019-DEFENSE_DPAP-U_PROCUREMENT_JustificationBook_Office_of_the_Secretary_Of_Defense_PB_2019.zzz_unzipped-U_PROCUREMENT_JustificationBook_Office_of_the_Secretary_Of_Defense_PB_2019.xml
----------------------
<Writing ./2-jbook-json/2019-BASE_PROCUREMENT-2019-DEFENSE_DPAP-U_PROCUREMENT_JustificationBook_Office_of_the_Secretary_Of_Defense_PB_2019.zzz_unzipped-U_PROCUREMENT_JustificationBook_Office_of_the_Secretary_Of_Defense_PB_2019.json>
----------------------
[37/80]
FILEPATH = ./1-jbook-xml/2019-BASE_PROCUREMENT-2019-DEFENSE_DPAP-U_PROCUREMENT_MasterJustificationBook_Office_of_the_Secretary_Of_Defense_PB_2019.zzz_unzipped-U_PROCUREMENT_MasterJustificationBook_Office_of_the_Secretary_Of_Defense_PB_2019.xml
FILESIZE = 57758
YEAR = 2019
JBOOK_TYPE = MasterJustificationBook
@recordid = 68edc55f40d55748cc86e707ad4642357ca709db037f32cc3ef3f4aa684a0db7
@doctype = 2019-BASE_PROCUREMENT-MASTERJUSTIFICATIONBOOK
@filename = 2019-BASE_PROCUREMENT-2019-DEFENSE_DPAP-U_PROCUREMENT_MasterJustificationBook_Office_of_the_Secretary_Of_Defense_PB_2019.zzz_unzipped-U_PROCUREMENT_MasterJustificationBook_Office_of_the_Secretary_Of_Defense_PB_2019.xml
----------------------
<Writing ./2-jbook-json/2019-BASE_PROCUREMENT-2019-DEFENSE_DPAP-U_PROCUREMENT_MasterJustificationBook_Office_of_the_Secretary_Of_Defense_PB_2019.zzz_unzipped-U_PROCUREMENT_MasterJustificationBook_Office_of_the_Secretary_Of_Defense_PB_2019.json>
----------------------
[38/80]
FILEPATH = ./1-jbook-xml/2019-BASE_PROCUREMENT-2019-DEFENSE_DSS-U_PROCUREMENT_JustificationBook_Defense_Security_Service_PB_2019.zzz_unzipped-U_PROCUREMENT_JustificationBook_Defense_Security_Service_PB_2019.xml
FILESIZE = 7806
YEAR = 2019
JBOOK_TYPE = JustificationBook
@recordid = 817f402d1095399f325aaeb033575b692d07e4453193865b9872e0210fb7ac29
@doctype = 2019-BASE_PROCUREMENT-JUSTIFICATIONBOOK
@filename = 2019-BASE_PROCUREMENT-2019-DEFENSE_DSS-U_PROCUREMENT_JustificationBook_Defense_Security_Service_PB_2019.zzz_unzipped-U_PROCUREMENT_JustificationBook_Defense_Security_Service_PB_2019.xml
----------------------
<Writing ./2-jbook-json/2019-BASE_PROCUREMENT-2019-DEFENSE_DSS-U_PROCUREMENT_JustificationBook_Defense_Security_Service_PB_2019.zzz_unzipped-U_PROCUREMENT_JustificationBook_Defense_Security_Service_PB_2019.json>
----------------------
[39/80]
FILEPATH = ./1-jbook-xml/2019-BASE_PROCUREMENT-2019-DEFENSE_DSS-U_PROCUREMENT_MasterJustificationBook_Defense_Security_Service_PB_2019.zzz_unzipped-U_PROCUREMENT_MasterJustificationBook_Defense_Security_Service_PB_2019.xml
FILESIZE = 14266
YEAR = 2019
JBOOK_TYPE = MasterJustificationBook
@recordid = 0cc900ed6441da31f04ffb019b7d3f3b0227cfba8652011ce3637c043a45feb5
@doctype = 2019-BASE_PROCUREMENT-MASTERJUSTIFICATIONBOOK
@filename = 2019-BASE_PROCUREMENT-2019-DEFENSE_DSS-U_PROCUREMENT_MasterJustificationBook_Defense_Security_Service_PB_2019.zzz_unzipped-U_PROCUREMENT_MasterJustificationBook_Defense_Security_Service_PB_2019.xml
----------------------
<Writing ./2-jbook-json/2019-BASE_PROCUREMENT-2019-DEFENSE_DSS-U_PROCUREMENT_MasterJustificationBook_Defense_Security_Service_PB_2019.zzz_unzipped-U_PROCUREMENT_MasterJustificationBook_Defense_Security_Service_PB_2019.json>
----------------------
[40/80]
FILEPATH = ./1-jbook-xml/2019-BASE_PROCUREMENT-2019-DEFENSE_DTRA-U_PROCUREMENT_JustificationBook_Defense_Threat_Reduction_Agency_PB_2019.zzz_unzipped-U_PROCUREMENT_JustificationBook_Defense_Threat_Reduction_Agency_PB_2019.xml
FILESIZE = 29973
YEAR = 2019
JBOOK_TYPE = JustificationBook
@recordid = 270387563f81647c921e0b43253763b1bf5955d040d29863de8163321905bd3c
@doctype = 2019-BASE_PROCUREMENT-JUSTIFICATIONBOOK
@filename = 2019-BASE_PROCUREMENT-2019-DEFENSE_DTRA-U_PROCUREMENT_JustificationBook_Defense_Threat_Reduction_Agency_PB_2019.zzz_unzipped-U_PROCUREMENT_JustificationBook_Defense_Threat_Reduction_Agency_PB_2019.xml
----------------------
<Writing ./2-jbook-json/2019-BASE_PROCUREMENT-2019-DEFENSE_DTRA-U_PROCUREMENT_JustificationBook_Defense_Threat_Reduction_Agency_PB_2019.zzz_unzipped-U_PROCUREMENT_JustificationBook_Defense_Threat_Reduction_Agency_PB_2019.json>
----------------------
[41/80]
FILEPATH = ./1-jbook-xml/2019-BASE_PROCUREMENT-2019-DEFENSE_DTRA-U_PROCUREMENT_MasterJustificationBook_Defense_Threat_Reduction_Agency_PB_2019.zzz_unzipped-U_PROCUREMENT_MasterJustificationBook_Defense_Threat_Reduction_Agency_PB_2019.xml
FILESIZE = 41770
YEAR = 2019
JBOOK_TYPE = MasterJustificationBook
@recordid = d1dc38c7187e0ffb2ff7f8d550815f36757d0d442d9549a8ea1cedd95abe40bb
@doctype = 2019-BASE_PROCUREMENT-MASTERJUSTIFICATIONBOOK
@filename = 2019-BASE_PROCUREMENT-2019-DEFENSE_DTRA-U_PROCUREMENT_MasterJustificationBook_Defense_Threat_Reduction_Agency_PB_2019.zzz_unzipped-U_PROCUREMENT_MasterJustificationBook_Defense_Threat_Reduction_Agency_PB_2019.xml
----------------------
<Writing ./2-jbook-json/2019-BASE_PROCUREMENT-2019-DEFENSE_DTRA-U_PROCUREMENT_MasterJustificationBook_Defense_Threat_Reduction_Agency_PB_2019.zzz_unzipped-U_PROCUREMENT_MasterJustificationBook_Defense_Threat_Reduction_Agency_PB_2019.json>
----------------------
[42/80]
FILEPATH = ./1-jbook-xml/2019-BASE_PROCUREMENT-2019-DEFENSE_JIDF-U_PROCUREMENT_JustificationBook_Defense_Threat_Reduction_Agency_PB_2019.zzz_unzipped-U_PROCUREMENT_JustificationBook_Defense_Threat_Reduction_Agency_PB_2019.xml
FILESIZE = 6355
YEAR = 2019
JBOOK_TYPE = JustificationBook
@recordid = d224f4ec8e4969f09511835d4b12aeeb02e97b78006d667479d83d216577aa38
@doctype = 2019-BASE_PROCUREMENT-JUSTIFICATIONBOOK
@filename = 2019-BASE_PROCUREMENT-2019-DEFENSE_JIDF-U_PROCUREMENT_JustificationBook_Defense_Threat_Reduction_Agency_PB_2019.zzz_unzipped-U_PROCUREMENT_JustificationBook_Defense_Threat_Reduction_Agency_PB_2019.xml
----------------------
<Writing ./2-jbook-json/2019-BASE_PROCUREMENT-2019-DEFENSE_JIDF-U_PROCUREMENT_JustificationBook_Defense_Threat_Reduction_Agency_PB_2019.zzz_unzipped-U_PROCUREMENT_JustificationBook_Defense_Threat_Reduction_Agency_PB_2019.json>
----------------------
[43/80]
FILEPATH = ./1-jbook-xml/2019-BASE_PROCUREMENT-2019-DEFENSE_JIDF-U_PROCUREMENT_MasterJustificationBook_Defense_Threat_Reduction_Agency_PB_2019.zzz_unzipped-U_PROCUREMENT_MasterJustificationBook_Defense_Threat_Reduction_Agency_PB_2019.xml
FILESIZE = 12357
YEAR = 2019
JBOOK_TYPE = MasterJustificationBook
@recordid = d7754694e57a7208d4f8f0948315583d412be3cb04c857e423b08385384362bb
@doctype = 2019-BASE_PROCUREMENT-MASTERJUSTIFICATIONBOOK
@filename = 2019-BASE_PROCUREMENT-2019-DEFENSE_JIDF-U_PROCUREMENT_MasterJustificationBook_Defense_Threat_Reduction_Agency_PB_2019.zzz_unzipped-U_PROCUREMENT_MasterJustificationBook_Defense_Threat_Reduction_Agency_PB_2019.xml
----------------------
<Writing ./2-jbook-json/2019-BASE_PROCUREMENT-2019-DEFENSE_JIDF-U_PROCUREMENT_MasterJustificationBook_Defense_Threat_Reduction_Agency_PB_2019.zzz_unzipped-U_PROCUREMENT_MasterJustificationBook_Defense_Threat_Reduction_Agency_PB_2019.json>
----------------------
[44/80]
FILEPATH = ./1-jbook-xml/2019-BASE_PROCUREMENT-2019-DEFENSE_MDA_VOL2-U_PROCUREMENT_JustificationBook_Missile_Defense_Agency_PB_2019.zzz_unzipped-U_PROCUREMENT_JustificationBook_Missile_Defense_Agency_PB_2019.xml
FILESIZE = 613098
YEAR = 2019
JBOOK_TYPE = JustificationBook
@recordid = 414f46d2c2850e7424f7d387d71b10f1e8e8d1644c9e4a79ca9aa8d79ba166aa
@doctype = 2019-BASE_PROCUREMENT-JUSTIFICATIONBOOK
@filename = 2019-BASE_PROCUREMENT-2019-DEFENSE_MDA_VOL2-U_PROCUREMENT_JustificationBook_Missile_Defense_Agency_PB_2019.zzz_unzipped-U_PROCUREMENT_JustificationBook_Missile_Defense_Agency_PB_2019.xml
----------------------
<Writing ./2-jbook-json/2019-BASE_PROCUREMENT-2019-DEFENSE_MDA_VOL2-U_PROCUREMENT_JustificationBook_Missile_Defense_Agency_PB_2019.zzz_unzipped-U_PROCUREMENT_JustificationBook_Missile_Defense_Agency_PB_2019.json>
----------------------
[45/80]
FILEPATH = ./1-jbook-xml/2019-BASE_PROCUREMENT-2019-DEFENSE_MDA_VOL2-U_PROCUREMENT_MasterJustificationBook_Missile_Defense_Agency_PB_2019.zzz_unzipped-U_PROCUREMENT_MasterJustificationBook_Missile_Defense_Agency_PB_2019.xml
FILESIZE = 758188
YEAR = 2019
JBOOK_TYPE = MasterJustificationBook
@recordid = beeeb39922535c4d5cecfc4fc88af5f2ee119a9443780b5867cb675336c97021
@doctype = 2019-BASE_PROCUREMENT-MASTERJUSTIFICATIONBOOK
@filename = 2019-BASE_PROCUREMENT-2019-DEFENSE_MDA_VOL2-U_PROCUREMENT_MasterJustificationBook_Missile_Defense_Agency_PB_2019.zzz_unzipped-U_PROCUREMENT_MasterJustificationBook_Missile_Defense_Agency_PB_2019.xml
----------------------
<Writing ./2-jbook-json/2019-BASE_PROCUREMENT-2019-DEFENSE_MDA_VOL2-U_PROCUREMENT_MasterJustificationBook_Missile_Defense_Agency_PB_2019.zzz_unzipped-U_PROCUREMENT_MasterJustificationBook_Missile_Defense_Agency_PB_2019.json>
----------------------
[46/80]
FILEPATH = ./1-jbook-xml/2019-BASE_PROCUREMENT-2019-DEFENSE_OSD-U_PROCUREMENT_JustificationBook_Office_of_the_Secretary_Of_Defense_PB_2019.zzz_unzipped-U_PROCUREMENT_JustificationBook_Office_of_the_Secretary_Of_Defense_PB_2019.xml
FILESIZE = 122656
YEAR = 2019
JBOOK_TYPE = JustificationBook
@recordid = 87e50f101b47ce1b8c7cfc0403c1644e36aaebf60fd7908b8ccc453914bac59d
@doctype = 2019-BASE_PROCUREMENT-JUSTIFICATIONBOOK
@filename = 2019-BASE_PROCUREMENT-2019-DEFENSE_OSD-U_PROCUREMENT_JustificationBook_Office_of_the_Secretary_Of_Defense_PB_2019.zzz_unzipped-U_PROCUREMENT_JustificationBook_Office_of_the_Secretary_Of_Defense_PB_2019.xml
----------------------
<Writing ./2-jbook-json/2019-BASE_PROCUREMENT-2019-DEFENSE_OSD-U_PROCUREMENT_JustificationBook_Office_of_the_Secretary_Of_Defense_PB_2019.zzz_unzipped-U_PROCUREMENT_JustificationBook_Office_of_the_Secretary_Of_Defense_PB_2019.json>
----------------------
[47/80]
FILEPATH = ./1-jbook-xml/2019-BASE_PROCUREMENT-2019-DEFENSE_OSD-U_PROCUREMENT_MasterJustificationBook_Office_of_the_Secretary_Of_Defense_PB_2019.zzz_unzipped-U_PROCUREMENT_MasterJustificationBook_Office_of_the_Secretary_Of_Defense_PB_2019.xml
FILESIZE = 157418
YEAR = 2019
JBOOK_TYPE = MasterJustificationBook
@recordid = 0a85720e4c9f5f670e9ed65c1cacd19310029b62c5b0619ba2be06d20ee49002
@doctype = 2019-BASE_PROCUREMENT-MASTERJUSTIFICATIONBOOK
@filename = 2019-BASE_PROCUREMENT-2019-DEFENSE_OSD-U_PROCUREMENT_MasterJustificationBook_Office_of_the_Secretary_Of_Defense_PB_2019.zzz_unzipped-U_PROCUREMENT_MasterJustificationBook_Office_of_the_Secretary_Of_Defense_PB_2019.xml
----------------------
<Writing ./2-jbook-json/2019-BASE_PROCUREMENT-2019-DEFENSE_OSD-U_PROCUREMENT_MasterJustificationBook_Office_of_the_Secretary_Of_Defense_PB_2019.zzz_unzipped-U_PROCUREMENT_MasterJustificationBook_Office_of_the_Secretary_Of_Defense_PB_2019.json>
----------------------
[48/80]
FILEPATH = ./1-jbook-xml/2019-BASE_PROCUREMENT-2019-DEFENSE_SOCOM-U_PROCUREMENT_JustificationBook_United_States_Special_Operations_Command_PB_2019.zzz_unzipped-U_PROCUREMENT_JustificationBook_United_States_Special_Operations_Command_PB_2019.xml
FILESIZE = 1184629
YEAR = 2019
JBOOK_TYPE = JustificationBook
@recordid = 4844b2c61336dab8771b9112832e67874f47966da596dc036b42d5fafaa8e653
@doctype = 2019-BASE_PROCUREMENT-JUSTIFICATIONBOOK
@filename = 2019-BASE_PROCUREMENT-2019-DEFENSE_SOCOM-U_PROCUREMENT_JustificationBook_United_States_Special_Operations_Command_PB_2019.zzz_unzipped-U_PROCUREMENT_JustificationBook_United_States_Special_Operations_Command_PB_2019.xml
----------------------
<Writing ./2-jbook-json/2019-BASE_PROCUREMENT-2019-DEFENSE_SOCOM-U_PROCUREMENT_JustificationBook_United_States_Special_Operations_Command_PB_2019.zzz_unzipped-U_PROCUREMENT_JustificationBook_United_States_Special_Operations_Command_PB_2019.json>
----------------------
[49/80]
FILEPATH = ./1-jbook-xml/2019-BASE_PROCUREMENT-2019-DEFENSE_SOCOM-U_PROCUREMENT_MasterJustificationBook_United_States_Special_Operations_Command_PB_2019.zzz_unzipped-U_PROCUREMENT_MasterJustificationBook_United_States_Special_Operations_Command_PB_2019.xml
FILESIZE = 1497928
YEAR = 2019
JBOOK_TYPE = MasterJustificationBook
@recordid = d73beec32828b21eb31ca7d3334d43902fb9b834968555684db1e3f56a9f84bd
@doctype = 2019-BASE_PROCUREMENT-MASTERJUSTIFICATIONBOOK
@filename = 2019-BASE_PROCUREMENT-2019-DEFENSE_SOCOM-U_PROCUREMENT_MasterJustificationBook_United_States_Special_Operations_Command_PB_2019.zzz_unzipped-U_PROCUREMENT_MasterJustificationBook_United_States_Special_Operations_Command_PB_2019.xml
----------------------
<Writing ./2-jbook-json/2019-BASE_PROCUREMENT-2019-DEFENSE_SOCOM-U_PROCUREMENT_MasterJustificationBook_United_States_Special_Operations_Command_PB_2019.zzz_unzipped-U_PROCUREMENT_MasterJustificationBook_United_States_Special_Operations_Command_PB_2019.json>
----------------------
[50/80]
FILEPATH = ./1-jbook-xml/2019-BASE_PROCUREMENT-2019-DEFENSE_TJS-U_PROCUREMENT_JustificationBook_The_Joint_Staff_PB_2019.zzz_unzipped-U_PROCUREMENT_JustificationBook_The_Joint_Staff_PB_2019.xml
FILESIZE = 24596
YEAR = 2019
JBOOK_TYPE = JustificationBook
@recordid = 431f1d7b96474a86f921168a1e13a8fcfb3f6987f53de95f46514e412da4319a
@doctype = 2019-BASE_PROCUREMENT-JUSTIFICATIONBOOK
@filename = 2019-BASE_PROCUREMENT-2019-DEFENSE_TJS-U_PROCUREMENT_JustificationBook_The_Joint_Staff_PB_2019.zzz_unzipped-U_PROCUREMENT_JustificationBook_The_Joint_Staff_PB_2019.xml
----------------------
<Writing ./2-jbook-json/2019-BASE_PROCUREMENT-2019-DEFENSE_TJS-U_PROCUREMENT_JustificationBook_The_Joint_Staff_PB_2019.zzz_unzipped-U_PROCUREMENT_JustificationBook_The_Joint_Staff_PB_2019.json>
----------------------
[51/80]
FILEPATH = ./1-jbook-xml/2019-BASE_PROCUREMENT-2019-DEFENSE_TJS-U_PROCUREMENT_MasterJustificationBook_The_Joint_Staff_PB_2019.zzz_unzipped-U_PROCUREMENT_MasterJustificationBook_The_Joint_Staff_PB_2019.xml
FILESIZE = 32187
YEAR = 2019
JBOOK_TYPE = MasterJustificationBook
@recordid = f789d1a1fce9a5d795e907a8210e445d4b36ba6e755a68be337b55e60e963a20
@doctype = 2019-BASE_PROCUREMENT-MASTERJUSTIFICATIONBOOK
@filename = 2019-BASE_PROCUREMENT-2019-DEFENSE_TJS-U_PROCUREMENT_MasterJustificationBook_The_Joint_Staff_PB_2019.zzz_unzipped-U_PROCUREMENT_MasterJustificationBook_The_Joint_Staff_PB_2019.xml
----------------------
<Writing ./2-jbook-json/2019-BASE_PROCUREMENT-2019-DEFENSE_TJS-U_PROCUREMENT_MasterJustificationBook_The_Joint_Staff_PB_2019.zzz_unzipped-U_PROCUREMENT_MasterJustificationBook_The_Joint_Staff_PB_2019.json>
----------------------
[52/80]
FILEPATH = ./1-jbook-xml/2019-BASE_PROCUREMENT-2019-DEFENSE_VOL1_ALL-U_PROCUREMENT_MasterJustificationBook_Defense-Wide_PB_2019.zzz_unzipped-U_PROCUREMENT_MasterJustificationBook_Defense-Wide_PB_2019.xml
FILESIZE = 3792526
YEAR = 2019
JBOOK_TYPE = MasterJustificationBook
@recordid = 6b022543cb6445b68117b02861c9164cb77f7bc844461a357d2dbbe76be2958d
@doctype = 2019-BASE_PROCUREMENT-MASTERJUSTIFICATIONBOOK
@filename = 2019-BASE_PROCUREMENT-2019-DEFENSE_VOL1_ALL-U_PROCUREMENT_MasterJustificationBook_Defense-Wide_PB_2019.zzz_unzipped-U_PROCUREMENT_MasterJustificationBook_Defense-Wide_PB_2019.xml
----------------------
<Writing ./2-jbook-json/2019-BASE_PROCUREMENT-2019-DEFENSE_VOL1_ALL-U_PROCUREMENT_MasterJustificationBook_Defense-Wide_PB_2019.zzz_unzipped-U_PROCUREMENT_MasterJustificationBook_Defense-Wide_PB_2019.json>
----------------------
[53/80]
FILEPATH = ./1-jbook-xml/2019-BASE_PROCUREMENT-2019-DEFENSE_WHS-U_PROCUREMENT_JustificationBook_Washington_Headquarters_Service_PB_2019.zzz_unzipped-U_PROCUREMENT_JustificationBook_Washington_Headquarters_Service_PB_2019.xml
FILESIZE = 10680
YEAR = 2019
JBOOK_TYPE = JustificationBook
@recordid = bc4f0c06bd5d99eafb2c3509256f3b3eee78013e08edee1646b74e3bff1d5b30
@doctype = 2019-BASE_PROCUREMENT-JUSTIFICATIONBOOK
@filename = 2019-BASE_PROCUREMENT-2019-DEFENSE_WHS-U_PROCUREMENT_JustificationBook_Washington_Headquarters_Service_PB_2019.zzz_unzipped-U_PROCUREMENT_JustificationBook_Washington_Headquarters_Service_PB_2019.xml
----------------------
<Writing ./2-jbook-json/2019-BASE_PROCUREMENT-2019-DEFENSE_WHS-U_PROCUREMENT_JustificationBook_Washington_Headquarters_Service_PB_2019.zzz_unzipped-U_PROCUREMENT_JustificationBook_Washington_Headquarters_Service_PB_2019.json>
----------------------
[54/80]
FILEPATH = ./1-jbook-xml/2019-BASE_PROCUREMENT-2019-DEFENSE_WHS-U_PROCUREMENT_MasterJustificationBook_Washington_Headquarters_Service_PB_2019.zzz_unzipped-U_PROCUREMENT_MasterJustificationBook_Washington_Headquarters_Service_PB_2019.xml
FILESIZE = 17783
YEAR = 2019
JBOOK_TYPE = MasterJustificationBook
@recordid = 69c15617759919ad565e48adf8a9d653fe4e5bee200ca95cfc8229e515fe62c7
@doctype = 2019-BASE_PROCUREMENT-MASTERJUSTIFICATIONBOOK
@filename = 2019-BASE_PROCUREMENT-2019-DEFENSE_WHS-U_PROCUREMENT_MasterJustificationBook_Washington_Headquarters_Service_PB_2019.zzz_unzipped-U_PROCUREMENT_MasterJustificationBook_Washington_Headquarters_Service_PB_2019.xml
----------------------
<Writing ./2-jbook-json/2019-BASE_PROCUREMENT-2019-DEFENSE_WHS-U_PROCUREMENT_MasterJustificationBook_Washington_Headquarters_Service_PB_2019.zzz_unzipped-U_PROCUREMENT_MasterJustificationBook_Washington_Headquarters_Service_PB_2019.json>
----------------------
[55/80]
FILEPATH = ./1-jbook-xml/2019-BASE_PROCUREMENT-2019-NAVY_AIRCRAFT_BA1-4-U_PROCUREMENT_JustificationBook_Navy_PB_2019.zzz_unzipped-U_PROCUREMENT_JustificationBook_Navy_PB_2019.xml
FILESIZE = 1156529
YEAR = 2019
JBOOK_TYPE = JustificationBook
@recordid = 881d2692450aa577a2208443ca7eeeec332dc1ea05a6aaef1c45c0e336d9a90b
@doctype = 2019-BASE_PROCUREMENT-JUSTIFICATIONBOOK
@filename = 2019-BASE_PROCUREMENT-2019-NAVY_AIRCRAFT_BA1-4-U_PROCUREMENT_JustificationBook_Navy_PB_2019.zzz_unzipped-U_PROCUREMENT_JustificationBook_Navy_PB_2019.xml
----------------------
<Writing ./2-jbook-json/2019-BASE_PROCUREMENT-2019-NAVY_AIRCRAFT_BA1-4-U_PROCUREMENT_JustificationBook_Navy_PB_2019.zzz_unzipped-U_PROCUREMENT_JustificationBook_Navy_PB_2019.json>
----------------------
[56/80]
FILEPATH = ./1-jbook-xml/2019-BASE_PROCUREMENT-2019-NAVY_AIRCRAFT_BA1-4-U_PROCUREMENT_MasterJustificationBook_Navy_PB_2019.zzz_unzipped-U_PROCUREMENT_MasterJustificationBook_Navy_PB_2019.xml
FILESIZE = 13803235
YEAR = 2019
JBOOK_TYPE = MasterJustificationBook
@recordid = 9c6b6ce75125bcd66ea94e89980f8d811144d868fa30f13a980826179cf1554c
@doctype = 2019-BASE_PROCUREMENT-MASTERJUSTIFICATIONBOOK
@filename = 2019-BASE_PROCUREMENT-2019-NAVY_AIRCRAFT_BA1-4-U_PROCUREMENT_MasterJustificationBook_Navy_PB_2019.zzz_unzipped-U_PROCUREMENT_MasterJustificationBook_Navy_PB_2019.xml
----------------------
<Writing ./2-jbook-json/2019-BASE_PROCUREMENT-2019-NAVY_AIRCRAFT_BA1-4-U_PROCUREMENT_MasterJustificationBook_Navy_PB_2019.zzz_unzipped-U_PROCUREMENT_MasterJustificationBook_Navy_PB_2019.json>
----------------------
[57/80]
FILEPATH = ./1-jbook-xml/2019-BASE_PROCUREMENT-2019-NAVY_AIRCRAFT_BA5-U_PROCUREMENT_JustificationBook_Navy_PB_2019.zzz_unzipped-U_PROCUREMENT_JustificationBook_Navy_PB_2019.xml
FILESIZE = 9029874
YEAR = 2019
JBOOK_TYPE = JustificationBook
@recordid = 67cfc3318dc28a6d0a648fe519270d315495a2d49afe7593235007dbe9e961a9
@doctype = 2019-BASE_PROCUREMENT-JUSTIFICATIONBOOK
@filename = 2019-BASE_PROCUREMENT-2019-NAVY_AIRCRAFT_BA5-U_PROCUREMENT_JustificationBook_Navy_PB_2019.zzz_unzipped-U_PROCUREMENT_JustificationBook_Navy_PB_2019.xml
----------------------
<Writing ./2-jbook-json/2019-BASE_PROCUREMENT-2019-NAVY_AIRCRAFT_BA5-U_PROCUREMENT_JustificationBook_Navy_PB_2019.zzz_unzipped-U_PROCUREMENT_JustificationBook_Navy_PB_2019.json>
----------------------
[58/80]
FILEPATH = ./1-jbook-xml/2019-BASE_PROCUREMENT-2019-NAVY_AIRCRAFT_BA5-U_PROCUREMENT_MasterJustificationBook_Navy_PB_2019.zzz_unzipped-U_PROCUREMENT_MasterJustificationBook_Navy_PB_2019.xml
FILESIZE = 13803235
YEAR = 2019
JBOOK_TYPE = MasterJustificationBook
@recordid = 9c6b6ce75125bcd66ea94e89980f8d811144d868fa30f13a980826179cf1554c
@doctype = 2019-BASE_PROCUREMENT-MASTERJUSTIFICATIONBOOK
@filename = 2019-BASE_PROCUREMENT-2019-NAVY_AIRCRAFT_BA5-U_PROCUREMENT_MasterJustificationBook_Navy_PB_2019.zzz_unzipped-U_PROCUREMENT_MasterJustificationBook_Navy_PB_2019.xml
----------------------
