

=========================================================
[3-convert-xml-to-json]
=========================================================
<Loading and merging all jbookArrayPaths into a single list>
|MasterJustificationBook|2013|2014|2015|2016|2017|2018|2019|2020|
|JustificationBook|2013|2014|2015|2016|2017|2018|2019|2020|
<arrayPaths count = 1254>
<last updated = 2019-10-09T04:51:40+00:00>
=========================================================
----------------------
[1/64]
FILEPATH = ./1-jbook-xml/2020-BASE_RDTE-2020-AIRFORCE_V1-U_RDTE_JustificationBook_Air_Force_PB_2020.zzz_unzipped-U_RDTE_JustificationBook_Air_Force_PB_2020.xml
FILESIZE = 1431655
YEAR = 2020
JBOOK_TYPE = JustificationBook
@recordid = 9cab6ddab5e5dde0a5f3a422686e60d747cb1b2bb20d871dd7edec860a0b0bf3
@doctype = 2020-BASE_RDTE-JUSTIFICATIONBOOK
@filename = 2020-BASE_RDTE-2020-AIRFORCE_V1-U_RDTE_JustificationBook_Air_Force_PB_2020.zzz_unzipped-U_RDTE_JustificationBook_Air_Force_PB_2020.xml
----------------------
<Writing ./2-jbook-json/2020-BASE_RDTE-2020-AIRFORCE_V1-U_RDTE_JustificationBook_Air_Force_PB_2020.zzz_unzipped-U_RDTE_JustificationBook_Air_Force_PB_2020.json>
----------------------
[2/64]
FILEPATH = ./1-jbook-xml/2020-BASE_RDTE-2020-AIRFORCE_V1-U_RDTE_MasterJustificationBook_Air_Force_PB_2020.zzz_unzipped-U_RDTE_MasterJustificationBook_Air_Force_PB_2020.xml
FILESIZE = 18134379
YEAR = 2020
JBOOK_TYPE = MasterJustificationBook
@recordid = dae65ec315c4e8a6016da9aad32868ad9d723aca22c2ec6866c6d33ef17d1a4a
@doctype = 2020-BASE_RDTE-MASTERJUSTIFICATIONBOOK
@filename = 2020-BASE_RDTE-2020-AIRFORCE_V1-U_RDTE_MasterJustificationBook_Air_Force_PB_2020.zzz_unzipped-U_RDTE_MasterJustificationBook_Air_Force_PB_2020.xml
----------------------
<Writing ./2-jbook-json/2020-BASE_RDTE-2020-AIRFORCE_V1-U_RDTE_MasterJustificationBook_Air_Force_PB_2020.zzz_unzipped-U_RDTE_MasterJustificationBook_Air_Force_PB_2020.json>
----------------------
[3/64]
FILEPATH = ./1-jbook-xml/2020-BASE_RDTE-2020-AIRFORCE_V2-U_RDTE_JustificationBook_Air_Force_PB_2020.zzz_unzipped-U_RDTE_JustificationBook_Air_Force_PB_2020.xml
FILESIZE = 5344304
YEAR = 2020
JBOOK_TYPE = JustificationBook
@recordid = 0c90f5cc86f279b705672a2ead555f15547f34a8dc05cab32b0224eff2e6b763
@doctype = 2020-BASE_RDTE-JUSTIFICATIONBOOK
@filename = 2020-BASE_RDTE-2020-AIRFORCE_V2-U_RDTE_JustificationBook_Air_Force_PB_2020.zzz_unzipped-U_RDTE_JustificationBook_Air_Force_PB_2020.xml
----------------------
<Writing ./2-jbook-json/2020-BASE_RDTE-2020-AIRFORCE_V2-U_RDTE_JustificationBook_Air_Force_PB_2020.zzz_unzipped-U_RDTE_JustificationBook_Air_Force_PB_2020.json>
----------------------
[4/64]
FILEPATH = ./1-jbook-xml/2020-BASE_RDTE-2020-AIRFORCE_V2-U_RDTE_MasterJustificationBook_Air_Force_PB_2020.zzz_unzipped-U_RDTE_MasterJustificationBook_Air_Force_PB_2020.xml
FILESIZE = 18134379
YEAR = 2020
JBOOK_TYPE = MasterJustificationBook
@recordid = dae65ec315c4e8a6016da9aad32868ad9d723aca22c2ec6866c6d33ef17d1a4a
@doctype = 2020-BASE_RDTE-MASTERJUSTIFICATIONBOOK
@filename = 2020-BASE_RDTE-2020-AIRFORCE_V2-U_RDTE_MasterJustificationBook_Air_Force_PB_2020.zzz_unzipped-U_RDTE_MasterJustificationBook_Air_Force_PB_2020.xml
----------------------
<Writing ./2-jbook-json/2020-BASE_RDTE-2020-AIRFORCE_V2-U_RDTE_MasterJustificationBook_Air_Force_PB_2020.zzz_unzipped-U_RDTE_MasterJustificationBook_Air_Force_PB_2020.json>
----------------------
[5/64]
FILEPATH = ./1-jbook-xml/2020-BASE_RDTE-2020-AIRFORCE_V3A-U_RDTE_JustificationBook_Air_Force_PB_2020.zzz_unzipped-U_RDTE_JustificationBook_Air_Force_PB_2020.xml
FILESIZE = 3795961
YEAR = 2020
JBOOK_TYPE = JustificationBook
@recordid = 1f56cfb9f313f92c9f99f7c96eb27810cd0b22209e58d76543a013712d83a603
@doctype = 2020-BASE_RDTE-JUSTIFICATIONBOOK
@filename = 2020-BASE_RDTE-2020-AIRFORCE_V3A-U_RDTE_JustificationBook_Air_Force_PB_2020.zzz_unzipped-U_RDTE_JustificationBook_Air_Force_PB_2020.xml
----------------------
<Writing ./2-jbook-json/2020-BASE_RDTE-2020-AIRFORCE_V3A-U_RDTE_JustificationBook_Air_Force_PB_2020.zzz_unzipped-U_RDTE_JustificationBook_Air_Force_PB_2020.json>
----------------------
[6/64]
FILEPATH = ./1-jbook-xml/2020-BASE_RDTE-2020-AIRFORCE_V3A-U_RDTE_MasterJustificationBook_Air_Force_PB_2020.zzz_unzipped-U_RDTE_MasterJustificationBook_Air_Force_PB_2020.xml
FILESIZE = 18134379
YEAR = 2020
JBOOK_TYPE = MasterJustificationBook
@recordid = dae65ec315c4e8a6016da9aad32868ad9d723aca22c2ec6866c6d33ef17d1a4a
@doctype = 2020-BASE_RDTE-MASTERJUSTIFICATIONBOOK
@filename = 2020-BASE_RDTE-2020-AIRFORCE_V3A-U_RDTE_MasterJustificationBook_Air_Force_PB_2020.zzz_unzipped-U_RDTE_MasterJustificationBook_Air_Force_PB_2020.xml
----------------------
