

=========================================================
[3-convert-xml-to-json]
=========================================================
<Loading and merging all jbookArrayPaths into a single list>
|MasterJustificationBook|2013|2014|2015|2016|2017|2018|2019|2020|
|JustificationBook|2013|2014|2015|2016|2017|2018|2019|2020|
<arrayPaths count = 1254>
<last updated = 2019-10-09T04:51:40+00:00>
=========================================================
----------------------
[1/78]
FILEPATH = ./1-jbook-xml/2020-BASE_PROCUREMENT-2020-AIRFORCE_AIRCRAFT_VOL1-U_PROCUREMENT_JustificationBook_Air_Force_PB_2020.zzz_unzipped-U_PROCUREMENT_JustificationBook_Air_Force_PB_2020.xml
FILESIZE = 1517127
YEAR = 2020
JBOOK_TYPE = JustificationBook
@recordid = 7d350153b6be1eccae748c4d22ac154e90df0a164dbdb11a1943b05640e0cbad
@doctype = 2020-BASE_PROCUREMENT-JUSTIFICATIONBOOK
@filename = 2020-BASE_PROCUREMENT-2020-AIRFORCE_AIRCRAFT_VOL1-U_PROCUREMENT_JustificationBook_Air_Force_PB_2020.zzz_unzipped-U_PROCUREMENT_JustificationBook_Air_Force_PB_2020.xml
----------------------
<Writing ./2-jbook-json/2020-BASE_PROCUREMENT-2020-AIRFORCE_AIRCRAFT_VOL1-U_PROCUREMENT_JustificationBook_Air_Force_PB_2020.zzz_unzipped-U_PROCUREMENT_JustificationBook_Air_Force_PB_2020.json>
----------------------
[2/78]
FILEPATH = ./1-jbook-xml/2020-BASE_PROCUREMENT-2020-AIRFORCE_AIRCRAFT_VOL1-U_PROCUREMENT_MasterJustificationBook_Air_Force_PB_2020.zzz_unzipped-U_PROCUREMENT_MasterJustificationBook_Air_Force_PB_2020.xml
FILESIZE = 8437542
YEAR = 2020
JBOOK_TYPE = MasterJustificationBook
@recordid = 1e0f952d1345c880c8ec0a5af7b60dd62ff8d78e20c2ef53a26e5060c0bfd863
@doctype = 2020-BASE_PROCUREMENT-MASTERJUSTIFICATIONBOOK
@filename = 2020-BASE_PROCUREMENT-2020-AIRFORCE_AIRCRAFT_VOL1-U_PROCUREMENT_MasterJustificationBook_Air_Force_PB_2020.zzz_unzipped-U_PROCUREMENT_MasterJustificationBook_Air_Force_PB_2020.xml
----------------------
<Writing ./2-jbook-json/2020-BASE_PROCUREMENT-2020-AIRFORCE_AIRCRAFT_VOL1-U_PROCUREMENT_MasterJustificationBook_Air_Force_PB_2020.zzz_unzipped-U_PROCUREMENT_MasterJustificationBook_Air_Force_PB_2020.json>
----------------------
[3/78]
FILEPATH = ./1-jbook-xml/2020-BASE_PROCUREMENT-2020-AIRFORCE_AIRCRAFT_VOL2-U_PROCUREMENT_JustificationBook_Air_Force_PB_2020.zzz_unzipped-U_PROCUREMENT_JustificationBook_Air_Force_PB_2020.xml
FILESIZE = 5223537
YEAR = 2020
JBOOK_TYPE = JustificationBook
@recordid = 71ee07fe59a5a102ebe887e1ea48fa4feddeefff8201b7c4f317a8fbb0a7c0f8
@doctype = 2020-BASE_PROCUREMENT-JUSTIFICATIONBOOK
@filename = 2020-BASE_PROCUREMENT-2020-AIRFORCE_AIRCRAFT_VOL2-U_PROCUREMENT_JustificationBook_Air_Force_PB_2020.zzz_unzipped-U_PROCUREMENT_JustificationBook_Air_Force_PB_2020.xml
----------------------
<Writing ./2-jbook-json/2020-BASE_PROCUREMENT-2020-AIRFORCE_AIRCRAFT_VOL2-U_PROCUREMENT_JustificationBook_Air_Force_PB_2020.zzz_unzipped-U_PROCUREMENT_JustificationBook_Air_Force_PB_2020.json>
----------------------
[4/78]
FILEPATH = ./1-jbook-xml/2020-BASE_PROCUREMENT-2020-AIRFORCE_AIRCRAFT_VOL2-U_PROCUREMENT_MasterJustificationBook_Air_Force_PB_2020.zzz_unzipped-U_PROCUREMENT_MasterJustificationBook_Air_Force_PB_2020.xml
FILESIZE = 8437542
YEAR = 2020
JBOOK_TYPE = MasterJustificationBook
@recordid = 1e0f952d1345c880c8ec0a5af7b60dd62ff8d78e20c2ef53a26e5060c0bfd863
@doctype = 2020-BASE_PROCUREMENT-MASTERJUSTIFICATIONBOOK
@filename = 2020-BASE_PROCUREMENT-2020-AIRFORCE_AIRCRAFT_VOL2-U_PROCUREMENT_MasterJustificationBook_Air_Force_PB_2020.zzz_unzipped-U_PROCUREMENT_MasterJustificationBook_Air_Force_PB_2020.xml
----------------------
<Writing ./2-jbook-json/2020-BASE_PROCUREMENT-2020-AIRFORCE_AIRCRAFT_VOL2-U_PROCUREMENT_MasterJustificationBook_Air_Force_PB_2020.zzz_unzipped-U_PROCUREMENT_MasterJustificationBook_Air_Force_PB_2020.json>
----------------------
[5/78]
FILEPATH = ./1-jbook-xml/2020-BASE_PROCUREMENT-2020-AIRFORCE_AMMUNITION-U_PROCUREMENT_JustificationBook_Air_Force_PB_2020.zzz_unzipped-U_PROCUREMENT_JustificationBook_Air_Force_PB_2020.xml
FILESIZE = 804498
YEAR = 2020
JBOOK_TYPE = JustificationBook
@recordid = b90d44d5161826a546219920229448a4703c6ad879dffca1c61bbc788f7d4114
@doctype = 2020-BASE_PROCUREMENT-JUSTIFICATIONBOOK
@filename = 2020-BASE_PROCUREMENT-2020-AIRFORCE_AMMUNITION-U_PROCUREMENT_JustificationBook_Air_Force_PB_2020.zzz_unzipped-U_PROCUREMENT_JustificationBook_Air_Force_PB_2020.xml
----------------------
<Writing ./2-jbook-json/2020-BASE_PROCUREMENT-2020-AIRFORCE_AMMUNITION-U_PROCUREMENT_JustificationBook_Air_Force_PB_2020.zzz_unzipped-U_PROCUREMENT_JustificationBook_Air_Force_PB_2020.json>
----------------------
[6/78]
FILEPATH = ./1-jbook-xml/2020-BASE_PROCUREMENT-2020-AIRFORCE_AMMUNITION-U_PROCUREMENT_MasterJustificationBook_Air_Force_PB_2020.zzz_unzipped-U_PROCUREMENT_MasterJustificationBook_Air_Force_PB_2020.xml
FILESIZE = 1006067
YEAR = 2020
JBOOK_TYPE = MasterJustificationBook
@recordid = 1e517add1c2d8d8f8b96860213cb9b637237880552eb4018ccbf03c38f94db89
@doctype = 2020-BASE_PROCUREMENT-MASTERJUSTIFICATIONBOOK
@filename = 2020-BASE_PROCUREMENT-2020-AIRFORCE_AMMUNITION-U_PROCUREMENT_MasterJustificationBook_Air_Force_PB_2020.zzz_unzipped-U_PROCUREMENT_MasterJustificationBook_Air_Force_PB_2020.xml
----------------------
<Writing ./2-jbook-json/2020-BASE_PROCUREMENT-2020-AIRFORCE_AMMUNITION-U_PROCUREMENT_MasterJustificationBook_Air_Force_PB_2020.zzz_unzipped-U_PROCUREMENT_MasterJustificationBook_Air_Force_PB_2020.json>
----------------------
[7/78]
FILEPATH = ./1-jbook-xml/2020-BASE_PROCUREMENT-2020-AIRFORCE_MISSILE-U_PROCUREMENT_JustificationBook_Air_Force_PB_2020.zzz_unzipped-U_PROCUREMENT_JustificationBook_Air_Force_PB_2020.xml
FILESIZE = 1379747
YEAR = 2020
JBOOK_TYPE = JustificationBook
@recordid = 0e195e968cc33336774365ca06d2f0273358182c5cf3eb457fda69482213adbb
@doctype = 2020-BASE_PROCUREMENT-JUSTIFICATIONBOOK
@filename = 2020-BASE_PROCUREMENT-2020-AIRFORCE_MISSILE-U_PROCUREMENT_JustificationBook_Air_Force_PB_2020.zzz_unzipped-U_PROCUREMENT_JustificationBook_Air_Force_PB_2020.xml
----------------------
<Writing ./2-jbook-json/2020-BASE_PROCUREMENT-2020-AIRFORCE_MISSILE-U_PROCUREMENT_JustificationBook_Air_Force_PB_2020.zzz_unzipped-U_PROCUREMENT_JustificationBook_Air_Force_PB_2020.json>
----------------------
[8/78]
FILEPATH = ./1-jbook-xml/2020-BASE_PROCUREMENT-2020-AIRFORCE_MISSILE-U_PROCUREMENT_MasterJustificationBook_Air_Force_PB_2020.zzz_unzipped-U_PROCUREMENT_MasterJustificationBook_Air_Force_PB_2020.xml
FILESIZE = 1693119
YEAR = 2020
JBOOK_TYPE = MasterJustificationBook
@recordid = b2689909d917d2fdffbd8ad211e4273158812fc2de5fb48cfe9ddc8c1bf47688
@doctype = 2020-BASE_PROCUREMENT-MASTERJUSTIFICATIONBOOK
@filename = 2020-BASE_PROCUREMENT-2020-AIRFORCE_MISSILE-U_PROCUREMENT_MasterJustificationBook_Air_Force_PB_2020.zzz_unzipped-U_PROCUREMENT_MasterJustificationBook_Air_Force_PB_2020.xml
----------------------
<Writing ./2-jbook-json/2020-BASE_PROCUREMENT-2020-AIRFORCE_MISSILE-U_PROCUREMENT_MasterJustificationBook_Air_Force_PB_2020.zzz_unzipped-U_PROCUREMENT_MasterJustificationBook_Air_Force_PB_2020.json>
----------------------
[9/78]
FILEPATH = ./1-jbook-xml/2020-BASE_PROCUREMENT-2020-AIRFORCE_OTHER-U_PROCUREMENT_JustificationBook_Air_Force_PB_2020.zzz_unzipped-U_PROCUREMENT_JustificationBook_Air_Force_PB_2020.xml
FILESIZE = 3137156
YEAR = 2020
JBOOK_TYPE = JustificationBook
@recordid = 436af14163fe2e9306ff706b86ab44f2d525ceb9c7dd74301eaba5aa16959d87
@doctype = 2020-BASE_PROCUREMENT-JUSTIFICATIONBOOK
@filename = 2020-BASE_PROCUREMENT-2020-AIRFORCE_OTHER-U_PROCUREMENT_JustificationBook_Air_Force_PB_2020.zzz_unzipped-U_PROCUREMENT_JustificationBook_Air_Force_PB_2020.xml
----------------------
<Writing ./2-jbook-json/2020-BASE_PROCUREMENT-2020-AIRFORCE_OTHER-U_PROCUREMENT_JustificationBook_Air_Force_PB_2020.zzz_unzipped-U_PROCUREMENT_JustificationBook_Air_Force_PB_2020.json>
----------------------
[10/78]
FILEPATH = ./1-jbook-xml/2020-BASE_PROCUREMENT-2020-AIRFORCE_OTHER-U_PROCUREMENT_MasterJustificationBook_Air_Force_PB_2020.zzz_unzipped-U_PROCUREMENT_MasterJustificationBook_Air_Force_PB_2020.xml
FILESIZE = 3899326
YEAR = 2020
JBOOK_TYPE = MasterJustificationBook
@recordid = 32f43a028405e13288a3cdd30654b31c0257b2b6cc94e347effadb70a892396d
@doctype = 2020-BASE_PROCUREMENT-MASTERJUSTIFICATIONBOOK
@filename = 2020-BASE_PROCUREMENT-2020-AIRFORCE_OTHER-U_PROCUREMENT_MasterJustificationBook_Air_Force_PB_2020.zzz_unzipped-U_PROCUREMENT_MasterJustificationBook_Air_Force_PB_2020.xml
----------------------
<Writing ./2-jbook-json/2020-BASE_PROCUREMENT-2020-AIRFORCE_OTHER-U_PROCUREMENT_MasterJustificationBook_Air_Force_PB_2020.zzz_unzipped-U_PROCUREMENT_MasterJustificationBook_Air_Force_PB_2020.json>
----------------------
[11/78]
FILEPATH = ./1-jbook-xml/2020-BASE_PROCUREMENT-2020-AIRFORCE_SPACE-U_PROCUREMENT_JustificationBook_Air_Force_PB_2020.zzz_unzipped-U_PROCUREMENT_JustificationBook_Air_Force_PB_2020.xml
FILESIZE = 707190
YEAR = 2020
JBOOK_TYPE = JustificationBook
@recordid = 1fc4d60f6d50c7854be477a33f99be9ac491b911e12c05444bcf79d58507bec1
@doctype = 2020-BASE_PROCUREMENT-JUSTIFICATIONBOOK
@filename = 2020-BASE_PROCUREMENT-2020-AIRFORCE_SPACE-U_PROCUREMENT_JustificationBook_Air_Force_PB_2020.zzz_unzipped-U_PROCUREMENT_JustificationBook_Air_Force_PB_2020.xml
----------------------
<Writing ./2-jbook-json/2020-BASE_PROCUREMENT-2020-AIRFORCE_SPACE-U_PROCUREMENT_JustificationBook_Air_Force_PB_2020.zzz_unzipped-U_PROCUREMENT_JustificationBook_Air_Force_PB_2020.json>
----------------------
[12/78]
FILEPATH = ./1-jbook-xml/2020-BASE_PROCUREMENT-2020-AIRFORCE_SPACE-U_PROCUREMENT_MasterJustificationBook_Air_Force_PB_2020.zzz_unzipped-U_PROCUREMENT_MasterJustificationBook_Air_Force_PB_2020.xml
FILESIZE = 873100
YEAR = 2020
JBOOK_TYPE = MasterJustificationBook
@recordid = f4eb6d55dd4bbc82a2ab7795120cc4150de4a25642acd3bb4758c4f932b81a03
@doctype = 2020-BASE_PROCUREMENT-MASTERJUSTIFICATIONBOOK
@filename = 2020-BASE_PROCUREMENT-2020-AIRFORCE_SPACE-U_PROCUREMENT_MasterJustificationBook_Air_Force_PB_2020.zzz_unzipped-U_PROCUREMENT_MasterJustificationBook_Air_Force_PB_2020.xml
----------------------
<Writing ./2-jbook-json/2020-BASE_PROCUREMENT-2020-AIRFORCE_SPACE-U_PROCUREMENT_MasterJustificationBook_Air_Force_PB_2020.zzz_unzipped-U_PROCUREMENT_MasterJustificationBook_Air_Force_PB_2020.json>
----------------------
[13/78]
FILEPATH = ./1-jbook-xml/2020-BASE_PROCUREMENT-2020-ARMY_AIRCRAFT-U_PROCUREMENT_JustificationBook_Army_PB_2020.zzz_unzipped-U_PROCUREMENT_JustificationBook_Army_PB_2020.xml
FILESIZE = 3026054
YEAR = 2020
JBOOK_TYPE = JustificationBook
@recordid = 637e408165016711b0ce5d837ca179b7366db442ade32a54318bb21964051f79
@doctype = 2020-BASE_PROCUREMENT-JUSTIFICATIONBOOK
@filename = 2020-BASE_PROCUREMENT-2020-ARMY_AIRCRAFT-U_PROCUREMENT_JustificationBook_Army_PB_2020.zzz_unzipped-U_PROCUREMENT_JustificationBook_Army_PB_2020.xml
----------------------
<Writing ./2-jbook-json/2020-BASE_PROCUREMENT-2020-ARMY_AIRCRAFT-U_PROCUREMENT_JustificationBook_Army_PB_2020.zzz_unzipped-U_PROCUREMENT_JustificationBook_Army_PB_2020.json>
----------------------
[14/78]
FILEPATH = ./1-jbook-xml/2020-BASE_PROCUREMENT-2020-ARMY_AMMO-U_PROCUREMENT_JustificationBook_Army_PB_2020.zzz_unzipped-U_PROCUREMENT_JustificationBook_Army_PB_2020.xml
FILESIZE = 4631124
YEAR = 2020
JBOOK_TYPE = JustificationBook
@recordid = e2540b0eaa48aabab1dc2fd5fb8e17e7a3c6279809b49fad20b1827915472d81
@doctype = 2020-BASE_PROCUREMENT-JUSTIFICATIONBOOK
@filename = 2020-BASE_PROCUREMENT-2020-ARMY_AMMO-U_PROCUREMENT_JustificationBook_Army_PB_2020.zzz_unzipped-U_PROCUREMENT_JustificationBook_Army_PB_2020.xml
----------------------
<Writing ./2-jbook-json/2020-BASE_PROCUREMENT-2020-ARMY_AMMO-U_PROCUREMENT_JustificationBook_Army_PB_2020.zzz_unzipped-U_PROCUREMENT_JustificationBook_Army_PB_2020.json>
----------------------
[15/78]
FILEPATH = ./1-jbook-xml/2020-BASE_PROCUREMENT-2020-ARMY_MISSLE-U_PROCUREMENT_JustificationBook_Army_PB_2020.zzz_unzipped-U_PROCUREMENT_JustificationBook_Army_PB_2020.xml
FILESIZE = 1735370
YEAR = 2020
JBOOK_TYPE = JustificationBook
@recordid = 3bc3099f1564de3df071efb2a371a1dd36f22459e0ea197e924a1369974e947d
@doctype = 2020-BASE_PROCUREMENT-JUSTIFICATIONBOOK
@filename = 2020-BASE_PROCUREMENT-2020-ARMY_MISSLE-U_PROCUREMENT_JustificationBook_Army_PB_2020.zzz_unzipped-U_PROCUREMENT_JustificationBook_Army_PB_2020.xml
----------------------
<Writing ./2-jbook-json/2020-BASE_PROCUREMENT-2020-ARMY_MISSLE-U_PROCUREMENT_JustificationBook_Army_PB_2020.zzz_unzipped-U_PROCUREMENT_JustificationBook_Army_PB_2020.json>
----------------------
[16/78]
FILEPATH = ./1-jbook-xml/2020-BASE_PROCUREMENT-2020-ARMY_OTHER_1-U_PROCUREMENT_JustificationBook_Army_PB_2020.zzz_unzipped-U_PROCUREMENT_JustificationBook_Army_PB_2020.xml
FILESIZE = 1511873
YEAR = 2020
JBOOK_TYPE = JustificationBook
@recordid = 9a506ef771645f1f497a55d2f9689cb43329bd66a6d473f4742f08dfe8518cf2
@doctype = 2020-BASE_PROCUREMENT-JUSTIFICATIONBOOK
@filename = 2020-BASE_PROCUREMENT-2020-ARMY_OTHER_1-U_PROCUREMENT_JustificationBook_Army_PB_2020.zzz_unzipped-U_PROCUREMENT_JustificationBook_Army_PB_2020.xml
----------------------
<Writing ./2-jbook-json/2020-BASE_PROCUREMENT-2020-ARMY_OTHER_1-U_PROCUREMENT_JustificationBook_Army_PB_2020.zzz_unzipped-U_PROCUREMENT_JustificationBook_Army_PB_2020.json>
----------------------
[17/78]
FILEPATH = ./1-jbook-xml/2020-BASE_PROCUREMENT-2020-ARMY_OTHER_2-U_PROCUREMENT_JustificationBook_Army_PB_2020.zzz_unzipped-U_PROCUREMENT_JustificationBook_Army_PB_2020.xml
FILESIZE = 4284955
YEAR = 2020
JBOOK_TYPE = JustificationBook
@recordid = ae1ed46873d9bdf25873e5689835ba301fffafb48f21f5afd9fbcf4edb5f072b
@doctype = 2020-BASE_PROCUREMENT-JUSTIFICATIONBOOK
@filename = 2020-BASE_PROCUREMENT-2020-ARMY_OTHER_2-U_PROCUREMENT_JustificationBook_Army_PB_2020.zzz_unzipped-U_PROCUREMENT_JustificationBook_Army_PB_2020.xml
----------------------
<Writing ./2-jbook-json/2020-BASE_PROCUREMENT-2020-ARMY_OTHER_2-U_PROCUREMENT_JustificationBook_Army_PB_2020.zzz_unzipped-U_PROCUREMENT_JustificationBook_Army_PB_2020.json>
----------------------
[18/78]
FILEPATH = ./1-jbook-xml/2020-BASE_PROCUREMENT-2020-ARMY_OTHER_3-4-U_PROCUREMENT_JustificationBook_Army_PB_2020.zzz_unzipped-U_PROCUREMENT_JustificationBook_Army_PB_2020.xml
FILESIZE = 4395642
YEAR = 2020
JBOOK_TYPE = JustificationBook
@recordid = ffd9e522016155822ff405752ab066bad8691a671e35376b94f41dbe6a64b3a9
@doctype = 2020-BASE_PROCUREMENT-JUSTIFICATIONBOOK
@filename = 2020-BASE_PROCUREMENT-2020-ARMY_OTHER_3-4-U_PROCUREMENT_JustificationBook_Army_PB_2020.zzz_unzipped-U_PROCUREMENT_JustificationBook_Army_PB_2020.xml
----------------------
<Writing ./2-jbook-json/2020-BASE_PROCUREMENT-2020-ARMY_OTHER_3-4-U_PROCUREMENT_JustificationBook_Army_PB_2020.zzz_unzipped-U_PROCUREMENT_JustificationBook_Army_PB_2020.json>
----------------------
[19/78]
FILEPATH = ./1-jbook-xml/2020-BASE_PROCUREMENT-2020-ARMY_WTCV-U_PROCUREMENT_JustificationBook_Army_PB_2020.zzz_unzipped-U_PROCUREMENT_JustificationBook_Army_PB_2020.xml
FILESIZE = 2346227
YEAR = 2020
JBOOK_TYPE = JustificationBook
@recordid = 36f9e8210537ea7aa53fea5e324974b9ef85f39529f985c49fddc0eb80a8c4f4
@doctype = 2020-BASE_PROCUREMENT-JUSTIFICATIONBOOK
@filename = 2020-BASE_PROCUREMENT-2020-ARMY_WTCV-U_PROCUREMENT_JustificationBook_Army_PB_2020.zzz_unzipped-U_PROCUREMENT_JustificationBook_Army_PB_2020.xml
----------------------
<Writing ./2-jbook-json/2020-BASE_PROCUREMENT-2020-ARMY_WTCV-U_PROCUREMENT_JustificationBook_Army_PB_2020.zzz_unzipped-U_PROCUREMENT_JustificationBook_Army_PB_2020.json>
----------------------
[20/78]
FILEPATH = ./1-jbook-xml/2020-BASE_PROCUREMENT-2020-DEFENSE_CBDP-U_PROCUREMENT_JustificationBook_Chemical_and_Biological_Defense_Program_PB_2020.zzz_unzipped-U_PROCUREMENT_JustificationBook_Chemical_and_Biological_Defense_Program_PB_2020.xml
FILESIZE = 943490
YEAR = 2020
JBOOK_TYPE = JustificationBook
@recordid = 94fa78aec0252b489b39a1fad90bebbd3922635ebfe79e4cd04f7652b2eeb688
@doctype = 2020-BASE_PROCUREMENT-JUSTIFICATIONBOOK
@filename = 2020-BASE_PROCUREMENT-2020-DEFENSE_CBDP-U_PROCUREMENT_JustificationBook_Chemical_and_Biological_Defense_Program_PB_2020.zzz_unzipped-U_PROCUREMENT_JustificationBook_Chemical_and_Biological_Defense_Program_PB_2020.xml
----------------------
<Writing ./2-jbook-json/2020-BASE_PROCUREMENT-2020-DEFENSE_CBDP-U_PROCUREMENT_JustificationBook_Chemical_and_Biological_Defense_Program_PB_2020.zzz_unzipped-U_PROCUREMENT_JustificationBook_Chemical_and_Biological_Defense_Program_PB_2020.json>
----------------------
[21/78]
FILEPATH = ./1-jbook-xml/2020-BASE_PROCUREMENT-2020-DEFENSE_CBDP-U_PROCUREMENT_MasterJustificationBook_Chemical_and_Biological_Defense_Program_PB_2020.zzz_unzipped-U_PROCUREMENT_MasterJustificationBook_Chemical_and_Biological_Defense_Program_PB_2020.xml
FILESIZE = 1163050
YEAR = 2020
JBOOK_TYPE = MasterJustificationBook
@recordid = c54f03046a07cf64fe3fbb27eab57c8cc6ab856a47a135e070092ccc421e8050
@doctype = 2020-BASE_PROCUREMENT-MASTERJUSTIFICATIONBOOK
@filename = 2020-BASE_PROCUREMENT-2020-DEFENSE_CBDP-U_PROCUREMENT_MasterJustificationBook_Chemical_and_Biological_Defense_Program_PB_2020.zzz_unzipped-U_PROCUREMENT_MasterJustificationBook_Chemical_and_Biological_Defense_Program_PB_2020.xml
----------------------
<Writing ./2-jbook-json/2020-BASE_PROCUREMENT-2020-DEFENSE_CBDP-U_PROCUREMENT_MasterJustificationBook_Chemical_and_Biological_Defense_Program_PB_2020.zzz_unzipped-U_PROCUREMENT_MasterJustificationBook_Chemical_and_Biological_Defense_Program_PB_2020.json>
----------------------
[22/78]
FILEPATH = ./1-jbook-xml/2020-BASE_PROCUREMENT-2020-DEFENSE_DCAA-U_PROCUREMENT_JustificationBook_Defense_Contract_Audit_Agency_PB_2020.zzz_unzipped-U_PROCUREMENT_JustificationBook_Defense_Contract_Audit_Agency_PB_2020.xml
FILESIZE = 6238
YEAR = 2020
JBOOK_TYPE = JustificationBook
@recordid = 2fcebe9bd2533ef970290bb53d7b3bb2e7a7f5b019413d902770109ff0948c61
@doctype = 2020-BASE_PROCUREMENT-JUSTIFICATIONBOOK
@filename = 2020-BASE_PROCUREMENT-2020-DEFENSE_DCAA-U_PROCUREMENT_JustificationBook_Defense_Contract_Audit_Agency_PB_2020.zzz_unzipped-U_PROCUREMENT_JustificationBook_Defense_Contract_Audit_Agency_PB_2020.xml
----------------------
<Writing ./2-jbook-json/2020-BASE_PROCUREMENT-2020-DEFENSE_DCAA-U_PROCUREMENT_JustificationBook_Defense_Contract_Audit_Agency_PB_2020.zzz_unzipped-U_PROCUREMENT_JustificationBook_Defense_Contract_Audit_Agency_PB_2020.json>
----------------------
[23/78]
FILEPATH = ./1-jbook-xml/2020-BASE_PROCUREMENT-2020-DEFENSE_DCAA-U_PROCUREMENT_MasterJustificationBook_Defense_Contract_Audit_Agency_PB_2020.zzz_unzipped-U_PROCUREMENT_MasterJustificationBook_Defense_Contract_Audit_Agency_PB_2020.xml
FILESIZE = 12124
YEAR = 2020
JBOOK_TYPE = MasterJustificationBook
@recordid = e4e0e874fb3c17f304bb1bd148c27dde3cc71966d6bb1d275d5310b0afcb1f99
@doctype = 2020-BASE_PROCUREMENT-MASTERJUSTIFICATIONBOOK
@filename = 2020-BASE_PROCUREMENT-2020-DEFENSE_DCAA-U_PROCUREMENT_MasterJustificationBook_Defense_Contract_Audit_Agency_PB_2020.zzz_unzipped-U_PROCUREMENT_MasterJustificationBook_Defense_Contract_Audit_Agency_PB_2020.xml
----------------------
<Writing ./2-jbook-json/2020-BASE_PROCUREMENT-2020-DEFENSE_DCAA-U_PROCUREMENT_MasterJustificationBook_Defense_Contract_Audit_Agency_PB_2020.zzz_unzipped-U_PROCUREMENT_MasterJustificationBook_Defense_Contract_Audit_Agency_PB_2020.json>
----------------------
[24/78]
FILEPATH = ./1-jbook-xml/2020-BASE_PROCUREMENT-2020-DEFENSE_DCMA-U_PROCUREMENT_JustificationBook_Defense_Contract_Management_Agency_PB_2020.zzz_unzipped-U_PROCUREMENT_JustificationBook_Defense_Contract_Management_Agency_PB_2020.xml
FILESIZE = 8403
YEAR = 2020
JBOOK_TYPE = JustificationBook
@recordid = 6a8ee918f379f14f410e0deead4bd12718fede239be213b878160d838ce3a64b
@doctype = 2020-BASE_PROCUREMENT-JUSTIFICATIONBOOK
@filename = 2020-BASE_PROCUREMENT-2020-DEFENSE_DCMA-U_PROCUREMENT_JustificationBook_Defense_Contract_Management_Agency_PB_2020.zzz_unzipped-U_PROCUREMENT_JustificationBook_Defense_Contract_Management_Agency_PB_2020.xml
----------------------
<Writing ./2-jbook-json/2020-BASE_PROCUREMENT-2020-DEFENSE_DCMA-U_PROCUREMENT_JustificationBook_Defense_Contract_Management_Agency_PB_2020.zzz_unzipped-U_PROCUREMENT_JustificationBook_Defense_Contract_Management_Agency_PB_2020.json>
----------------------
[25/78]
FILEPATH = ./1-jbook-xml/2020-BASE_PROCUREMENT-2020-DEFENSE_DCMA-U_PROCUREMENT_MasterJustificationBook_Defense_Contract_Management_Agency_PB_2020.zzz_unzipped-U_PROCUREMENT_MasterJustificationBook_Defense_Contract_Management_Agency_PB_2020.xml
FILESIZE = 14648
YEAR = 2020
JBOOK_TYPE = MasterJustificationBook
@recordid = bebacbb34b2e413d05492c8a4309fb9ede1114a0b3e501c09037ab37df1814cb
@doctype = 2020-BASE_PROCUREMENT-MASTERJUSTIFICATIONBOOK
@filename = 2020-BASE_PROCUREMENT-2020-DEFENSE_DCMA-U_PROCUREMENT_MasterJustificationBook_Defense_Contract_Management_Agency_PB_2020.zzz_unzipped-U_PROCUREMENT_MasterJustificationBook_Defense_Contract_Management_Agency_PB_2020.xml
----------------------
<Writing ./2-jbook-json/2020-BASE_PROCUREMENT-2020-DEFENSE_DCMA-U_PROCUREMENT_MasterJustificationBook_Defense_Contract_Management_Agency_PB_2020.zzz_unzipped-U_PROCUREMENT_MasterJustificationBook_Defense_Contract_Management_Agency_PB_2020.json>
----------------------
[26/78]
FILEPATH = ./1-jbook-xml/2020-BASE_PROCUREMENT-2020-DEFENSE_DHRA-U_PROCUREMENT_JustificationBook_DoD_Human_Resources_Activity_PB_2020.zzz_unzipped-U_PROCUREMENT_JustificationBook_DoD_Human_Resources_Activity_PB_2020.xml
FILESIZE = 29011
YEAR = 2020
JBOOK_TYPE = JustificationBook
@recordid = 02312f9d64fbd4aa2bd9ad0879e1e45d73c73b75e5b7fcdc918c14f13c0d4b4a
@doctype = 2020-BASE_PROCUREMENT-JUSTIFICATIONBOOK
@filename = 2020-BASE_PROCUREMENT-2020-DEFENSE_DHRA-U_PROCUREMENT_JustificationBook_DoD_Human_Resources_Activity_PB_2020.zzz_unzipped-U_PROCUREMENT_JustificationBook_DoD_Human_Resources_Activity_PB_2020.xml
----------------------
<Writing ./2-jbook-json/2020-BASE_PROCUREMENT-2020-DEFENSE_DHRA-U_PROCUREMENT_JustificationBook_DoD_Human_Resources_Activity_PB_2020.zzz_unzipped-U_PROCUREMENT_JustificationBook_DoD_Human_Resources_Activity_PB_2020.json>
----------------------
[27/78]
FILEPATH = ./1-jbook-xml/2020-BASE_PROCUREMENT-2020-DEFENSE_DHRA-U_PROCUREMENT_MasterJustificationBook_DoD_Human_Resources_Activity_PB_2020.zzz_unzipped-U_PROCUREMENT_MasterJustificationBook_DoD_Human_Resources_Activity_PB_2020.xml
FILESIZE = 39548
YEAR = 2020
JBOOK_TYPE = MasterJustificationBook
@recordid = 0f6d592aa3f68a3dbefac2abe60f3399f53a6538f6e4c043ae615f2c5bd2c07f
@doctype = 2020-BASE_PROCUREMENT-MASTERJUSTIFICATIONBOOK
@filename = 2020-BASE_PROCUREMENT-2020-DEFENSE_DHRA-U_PROCUREMENT_MasterJustificationBook_DoD_Human_Resources_Activity_PB_2020.zzz_unzipped-U_PROCUREMENT_MasterJustificationBook_DoD_Human_Resources_Activity_PB_2020.xml
----------------------
<Writing ./2-jbook-json/2020-BASE_PROCUREMENT-2020-DEFENSE_DHRA-U_PROCUREMENT_MasterJustificationBook_DoD_Human_Resources_Activity_PB_2020.zzz_unzipped-U_PROCUREMENT_MasterJustificationBook_DoD_Human_Resources_Activity_PB_2020.json>
----------------------
[28/78]
FILEPATH = ./1-jbook-xml/2020-BASE_PROCUREMENT-2020-DEFENSE_DISA-U_PROCUREMENT_JustificationBook_Defense_Information_Systems_Agency_PB_2020.zzz_unzipped-U_PROCUREMENT_JustificationBook_Defense_Information_Systems_Agency_PB_2020.xml
FILESIZE = 604242
YEAR = 2020
JBOOK_TYPE = JustificationBook
@recordid = e79e62ae6107341b2195e3b430d446f2a3631582b260b94513e68611f810375d
@doctype = 2020-BASE_PROCUREMENT-JUSTIFICATIONBOOK
@filename = 2020-BASE_PROCUREMENT-2020-DEFENSE_DISA-U_PROCUREMENT_JustificationBook_Defense_Information_Systems_Agency_PB_2020.zzz_unzipped-U_PROCUREMENT_JustificationBook_Defense_Information_Systems_Agency_PB_2020.xml
----------------------
<Writing ./2-jbook-json/2020-BASE_PROCUREMENT-2020-DEFENSE_DISA-U_PROCUREMENT_JustificationBook_Defense_Information_Systems_Agency_PB_2020.zzz_unzipped-U_PROCUREMENT_JustificationBook_Defense_Information_Systems_Agency_PB_2020.json>
----------------------
[29/78]
FILEPATH = ./1-jbook-xml/2020-BASE_PROCUREMENT-2020-DEFENSE_DISA-U_PROCUREMENT_MasterJustificationBook_Defense_Information_Systems_Agency_PB_2020.zzz_unzipped-U_PROCUREMENT_MasterJustificationBook_Defense_Information_Systems_Agency_PB_2020.xml
FILESIZE = 735710
YEAR = 2020
JBOOK_TYPE = MasterJustificationBook
@recordid = 0dbe72601eea108a78dbe72d5c43a40b5e92b68ba48b9281d3ad48749820ddff
@doctype = 2020-BASE_PROCUREMENT-MASTERJUSTIFICATIONBOOK
@filename = 2020-BASE_PROCUREMENT-2020-DEFENSE_DISA-U_PROCUREMENT_MasterJustificationBook_Defense_Information_Systems_Agency_PB_2020.zzz_unzipped-U_PROCUREMENT_MasterJustificationBook_Defense_Information_Systems_Agency_PB_2020.xml
----------------------
<Writing ./2-jbook-json/2020-BASE_PROCUREMENT-2020-DEFENSE_DISA-U_PROCUREMENT_MasterJustificationBook_Defense_Information_Systems_Agency_PB_2020.zzz_unzipped-U_PROCUREMENT_MasterJustificationBook_Defense_Information_Systems_Agency_PB_2020.json>
----------------------
[30/78]
FILEPATH = ./1-jbook-xml/2020-BASE_PROCUREMENT-2020-DEFENSE_DLA-U_PROCUREMENT_JustificationBook_Defense_Logistics_Agency_PB_2020.zzz_unzipped-U_PROCUREMENT_JustificationBook_Defense_Logistics_Agency_PB_2020.xml
FILESIZE = 7232
YEAR = 2020
JBOOK_TYPE = JustificationBook
@recordid = 67e56582fc31d17782fc16057069ffdf3bcc8fa5a17e04d197bb908d788d76c9
@doctype = 2020-BASE_PROCUREMENT-JUSTIFICATIONBOOK
@filename = 2020-BASE_PROCUREMENT-2020-DEFENSE_DLA-U_PROCUREMENT_JustificationBook_Defense_Logistics_Agency_PB_2020.zzz_unzipped-U_PROCUREMENT_JustificationBook_Defense_Logistics_Agency_PB_2020.xml
----------------------
<Writing ./2-jbook-json/2020-BASE_PROCUREMENT-2020-DEFENSE_DLA-U_PROCUREMENT_JustificationBook_Defense_Logistics_Agency_PB_2020.zzz_unzipped-U_PROCUREMENT_JustificationBook_Defense_Logistics_Agency_PB_2020.json>
----------------------
[31/78]
FILEPATH = ./1-jbook-xml/2020-BASE_PROCUREMENT-2020-DEFENSE_DLA-U_PROCUREMENT_MasterJustificationBook_Defense_Logistics_Agency_PB_2020.zzz_unzipped-U_PROCUREMENT_MasterJustificationBook_Defense_Logistics_Agency_PB_2020.xml
FILESIZE = 13441
YEAR = 2020
JBOOK_TYPE = MasterJustificationBook
@recordid = 2fc9d20875c5078f5888672096aeccc3bae561291d05b5edd1ad35243be1fb59
@doctype = 2020-BASE_PROCUREMENT-MASTERJUSTIFICATIONBOOK
@filename = 2020-BASE_PROCUREMENT-2020-DEFENSE_DLA-U_PROCUREMENT_MasterJustificationBook_Defense_Logistics_Agency_PB_2020.zzz_unzipped-U_PROCUREMENT_MasterJustificationBook_Defense_Logistics_Agency_PB_2020.xml
----------------------
<Writing ./2-jbook-json/2020-BASE_PROCUREMENT-2020-DEFENSE_DLA-U_PROCUREMENT_MasterJustificationBook_Defense_Logistics_Agency_PB_2020.zzz_unzipped-U_PROCUREMENT_MasterJustificationBook_Defense_Logistics_Agency_PB_2020.json>
----------------------
[32/78]
FILEPATH = ./1-jbook-xml/2020-BASE_PROCUREMENT-2020-DEFENSE_DMACT-U_PROCUREMENT_JustificationBook_Defense_Media_Activity_PB_2020.zzz_unzipped-U_PROCUREMENT_JustificationBook_Defense_Media_Activity_PB_2020.xml
FILESIZE = 12619
YEAR = 2020
JBOOK_TYPE = JustificationBook
@recordid = 26ef73abc2643ef04e33fa1e1d561fa2c9f78c5050fbff9e0bade1229810d23d
@doctype = 2020-BASE_PROCUREMENT-JUSTIFICATIONBOOK
@filename = 2020-BASE_PROCUREMENT-2020-DEFENSE_DMACT-U_PROCUREMENT_JustificationBook_Defense_Media_Activity_PB_2020.zzz_unzipped-U_PROCUREMENT_JustificationBook_Defense_Media_Activity_PB_2020.xml
----------------------
<Writing ./2-jbook-json/2020-BASE_PROCUREMENT-2020-DEFENSE_DMACT-U_PROCUREMENT_JustificationBook_Defense_Media_Activity_PB_2020.zzz_unzipped-U_PROCUREMENT_JustificationBook_Defense_Media_Activity_PB_2020.json>
----------------------
[33/78]
FILEPATH = ./1-jbook-xml/2020-BASE_PROCUREMENT-2020-DEFENSE_DMACT-U_PROCUREMENT_MasterJustificationBook_Defense_Media_Activity_PB_2020.zzz_unzipped-U_PROCUREMENT_MasterJustificationBook_Defense_Media_Activity_PB_2020.xml
FILESIZE = 20848
YEAR = 2020
JBOOK_TYPE = MasterJustificationBook
@recordid = cc0dcfd83e68fe8fbbe8b6ca518719a5d4b1a7f170f2830716dd1aeacc0926a4
@doctype = 2020-BASE_PROCUREMENT-MASTERJUSTIFICATIONBOOK
@filename = 2020-BASE_PROCUREMENT-2020-DEFENSE_DMACT-U_PROCUREMENT_MasterJustificationBook_Defense_Media_Activity_PB_2020.zzz_unzipped-U_PROCUREMENT_MasterJustificationBook_Defense_Media_Activity_PB_2020.xml
----------------------
<Writing ./2-jbook-json/2020-BASE_PROCUREMENT-2020-DEFENSE_DMACT-U_PROCUREMENT_MasterJustificationBook_Defense_Media_Activity_PB_2020.zzz_unzipped-U_PROCUREMENT_MasterJustificationBook_Defense_Media_Activity_PB_2020.json>
----------------------
[34/78]
FILEPATH = ./1-jbook-xml/2020-BASE_PROCUREMENT-2020-DEFENSE_DODEA-U_PROCUREMENT_JustificationBook_Department_of_Defense_Education_Activity_PB_2020.zzz_unzipped-U_PROCUREMENT_JustificationBook_Department_of_Defense_Education_Activity_PB_2020.xml
FILESIZE = 7225
YEAR = 2020
JBOOK_TYPE = JustificationBook
@recordid = 6a229a4ed7116281f264c63f227084950e914292d14e9373a477c14c9593db02
@doctype = 2020-BASE_PROCUREMENT-JUSTIFICATIONBOOK
@filename = 2020-BASE_PROCUREMENT-2020-DEFENSE_DODEA-U_PROCUREMENT_JustificationBook_Department_of_Defense_Education_Activity_PB_2020.zzz_unzipped-U_PROCUREMENT_JustificationBook_Department_of_Defense_Education_Activity_PB_2020.xml
----------------------
<Writing ./2-jbook-json/2020-BASE_PROCUREMENT-2020-DEFENSE_DODEA-U_PROCUREMENT_JustificationBook_Department_of_Defense_Education_Activity_PB_2020.zzz_unzipped-U_PROCUREMENT_JustificationBook_Department_of_Defense_Education_Activity_PB_2020.json>
----------------------
[35/78]
FILEPATH = ./1-jbook-xml/2020-BASE_PROCUREMENT-2020-DEFENSE_DODEA-U_PROCUREMENT_MasterJustificationBook_Department_of_Defense_Education_Activity_PB_2020.zzz_unzipped-U_PROCUREMENT_MasterJustificationBook_Department_of_Defense_Education_Activity_PB_2020.xml
FILESIZE = 13495
YEAR = 2020
JBOOK_TYPE = MasterJustificationBook
@recordid = 5f040fabad7c9d6fa59101744123703653db22ce179c01bcdec6a7818da6a1d3
@doctype = 2020-BASE_PROCUREMENT-MASTERJUSTIFICATIONBOOK
@filename = 2020-BASE_PROCUREMENT-2020-DEFENSE_DODEA-U_PROCUREMENT_MasterJustificationBook_Department_of_Defense_Education_Activity_PB_2020.zzz_unzipped-U_PROCUREMENT_MasterJustificationBook_Department_of_Defense_Education_Activity_PB_2020.xml
----------------------
<Writing ./2-jbook-json/2020-BASE_PROCUREMENT-2020-DEFENSE_DODEA-U_PROCUREMENT_MasterJustificationBook_Department_of_Defense_Education_Activity_PB_2020.zzz_unzipped-U_PROCUREMENT_MasterJustificationBook_Department_of_Defense_Education_Activity_PB_2020.json>
----------------------
[36/78]
FILEPATH = ./1-jbook-xml/2020-BASE_PROCUREMENT-2020-DEFENSE_DPAP-U_PROCUREMENT_JustificationBook_Office_of_the_Secretary_Of_Defense_PB_2020.zzz_unzipped-U_PROCUREMENT_JustificationBook_Office_of_the_Secretary_Of_Defense_PB_2020.xml
FILESIZE = 43721
YEAR = 2020
JBOOK_TYPE = JustificationBook
@recordid = 92678f6fd37f4a593d01c41029beffb6f64cef2cdfc5569e53e33dbc02414286
@doctype = 2020-BASE_PROCUREMENT-JUSTIFICATIONBOOK
@filename = 2020-BASE_PROCUREMENT-2020-DEFENSE_DPAP-U_PROCUREMENT_JustificationBook_Office_of_the_Secretary_Of_Defense_PB_2020.zzz_unzipped-U_PROCUREMENT_JustificationBook_Office_of_the_Secretary_Of_Defense_PB_2020.xml
----------------------
<Writing ./2-jbook-json/2020-BASE_PROCUREMENT-2020-DEFENSE_DPAP-U_PROCUREMENT_JustificationBook_Office_of_the_Secretary_Of_Defense_PB_2020.zzz_unzipped-U_PROCUREMENT_JustificationBook_Office_of_the_Secretary_Of_Defense_PB_2020.json>
----------------------
[37/78]
FILEPATH = ./1-jbook-xml/2020-BASE_PROCUREMENT-2020-DEFENSE_DPAP-U_PROCUREMENT_MasterJustificationBook_Office_of_the_Secretary_Of_Defense_PB_2020.zzz_unzipped-U_PROCUREMENT_MasterJustificationBook_Office_of_the_Secretary_Of_Defense_PB_2020.xml
FILESIZE = 56304
YEAR = 2020
JBOOK_TYPE = MasterJustificationBook
@recordid = 1378310aa63c82f786ee1d1730ab8e5cb70ab37574d812337a8bc3af54623efd
@doctype = 2020-BASE_PROCUREMENT-MASTERJUSTIFICATIONBOOK
@filename = 2020-BASE_PROCUREMENT-2020-DEFENSE_DPAP-U_PROCUREMENT_MasterJustificationBook_Office_of_the_Secretary_Of_Defense_PB_2020.zzz_unzipped-U_PROCUREMENT_MasterJustificationBook_Office_of_the_Secretary_Of_Defense_PB_2020.xml
----------------------
<Writing ./2-jbook-json/2020-BASE_PROCUREMENT-2020-DEFENSE_DPAP-U_PROCUREMENT_MasterJustificationBook_Office_of_the_Secretary_Of_Defense_PB_2020.zzz_unzipped-U_PROCUREMENT_MasterJustificationBook_Office_of_the_Secretary_Of_Defense_PB_2020.json>
----------------------
[38/78]
FILEPATH = ./1-jbook-xml/2020-BASE_PROCUREMENT-2020-DEFENSE_DSS-U_PROCUREMENT_JustificationBook_Defense_Security_Service_PB_2020.zzz_unzipped-U_PROCUREMENT_JustificationBook_Defense_Security_Service_PB_2020.xml
FILESIZE = 7774
YEAR = 2020
JBOOK_TYPE = JustificationBook
@recordid = 402ea7e3ed534c3a0e9214537c215c861ecdba47a16007b01dbe76036f7f92e9
@doctype = 2020-BASE_PROCUREMENT-JUSTIFICATIONBOOK
@filename = 2020-BASE_PROCUREMENT-2020-DEFENSE_DSS-U_PROCUREMENT_JustificationBook_Defense_Security_Service_PB_2020.zzz_unzipped-U_PROCUREMENT_JustificationBook_Defense_Security_Service_PB_2020.xml
----------------------
<Writing ./2-jbook-json/2020-BASE_PROCUREMENT-2020-DEFENSE_DSS-U_PROCUREMENT_JustificationBook_Defense_Security_Service_PB_2020.zzz_unzipped-U_PROCUREMENT_JustificationBook_Defense_Security_Service_PB_2020.json>
----------------------
[39/78]
FILEPATH = ./1-jbook-xml/2020-BASE_PROCUREMENT-2020-DEFENSE_DSS-U_PROCUREMENT_MasterJustificationBook_Defense_Security_Service_PB_2020.zzz_unzipped-U_PROCUREMENT_MasterJustificationBook_Defense_Security_Service_PB_2020.xml
FILESIZE = 14009
YEAR = 2020
JBOOK_TYPE = MasterJustificationBook
@recordid = 5055c023defc5c4bb6489fff5774d585049413386a0482ce15dd5fa0982faaeb
@doctype = 2020-BASE_PROCUREMENT-MASTERJUSTIFICATIONBOOK
@filename = 2020-BASE_PROCUREMENT-2020-DEFENSE_DSS-U_PROCUREMENT_MasterJustificationBook_Defense_Security_Service_PB_2020.zzz_unzipped-U_PROCUREMENT_MasterJustificationBook_Defense_Security_Service_PB_2020.xml
----------------------
<Writing ./2-jbook-json/2020-BASE_PROCUREMENT-2020-DEFENSE_DSS-U_PROCUREMENT_MasterJustificationBook_Defense_Security_Service_PB_2020.zzz_unzipped-U_PROCUREMENT_MasterJustificationBook_Defense_Security_Service_PB_2020.json>
----------------------
[40/78]
FILEPATH = ./1-jbook-xml/2020-BASE_PROCUREMENT-2020-DEFENSE_DTRA-U_PROCUREMENT_JustificationBook_Defense_Threat_Reduction_Agency_PB_2020.zzz_unzipped-U_PROCUREMENT_JustificationBook_Defense_Threat_Reduction_Agency_PB_2020.xml
FILESIZE = 31898
YEAR = 2020
JBOOK_TYPE = JustificationBook
@recordid = 9ba84e89bc41d2a322815f43d079a7325829de00ae8525c173a423afac2145a2
@doctype = 2020-BASE_PROCUREMENT-JUSTIFICATIONBOOK
@filename = 2020-BASE_PROCUREMENT-2020-DEFENSE_DTRA-U_PROCUREMENT_JustificationBook_Defense_Threat_Reduction_Agency_PB_2020.zzz_unzipped-U_PROCUREMENT_JustificationBook_Defense_Threat_Reduction_Agency_PB_2020.xml
----------------------
<Writing ./2-jbook-json/2020-BASE_PROCUREMENT-2020-DEFENSE_DTRA-U_PROCUREMENT_JustificationBook_Defense_Threat_Reduction_Agency_PB_2020.zzz_unzipped-U_PROCUREMENT_JustificationBook_Defense_Threat_Reduction_Agency_PB_2020.json>
----------------------
[41/78]
FILEPATH = ./1-jbook-xml/2020-BASE_PROCUREMENT-2020-DEFENSE_DTRA-U_PROCUREMENT_MasterJustificationBook_Defense_Threat_Reduction_Agency_PB_2020.zzz_unzipped-U_PROCUREMENT_MasterJustificationBook_Defense_Threat_Reduction_Agency_PB_2020.xml
FILESIZE = 42832
YEAR = 2020
JBOOK_TYPE = MasterJustificationBook
@recordid = 01266157f125033eb92caf2f95ef124f334713b22ad10eb1d4546b45ee0515cd
@doctype = 2020-BASE_PROCUREMENT-MASTERJUSTIFICATIONBOOK
@filename = 2020-BASE_PROCUREMENT-2020-DEFENSE_DTRA-U_PROCUREMENT_MasterJustificationBook_Defense_Threat_Reduction_Agency_PB_2020.zzz_unzipped-U_PROCUREMENT_MasterJustificationBook_Defense_Threat_Reduction_Agency_PB_2020.xml
----------------------
<Writing ./2-jbook-json/2020-BASE_PROCUREMENT-2020-DEFENSE_DTRA-U_PROCUREMENT_MasterJustificationBook_Defense_Threat_Reduction_Agency_PB_2020.zzz_unzipped-U_PROCUREMENT_MasterJustificationBook_Defense_Threat_Reduction_Agency_PB_2020.json>
----------------------
[42/78]
FILEPATH = ./1-jbook-xml/2020-BASE_PROCUREMENT-2020-DEFENSE_JUON-U_PROCUREMENT_JustificationBook_Joint_Urgent_Operational_Needs_Fund_PB_2020.zzz_unzipped-U_PROCUREMENT_JustificationBook_Joint_Urgent_Operational_Needs_Fund_PB_2020.xml
FILESIZE = 7345
YEAR = 2020
JBOOK_TYPE = JustificationBook
@recordid = dc51756a469cef0d0342eb95f5a0a68be54453ad67d1e011addd9a716f31fb70
@doctype = 2020-BASE_PROCUREMENT-JUSTIFICATIONBOOK
@filename = 2020-BASE_PROCUREMENT-2020-DEFENSE_JUON-U_PROCUREMENT_JustificationBook_Joint_Urgent_Operational_Needs_Fund_PB_2020.zzz_unzipped-U_PROCUREMENT_JustificationBook_Joint_Urgent_Operational_Needs_Fund_PB_2020.xml
----------------------
<Writing ./2-jbook-json/2020-BASE_PROCUREMENT-2020-DEFENSE_JUON-U_PROCUREMENT_JustificationBook_Joint_Urgent_Operational_Needs_Fund_PB_2020.zzz_unzipped-U_PROCUREMENT_JustificationBook_Joint_Urgent_Operational_Needs_Fund_PB_2020.json>
----------------------
[43/78]
FILEPATH = ./1-jbook-xml/2020-BASE_PROCUREMENT-2020-DEFENSE_JUON-U_PROCUREMENT_MasterJustificationBook_Joint_Urgent_Operational_Needs_Fund_PB_2020.zzz_unzipped-U_PROCUREMENT_MasterJustificationBook_Joint_Urgent_Operational_Needs_Fund_PB_2020.xml
FILESIZE = 13587
YEAR = 2020
JBOOK_TYPE = MasterJustificationBook
@recordid = b4cb040b43c7baa11b62f69cd35aee54c731b724f851c7d39a5feb30ba6787a4
@doctype = 2020-BASE_PROCUREMENT-MASTERJUSTIFICATIONBOOK
@filename = 2020-BASE_PROCUREMENT-2020-DEFENSE_JUON-U_PROCUREMENT_MasterJustificationBook_Joint_Urgent_Operational_Needs_Fund_PB_2020.zzz_unzipped-U_PROCUREMENT_MasterJustificationBook_Joint_Urgent_Operational_Needs_Fund_PB_2020.xml
----------------------
<Writing ./2-jbook-json/2020-BASE_PROCUREMENT-2020-DEFENSE_JUON-U_PROCUREMENT_MasterJustificationBook_Joint_Urgent_Operational_Needs_Fund_PB_2020.zzz_unzipped-U_PROCUREMENT_MasterJustificationBook_Joint_Urgent_Operational_Needs_Fund_PB_2020.json>
----------------------
[44/78]
FILEPATH = ./1-jbook-xml/2020-BASE_PROCUREMENT-2020-DEFENSE_MDA_VOL2-U_PROCUREMENT_JustificationBook_Missile_Defense_Agency_PB_2020.zzz_unzipped-U_PROCUREMENT_JustificationBook_Missile_Defense_Agency_PB_2020.xml
FILESIZE = 671270
YEAR = 2020
JBOOK_TYPE = JustificationBook
@recordid = 350f5f3daa62b9d5eb3018fa18a95a011dd0995e44169cd72f1f3170b503c3e2
@doctype = 2020-BASE_PROCUREMENT-JUSTIFICATIONBOOK
@filename = 2020-BASE_PROCUREMENT-2020-DEFENSE_MDA_VOL2-U_PROCUREMENT_JustificationBook_Missile_Defense_Agency_PB_2020.zzz_unzipped-U_PROCUREMENT_JustificationBook_Missile_Defense_Agency_PB_2020.xml
----------------------
<Writing ./2-jbook-json/2020-BASE_PROCUREMENT-2020-DEFENSE_MDA_VOL2-U_PROCUREMENT_JustificationBook_Missile_Defense_Agency_PB_2020.zzz_unzipped-U_PROCUREMENT_JustificationBook_Missile_Defense_Agency_PB_2020.json>
----------------------
[45/78]
FILEPATH = ./1-jbook-xml/2020-BASE_PROCUREMENT-2020-DEFENSE_MDA_VOL2-U_PROCUREMENT_MasterJustificationBook_Missile_Defense_Agency_PB_2020.zzz_unzipped-U_PROCUREMENT_MasterJustificationBook_Missile_Defense_Agency_PB_2020.xml
FILESIZE = 829393
YEAR = 2020
JBOOK_TYPE = MasterJustificationBook
@recordid = 5536f4bc18c6805ac2b276ce0cb10f0e946817f4bd265a21105e088de247ea6c
@doctype = 2020-BASE_PROCUREMENT-MASTERJUSTIFICATIONBOOK
@filename = 2020-BASE_PROCUREMENT-2020-DEFENSE_MDA_VOL2-U_PROCUREMENT_MasterJustificationBook_Missile_Defense_Agency_PB_2020.zzz_unzipped-U_PROCUREMENT_MasterJustificationBook_Missile_Defense_Agency_PB_2020.xml
----------------------
<Writing ./2-jbook-json/2020-BASE_PROCUREMENT-2020-DEFENSE_MDA_VOL2-U_PROCUREMENT_MasterJustificationBook_Missile_Defense_Agency_PB_2020.zzz_unzipped-U_PROCUREMENT_MasterJustificationBook_Missile_Defense_Agency_PB_2020.json>
----------------------
[46/78]
FILEPATH = ./1-jbook-xml/2020-BASE_PROCUREMENT-2020-DEFENSE_OSD-U_PROCUREMENT_JustificationBook_Office_of_the_Secretary_Of_Defense_PB_2020.zzz_unzipped-U_PROCUREMENT_JustificationBook_Office_of_the_Secretary_Of_Defense_PB_2020.xml
FILESIZE = 90659
YEAR = 2020
JBOOK_TYPE = JustificationBook
@recordid = bd243558961be46e10cd3bc67602d6ad6e3fe14be31e17fe292328502b6a61a0
@doctype = 2020-BASE_PROCUREMENT-JUSTIFICATIONBOOK
@filename = 2020-BASE_PROCUREMENT-2020-DEFENSE_OSD-U_PROCUREMENT_JustificationBook_Office_of_the_Secretary_Of_Defense_PB_2020.zzz_unzipped-U_PROCUREMENT_JustificationBook_Office_of_the_Secretary_Of_Defense_PB_2020.xml
----------------------
<Writing ./2-jbook-json/2020-BASE_PROCUREMENT-2020-DEFENSE_OSD-U_PROCUREMENT_JustificationBook_Office_of_the_Secretary_Of_Defense_PB_2020.zzz_unzipped-U_PROCUREMENT_JustificationBook_Office_of_the_Secretary_Of_Defense_PB_2020.json>
----------------------
[47/78]
FILEPATH = ./1-jbook-xml/2020-BASE_PROCUREMENT-2020-DEFENSE_OSD-U_PROCUREMENT_MasterJustificationBook_Office_of_the_Secretary_Of_Defense_PB_2020.zzz_unzipped-U_PROCUREMENT_MasterJustificationBook_Office_of_the_Secretary_Of_Defense_PB_2020.xml
FILESIZE = 117222
YEAR = 2020
JBOOK_TYPE = MasterJustificationBook
@recordid = e2d27bceaef7a5977db8618cdcad0bf7101774fffd15b8d38ea11f28a0bb5d10
@doctype = 2020-BASE_PROCUREMENT-MASTERJUSTIFICATIONBOOK
@filename = 2020-BASE_PROCUREMENT-2020-DEFENSE_OSD-U_PROCUREMENT_MasterJustificationBook_Office_of_the_Secretary_Of_Defense_PB_2020.zzz_unzipped-U_PROCUREMENT_MasterJustificationBook_Office_of_the_Secretary_Of_Defense_PB_2020.xml
----------------------
<Writing ./2-jbook-json/2020-BASE_PROCUREMENT-2020-DEFENSE_OSD-U_PROCUREMENT_MasterJustificationBook_Office_of_the_Secretary_Of_Defense_PB_2020.zzz_unzipped-U_PROCUREMENT_MasterJustificationBook_Office_of_the_Secretary_Of_Defense_PB_2020.json>
----------------------
[48/78]
FILEPATH = ./1-jbook-xml/2020-BASE_PROCUREMENT-2020-DEFENSE_SOCOM-U_PROCUREMENT_JustificationBook_United_States_Special_Operations_Command_PB_2020.zzz_unzipped-U_PROCUREMENT_JustificationBook_United_States_Special_Operations_Command_PB_2020.xml
FILESIZE = 1375048
YEAR = 2020
JBOOK_TYPE = JustificationBook
@recordid = ff7e29f201a5921d822c378bdd180f4c9adf9630e6e3db9c180c3d71eb0502eb
@doctype = 2020-BASE_PROCUREMENT-JUSTIFICATIONBOOK
@filename = 2020-BASE_PROCUREMENT-2020-DEFENSE_SOCOM-U_PROCUREMENT_JustificationBook_United_States_Special_Operations_Command_PB_2020.zzz_unzipped-U_PROCUREMENT_JustificationBook_United_States_Special_Operations_Command_PB_2020.xml
----------------------
<Writing ./2-jbook-json/2020-BASE_PROCUREMENT-2020-DEFENSE_SOCOM-U_PROCUREMENT_JustificationBook_United_States_Special_Operations_Command_PB_2020.zzz_unzipped-U_PROCUREMENT_JustificationBook_United_States_Special_Operations_Command_PB_2020.json>
----------------------
[49/78]
FILEPATH = ./1-jbook-xml/2020-BASE_PROCUREMENT-2020-DEFENSE_SOCOM-U_PROCUREMENT_MasterJustificationBook_United_States_Special_Operations_Command_PB_2020.zzz_unzipped-U_PROCUREMENT_MasterJustificationBook_United_States_Special_Operations_Command_PB_2020.xml
FILESIZE = 1733753
YEAR = 2020
JBOOK_TYPE = MasterJustificationBook
@recordid = 5420267b3089a8aa734fe6679e2f81ed8343c8372b65071d390b41029a59a1aa
@doctype = 2020-BASE_PROCUREMENT-MASTERJUSTIFICATIONBOOK
@filename = 2020-BASE_PROCUREMENT-2020-DEFENSE_SOCOM-U_PROCUREMENT_MasterJustificationBook_United_States_Special_Operations_Command_PB_2020.zzz_unzipped-U_PROCUREMENT_MasterJustificationBook_United_States_Special_Operations_Command_PB_2020.xml
----------------------
<Writing ./2-jbook-json/2020-BASE_PROCUREMENT-2020-DEFENSE_SOCOM-U_PROCUREMENT_MasterJustificationBook_United_States_Special_Operations_Command_PB_2020.zzz_unzipped-U_PROCUREMENT_MasterJustificationBook_United_States_Special_Operations_Command_PB_2020.json>
----------------------
[50/78]
FILEPATH = ./1-jbook-xml/2020-BASE_PROCUREMENT-2020-DEFENSE_TJS-U_PROCUREMENT_JustificationBook_The_Joint_Staff_PB_2020.zzz_unzipped-U_PROCUREMENT_JustificationBook_The_Joint_Staff_PB_2020.xml
FILESIZE = 28657
YEAR = 2020
JBOOK_TYPE = JustificationBook
@recordid = 3c2ddd413751ada5c62d078d0900a175e6dee7344d4cc6a817fc8c959c01a2d2
@doctype = 2020-BASE_PROCUREMENT-JUSTIFICATIONBOOK
@filename = 2020-BASE_PROCUREMENT-2020-DEFENSE_TJS-U_PROCUREMENT_JustificationBook_The_Joint_Staff_PB_2020.zzz_unzipped-U_PROCUREMENT_JustificationBook_The_Joint_Staff_PB_2020.xml
----------------------
<Writing ./2-jbook-json/2020-BASE_PROCUREMENT-2020-DEFENSE_TJS-U_PROCUREMENT_JustificationBook_The_Joint_Staff_PB_2020.zzz_unzipped-U_PROCUREMENT_JustificationBook_The_Joint_Staff_PB_2020.json>
----------------------
[51/78]
FILEPATH = ./1-jbook-xml/2020-BASE_PROCUREMENT-2020-DEFENSE_TJS-U_PROCUREMENT_MasterJustificationBook_The_Joint_Staff_PB_2020.zzz_unzipped-U_PROCUREMENT_MasterJustificationBook_The_Joint_Staff_PB_2020.xml
FILESIZE = 36940
YEAR = 2020
JBOOK_TYPE = MasterJustificationBook
@recordid = 4e6c759d731c1332fc218baf621b8b74ac1914bc04db3e932c81415473983e16
@doctype = 2020-BASE_PROCUREMENT-MASTERJUSTIFICATIONBOOK
@filename = 2020-BASE_PROCUREMENT-2020-DEFENSE_TJS-U_PROCUREMENT_MasterJustificationBook_The_Joint_Staff_PB_2020.zzz_unzipped-U_PROCUREMENT_MasterJustificationBook_The_Joint_Staff_PB_2020.xml
----------------------
<Writing ./2-jbook-json/2020-BASE_PROCUREMENT-2020-DEFENSE_TJS-U_PROCUREMENT_MasterJustificationBook_The_Joint_Staff_PB_2020.zzz_unzipped-U_PROCUREMENT_MasterJustificationBook_The_Joint_Staff_PB_2020.json>
----------------------
[52/78]
FILEPATH = ./1-jbook-xml/2020-BASE_PROCUREMENT-2020-DEFENSE_VOL1_ALL-U_PROCUREMENT_MasterJustificationBook_Defense-Wide_PB_2020.zzz_unzipped-U_PROCUREMENT_MasterJustificationBook_Defense-Wide_PB_2020.xml
FILESIZE = 3986760
YEAR = 2020
JBOOK_TYPE = MasterJustificationBook
@recordid = 2e0184583989233b47783dd7d56850e6e26000bce2d09e7f4f3d4ed63ea3e571
@doctype = 2020-BASE_PROCUREMENT-MASTERJUSTIFICATIONBOOK
@filename = 2020-BASE_PROCUREMENT-2020-DEFENSE_VOL1_ALL-U_PROCUREMENT_MasterJustificationBook_Defense-Wide_PB_2020.zzz_unzipped-U_PROCUREMENT_MasterJustificationBook_Defense-Wide_PB_2020.xml
----------------------
<Writing ./2-jbook-json/2020-BASE_PROCUREMENT-2020-DEFENSE_VOL1_ALL-U_PROCUREMENT_MasterJustificationBook_Defense-Wide_PB_2020.zzz_unzipped-U_PROCUREMENT_MasterJustificationBook_Defense-Wide_PB_2020.json>
----------------------
[53/78]
FILEPATH = ./1-jbook-xml/2020-BASE_PROCUREMENT-2020-DEFENSE_WHS-U_PROCUREMENT_JustificationBook_Washington_Headquarters_Service_PB_2020.zzz_unzipped-U_PROCUREMENT_JustificationBook_Washington_Headquarters_Service_PB_2020.xml
FILESIZE = 11463
YEAR = 2020
JBOOK_TYPE = JustificationBook
@recordid = fd3e9e0a563da5a70dc4da6eef200bb2e0b435d07fd2005619e9c86ec538485a
@doctype = 2020-BASE_PROCUREMENT-JUSTIFICATIONBOOK
@filename = 2020-BASE_PROCUREMENT-2020-DEFENSE_WHS-U_PROCUREMENT_JustificationBook_Washington_Headquarters_Service_PB_2020.zzz_unzipped-U_PROCUREMENT_JustificationBook_Washington_Headquarters_Service_PB_2020.xml
----------------------
<Writing ./2-jbook-json/2020-BASE_PROCUREMENT-2020-DEFENSE_WHS-U_PROCUREMENT_JustificationBook_Washington_Headquarters_Service_PB_2020.zzz_unzipped-U_PROCUREMENT_JustificationBook_Washington_Headquarters_Service_PB_2020.json>
----------------------
[54/78]
FILEPATH = ./1-jbook-xml/2020-BASE_PROCUREMENT-2020-DEFENSE_WHS-U_PROCUREMENT_MasterJustificationBook_Washington_Headquarters_Service_PB_2020.zzz_unzipped-U_PROCUREMENT_MasterJustificationBook_Washington_Headquarters_Service_PB_2020.xml
FILESIZE = 18340
YEAR = 2020
JBOOK_TYPE = MasterJustificationBook
@recordid = 3eec830b812c65b309104cb75c0eba2e9e3240b845ed6e799384d05046dd17c2
@doctype = 2020-BASE_PROCUREMENT-MASTERJUSTIFICATIONBOOK
@filename = 2020-BASE_PROCUREMENT-2020-DEFENSE_WHS-U_PROCUREMENT_MasterJustificationBook_Washington_Headquarters_Service_PB_2020.zzz_unzipped-U_PROCUREMENT_MasterJustificationBook_Washington_Headquarters_Service_PB_2020.xml
----------------------
<Writing ./2-jbook-json/2020-BASE_PROCUREMENT-2020-DEFENSE_WHS-U_PROCUREMENT_MasterJustificationBook_Washington_Headquarters_Service_PB_2020.zzz_unzipped-U_PROCUREMENT_MasterJustificationBook_Washington_Headquarters_Service_PB_2020.json>
----------------------
[55/78]
FILEPATH = ./1-jbook-xml/2020-BASE_PROCUREMENT-2020-NAVY_AIRCRAFT_BA1-4-U_PROCUREMENT_JustificationBook_Navy_PB_2020.zzz_unzipped-U_PROCUREMENT_JustificationBook_Navy_PB_2020.xml
FILESIZE = 1320872
YEAR = 2020
JBOOK_TYPE = JustificationBook
@recordid = 88c5f45fd9ecba79fffd2a892dbb78b0518c669cfd7101762564d15f956106c3
@doctype = 2020-BASE_PROCUREMENT-JUSTIFICATIONBOOK
@filename = 2020-BASE_PROCUREMENT-2020-NAVY_AIRCRAFT_BA1-4-U_PROCUREMENT_JustificationBook_Navy_PB_2020.zzz_unzipped-U_PROCUREMENT_JustificationBook_Navy_PB_2020.xml
----------------------
<Writing ./2-jbook-json/2020-BASE_PROCUREMENT-2020-NAVY_AIRCRAFT_BA1-4-U_PROCUREMENT_JustificationBook_Navy_PB_2020.zzz_unzipped-U_PROCUREMENT_JustificationBook_Navy_PB_2020.json>
----------------------
[56/78]
FILEPATH = ./1-jbook-xml/2020-BASE_PROCUREMENT-2020-NAVY_AIRCRAFT_BA1-4-U_PROCUREMENT_MasterJustificationBook_Navy_PB_2020.zzz_unzipped-U_PROCUREMENT_MasterJustificationBook_Navy_PB_2020.xml
FILESIZE = 17865649
YEAR = 2020
JBOOK_TYPE = MasterJustificationBook
@recordid = bb06e531c24d2026ff539d6a079892bf1f8a5aa442b91153b4932db8890428e5
@doctype = 2020-BASE_PROCUREMENT-MASTERJUSTIFICATIONBOOK
@filename = 2020-BASE_PROCUREMENT-2020-NAVY_AIRCRAFT_BA1-4-U_PROCUREMENT_MasterJustificationBook_Navy_PB_2020.zzz_unzipped-U_PROCUREMENT_MasterJustificationBook_Navy_PB_2020.xml
----------------------
<Writing ./2-jbook-json/2020-BASE_PROCUREMENT-2020-NAVY_AIRCRAFT_BA1-4-U_PROCUREMENT_MasterJustificationBook_Navy_PB_2020.zzz_unzipped-U_PROCUREMENT_MasterJustificationBook_Navy_PB_2020.json>
----------------------
[57/78]
FILEPATH = ./1-jbook-xml/2020-BASE_PROCUREMENT-2020-NAVY_AIRCRAFT_BA5-U_PROCUREMENT_JustificationBook_Navy_PB_2020.zzz_unzipped-U_PROCUREMENT_JustificationBook_Navy_PB_2020.xml
FILESIZE = 12026480
YEAR = 2020
JBOOK_TYPE = JustificationBook
@recordid = b68f39ac750414330bd0beb5aa69db32d76abe5b1eaf4e473e0fecbe2456f8c3
@doctype = 2020-BASE_PROCUREMENT-JUSTIFICATIONBOOK
@filename = 2020-BASE_PROCUREMENT-2020-NAVY_AIRCRAFT_BA5-U_PROCUREMENT_JustificationBook_Navy_PB_2020.zzz_unzipped-U_PROCUREMENT_JustificationBook_Navy_PB_2020.xml
----------------------
