

=========================================================
[3-convert-xml-to-json]
=========================================================
<Loading and merging all jbookArrayPaths into a single list>
|MasterJustificationBook|2013|2014|2015|2016|2017|2018|2019|2020|
|JustificationBook|2013|2014|2015|2016|2017|2018|2019|2020|
<arrayPaths count = 1254>
<last updated = 2019-10-09T04:51:40+00:00>
=========================================================
----------------------
[1/142]
FILEPATH = ./1-jbook-xml/2020-BASE_PROCUREMENT-2020-AIRFORCE_AIRCRAFT_VOL1-U_PROCUREMENT_JustificationBook_Air_Force_PB_2020.zzz_unzipped-U_PROCUREMENT_JustificationBook_Air_Force_PB_2020.xml
FILESIZE = 1517127
YEAR = 2020
JBOOK_TYPE = JustificationBook
@recordid = 7d350153b6be1eccae748c4d22ac154e90df0a164dbdb11a1943b05640e0cbad
@doctype = 2020-BASE_PROCUREMENT-JUSTIFICATIONBOOK
@filename = 2020-BASE_PROCUREMENT-2020-AIRFORCE_AIRCRAFT_VOL1-U_PROCUREMENT_JustificationBook_Air_Force_PB_2020.zzz_unzipped-U_PROCUREMENT_JustificationBook_Air_Force_PB_2020.xml
----------------------
<Writing ./2-jbook-json/2020-BASE_PROCUREMENT-2020-AIRFORCE_AIRCRAFT_VOL1-U_PROCUREMENT_JustificationBook_Air_Force_PB_2020.zzz_unzipped-U_PROCUREMENT_JustificationBook_Air_Force_PB_2020.json>
----------------------
[2/142]
FILEPATH = ./1-jbook-xml/2020-BASE_PROCUREMENT-2020-AIRFORCE_AIRCRAFT_VOL1-U_PROCUREMENT_MasterJustificationBook_Air_Force_PB_2020.zzz_unzipped-U_PROCUREMENT_MasterJustificationBook_Air_Force_PB_2020.xml
FILESIZE = 8437542
YEAR = 2020
JBOOK_TYPE = MasterJustificationBook
@recordid = 1e0f952d1345c880c8ec0a5af7b60dd62ff8d78e20c2ef53a26e5060c0bfd863
@doctype = 2020-BASE_PROCUREMENT-MASTERJUSTIFICATIONBOOK
@filename = 2020-BASE_PROCUREMENT-2020-AIRFORCE_AIRCRAFT_VOL1-U_PROCUREMENT_MasterJustificationBook_Air_Force_PB_2020.zzz_unzipped-U_PROCUREMENT_MasterJustificationBook_Air_Force_PB_2020.xml
----------------------
<Writing ./2-jbook-json/2020-BASE_PROCUREMENT-2020-AIRFORCE_AIRCRAFT_VOL1-U_PROCUREMENT_MasterJustificationBook_Air_Force_PB_2020.zzz_unzipped-U_PROCUREMENT_MasterJustificationBook_Air_Force_PB_2020.json>
----------------------
[3/142]
FILEPATH = ./1-jbook-xml/2020-BASE_PROCUREMENT-2020-AIRFORCE_AIRCRAFT_VOL2-U_PROCUREMENT_JustificationBook_Air_Force_PB_2020.zzz_unzipped-U_PROCUREMENT_JustificationBook_Air_Force_PB_2020.xml
FILESIZE = 5223537
YEAR = 2020
JBOOK_TYPE = JustificationBook
@recordid = 71ee07fe59a5a102ebe887e1ea48fa4feddeefff8201b7c4f317a8fbb0a7c0f8
@doctype = 2020-BASE_PROCUREMENT-JUSTIFICATIONBOOK
@filename = 2020-BASE_PROCUREMENT-2020-AIRFORCE_AIRCRAFT_VOL2-U_PROCUREMENT_JustificationBook_Air_Force_PB_2020.zzz_unzipped-U_PROCUREMENT_JustificationBook_Air_Force_PB_2020.xml
----------------------
<Writing ./2-jbook-json/2020-BASE_PROCUREMENT-2020-AIRFORCE_AIRCRAFT_VOL2-U_PROCUREMENT_JustificationBook_Air_Force_PB_2020.zzz_unzipped-U_PROCUREMENT_JustificationBook_Air_Force_PB_2020.json>
----------------------
[4/142]
FILEPATH = ./1-jbook-xml/2020-BASE_PROCUREMENT-2020-AIRFORCE_AIRCRAFT_VOL2-U_PROCUREMENT_MasterJustificationBook_Air_Force_PB_2020.zzz_unzipped-U_PROCUREMENT_MasterJustificationBook_Air_Force_PB_2020.xml
FILESIZE = 8437542
YEAR = 2020
JBOOK_TYPE = MasterJustificationBook
@recordid = 1e0f952d1345c880c8ec0a5af7b60dd62ff8d78e20c2ef53a26e5060c0bfd863
@doctype = 2020-BASE_PROCUREMENT-MASTERJUSTIFICATIONBOOK
@filename = 2020-BASE_PROCUREMENT-2020-AIRFORCE_AIRCRAFT_VOL2-U_PROCUREMENT_MasterJustificationBook_Air_Force_PB_2020.zzz_unzipped-U_PROCUREMENT_MasterJustificationBook_Air_Force_PB_2020.xml
----------------------
